<?xml version="1.0" encoding="UTF-8" ?>
<testsuite tests="2023" failures="0" name="TestSuite" time="26.793" errors="0" skipped="0">
  <properties>
    <property name="idea.version" value="2018.3"/>
    <property name="java.runtime.name" value="Java(TM) SE Runtime Environment"/>
    <property name="sun.boot.library.path" value="/Library/Java/JavaVirtualMachines/jdk1.8.0_181.jdk/Contents/Home/jre/lib"/>
    <property name="java.vm.version" value="25.181-b13"/>
    <property name="gopherProxySet" value="false"/>
    <property name="java.vm.vendor" value="Oracle Corporation"/>
    <property name="maven.multiModuleProjectDirectory" value="/Users/surawat/Documents/interview/revoult/revoultmoneytransferservice"/>
    <property name="java.vendor.url" value="http://java.oracle.com/"/>
    <property name="path.separator" value=":"/>
    <property name="guice.disable.misplaced.annotation.check" value="true"/>
    <property name="java.vm.name" value="Java HotSpot(TM) 64-Bit Server VM"/>
    <property name="file.encoding.pkg" value="sun.io"/>
    <property name="user.country" value="IN"/>
    <property name="sun.java.launcher" value="SUN_STANDARD"/>
    <property name="sun.os.patch.level" value="unknown"/>
    <property name="java.vm.specification.name" value="Java Virtual Machine Specification"/>
    <property name="user.dir" value="/Users/surawat/Documents/interview/revoult/revoultmoneytransferservice"/>
    <property name="java.runtime.version" value="1.8.0_181-b13"/>
    <property name="java.awt.graphicsenv" value="sun.awt.CGraphicsEnvironment"/>
    <property name="java.endorsed.dirs" value="/Library/Java/JavaVirtualMachines/jdk1.8.0_181.jdk/Contents/Home/jre/lib/endorsed"/>
    <property name="os.arch" value="x86_64"/>
    <property name="java.io.tmpdir" value="/var/folders/vg/b5_lmf714t17hkdzvc5cb3gr0000gn/T/"/>
    <property name="line.separator" value="
"/>
    <property name="java.vm.specification.vendor" value="Oracle Corporation"/>
    <property name="os.name" value="Mac OS X"/>
    <property name="classworlds.conf" value="/Applications/IntelliJ IDEA.app/Contents/plugins/maven/lib/maven3/bin/m2.conf"/>
    <property name="sun.jnu.encoding" value="UTF-8"/>
    <property name="java.library.path" value="/Users/surawat/Library/Java/Extensions:/Library/Java/Extensions:/Network/Library/Java/Extensions:/System/Library/Java/Extensions:/usr/lib/java:."/>
    <property name="java.specification.name" value="Java Platform API Specification"/>
    <property name="java.class.version" value="52.0"/>
    <property name="sun.management.compiler" value="HotSpot 64-Bit Tiered Compilers"/>
    <property name="os.version" value="10.13.6"/>
    <property name="user.home" value="/Users/surawat"/>
    <property name="user.timezone" value="Asia/Kolkata"/>
    <property name="java.awt.printerjob" value="sun.lwawt.macosx.CPrinterJob"/>
    <property name="java.specification.version" value="1.8"/>
    <property name="file.encoding" value="UTF-8"/>
    <property name="user.name" value="surawat"/>
    <property name="java.class.path" value="/Applications/IntelliJ IDEA.app/Contents/plugins/maven/lib/maven3/boot/plexus-classworlds-2.5.2.jar:/Applications/IntelliJ IDEA.app/Contents/lib/idea_rt.jar"/>
    <property name="java.vm.specification.version" value="1.8"/>
    <property name="sun.arch.data.model" value="64"/>
    <property name="java.home" value="/Library/Java/JavaVirtualMachines/jdk1.8.0_181.jdk/Contents/Home/jre"/>
    <property name="sun.java.command" value="org.codehaus.classworlds.Launcher -Didea.version=2018.3 clean install"/>
    <property name="java.specification.vendor" value="Oracle Corporation"/>
    <property name="user.language" value="en"/>
    <property name="awt.toolkit" value="sun.lwawt.macosx.LWCToolkit"/>
    <property name="java.vm.info" value="mixed mode"/>
    <property name="java.version" value="1.8.0_181"/>
    <property name="java.ext.dirs" value="/Users/surawat/Library/Java/Extensions:/Library/Java/JavaVirtualMachines/jdk1.8.0_181.jdk/Contents/Home/jre/lib/ext:/Library/Java/Extensions:/Network/Library/Java/Extensions:/System/Library/Java/Extensions:/usr/lib/java"/>
    <property name="sun.boot.class.path" value="/Library/Java/JavaVirtualMachines/jdk1.8.0_181.jdk/Contents/Home/jre/lib/resources.jar:/Library/Java/JavaVirtualMachines/jdk1.8.0_181.jdk/Contents/Home/jre/lib/rt.jar:/Library/Java/JavaVirtualMachines/jdk1.8.0_181.jdk/Contents/Home/jre/lib/sunrsasign.jar:/Library/Java/JavaVirtualMachines/jdk1.8.0_181.jdk/Contents/Home/jre/lib/jsse.jar:/Library/Java/JavaVirtualMachines/jdk1.8.0_181.jdk/Contents/Home/jre/lib/jce.jar:/Library/Java/JavaVirtualMachines/jdk1.8.0_181.jdk/Contents/Home/jre/lib/charsets.jar:/Library/Java/JavaVirtualMachines/jdk1.8.0_181.jdk/Contents/Home/jre/lib/jfr.jar:/Library/Java/JavaVirtualMachines/jdk1.8.0_181.jdk/Contents/Home/jre/classes"/>
    <property name="java.vendor" value="Oracle Corporation"/>
    <property name="maven.home" value="/Applications/IntelliJ IDEA.app/Contents/plugins/maven/lib/maven3"/>
    <property name="file.separator" value="/"/>
    <property name="java.vendor.url.bug" value="http://bugreport.sun.com/bugreport/"/>
    <property name="sun.cpu.endian" value="little"/>
    <property name="sun.io.unicode.encoding" value="UnicodeBig"/>
    <property name="sun.cpu.isalist" value=""/>
  </properties>
  <testcase classname="com.revolut.money.transfer.integration.BankAccountControllerTest" name="testCreateBankAccount" time="0.433"/>
  <testcase classname="com.revolut.money.transfer.integration.BankAccountControllerTest" name="testGetAllBankAccounts" time="0.009"/>
  <testcase classname="com.revolut.money.transfer.integration.BankAccountControllerTest" name="testGetBankAccountById" time="0.006"/>
  <testcase classname="com.revolut.money.transfer.integration.BankAccountControllerTest" name="testGetNullBankAccount" time="0.011"/>
  <testcase classname="com.revolut.money.transfer.integration.BankAccountControllerTest" name="testIncorrectUpdateBankAccount" time="0.008"/>
  <testcase classname="com.revolut.money.transfer.integration.BankAccountControllerTest" name="testNonExistingBankAccountById" time="0.005"/>
  <testcase classname="com.revolut.money.transfer.integration.BankAccountControllerTest" name="testUpdateBankAccount" time="0.011"/>
  <testcase classname="com.revolut.money.transfer.integration.BankAccountControllerTest" name="testUpdateNonExistingBankAccount" time="0.007"/>
  <testcase classname="com.revolut.money.transfer.integration.ConcurrentlyTransactionCreationAndExecutionTest" name="testConcurrentTransactionCreation" time="0.001"/>
  <testcase classname="com.revolut.money.transfer.integration.ConcurrentlyTransactionCreationAndExecutionTest" name="testConcurrentTransactionCreation" time="0"/>
  <testcase classname="com.revolut.money.transfer.integration.ConcurrentlyTransactionCreationAndExecutionTest" name="testConcurrentTransactionCreation" time="0"/>
  <testcase classname="com.revolut.money.transfer.integration.ConcurrentlyTransactionCreationAndExecutionTest" name="testConcurrentTransactionCreation" time="0.001"/>
  <testcase classname="com.revolut.money.transfer.integration.ConcurrentlyTransactionCreationAndExecutionTest" name="testConcurrentTransactionCreation" time="0.001"/>
  <testcase classname="com.revolut.money.transfer.integration.ConcurrentlyTransactionCreationAndExecutionTest" name="testConcurrentTransactionCreation" time="0.001"/>
  <testcase classname="com.revolut.money.transfer.integration.ConcurrentlyTransactionCreationAndExecutionTest" name="testConcurrentTransactionCreation" time="0.002"/>
  <testcase classname="com.revolut.money.transfer.integration.ConcurrentlyTransactionCreationAndExecutionTest" name="testConcurrentTransactionCreation" time="0.001"/>
  <testcase classname="com.revolut.money.transfer.integration.ConcurrentlyTransactionCreationAndExecutionTest" name="testConcurrentTransactionCreation" time="0.001"/>
  <testcase classname="com.revolut.money.transfer.integration.ConcurrentlyTransactionCreationAndExecutionTest" name="testConcurrentTransactionCreation" time="0.001"/>
  <testcase classname="com.revolut.money.transfer.integration.ConcurrentlyTransactionCreationAndExecutionTest" name="testConcurrentTransactionCreation" time="0.003"/>
  <testcase classname="com.revolut.money.transfer.integration.ConcurrentlyTransactionCreationAndExecutionTest" name="testConcurrentTransactionCreation" time="0.001"/>
  <testcase classname="com.revolut.money.transfer.integration.ConcurrentlyTransactionCreationAndExecutionTest" name="testConcurrentTransactionCreation" time="0.001"/>
  <testcase classname="com.revolut.money.transfer.integration.ConcurrentlyTransactionCreationAndExecutionTest" name="testConcurrentTransactionCreation" time="0.001"/>
  <testcase classname="com.revolut.money.transfer.integration.ConcurrentlyTransactionCreationAndExecutionTest" name="testConcurrentTransactionCreation" time="0.001"/>
  <testcase classname="com.revolut.money.transfer.integration.ConcurrentlyTransactionCreationAndExecutionTest" name="testConcurrentTransactionCreation" time="0.001"/>
  <testcase classname="com.revolut.money.transfer.integration.ConcurrentlyTransactionCreationAndExecutionTest" name="testConcurrentTransactionCreation" time="0.004"/>
  <testcase classname="com.revolut.money.transfer.integration.ConcurrentlyTransactionCreationAndExecutionTest" name="testConcurrentTransactionCreation" time="0.001"/>
  <testcase classname="com.revolut.money.transfer.integration.ConcurrentlyTransactionCreationAndExecutionTest" name="testConcurrentTransactionCreation" time="0.002"/>
  <testcase classname="com.revolut.money.transfer.integration.ConcurrentlyTransactionCreationAndExecutionTest" name="testConcurrentTransactionCreation" time="0.003"/>
  <testcase classname="com.revolut.money.transfer.integration.ConcurrentlyTransactionCreationAndExecutionTest" name="testConcurrentTransactionCreation" time="0.004"/>
  <testcase classname="com.revolut.money.transfer.integration.ConcurrentlyTransactionCreationAndExecutionTest" name="testConcurrentTransactionCreation" time="0.002"/>
  <testcase classname="com.revolut.money.transfer.integration.ConcurrentlyTransactionCreationAndExecutionTest" name="testConcurrentTransactionCreation" time="0.001"/>
  <testcase classname="com.revolut.money.transfer.integration.ConcurrentlyTransactionCreationAndExecutionTest" name="testConcurrentTransactionCreation" time="0.002"/>
  <testcase classname="com.revolut.money.transfer.integration.ConcurrentlyTransactionCreationAndExecutionTest" name="testConcurrentTransactionCreation" time="0.002"/>
  <testcase classname="com.revolut.money.transfer.integration.ConcurrentlyTransactionCreationAndExecutionTest" name="testConcurrentTransactionCreation" time="0.001"/>
  <testcase classname="com.revolut.money.transfer.integration.ConcurrentlyTransactionCreationAndExecutionTest" name="testConcurrentTransactionCreation" time="0.001"/>
  <testcase classname="com.revolut.money.transfer.integration.ConcurrentlyTransactionCreationAndExecutionTest" name="testConcurrentTransactionCreation" time="0.001"/>
  <testcase classname="com.revolut.money.transfer.integration.ConcurrentlyTransactionCreationAndExecutionTest" name="testConcurrentTransactionCreation" time="0.003"/>
  <testcase classname="com.revolut.money.transfer.integration.ConcurrentlyTransactionCreationAndExecutionTest" name="testConcurrentTransactionCreation" time="0.001"/>
  <testcase classname="com.revolut.money.transfer.integration.ConcurrentlyTransactionCreationAndExecutionTest" name="testConcurrentTransactionCreation" time="0.001"/>
  <testcase classname="com.revolut.money.transfer.integration.ConcurrentlyTransactionCreationAndExecutionTest" name="testConcurrentTransactionCreation" time="0.002"/>
  <testcase classname="com.revolut.money.transfer.integration.ConcurrentlyTransactionCreationAndExecutionTest" name="testConcurrentTransactionCreation" time="0.002"/>
  <testcase classname="com.revolut.money.transfer.integration.ConcurrentlyTransactionCreationAndExecutionTest" name="testConcurrentTransactionCreation" time="0.001"/>
  <testcase classname="com.revolut.money.transfer.integration.ConcurrentlyTransactionCreationAndExecutionTest" name="testConcurrentTransactionCreation" time="0.001"/>
  <testcase classname="com.revolut.money.transfer.integration.ConcurrentlyTransactionCreationAndExecutionTest" name="testConcurrentTransactionCreation" time="0.001"/>
  <testcase classname="com.revolut.money.transfer.integration.ConcurrentlyTransactionCreationAndExecutionTest" name="testConcurrentTransactionCreation" time="0.002"/>
  <testcase classname="com.revolut.money.transfer.integration.ConcurrentlyTransactionCreationAndExecutionTest" name="testConcurrentTransactionCreation" time="0.001"/>
  <testcase classname="com.revolut.money.transfer.integration.ConcurrentlyTransactionCreationAndExecutionTest" name="testConcurrentTransactionCreation" time="0.002"/>
  <testcase classname="com.revolut.money.transfer.integration.ConcurrentlyTransactionCreationAndExecutionTest" name="testConcurrentTransactionCreation" time="0.001"/>
  <testcase classname="com.revolut.money.transfer.integration.ConcurrentlyTransactionCreationAndExecutionTest" name="testConcurrentTransactionCreation" time="0.002"/>
  <testcase classname="com.revolut.money.transfer.integration.ConcurrentlyTransactionCreationAndExecutionTest" name="testConcurrentTransactionCreation" time="0.001"/>
  <testcase classname="com.revolut.money.transfer.integration.ConcurrentlyTransactionCreationAndExecutionTest" name="testConcurrentTransactionCreation" time="0.001"/>
  <testcase classname="com.revolut.money.transfer.integration.ConcurrentlyTransactionCreationAndExecutionTest" name="testConcurrentTransactionCreation" time="0.001"/>
  <testcase classname="com.revolut.money.transfer.integration.ConcurrentlyTransactionCreationAndExecutionTest" name="testConcurrentTransactionCreation" time="0.003"/>
  <testcase classname="com.revolut.money.transfer.integration.ConcurrentlyTransactionCreationAndExecutionTest" name="testConcurrentTransactionCreation" time="0.002"/>
  <testcase classname="com.revolut.money.transfer.integration.ConcurrentlyTransactionCreationAndExecutionTest" name="testConcurrentTransactionCreation" time="0.001"/>
  <testcase classname="com.revolut.money.transfer.integration.ConcurrentlyTransactionCreationAndExecutionTest" name="testConcurrentTransactionCreation" time="0.002"/>
  <testcase classname="com.revolut.money.transfer.integration.ConcurrentlyTransactionCreationAndExecutionTest" name="testConcurrentTransactionCreation" time="0.003"/>
  <testcase classname="com.revolut.money.transfer.integration.ConcurrentlyTransactionCreationAndExecutionTest" name="testConcurrentTransactionCreation" time="0.001"/>
  <testcase classname="com.revolut.money.transfer.integration.ConcurrentlyTransactionCreationAndExecutionTest" name="testConcurrentTransactionCreation" time="0.001"/>
  <testcase classname="com.revolut.money.transfer.integration.ConcurrentlyTransactionCreationAndExecutionTest" name="testConcurrentTransactionCreation" time="0.001"/>
  <testcase classname="com.revolut.money.transfer.integration.ConcurrentlyTransactionCreationAndExecutionTest" name="testConcurrentTransactionCreation" time="0.002"/>
  <testcase classname="com.revolut.money.transfer.integration.ConcurrentlyTransactionCreationAndExecutionTest" name="testConcurrentTransactionCreation" time="0.001"/>
  <testcase classname="com.revolut.money.transfer.integration.ConcurrentlyTransactionCreationAndExecutionTest" name="testConcurrentTransactionCreation" time="0.001"/>
  <testcase classname="com.revolut.money.transfer.integration.ConcurrentlyTransactionCreationAndExecutionTest" name="testConcurrentTransactionCreation" time="0.001"/>
  <testcase classname="com.revolut.money.transfer.integration.ConcurrentlyTransactionCreationAndExecutionTest" name="testConcurrentTransactionCreation" time="0.002"/>
  <testcase classname="com.revolut.money.transfer.integration.ConcurrentlyTransactionCreationAndExecutionTest" name="testConcurrentTransactionCreation" time="0.001"/>
  <testcase classname="com.revolut.money.transfer.integration.ConcurrentlyTransactionCreationAndExecutionTest" name="testConcurrentTransactionCreation" time="0.001"/>
  <testcase classname="com.revolut.money.transfer.integration.ConcurrentlyTransactionCreationAndExecutionTest" name="testConcurrentTransactionCreation" time="0.001"/>
  <testcase classname="com.revolut.money.transfer.integration.ConcurrentlyTransactionCreationAndExecutionTest" name="testConcurrentTransactionCreation" time="0.002"/>
  <testcase classname="com.revolut.money.transfer.integration.ConcurrentlyTransactionCreationAndExecutionTest" name="testConcurrentTransactionCreation" time="0"/>
  <testcase classname="com.revolut.money.transfer.integration.ConcurrentlyTransactionCreationAndExecutionTest" name="testConcurrentTransactionCreation" time="0"/>
  <testcase classname="com.revolut.money.transfer.integration.ConcurrentlyTransactionCreationAndExecutionTest" name="testConcurrentTransactionCreation" time="0.001"/>
  <testcase classname="com.revolut.money.transfer.integration.ConcurrentlyTransactionCreationAndExecutionTest" name="testConcurrentTransactionCreation" time="0.003"/>
  <testcase classname="com.revolut.money.transfer.integration.ConcurrentlyTransactionCreationAndExecutionTest" name="testConcurrentTransactionCreation" time="0.001"/>
  <testcase classname="com.revolut.money.transfer.integration.ConcurrentlyTransactionCreationAndExecutionTest" name="testConcurrentTransactionCreation" time="0.001"/>
  <testcase classname="com.revolut.money.transfer.integration.ConcurrentlyTransactionCreationAndExecutionTest" name="testConcurrentTransactionCreation" time="0"/>
  <testcase classname="com.revolut.money.transfer.integration.ConcurrentlyTransactionCreationAndExecutionTest" name="testConcurrentTransactionCreation" time="0.003"/>
  <testcase classname="com.revolut.money.transfer.integration.ConcurrentlyTransactionCreationAndExecutionTest" name="testConcurrentTransactionCreation" time="0.001"/>
  <testcase classname="com.revolut.money.transfer.integration.ConcurrentlyTransactionCreationAndExecutionTest" name="testConcurrentTransactionCreation" time="0.001"/>
  <testcase classname="com.revolut.money.transfer.integration.ConcurrentlyTransactionCreationAndExecutionTest" name="testConcurrentTransactionCreation" time="0.001"/>
  <testcase classname="com.revolut.money.transfer.integration.ConcurrentlyTransactionCreationAndExecutionTest" name="testConcurrentTransactionCreation" time="0.002"/>
  <testcase classname="com.revolut.money.transfer.integration.ConcurrentlyTransactionCreationAndExecutionTest" name="testConcurrentTransactionCreation" time="0.001"/>
  <testcase classname="com.revolut.money.transfer.integration.ConcurrentlyTransactionCreationAndExecutionTest" name="testConcurrentTransactionCreation" time="0.001"/>
  <testcase classname="com.revolut.money.transfer.integration.ConcurrentlyTransactionCreationAndExecutionTest" name="testConcurrentTransactionCreation" time="0.001"/>
  <testcase classname="com.revolut.money.transfer.integration.ConcurrentlyTransactionCreationAndExecutionTest" name="testConcurrentTransactionCreation" time="0.002"/>
  <testcase classname="com.revolut.money.transfer.integration.ConcurrentlyTransactionCreationAndExecutionTest" name="testConcurrentTransactionCreation" time="0.001"/>
  <testcase classname="com.revolut.money.transfer.integration.ConcurrentlyTransactionCreationAndExecutionTest" name="testConcurrentTransactionCreation" time="0.001"/>
  <testcase classname="com.revolut.money.transfer.integration.ConcurrentlyTransactionCreationAndExecutionTest" name="testConcurrentTransactionCreation" time="0.001"/>
  <testcase classname="com.revolut.money.transfer.integration.ConcurrentlyTransactionCreationAndExecutionTest" name="testConcurrentTransactionCreation" time="0.002"/>
  <testcase classname="com.revolut.money.transfer.integration.ConcurrentlyTransactionCreationAndExecutionTest" name="testConcurrentTransactionCreation" time="0.001"/>
  <testcase classname="com.revolut.money.transfer.integration.ConcurrentlyTransactionCreationAndExecutionTest" name="testConcurrentTransactionCreation" time="0.001"/>
  <testcase classname="com.revolut.money.transfer.integration.ConcurrentlyTransactionCreationAndExecutionTest" name="testConcurrentTransactionCreation" time="0.001"/>
  <testcase classname="com.revolut.money.transfer.integration.ConcurrentlyTransactionCreationAndExecutionTest" name="testConcurrentTransactionCreation" time="0.002"/>
  <testcase classname="com.revolut.money.transfer.integration.ConcurrentlyTransactionCreationAndExecutionTest" name="testConcurrentTransactionCreation" time="0.085"/>
  <testcase classname="com.revolut.money.transfer.integration.ConcurrentlyTransactionCreationAndExecutionTest" name="testConcurrentTransactionCreation" time="0.001"/>
  <testcase classname="com.revolut.money.transfer.integration.ConcurrentlyTransactionCreationAndExecutionTest" name="testConcurrentTransactionCreation" time="0.001"/>
  <testcase classname="com.revolut.money.transfer.integration.ConcurrentlyTransactionCreationAndExecutionTest" name="testConcurrentTransactionCreation" time="0.057"/>
  <testcase classname="com.revolut.money.transfer.integration.ConcurrentlyTransactionCreationAndExecutionTest" name="testConcurrentTransactionCreation" time="0"/>
  <testcase classname="com.revolut.money.transfer.integration.ConcurrentlyTransactionCreationAndExecutionTest" name="testConcurrentTransactionCreation" time="0.001"/>
  <testcase classname="com.revolut.money.transfer.integration.ConcurrentlyTransactionCreationAndExecutionTest" name="testConcurrentTransactionCreation" time="0"/>
  <testcase classname="com.revolut.money.transfer.integration.ConcurrentlyTransactionCreationAndExecutionTest" name="testConcurrentTransactionCreation" time="0.008"/>
  <testcase classname="com.revolut.money.transfer.integration.ConcurrentlyTransactionCreationAndExecutionTest" name="testConcurrentTransactionCreation" time="0.001"/>
  <testcase classname="com.revolut.money.transfer.integration.ConcurrentlyTransactionCreationAndExecutionTest" name="testConcurrentTransactionCreation" time="0"/>
  <testcase classname="com.revolut.money.transfer.integration.ConcurrentlyTransactionCreationAndExecutionTest" name="testConcurrentTransactionCreation" time="0.001"/>
  <testcase classname="com.revolut.money.transfer.integration.ConcurrentlyTransactionCreationAndExecutionTest" name="testConcurrentTransactionCreation" time="0.001"/>
  <testcase classname="com.revolut.money.transfer.integration.ConcurrentlyTransactionCreationAndExecutionTest" name="testConcurrentTransactionCreation" time="0.014"/>
  <testcase classname="com.revolut.money.transfer.integration.ConcurrentlyTransactionCreationAndExecutionTest" name="testConcurrentTransactionCreation" time="0.001"/>
  <testcase classname="com.revolut.money.transfer.integration.ConcurrentlyTransactionCreationAndExecutionTest" name="testConcurrentTransactionCreation" time="0.014"/>
  <testcase classname="com.revolut.money.transfer.integration.ConcurrentlyTransactionCreationAndExecutionTest" name="testConcurrentTransactionCreation" time="0.005"/>
  <testcase classname="com.revolut.money.transfer.integration.ConcurrentlyTransactionCreationAndExecutionTest" name="testConcurrentTransactionCreation" time="0.003"/>
  <testcase classname="com.revolut.money.transfer.integration.ConcurrentlyTransactionCreationAndExecutionTest" name="testConcurrentTransactionCreation" time="0.001"/>
  <testcase classname="com.revolut.money.transfer.integration.ConcurrentlyTransactionCreationAndExecutionTest" name="testConcurrentTransactionCreation" time="0"/>
  <testcase classname="com.revolut.money.transfer.integration.ConcurrentlyTransactionCreationAndExecutionTest" name="testConcurrentTransactionCreation" time="0.001"/>
  <testcase classname="com.revolut.money.transfer.integration.ConcurrentlyTransactionCreationAndExecutionTest" name="testConcurrentTransactionCreation" time="0.001"/>
  <testcase classname="com.revolut.money.transfer.integration.ConcurrentlyTransactionCreationAndExecutionTest" name="testConcurrentTransactionCreation" time="0.001"/>
  <testcase classname="com.revolut.money.transfer.integration.ConcurrentlyTransactionCreationAndExecutionTest" name="testConcurrentTransactionCreation" time="0.001"/>
  <testcase classname="com.revolut.money.transfer.integration.ConcurrentlyTransactionCreationAndExecutionTest" name="testConcurrentTransactionCreation" time="0.002"/>
  <testcase classname="com.revolut.money.transfer.integration.ConcurrentlyTransactionCreationAndExecutionTest" name="testConcurrentTransactionCreation" time="0.001"/>
  <testcase classname="com.revolut.money.transfer.integration.ConcurrentlyTransactionCreationAndExecutionTest" name="testConcurrentTransactionCreation" time="0.006"/>
  <testcase classname="com.revolut.money.transfer.integration.ConcurrentlyTransactionCreationAndExecutionTest" name="testConcurrentTransactionCreation" time="0.002"/>
  <testcase classname="com.revolut.money.transfer.integration.ConcurrentlyTransactionCreationAndExecutionTest" name="testConcurrentTransactionCreation" time="0.001"/>
  <testcase classname="com.revolut.money.transfer.integration.ConcurrentlyTransactionCreationAndExecutionTest" name="testConcurrentTransactionCreation" time="0.001"/>
  <testcase classname="com.revolut.money.transfer.integration.ConcurrentlyTransactionCreationAndExecutionTest" name="testConcurrentTransactionCreation" time="0.002"/>
  <testcase classname="com.revolut.money.transfer.integration.ConcurrentlyTransactionCreationAndExecutionTest" name="testConcurrentTransactionCreation" time="0.001"/>
  <testcase classname="com.revolut.money.transfer.integration.ConcurrentlyTransactionCreationAndExecutionTest" name="testConcurrentTransactionCreation" time="0.001"/>
  <testcase classname="com.revolut.money.transfer.integration.ConcurrentlyTransactionCreationAndExecutionTest" name="testConcurrentTransactionCreation" time="0"/>
  <testcase classname="com.revolut.money.transfer.integration.ConcurrentlyTransactionCreationAndExecutionTest" name="testConcurrentTransactionCreation" time="0.028"/>
  <testcase classname="com.revolut.money.transfer.integration.ConcurrentlyTransactionCreationAndExecutionTest" name="testConcurrentTransactionCreation" time="0.001"/>
  <testcase classname="com.revolut.money.transfer.integration.ConcurrentlyTransactionCreationAndExecutionTest" name="testConcurrentTransactionCreation" time="0.001"/>
  <testcase classname="com.revolut.money.transfer.integration.ConcurrentlyTransactionCreationAndExecutionTest" name="testConcurrentTransactionCreation" time="0.001"/>
  <testcase classname="com.revolut.money.transfer.integration.ConcurrentlyTransactionCreationAndExecutionTest" name="testConcurrentTransactionCreation" time="0"/>
  <testcase classname="com.revolut.money.transfer.integration.ConcurrentlyTransactionCreationAndExecutionTest" name="testConcurrentTransactionCreation" time="0.001"/>
  <testcase classname="com.revolut.money.transfer.integration.ConcurrentlyTransactionCreationAndExecutionTest" name="testConcurrentTransactionCreation" time="0.015"/>
  <testcase classname="com.revolut.money.transfer.integration.ConcurrentlyTransactionCreationAndExecutionTest" name="testConcurrentTransactionCreation" time="0"/>
  <testcase classname="com.revolut.money.transfer.integration.ConcurrentlyTransactionCreationAndExecutionTest" name="testConcurrentTransactionCreation" time="0.001"/>
  <testcase classname="com.revolut.money.transfer.integration.ConcurrentlyTransactionCreationAndExecutionTest" name="testConcurrentTransactionCreation" time="0"/>
  <testcase classname="com.revolut.money.transfer.integration.ConcurrentlyTransactionCreationAndExecutionTest" name="testConcurrentTransactionCreation" time="0.001"/>
  <testcase classname="com.revolut.money.transfer.integration.ConcurrentlyTransactionCreationAndExecutionTest" name="testConcurrentTransactionCreation" time="0.002"/>
  <testcase classname="com.revolut.money.transfer.integration.ConcurrentlyTransactionCreationAndExecutionTest" name="testConcurrentTransactionCreation" time="0.001"/>
  <testcase classname="com.revolut.money.transfer.integration.ConcurrentlyTransactionCreationAndExecutionTest" name="testConcurrentTransactionCreation" time="0.001"/>
  <testcase classname="com.revolut.money.transfer.integration.ConcurrentlyTransactionCreationAndExecutionTest" name="testConcurrentTransactionCreation" time="0.001"/>
  <testcase classname="com.revolut.money.transfer.integration.ConcurrentlyTransactionCreationAndExecutionTest" name="testConcurrentTransactionCreation" time="0.001"/>
  <testcase classname="com.revolut.money.transfer.integration.ConcurrentlyTransactionCreationAndExecutionTest" name="testConcurrentTransactionCreation" time="0"/>
  <testcase classname="com.revolut.money.transfer.integration.ConcurrentlyTransactionCreationAndExecutionTest" name="testConcurrentTransactionCreation" time="0.01"/>
  <testcase classname="com.revolut.money.transfer.integration.ConcurrentlyTransactionCreationAndExecutionTest" name="testConcurrentTransactionCreation" time="0.001"/>
  <testcase classname="com.revolut.money.transfer.integration.ConcurrentlyTransactionCreationAndExecutionTest" name="testConcurrentTransactionCreation" time="0.001"/>
  <testcase classname="com.revolut.money.transfer.integration.ConcurrentlyTransactionCreationAndExecutionTest" name="testConcurrentTransactionCreation" time="0.001"/>
  <testcase classname="com.revolut.money.transfer.integration.ConcurrentlyTransactionCreationAndExecutionTest" name="testConcurrentTransactionCreation" time="0.001"/>
  <testcase classname="com.revolut.money.transfer.integration.ConcurrentlyTransactionCreationAndExecutionTest" name="testConcurrentTransactionCreation" time="0.011"/>
  <testcase classname="com.revolut.money.transfer.integration.ConcurrentlyTransactionCreationAndExecutionTest" name="testConcurrentTransactionCreation" time="0"/>
  <testcase classname="com.revolut.money.transfer.integration.ConcurrentlyTransactionCreationAndExecutionTest" name="testConcurrentTransactionCreation" time="0.001"/>
  <testcase classname="com.revolut.money.transfer.integration.ConcurrentlyTransactionCreationAndExecutionTest" name="testConcurrentTransactionCreation" time="0.001"/>
  <testcase classname="com.revolut.money.transfer.integration.ConcurrentlyTransactionCreationAndExecutionTest" name="testConcurrentTransactionCreation" time="0.001"/>
  <testcase classname="com.revolut.money.transfer.integration.ConcurrentlyTransactionCreationAndExecutionTest" name="testConcurrentTransactionCreation" time="0.001"/>
  <testcase classname="com.revolut.money.transfer.integration.ConcurrentlyTransactionCreationAndExecutionTest" name="testConcurrentTransactionCreation" time="0.001"/>
  <testcase classname="com.revolut.money.transfer.integration.ConcurrentlyTransactionCreationAndExecutionTest" name="testConcurrentTransactionCreation" time="0.001"/>
  <testcase classname="com.revolut.money.transfer.integration.ConcurrentlyTransactionCreationAndExecutionTest" name="testConcurrentTransactionCreation" time="0.008"/>
  <testcase classname="com.revolut.money.transfer.integration.ConcurrentlyTransactionCreationAndExecutionTest" name="testConcurrentTransactionCreation" time="0.006"/>
  <testcase classname="com.revolut.money.transfer.integration.ConcurrentlyTransactionCreationAndExecutionTest" name="testConcurrentTransactionCreation" time="0"/>
  <testcase classname="com.revolut.money.transfer.integration.ConcurrentlyTransactionCreationAndExecutionTest" name="testConcurrentTransactionCreation" time="0"/>
  <testcase classname="com.revolut.money.transfer.integration.ConcurrentlyTransactionCreationAndExecutionTest" name="testConcurrentTransactionCreation" time="0.001"/>
  <testcase classname="com.revolut.money.transfer.integration.ConcurrentlyTransactionCreationAndExecutionTest" name="testConcurrentTransactionCreation" time="0.001"/>
  <testcase classname="com.revolut.money.transfer.integration.ConcurrentlyTransactionCreationAndExecutionTest" name="testConcurrentTransactionCreation" time="0"/>
  <testcase classname="com.revolut.money.transfer.integration.ConcurrentlyTransactionCreationAndExecutionTest" name="testConcurrentTransactionCreation" time="0.003"/>
  <testcase classname="com.revolut.money.transfer.integration.ConcurrentlyTransactionCreationAndExecutionTest" name="testConcurrentTransactionCreation" time="0.001"/>
  <testcase classname="com.revolut.money.transfer.integration.ConcurrentlyTransactionCreationAndExecutionTest" name="testConcurrentTransactionCreation" time="0"/>
  <testcase classname="com.revolut.money.transfer.integration.ConcurrentlyTransactionCreationAndExecutionTest" name="testConcurrentTransactionCreation" time="0.001"/>
  <testcase classname="com.revolut.money.transfer.integration.ConcurrentlyTransactionCreationAndExecutionTest" name="testConcurrentTransactionCreation" time="0.001"/>
  <testcase classname="com.revolut.money.transfer.integration.ConcurrentlyTransactionCreationAndExecutionTest" name="testConcurrentTransactionCreation" time="0.002"/>
  <testcase classname="com.revolut.money.transfer.integration.ConcurrentlyTransactionCreationAndExecutionTest" name="testConcurrentTransactionCreation" time="0"/>
  <testcase classname="com.revolut.money.transfer.integration.ConcurrentlyTransactionCreationAndExecutionTest" name="testConcurrentTransactionCreation" time="0.001"/>
  <testcase classname="com.revolut.money.transfer.integration.ConcurrentlyTransactionCreationAndExecutionTest" name="testConcurrentTransactionCreation" time="0"/>
  <testcase classname="com.revolut.money.transfer.integration.ConcurrentlyTransactionCreationAndExecutionTest" name="testConcurrentTransactionCreation" time="0.008"/>
  <testcase classname="com.revolut.money.transfer.integration.ConcurrentlyTransactionCreationAndExecutionTest" name="testConcurrentTransactionCreation" time="0.001"/>
  <testcase classname="com.revolut.money.transfer.integration.ConcurrentlyTransactionCreationAndExecutionTest" name="testConcurrentTransactionCreation" time="0.003"/>
  <testcase classname="com.revolut.money.transfer.integration.ConcurrentlyTransactionCreationAndExecutionTest" name="testConcurrentTransactionCreation" time="0"/>
  <testcase classname="com.revolut.money.transfer.integration.ConcurrentlyTransactionCreationAndExecutionTest" name="testConcurrentTransactionCreation" time="0"/>
  <testcase classname="com.revolut.money.transfer.integration.ConcurrentlyTransactionCreationAndExecutionTest" name="testConcurrentTransactionCreation" time="0.001"/>
  <testcase classname="com.revolut.money.transfer.integration.ConcurrentlyTransactionCreationAndExecutionTest" name="testConcurrentTransactionCreation" time="0.002"/>
  <testcase classname="com.revolut.money.transfer.integration.ConcurrentlyTransactionCreationAndExecutionTest" name="testConcurrentTransactionCreation" time="0"/>
  <testcase classname="com.revolut.money.transfer.integration.ConcurrentlyTransactionCreationAndExecutionTest" name="testConcurrentTransactionCreation" time="0.001"/>
  <testcase classname="com.revolut.money.transfer.integration.ConcurrentlyTransactionCreationAndExecutionTest" name="testConcurrentTransactionCreation" time="0.001"/>
  <testcase classname="com.revolut.money.transfer.integration.ConcurrentlyTransactionCreationAndExecutionTest" name="testConcurrentTransactionCreation" time="0"/>
  <testcase classname="com.revolut.money.transfer.integration.ConcurrentlyTransactionCreationAndExecutionTest" name="testConcurrentTransactionCreation" time="0.001"/>
  <testcase classname="com.revolut.money.transfer.integration.ConcurrentlyTransactionCreationAndExecutionTest" name="testConcurrentTransactionCreation" time="0.001"/>
  <testcase classname="com.revolut.money.transfer.integration.ConcurrentlyTransactionCreationAndExecutionTest" name="testConcurrentTransactionCreation" time="0.006"/>
  <testcase classname="com.revolut.money.transfer.integration.ConcurrentlyTransactionCreationAndExecutionTest" name="testConcurrentTransactionCreation" time="0"/>
  <testcase classname="com.revolut.money.transfer.integration.ConcurrentlyTransactionCreationAndExecutionTest" name="testConcurrentTransactionCreation" time="0.003"/>
  <testcase classname="com.revolut.money.transfer.integration.ConcurrentlyTransactionCreationAndExecutionTest" name="testConcurrentTransactionCreation" time="0.001"/>
  <testcase classname="com.revolut.money.transfer.integration.ConcurrentlyTransactionCreationAndExecutionTest" name="testConcurrentTransactionCreation" time="0.001"/>
  <testcase classname="com.revolut.money.transfer.integration.ConcurrentlyTransactionCreationAndExecutionTest" name="testConcurrentTransactionCreation" time="0"/>
  <testcase classname="com.revolut.money.transfer.integration.ConcurrentlyTransactionCreationAndExecutionTest" name="testConcurrentTransactionCreation" time="0"/>
  <testcase classname="com.revolut.money.transfer.integration.ConcurrentlyTransactionCreationAndExecutionTest" name="testConcurrentTransactionCreation" time="0"/>
  <testcase classname="com.revolut.money.transfer.integration.ConcurrentlyTransactionCreationAndExecutionTest" name="testConcurrentTransactionCreation" time="0.004"/>
  <testcase classname="com.revolut.money.transfer.integration.ConcurrentlyTransactionCreationAndExecutionTest" name="testConcurrentTransactionCreation" time="0.001"/>
  <testcase classname="com.revolut.money.transfer.integration.ConcurrentlyTransactionCreationAndExecutionTest" name="testConcurrentTransactionCreation" time="0"/>
  <testcase classname="com.revolut.money.transfer.integration.ConcurrentlyTransactionCreationAndExecutionTest" name="testConcurrentTransactionCreation" time="0.001"/>
  <testcase classname="com.revolut.money.transfer.integration.ConcurrentlyTransactionCreationAndExecutionTest" name="testConcurrentTransactionCreation" time="0.001"/>
  <testcase classname="com.revolut.money.transfer.integration.ConcurrentlyTransactionCreationAndExecutionTest" name="testConcurrentTransactionCreation" time="0"/>
  <testcase classname="com.revolut.money.transfer.integration.ConcurrentlyTransactionCreationAndExecutionTest" name="testConcurrentTransactionCreation" time="0.001"/>
  <testcase classname="com.revolut.money.transfer.integration.ConcurrentlyTransactionCreationAndExecutionTest" name="testConcurrentTransactionCreation" time="0.001"/>
  <testcase classname="com.revolut.money.transfer.integration.ConcurrentlyTransactionCreationAndExecutionTest" name="testConcurrentTransactionCreation" time="0.001"/>
  <testcase classname="com.revolut.money.transfer.integration.ConcurrentlyTransactionCreationAndExecutionTest" name="testConcurrentTransactionCreation" time="0.002"/>
  <testcase classname="com.revolut.money.transfer.integration.ConcurrentlyTransactionCreationAndExecutionTest" name="testConcurrentTransactionCreation" time="0.001"/>
  <testcase classname="com.revolut.money.transfer.integration.ConcurrentlyTransactionCreationAndExecutionTest" name="testConcurrentTransactionCreation" time="0"/>
  <testcase classname="com.revolut.money.transfer.integration.ConcurrentlyTransactionCreationAndExecutionTest" name="testConcurrentTransactionCreation" time="0.002"/>
  <testcase classname="com.revolut.money.transfer.integration.ConcurrentlyTransactionCreationAndExecutionTest" name="testConcurrentTransactionCreation" time="0.001"/>
  <testcase classname="com.revolut.money.transfer.integration.ConcurrentlyTransactionCreationAndExecutionTest" name="testConcurrentTransactionCreation" time="0.001"/>
  <testcase classname="com.revolut.money.transfer.integration.ConcurrentlyTransactionCreationAndExecutionTest" name="testConcurrentTransactionCreation" time="0.001"/>
  <testcase classname="com.revolut.money.transfer.integration.ConcurrentlyTransactionCreationAndExecutionTest" name="testConcurrentTransactionCreation" time="0"/>
  <testcase classname="com.revolut.money.transfer.integration.ConcurrentlyTransactionCreationAndExecutionTest" name="testConcurrentTransactionCreation" time="0.001"/>
  <testcase classname="com.revolut.money.transfer.integration.ConcurrentlyTransactionCreationAndExecutionTest" name="testConcurrentTransactionCreation" time="0.001"/>
  <testcase classname="com.revolut.money.transfer.integration.ConcurrentlyTransactionCreationAndExecutionTest" name="testConcurrentTransactionCreation" time="0"/>
  <testcase classname="com.revolut.money.transfer.integration.ConcurrentlyTransactionCreationAndExecutionTest" name="testConcurrentTransactionCreation" time="0.007"/>
  <testcase classname="com.revolut.money.transfer.integration.ConcurrentlyTransactionCreationAndExecutionTest" name="testConcurrentTransactionCreation" time="0.001"/>
  <testcase classname="com.revolut.money.transfer.integration.ConcurrentlyTransactionCreationAndExecutionTest" name="testConcurrentTransactionCreation" time="0.001"/>
  <testcase classname="com.revolut.money.transfer.integration.ConcurrentlyTransactionCreationAndExecutionTest" name="testConcurrentTransactionCreation" time="0.003"/>
  <testcase classname="com.revolut.money.transfer.integration.ConcurrentlyTransactionCreationAndExecutionTest" name="testConcurrentTransactionCreation" time="0.001"/>
  <testcase classname="com.revolut.money.transfer.integration.ConcurrentlyTransactionCreationAndExecutionTest" name="testConcurrentTransactionCreation" time="0"/>
  <testcase classname="com.revolut.money.transfer.integration.ConcurrentlyTransactionCreationAndExecutionTest" name="testConcurrentTransactionCreation" time="0.002"/>
  <testcase classname="com.revolut.money.transfer.integration.ConcurrentlyTransactionCreationAndExecutionTest" name="testConcurrentTransactionCreation" time="0.007"/>
  <testcase classname="com.revolut.money.transfer.integration.ConcurrentlyTransactionCreationAndExecutionTest" name="testConcurrentTransactionCreation" time="0.001"/>
  <testcase classname="com.revolut.money.transfer.integration.ConcurrentlyTransactionCreationAndExecutionTest" name="testConcurrentTransactionCreation" time="0.001"/>
  <testcase classname="com.revolut.money.transfer.integration.ConcurrentlyTransactionCreationAndExecutionTest" name="testConcurrentTransactionCreation" time="0.003"/>
  <testcase classname="com.revolut.money.transfer.integration.ConcurrentlyTransactionCreationAndExecutionTest" name="testConcurrentTransactionCreation" time="0"/>
  <testcase classname="com.revolut.money.transfer.integration.ConcurrentlyTransactionCreationAndExecutionTest" name="testConcurrentTransactionCreation" time="0"/>
  <testcase classname="com.revolut.money.transfer.integration.ConcurrentlyTransactionCreationAndExecutionTest" name="testConcurrentTransactionCreation" time="0.002"/>
  <testcase classname="com.revolut.money.transfer.integration.ConcurrentlyTransactionCreationAndExecutionTest" name="testConcurrentTransactionCreation" time="0.004"/>
  <testcase classname="com.revolut.money.transfer.integration.ConcurrentlyTransactionCreationAndExecutionTest" name="testConcurrentTransactionCreation" time="0"/>
  <testcase classname="com.revolut.money.transfer.integration.ConcurrentlyTransactionCreationAndExecutionTest" name="testConcurrentTransactionCreation" time="0.005"/>
  <testcase classname="com.revolut.money.transfer.integration.ConcurrentlyTransactionCreationAndExecutionTest" name="testConcurrentTransactionCreation" time="0"/>
  <testcase classname="com.revolut.money.transfer.integration.ConcurrentlyTransactionCreationAndExecutionTest" name="testConcurrentTransactionCreation" time="0.012"/>
  <testcase classname="com.revolut.money.transfer.integration.ConcurrentlyTransactionCreationAndExecutionTest" name="testConcurrentTransactionCreation" time="0"/>
  <testcase classname="com.revolut.money.transfer.integration.ConcurrentlyTransactionCreationAndExecutionTest" name="testConcurrentTransactionCreation" time="0.002"/>
  <testcase classname="com.revolut.money.transfer.integration.ConcurrentlyTransactionCreationAndExecutionTest" name="testConcurrentTransactionCreation" time="0.001"/>
  <testcase classname="com.revolut.money.transfer.integration.ConcurrentlyTransactionCreationAndExecutionTest" name="testConcurrentTransactionCreation" time="0.001"/>
  <testcase classname="com.revolut.money.transfer.integration.ConcurrentlyTransactionCreationAndExecutionTest" name="testConcurrentTransactionCreation" time="0"/>
  <testcase classname="com.revolut.money.transfer.integration.ConcurrentlyTransactionCreationAndExecutionTest" name="testConcurrentTransactionCreation" time="0.001"/>
  <testcase classname="com.revolut.money.transfer.integration.ConcurrentlyTransactionCreationAndExecutionTest" name="testConcurrentTransactionCreation" time="0.002"/>
  <testcase classname="com.revolut.money.transfer.integration.ConcurrentlyTransactionCreationAndExecutionTest" name="testConcurrentTransactionCreation" time="0.001"/>
  <testcase classname="com.revolut.money.transfer.integration.ConcurrentlyTransactionCreationAndExecutionTest" name="testConcurrentTransactionCreation" time="0"/>
  <testcase classname="com.revolut.money.transfer.integration.ConcurrentlyTransactionCreationAndExecutionTest" name="testConcurrentTransactionCreation" time="0"/>
  <testcase classname="com.revolut.money.transfer.integration.ConcurrentlyTransactionCreationAndExecutionTest" name="testConcurrentTransactionCreation" time="0.004"/>
  <testcase classname="com.revolut.money.transfer.integration.ConcurrentlyTransactionCreationAndExecutionTest" name="testConcurrentTransactionCreation" time="0"/>
  <testcase classname="com.revolut.money.transfer.integration.ConcurrentlyTransactionCreationAndExecutionTest" name="testConcurrentTransactionCreation" time="0.002"/>
  <testcase classname="com.revolut.money.transfer.integration.ConcurrentlyTransactionCreationAndExecutionTest" name="testConcurrentTransactionCreation" time="0"/>
  <testcase classname="com.revolut.money.transfer.integration.ConcurrentlyTransactionCreationAndExecutionTest" name="testConcurrentTransactionCreation" time="0"/>
  <testcase classname="com.revolut.money.transfer.integration.ConcurrentlyTransactionCreationAndExecutionTest" name="testConcurrentTransactionCreation" time="0"/>
  <testcase classname="com.revolut.money.transfer.integration.ConcurrentlyTransactionCreationAndExecutionTest" name="testConcurrentTransactionCreation" time="0.001"/>
  <testcase classname="com.revolut.money.transfer.integration.ConcurrentlyTransactionCreationAndExecutionTest" name="testConcurrentTransactionCreation" time="0.002"/>
  <testcase classname="com.revolut.money.transfer.integration.ConcurrentlyTransactionCreationAndExecutionTest" name="testConcurrentTransactionCreation" time="0.001"/>
  <testcase classname="com.revolut.money.transfer.integration.ConcurrentlyTransactionCreationAndExecutionTest" name="testConcurrentTransactionCreation" time="0.002"/>
  <testcase classname="com.revolut.money.transfer.integration.ConcurrentlyTransactionCreationAndExecutionTest" name="testConcurrentTransactionCreation" time="0.003"/>
  <testcase classname="com.revolut.money.transfer.integration.ConcurrentlyTransactionCreationAndExecutionTest" name="testConcurrentTransactionCreation" time="0"/>
  <testcase classname="com.revolut.money.transfer.integration.ConcurrentlyTransactionCreationAndExecutionTest" name="testConcurrentTransactionCreation" time="0.003"/>
  <testcase classname="com.revolut.money.transfer.integration.ConcurrentlyTransactionCreationAndExecutionTest" name="testConcurrentTransactionCreation" time="0"/>
  <testcase classname="com.revolut.money.transfer.integration.ConcurrentlyTransactionCreationAndExecutionTest" name="testConcurrentTransactionCreation" time="0"/>
  <testcase classname="com.revolut.money.transfer.integration.ConcurrentlyTransactionCreationAndExecutionTest" name="testConcurrentTransactionCreation" time="0"/>
  <testcase classname="com.revolut.money.transfer.integration.ConcurrentlyTransactionCreationAndExecutionTest" name="testConcurrentTransactionCreation" time="0"/>
  <testcase classname="com.revolut.money.transfer.integration.ConcurrentlyTransactionCreationAndExecutionTest" name="testConcurrentTransactionCreation" time="0.006"/>
  <testcase classname="com.revolut.money.transfer.integration.ConcurrentlyTransactionCreationAndExecutionTest" name="testConcurrentTransactionCreation" time="0.001"/>
  <testcase classname="com.revolut.money.transfer.integration.ConcurrentlyTransactionCreationAndExecutionTest" name="testConcurrentTransactionCreation" time="0.002"/>
  <testcase classname="com.revolut.money.transfer.integration.ConcurrentlyTransactionCreationAndExecutionTest" name="testConcurrentTransactionCreation" time="0.001"/>
  <testcase classname="com.revolut.money.transfer.integration.ConcurrentlyTransactionCreationAndExecutionTest" name="testConcurrentTransactionCreation" time="0.003"/>
  <testcase classname="com.revolut.money.transfer.integration.ConcurrentlyTransactionCreationAndExecutionTest" name="testConcurrentTransactionCreation" time="0"/>
  <testcase classname="com.revolut.money.transfer.integration.ConcurrentlyTransactionCreationAndExecutionTest" name="testConcurrentTransactionCreation" time="0.001"/>
  <testcase classname="com.revolut.money.transfer.integration.ConcurrentlyTransactionCreationAndExecutionTest" name="testConcurrentTransactionCreation" time="0.002"/>
  <testcase classname="com.revolut.money.transfer.integration.ConcurrentlyTransactionCreationAndExecutionTest" name="testConcurrentTransactionCreation" time="0.001"/>
  <testcase classname="com.revolut.money.transfer.integration.ConcurrentlyTransactionCreationAndExecutionTest" name="testConcurrentTransactionCreation" time="0.002"/>
  <testcase classname="com.revolut.money.transfer.integration.ConcurrentlyTransactionCreationAndExecutionTest" name="testConcurrentTransactionCreation" time="0.002"/>
  <testcase classname="com.revolut.money.transfer.integration.ConcurrentlyTransactionCreationAndExecutionTest" name="testConcurrentTransactionCreation" time="0"/>
  <testcase classname="com.revolut.money.transfer.integration.ConcurrentlyTransactionCreationAndExecutionTest" name="testConcurrentTransactionCreation" time="0.001"/>
  <testcase classname="com.revolut.money.transfer.integration.ConcurrentlyTransactionCreationAndExecutionTest" name="testConcurrentTransactionCreation" time="0.002"/>
  <testcase classname="com.revolut.money.transfer.integration.ConcurrentlyTransactionCreationAndExecutionTest" name="testConcurrentTransactionCreation" time="0.001"/>
  <testcase classname="com.revolut.money.transfer.integration.ConcurrentlyTransactionCreationAndExecutionTest" name="testConcurrentTransactionCreation" time="0.001"/>
  <testcase classname="com.revolut.money.transfer.integration.ConcurrentlyTransactionCreationAndExecutionTest" name="testConcurrentTransactionCreation" time="0"/>
  <testcase classname="com.revolut.money.transfer.integration.ConcurrentlyTransactionCreationAndExecutionTest" name="testConcurrentTransactionCreation" time="0.02"/>
  <testcase classname="com.revolut.money.transfer.integration.ConcurrentlyTransactionCreationAndExecutionTest" name="testConcurrentTransactionCreation" time="0.006"/>
  <testcase classname="com.revolut.money.transfer.integration.ConcurrentlyTransactionCreationAndExecutionTest" name="testConcurrentTransactionCreation" time="0.001"/>
  <testcase classname="com.revolut.money.transfer.integration.ConcurrentlyTransactionCreationAndExecutionTest" name="testConcurrentTransactionCreation" time="0"/>
  <testcase classname="com.revolut.money.transfer.integration.ConcurrentlyTransactionCreationAndExecutionTest" name="testConcurrentTransactionCreation" time="0.002"/>
  <testcase classname="com.revolut.money.transfer.integration.ConcurrentlyTransactionCreationAndExecutionTest" name="testConcurrentTransactionCreation" time="0"/>
  <testcase classname="com.revolut.money.transfer.integration.ConcurrentlyTransactionCreationAndExecutionTest" name="testConcurrentTransactionCreation" time="0.02"/>
  <testcase classname="com.revolut.money.transfer.integration.ConcurrentlyTransactionCreationAndExecutionTest" name="testConcurrentTransactionCreation" time="0"/>
  <testcase classname="com.revolut.money.transfer.integration.ConcurrentlyTransactionCreationAndExecutionTest" name="testConcurrentTransactionCreation" time="0.001"/>
  <testcase classname="com.revolut.money.transfer.integration.ConcurrentlyTransactionCreationAndExecutionTest" name="testConcurrentTransactionCreation" time="0.002"/>
  <testcase classname="com.revolut.money.transfer.integration.ConcurrentlyTransactionCreationAndExecutionTest" name="testConcurrentTransactionCreation" time="0.001"/>
  <testcase classname="com.revolut.money.transfer.integration.ConcurrentlyTransactionCreationAndExecutionTest" name="testConcurrentTransactionCreation" time="0"/>
  <testcase classname="com.revolut.money.transfer.integration.ConcurrentlyTransactionCreationAndExecutionTest" name="testConcurrentTransactionCreation" time="0.001"/>
  <testcase classname="com.revolut.money.transfer.integration.ConcurrentlyTransactionCreationAndExecutionTest" name="testConcurrentTransactionCreation" time="0.003"/>
  <testcase classname="com.revolut.money.transfer.integration.ConcurrentlyTransactionCreationAndExecutionTest" name="testConcurrentTransactionCreation" time="0.001"/>
  <testcase classname="com.revolut.money.transfer.integration.ConcurrentlyTransactionCreationAndExecutionTest" name="testConcurrentTransactionCreation" time="0.004"/>
  <testcase classname="com.revolut.money.transfer.integration.ConcurrentlyTransactionCreationAndExecutionTest" name="testConcurrentTransactionCreation" time="0"/>
  <testcase classname="com.revolut.money.transfer.integration.ConcurrentlyTransactionCreationAndExecutionTest" name="testConcurrentTransactionCreation" time="0"/>
  <testcase classname="com.revolut.money.transfer.integration.ConcurrentlyTransactionCreationAndExecutionTest" name="testConcurrentTransactionCreation" time="0"/>
  <testcase classname="com.revolut.money.transfer.integration.ConcurrentlyTransactionCreationAndExecutionTest" name="testConcurrentTransactionCreation" time="0.008"/>
  <testcase classname="com.revolut.money.transfer.integration.ConcurrentlyTransactionCreationAndExecutionTest" name="testConcurrentTransactionCreation" time="0.001"/>
  <testcase classname="com.revolut.money.transfer.integration.ConcurrentlyTransactionCreationAndExecutionTest" name="testConcurrentTransactionCreation" time="0.001"/>
  <testcase classname="com.revolut.money.transfer.integration.ConcurrentlyTransactionCreationAndExecutionTest" name="testConcurrentTransactionCreation" time="0.001"/>
  <testcase classname="com.revolut.money.transfer.integration.ConcurrentlyTransactionCreationAndExecutionTest" name="testConcurrentTransactionCreation" time="0.001"/>
  <testcase classname="com.revolut.money.transfer.integration.ConcurrentlyTransactionCreationAndExecutionTest" name="testConcurrentTransactionCreation" time="0.003"/>
  <testcase classname="com.revolut.money.transfer.integration.ConcurrentlyTransactionCreationAndExecutionTest" name="testConcurrentTransactionCreation" time="0"/>
  <testcase classname="com.revolut.money.transfer.integration.ConcurrentlyTransactionCreationAndExecutionTest" name="testConcurrentTransactionCreation" time="0"/>
  <testcase classname="com.revolut.money.transfer.integration.ConcurrentlyTransactionCreationAndExecutionTest" name="testConcurrentTransactionCreation" time="0.001"/>
  <testcase classname="com.revolut.money.transfer.integration.ConcurrentlyTransactionCreationAndExecutionTest" name="testConcurrentTransactionCreation" time="0"/>
  <testcase classname="com.revolut.money.transfer.integration.ConcurrentlyTransactionCreationAndExecutionTest" name="testConcurrentTransactionCreation" time="0"/>
  <testcase classname="com.revolut.money.transfer.integration.ConcurrentlyTransactionCreationAndExecutionTest" name="testConcurrentTransactionCreation" time="0.001"/>
  <testcase classname="com.revolut.money.transfer.integration.ConcurrentlyTransactionCreationAndExecutionTest" name="testConcurrentTransactionCreation" time="0.002"/>
  <testcase classname="com.revolut.money.transfer.integration.ConcurrentlyTransactionCreationAndExecutionTest" name="testConcurrentTransactionCreation" time="0.001"/>
  <testcase classname="com.revolut.money.transfer.integration.ConcurrentlyTransactionCreationAndExecutionTest" name="testConcurrentTransactionCreation" time="0.002"/>
  <testcase classname="com.revolut.money.transfer.integration.ConcurrentlyTransactionCreationAndExecutionTest" name="testConcurrentTransactionCreation" time="0.001"/>
  <testcase classname="com.revolut.money.transfer.integration.ConcurrentlyTransactionCreationAndExecutionTest" name="testConcurrentTransactionCreation" time="0"/>
  <testcase classname="com.revolut.money.transfer.integration.ConcurrentlyTransactionCreationAndExecutionTest" name="testConcurrentTransactionCreation" time="0.001"/>
  <testcase classname="com.revolut.money.transfer.integration.ConcurrentlyTransactionCreationAndExecutionTest" name="testConcurrentTransactionCreation" time="0.005"/>
  <testcase classname="com.revolut.money.transfer.integration.ConcurrentlyTransactionCreationAndExecutionTest" name="testConcurrentTransactionCreation" time="0.001"/>
  <testcase classname="com.revolut.money.transfer.integration.ConcurrentlyTransactionCreationAndExecutionTest" name="testConcurrentTransactionCreation" time="0.001"/>
  <testcase classname="com.revolut.money.transfer.integration.ConcurrentlyTransactionCreationAndExecutionTest" name="testConcurrentTransactionCreation" time="0.001"/>
  <testcase classname="com.revolut.money.transfer.integration.ConcurrentlyTransactionCreationAndExecutionTest" name="testConcurrentTransactionCreation" time="0"/>
  <testcase classname="com.revolut.money.transfer.integration.ConcurrentlyTransactionCreationAndExecutionTest" name="testConcurrentTransactionCreation" time="0.001"/>
  <testcase classname="com.revolut.money.transfer.integration.ConcurrentlyTransactionCreationAndExecutionTest" name="testConcurrentTransactionCreation" time="0.004"/>
  <testcase classname="com.revolut.money.transfer.integration.ConcurrentlyTransactionCreationAndExecutionTest" name="testConcurrentTransactionCreation" time="0.001"/>
  <testcase classname="com.revolut.money.transfer.integration.ConcurrentlyTransactionCreationAndExecutionTest" name="testConcurrentTransactionCreation" time="0"/>
  <testcase classname="com.revolut.money.transfer.integration.ConcurrentlyTransactionCreationAndExecutionTest" name="testConcurrentTransactionCreation" time="0.001"/>
  <testcase classname="com.revolut.money.transfer.integration.ConcurrentlyTransactionCreationAndExecutionTest" name="testConcurrentTransactionCreation" time="0.002"/>
  <testcase classname="com.revolut.money.transfer.integration.ConcurrentlyTransactionCreationAndExecutionTest" name="testConcurrentTransactionCreation" time="0.001"/>
  <testcase classname="com.revolut.money.transfer.integration.ConcurrentlyTransactionCreationAndExecutionTest" name="testConcurrentTransactionCreation" time="0.009"/>
  <testcase classname="com.revolut.money.transfer.integration.ConcurrentlyTransactionCreationAndExecutionTest" name="testConcurrentTransactionCreation" time="0"/>
  <testcase classname="com.revolut.money.transfer.integration.ConcurrentlyTransactionCreationAndExecutionTest" name="testConcurrentTransactionCreation" time="0.002"/>
  <testcase classname="com.revolut.money.transfer.integration.ConcurrentlyTransactionCreationAndExecutionTest" name="testConcurrentTransactionCreation" time="0.001"/>
  <testcase classname="com.revolut.money.transfer.integration.ConcurrentlyTransactionCreationAndExecutionTest" name="testConcurrentTransactionCreation" time="0"/>
  <testcase classname="com.revolut.money.transfer.integration.ConcurrentlyTransactionCreationAndExecutionTest" name="testConcurrentTransactionCreation" time="0.001"/>
  <testcase classname="com.revolut.money.transfer.integration.ConcurrentlyTransactionCreationAndExecutionTest" name="testConcurrentTransactionCreation" time="0.001"/>
  <testcase classname="com.revolut.money.transfer.integration.ConcurrentlyTransactionCreationAndExecutionTest" name="testConcurrentTransactionCreation" time="0.008"/>
  <testcase classname="com.revolut.money.transfer.integration.ConcurrentlyTransactionCreationAndExecutionTest" name="testConcurrentTransactionCreation" time="0.002"/>
  <testcase classname="com.revolut.money.transfer.integration.ConcurrentlyTransactionCreationAndExecutionTest" name="testConcurrentTransactionCreation" time="0.001"/>
  <testcase classname="com.revolut.money.transfer.integration.ConcurrentlyTransactionCreationAndExecutionTest" name="testConcurrentTransactionCreation" time="0.001"/>
  <testcase classname="com.revolut.money.transfer.integration.ConcurrentlyTransactionCreationAndExecutionTest" name="testConcurrentTransactionCreation" time="0.011"/>
  <testcase classname="com.revolut.money.transfer.integration.ConcurrentlyTransactionCreationAndExecutionTest" name="testConcurrentTransactionCreation" time="0"/>
  <testcase classname="com.revolut.money.transfer.integration.ConcurrentlyTransactionCreationAndExecutionTest" name="testConcurrentTransactionCreation" time="0.001"/>
  <testcase classname="com.revolut.money.transfer.integration.ConcurrentlyTransactionCreationAndExecutionTest" name="testConcurrentTransactionCreation" time="0.006"/>
  <testcase classname="com.revolut.money.transfer.integration.ConcurrentlyTransactionCreationAndExecutionTest" name="testConcurrentTransactionCreation" time="0"/>
  <testcase classname="com.revolut.money.transfer.integration.ConcurrentlyTransactionCreationAndExecutionTest" name="testConcurrentTransactionCreation" time="0.001"/>
  <testcase classname="com.revolut.money.transfer.integration.ConcurrentlyTransactionCreationAndExecutionTest" name="testConcurrentTransactionCreation" time="0.001"/>
  <testcase classname="com.revolut.money.transfer.integration.ConcurrentlyTransactionCreationAndExecutionTest" name="testConcurrentTransactionCreation" time="0"/>
  <testcase classname="com.revolut.money.transfer.integration.ConcurrentlyTransactionCreationAndExecutionTest" name="testConcurrentTransactionCreation" time="0.001"/>
  <testcase classname="com.revolut.money.transfer.integration.ConcurrentlyTransactionCreationAndExecutionTest" name="testConcurrentTransactionCreation" time="0.001"/>
  <testcase classname="com.revolut.money.transfer.integration.ConcurrentlyTransactionCreationAndExecutionTest" name="testConcurrentTransactionCreation" time="0.003"/>
  <testcase classname="com.revolut.money.transfer.integration.ConcurrentlyTransactionCreationAndExecutionTest" name="testConcurrentTransactionCreation" time="0.001"/>
  <testcase classname="com.revolut.money.transfer.integration.ConcurrentlyTransactionCreationAndExecutionTest" name="testConcurrentTransactionCreation" time="0.001"/>
  <testcase classname="com.revolut.money.transfer.integration.ConcurrentlyTransactionCreationAndExecutionTest" name="testConcurrentTransactionCreation" time="0"/>
  <testcase classname="com.revolut.money.transfer.integration.ConcurrentlyTransactionCreationAndExecutionTest" name="testConcurrentTransactionCreation" time="0.001"/>
  <testcase classname="com.revolut.money.transfer.integration.ConcurrentlyTransactionCreationAndExecutionTest" name="testConcurrentTransactionCreation" time="0.001"/>
  <testcase classname="com.revolut.money.transfer.integration.ConcurrentlyTransactionCreationAndExecutionTest" name="testConcurrentTransactionCreation" time="0.002"/>
  <testcase classname="com.revolut.money.transfer.integration.ConcurrentlyTransactionCreationAndExecutionTest" name="testConcurrentTransactionCreation" time="0"/>
  <testcase classname="com.revolut.money.transfer.integration.ConcurrentlyTransactionCreationAndExecutionTest" name="testConcurrentTransactionCreation" time="0.002"/>
  <testcase classname="com.revolut.money.transfer.integration.ConcurrentlyTransactionCreationAndExecutionTest" name="testConcurrentTransactionCreation" time="0.001"/>
  <testcase classname="com.revolut.money.transfer.integration.ConcurrentlyTransactionCreationAndExecutionTest" name="testConcurrentTransactionCreation" time="0.001"/>
  <testcase classname="com.revolut.money.transfer.integration.ConcurrentlyTransactionCreationAndExecutionTest" name="testConcurrentTransactionCreation" time="0.001"/>
  <testcase classname="com.revolut.money.transfer.integration.ConcurrentlyTransactionCreationAndExecutionTest" name="testConcurrentTransactionCreation" time="0"/>
  <testcase classname="com.revolut.money.transfer.integration.ConcurrentlyTransactionCreationAndExecutionTest" name="testConcurrentTransactionCreation" time="0"/>
  <testcase classname="com.revolut.money.transfer.integration.ConcurrentlyTransactionCreationAndExecutionTest" name="testConcurrentTransactionCreation" time="0.003"/>
  <testcase classname="com.revolut.money.transfer.integration.ConcurrentlyTransactionCreationAndExecutionTest" name="testConcurrentTransactionCreation" time="0.002"/>
  <testcase classname="com.revolut.money.transfer.integration.ConcurrentlyTransactionCreationAndExecutionTest" name="testConcurrentTransactionCreation" time="0.003"/>
  <testcase classname="com.revolut.money.transfer.integration.ConcurrentlyTransactionCreationAndExecutionTest" name="testConcurrentTransactionCreation" time="0"/>
  <testcase classname="com.revolut.money.transfer.integration.ConcurrentlyTransactionCreationAndExecutionTest" name="testConcurrentTransactionCreation" time="0.001"/>
  <testcase classname="com.revolut.money.transfer.integration.ConcurrentlyTransactionCreationAndExecutionTest" name="testConcurrentTransactionCreation" time="0"/>
  <testcase classname="com.revolut.money.transfer.integration.ConcurrentlyTransactionCreationAndExecutionTest" name="testConcurrentTransactionCreation" time="0"/>
  <testcase classname="com.revolut.money.transfer.integration.ConcurrentlyTransactionCreationAndExecutionTest" name="testConcurrentTransactionCreation" time="0.001"/>
  <testcase classname="com.revolut.money.transfer.integration.ConcurrentlyTransactionCreationAndExecutionTest" name="testConcurrentTransactionCreation" time="0"/>
  <testcase classname="com.revolut.money.transfer.integration.ConcurrentlyTransactionCreationAndExecutionTest" name="testConcurrentTransactionCreation" time="0"/>
  <testcase classname="com.revolut.money.transfer.integration.ConcurrentlyTransactionCreationAndExecutionTest" name="testConcurrentTransactionCreation" time="0"/>
  <testcase classname="com.revolut.money.transfer.integration.ConcurrentlyTransactionCreationAndExecutionTest" name="testConcurrentTransactionCreation" time="0.005"/>
  <testcase classname="com.revolut.money.transfer.integration.ConcurrentlyTransactionCreationAndExecutionTest" name="testConcurrentTransactionCreation" time="0"/>
  <testcase classname="com.revolut.money.transfer.integration.ConcurrentlyTransactionCreationAndExecutionTest" name="testConcurrentTransactionCreation" time="0"/>
  <testcase classname="com.revolut.money.transfer.integration.ConcurrentlyTransactionCreationAndExecutionTest" name="testConcurrentTransactionCreation" time="0"/>
  <testcase classname="com.revolut.money.transfer.integration.ConcurrentlyTransactionCreationAndExecutionTest" name="testConcurrentTransactionCreation" time="0.002"/>
  <testcase classname="com.revolut.money.transfer.integration.ConcurrentlyTransactionCreationAndExecutionTest" name="testConcurrentTransactionCreation" time="0.002"/>
  <testcase classname="com.revolut.money.transfer.integration.ConcurrentlyTransactionCreationAndExecutionTest" name="testConcurrentTransactionCreation" time="0.002"/>
  <testcase classname="com.revolut.money.transfer.integration.ConcurrentlyTransactionCreationAndExecutionTest" name="testConcurrentTransactionCreation" time="0.002"/>
  <testcase classname="com.revolut.money.transfer.integration.ConcurrentlyTransactionCreationAndExecutionTest" name="testConcurrentTransactionCreation" time="0.003"/>
  <testcase classname="com.revolut.money.transfer.integration.ConcurrentlyTransactionCreationAndExecutionTest" name="testConcurrentTransactionCreation" time="0.002"/>
  <testcase classname="com.revolut.money.transfer.integration.ConcurrentlyTransactionCreationAndExecutionTest" name="testConcurrentTransactionCreation" time="0.003"/>
  <testcase classname="com.revolut.money.transfer.integration.ConcurrentlyTransactionCreationAndExecutionTest" name="testConcurrentTransactionCreation" time="0.001"/>
  <testcase classname="com.revolut.money.transfer.integration.ConcurrentlyTransactionCreationAndExecutionTest" name="testConcurrentTransactionCreation" time="0.001"/>
  <testcase classname="com.revolut.money.transfer.integration.ConcurrentlyTransactionCreationAndExecutionTest" name="testConcurrentTransactionCreation" time="0.001"/>
  <testcase classname="com.revolut.money.transfer.integration.ConcurrentlyTransactionCreationAndExecutionTest" name="testConcurrentTransactionCreation" time="0.001"/>
  <testcase classname="com.revolut.money.transfer.integration.ConcurrentlyTransactionCreationAndExecutionTest" name="testConcurrentTransactionCreation" time="0"/>
  <testcase classname="com.revolut.money.transfer.integration.ConcurrentlyTransactionCreationAndExecutionTest" name="testConcurrentTransactionCreation" time="0"/>
  <testcase classname="com.revolut.money.transfer.integration.ConcurrentlyTransactionCreationAndExecutionTest" name="testConcurrentTransactionCreation" time="0"/>
  <testcase classname="com.revolut.money.transfer.integration.ConcurrentlyTransactionCreationAndExecutionTest" name="testConcurrentTransactionCreation" time="0.002"/>
  <testcase classname="com.revolut.money.transfer.integration.ConcurrentlyTransactionCreationAndExecutionTest" name="testConcurrentTransactionCreation" time="0.001"/>
  <testcase classname="com.revolut.money.transfer.integration.ConcurrentlyTransactionCreationAndExecutionTest" name="testConcurrentTransactionCreation" time="0"/>
  <testcase classname="com.revolut.money.transfer.integration.ConcurrentlyTransactionCreationAndExecutionTest" name="testConcurrentTransactionCreation" time="0.001"/>
  <testcase classname="com.revolut.money.transfer.integration.ConcurrentlyTransactionCreationAndExecutionTest" name="testConcurrentTransactionCreation" time="0.001"/>
  <testcase classname="com.revolut.money.transfer.integration.ConcurrentlyTransactionCreationAndExecutionTest" name="testConcurrentTransactionCreation" time="0.001"/>
  <testcase classname="com.revolut.money.transfer.integration.ConcurrentlyTransactionCreationAndExecutionTest" name="testConcurrentTransactionCreation" time="0"/>
  <testcase classname="com.revolut.money.transfer.integration.ConcurrentlyTransactionCreationAndExecutionTest" name="testConcurrentTransactionCreation" time="0.009"/>
  <testcase classname="com.revolut.money.transfer.integration.ConcurrentlyTransactionCreationAndExecutionTest" name="testConcurrentTransactionCreation" time="0"/>
  <testcase classname="com.revolut.money.transfer.integration.ConcurrentlyTransactionCreationAndExecutionTest" name="testConcurrentTransactionCreation" time="0"/>
  <testcase classname="com.revolut.money.transfer.integration.ConcurrentlyTransactionCreationAndExecutionTest" name="testConcurrentTransactionCreation" time="0.001"/>
  <testcase classname="com.revolut.money.transfer.integration.ConcurrentlyTransactionCreationAndExecutionTest" name="testConcurrentTransactionCreation" time="0"/>
  <testcase classname="com.revolut.money.transfer.integration.ConcurrentlyTransactionCreationAndExecutionTest" name="testConcurrentTransactionCreation" time="0.001"/>
  <testcase classname="com.revolut.money.transfer.integration.ConcurrentlyTransactionCreationAndExecutionTest" name="testConcurrentTransactionCreation" time="0"/>
  <testcase classname="com.revolut.money.transfer.integration.ConcurrentlyTransactionCreationAndExecutionTest" name="testConcurrentTransactionCreation" time="0"/>
  <testcase classname="com.revolut.money.transfer.integration.ConcurrentlyTransactionCreationAndExecutionTest" name="testConcurrentTransactionCreation" time="0.006"/>
  <testcase classname="com.revolut.money.transfer.integration.ConcurrentlyTransactionCreationAndExecutionTest" name="testConcurrentTransactionCreation" time="0"/>
  <testcase classname="com.revolut.money.transfer.integration.ConcurrentlyTransactionCreationAndExecutionTest" name="testConcurrentTransactionCreation" time="0.001"/>
  <testcase classname="com.revolut.money.transfer.integration.ConcurrentlyTransactionCreationAndExecutionTest" name="testConcurrentTransactionCreation" time="0.001"/>
  <testcase classname="com.revolut.money.transfer.integration.ConcurrentlyTransactionCreationAndExecutionTest" name="testConcurrentTransactionCreation" time="0.001"/>
  <testcase classname="com.revolut.money.transfer.integration.ConcurrentlyTransactionCreationAndExecutionTest" name="testConcurrentTransactionCreation" time="0"/>
  <testcase classname="com.revolut.money.transfer.integration.ConcurrentlyTransactionCreationAndExecutionTest" name="testConcurrentTransactionCreation" time="0.002"/>
  <testcase classname="com.revolut.money.transfer.integration.ConcurrentlyTransactionCreationAndExecutionTest" name="testConcurrentTransactionCreation" time="0.002"/>
  <testcase classname="com.revolut.money.transfer.integration.ConcurrentlyTransactionCreationAndExecutionTest" name="testConcurrentTransactionCreation" time="0"/>
  <testcase classname="com.revolut.money.transfer.integration.ConcurrentlyTransactionCreationAndExecutionTest" name="testConcurrentTransactionCreation" time="0"/>
  <testcase classname="com.revolut.money.transfer.integration.ConcurrentlyTransactionCreationAndExecutionTest" name="testConcurrentTransactionCreation" time="0"/>
  <testcase classname="com.revolut.money.transfer.integration.ConcurrentlyTransactionCreationAndExecutionTest" name="testConcurrentTransactionCreation" time="0.001"/>
  <testcase classname="com.revolut.money.transfer.integration.ConcurrentlyTransactionCreationAndExecutionTest" name="testConcurrentTransactionCreation" time="0.001"/>
  <testcase classname="com.revolut.money.transfer.integration.ConcurrentlyTransactionCreationAndExecutionTest" name="testConcurrentTransactionCreation" time="0.004"/>
  <testcase classname="com.revolut.money.transfer.integration.ConcurrentlyTransactionCreationAndExecutionTest" name="testConcurrentTransactionCreation" time="0"/>
  <testcase classname="com.revolut.money.transfer.integration.ConcurrentlyTransactionCreationAndExecutionTest" name="testConcurrentTransactionCreation" time="0.001"/>
  <testcase classname="com.revolut.money.transfer.integration.ConcurrentlyTransactionCreationAndExecutionTest" name="testConcurrentTransactionCreation" time="0"/>
  <testcase classname="com.revolut.money.transfer.integration.ConcurrentlyTransactionCreationAndExecutionTest" name="testConcurrentTransactionCreation" time="0.001"/>
  <testcase classname="com.revolut.money.transfer.integration.ConcurrentlyTransactionCreationAndExecutionTest" name="testConcurrentTransactionCreation" time="0.001"/>
  <testcase classname="com.revolut.money.transfer.integration.ConcurrentlyTransactionCreationAndExecutionTest" name="testConcurrentTransactionCreation" time="0.002"/>
  <testcase classname="com.revolut.money.transfer.integration.ConcurrentlyTransactionCreationAndExecutionTest" name="testConcurrentTransactionCreation" time="0"/>
  <testcase classname="com.revolut.money.transfer.integration.ConcurrentlyTransactionCreationAndExecutionTest" name="testConcurrentTransactionCreation" time="0.001"/>
  <testcase classname="com.revolut.money.transfer.integration.ConcurrentlyTransactionCreationAndExecutionTest" name="testConcurrentTransactionCreation" time="0.001"/>
  <testcase classname="com.revolut.money.transfer.integration.ConcurrentlyTransactionCreationAndExecutionTest" name="testConcurrentTransactionCreation" time="0.002"/>
  <testcase classname="com.revolut.money.transfer.integration.ConcurrentlyTransactionCreationAndExecutionTest" name="testConcurrentTransactionCreation" time="0.001"/>
  <testcase classname="com.revolut.money.transfer.integration.ConcurrentlyTransactionCreationAndExecutionTest" name="testConcurrentTransactionCreation" time="0"/>
  <testcase classname="com.revolut.money.transfer.integration.ConcurrentlyTransactionCreationAndExecutionTest" name="testConcurrentTransactionCreation" time="0.001"/>
  <testcase classname="com.revolut.money.transfer.integration.ConcurrentlyTransactionCreationAndExecutionTest" name="testConcurrentTransactionCreation" time="0.003"/>
  <testcase classname="com.revolut.money.transfer.integration.ConcurrentlyTransactionCreationAndExecutionTest" name="testConcurrentTransactionCreation" time="0"/>
  <testcase classname="com.revolut.money.transfer.integration.ConcurrentlyTransactionCreationAndExecutionTest" name="testConcurrentTransactionCreation" time="0"/>
  <testcase classname="com.revolut.money.transfer.integration.ConcurrentlyTransactionCreationAndExecutionTest" name="testConcurrentTransactionCreation" time="0.001"/>
  <testcase classname="com.revolut.money.transfer.integration.ConcurrentlyTransactionCreationAndExecutionTest" name="testConcurrentTransactionCreation" time="0.001"/>
  <testcase classname="com.revolut.money.transfer.integration.ConcurrentlyTransactionCreationAndExecutionTest" name="testConcurrentTransactionCreation" time="0"/>
  <testcase classname="com.revolut.money.transfer.integration.ConcurrentlyTransactionCreationAndExecutionTest" name="testConcurrentTransactionCreation" time="0"/>
  <testcase classname="com.revolut.money.transfer.integration.ConcurrentlyTransactionCreationAndExecutionTest" name="testConcurrentTransactionCreation" time="0"/>
  <testcase classname="com.revolut.money.transfer.integration.ConcurrentlyTransactionCreationAndExecutionTest" name="testConcurrentTransactionCreation" time="0"/>
  <testcase classname="com.revolut.money.transfer.integration.ConcurrentlyTransactionCreationAndExecutionTest" name="testConcurrentTransactionCreation" time="0"/>
  <testcase classname="com.revolut.money.transfer.integration.ConcurrentlyTransactionCreationAndExecutionTest" name="testConcurrentTransactionCreation" time="0.004"/>
  <testcase classname="com.revolut.money.transfer.integration.ConcurrentlyTransactionCreationAndExecutionTest" name="testConcurrentTransactionCreation" time="0"/>
  <testcase classname="com.revolut.money.transfer.integration.ConcurrentlyTransactionCreationAndExecutionTest" name="testConcurrentTransactionCreation" time="0"/>
  <testcase classname="com.revolut.money.transfer.integration.ConcurrentlyTransactionCreationAndExecutionTest" name="testConcurrentTransactionCreation" time="0.001"/>
  <testcase classname="com.revolut.money.transfer.integration.ConcurrentlyTransactionCreationAndExecutionTest" name="testConcurrentTransactionCreation" time="0"/>
  <testcase classname="com.revolut.money.transfer.integration.ConcurrentlyTransactionCreationAndExecutionTest" name="testConcurrentTransactionCreation" time="0"/>
  <testcase classname="com.revolut.money.transfer.integration.ConcurrentlyTransactionCreationAndExecutionTest" name="testConcurrentTransactionCreation" time="0.001"/>
  <testcase classname="com.revolut.money.transfer.integration.ConcurrentlyTransactionCreationAndExecutionTest" name="testConcurrentTransactionCreation" time="0.001"/>
  <testcase classname="com.revolut.money.transfer.integration.ConcurrentlyTransactionCreationAndExecutionTest" name="testConcurrentTransactionCreation" time="0"/>
  <testcase classname="com.revolut.money.transfer.integration.ConcurrentlyTransactionCreationAndExecutionTest" name="testConcurrentTransactionCreation" time="0.001"/>
  <testcase classname="com.revolut.money.transfer.integration.ConcurrentlyTransactionCreationAndExecutionTest" name="testConcurrentTransactionCreation" time="0.001"/>
  <testcase classname="com.revolut.money.transfer.integration.ConcurrentlyTransactionCreationAndExecutionTest" name="testConcurrentTransactionCreation" time="0"/>
  <testcase classname="com.revolut.money.transfer.integration.ConcurrentlyTransactionCreationAndExecutionTest" name="testConcurrentTransactionCreation" time="0"/>
  <testcase classname="com.revolut.money.transfer.integration.ConcurrentlyTransactionCreationAndExecutionTest" name="testConcurrentTransactionCreation" time="0.006"/>
  <testcase classname="com.revolut.money.transfer.integration.ConcurrentlyTransactionCreationAndExecutionTest" name="testConcurrentTransactionCreation" time="0"/>
  <testcase classname="com.revolut.money.transfer.integration.ConcurrentlyTransactionCreationAndExecutionTest" name="testConcurrentTransactionCreation" time="0"/>
  <testcase classname="com.revolut.money.transfer.integration.ConcurrentlyTransactionCreationAndExecutionTest" name="testConcurrentTransactionCreation" time="0.001"/>
  <testcase classname="com.revolut.money.transfer.integration.ConcurrentlyTransactionCreationAndExecutionTest" name="testConcurrentTransactionCreation" time="0.001"/>
  <testcase classname="com.revolut.money.transfer.integration.ConcurrentlyTransactionCreationAndExecutionTest" name="testConcurrentTransactionCreation" time="0.002"/>
  <testcase classname="com.revolut.money.transfer.integration.ConcurrentlyTransactionCreationAndExecutionTest" name="testConcurrentTransactionCreation" time="0"/>
  <testcase classname="com.revolut.money.transfer.integration.ConcurrentlyTransactionCreationAndExecutionTest" name="testConcurrentTransactionCreation" time="0.001"/>
  <testcase classname="com.revolut.money.transfer.integration.ConcurrentlyTransactionCreationAndExecutionTest" name="testConcurrentTransactionCreation" time="0"/>
  <testcase classname="com.revolut.money.transfer.integration.ConcurrentlyTransactionCreationAndExecutionTest" name="testConcurrentTransactionCreation" time="0"/>
  <testcase classname="com.revolut.money.transfer.integration.ConcurrentlyTransactionCreationAndExecutionTest" name="testConcurrentTransactionCreation" time="0.002"/>
  <testcase classname="com.revolut.money.transfer.integration.ConcurrentlyTransactionCreationAndExecutionTest" name="testConcurrentTransactionCreation" time="0.001"/>
  <testcase classname="com.revolut.money.transfer.integration.ConcurrentlyTransactionCreationAndExecutionTest" name="testConcurrentTransactionCreation" time="0"/>
  <testcase classname="com.revolut.money.transfer.integration.ConcurrentlyTransactionCreationAndExecutionTest" name="testConcurrentTransactionCreation" time="0.001"/>
  <testcase classname="com.revolut.money.transfer.integration.ConcurrentlyTransactionCreationAndExecutionTest" name="testConcurrentTransactionCreation" time="0"/>
  <testcase classname="com.revolut.money.transfer.integration.ConcurrentlyTransactionCreationAndExecutionTest" name="testConcurrentTransactionCreation" time="0.001"/>
  <testcase classname="com.revolut.money.transfer.integration.ConcurrentlyTransactionCreationAndExecutionTest" name="testConcurrentTransactionCreation" time="0.001"/>
  <testcase classname="com.revolut.money.transfer.integration.ConcurrentlyTransactionCreationAndExecutionTest" name="testConcurrentTransactionCreation" time="0"/>
  <testcase classname="com.revolut.money.transfer.integration.ConcurrentlyTransactionCreationAndExecutionTest" name="testConcurrentTransactionCreation" time="0.001"/>
  <testcase classname="com.revolut.money.transfer.integration.ConcurrentlyTransactionCreationAndExecutionTest" name="testConcurrentTransactionCreation" time="0"/>
  <testcase classname="com.revolut.money.transfer.integration.ConcurrentlyTransactionCreationAndExecutionTest" name="testConcurrentTransactionCreation" time="0.001"/>
  <testcase classname="com.revolut.money.transfer.integration.ConcurrentlyTransactionCreationAndExecutionTest" name="testConcurrentTransactionCreation" time="0"/>
  <testcase classname="com.revolut.money.transfer.integration.ConcurrentlyTransactionCreationAndExecutionTest" name="testConcurrentTransactionCreation" time="0"/>
  <testcase classname="com.revolut.money.transfer.integration.ConcurrentlyTransactionCreationAndExecutionTest" name="testConcurrentTransactionCreation" time="0.007"/>
  <testcase classname="com.revolut.money.transfer.integration.ConcurrentlyTransactionCreationAndExecutionTest" name="testConcurrentTransactionCreation" time="0"/>
  <testcase classname="com.revolut.money.transfer.integration.ConcurrentlyTransactionCreationAndExecutionTest" name="testConcurrentTransactionCreation" time="0.002"/>
  <testcase classname="com.revolut.money.transfer.integration.ConcurrentlyTransactionCreationAndExecutionTest" name="testConcurrentTransactionCreation" time="0"/>
  <testcase classname="com.revolut.money.transfer.integration.ConcurrentlyTransactionCreationAndExecutionTest" name="testConcurrentTransactionCreation" time="0"/>
  <testcase classname="com.revolut.money.transfer.integration.ConcurrentlyTransactionCreationAndExecutionTest" name="testConcurrentTransactionCreation" time="0"/>
  <testcase classname="com.revolut.money.transfer.integration.ConcurrentlyTransactionCreationAndExecutionTest" name="testConcurrentTransactionCreation" time="0.004"/>
  <testcase classname="com.revolut.money.transfer.integration.ConcurrentlyTransactionCreationAndExecutionTest" name="testConcurrentTransactionCreation" time="0"/>
  <testcase classname="com.revolut.money.transfer.integration.ConcurrentlyTransactionCreationAndExecutionTest" name="testConcurrentTransactionCreation" time="0.002"/>
  <testcase classname="com.revolut.money.transfer.integration.ConcurrentlyTransactionCreationAndExecutionTest" name="testConcurrentTransactionCreation" time="0.001"/>
  <testcase classname="com.revolut.money.transfer.integration.ConcurrentlyTransactionCreationAndExecutionTest" name="testConcurrentTransactionCreation" time="0"/>
  <testcase classname="com.revolut.money.transfer.integration.ConcurrentlyTransactionCreationAndExecutionTest" name="testConcurrentTransactionCreation" time="0.001"/>
  <testcase classname="com.revolut.money.transfer.integration.ConcurrentlyTransactionCreationAndExecutionTest" name="testConcurrentTransactionCreation" time="0.001"/>
  <testcase classname="com.revolut.money.transfer.integration.ConcurrentlyTransactionCreationAndExecutionTest" name="testConcurrentTransactionCreation" time="0.001"/>
  <testcase classname="com.revolut.money.transfer.integration.ConcurrentlyTransactionCreationAndExecutionTest" name="testConcurrentTransactionCreation" time="0.001"/>
  <testcase classname="com.revolut.money.transfer.integration.ConcurrentlyTransactionCreationAndExecutionTest" name="testConcurrentTransactionCreation" time="0"/>
  <testcase classname="com.revolut.money.transfer.integration.ConcurrentlyTransactionCreationAndExecutionTest" name="testConcurrentTransactionCreation" time="0"/>
  <testcase classname="com.revolut.money.transfer.integration.ConcurrentlyTransactionCreationAndExecutionTest" name="testConcurrentTransactionCreation" time="0.002"/>
  <testcase classname="com.revolut.money.transfer.integration.ConcurrentlyTransactionCreationAndExecutionTest" name="testConcurrentTransactionCreation" time="0.002"/>
  <testcase classname="com.revolut.money.transfer.integration.ConcurrentlyTransactionCreationAndExecutionTest" name="testConcurrentTransactionCreation" time="0"/>
  <testcase classname="com.revolut.money.transfer.integration.ConcurrentlyTransactionCreationAndExecutionTest" name="testConcurrentTransactionCreation" time="0"/>
  <testcase classname="com.revolut.money.transfer.integration.ConcurrentlyTransactionCreationAndExecutionTest" name="testConcurrentTransactionCreation" time="0.001"/>
  <testcase classname="com.revolut.money.transfer.integration.ConcurrentlyTransactionCreationAndExecutionTest" name="testConcurrentTransactionCreation" time="0.002"/>
  <testcase classname="com.revolut.money.transfer.integration.ConcurrentlyTransactionCreationAndExecutionTest" name="testConcurrentTransactionCreation" time="0"/>
  <testcase classname="com.revolut.money.transfer.integration.ConcurrentlyTransactionCreationAndExecutionTest" name="testConcurrentTransactionCreation" time="0"/>
  <testcase classname="com.revolut.money.transfer.integration.ConcurrentlyTransactionCreationAndExecutionTest" name="testConcurrentTransactionCreation" time="0.001"/>
  <testcase classname="com.revolut.money.transfer.integration.ConcurrentlyTransactionCreationAndExecutionTest" name="testConcurrentTransactionCreation" time="0.001"/>
  <testcase classname="com.revolut.money.transfer.integration.ConcurrentlyTransactionCreationAndExecutionTest" name="testConcurrentTransactionCreation" time="0.002"/>
  <testcase classname="com.revolut.money.transfer.integration.ConcurrentlyTransactionCreationAndExecutionTest" name="testConcurrentTransactionCreation" time="0.002"/>
  <testcase classname="com.revolut.money.transfer.integration.ConcurrentlyTransactionCreationAndExecutionTest" name="testConcurrentTransactionCreation" time="0.042"/>
  <testcase classname="com.revolut.money.transfer.integration.ConcurrentlyTransactionCreationAndExecutionTest" name="testConcurrentTransactionCreation" time="0"/>
  <testcase classname="com.revolut.money.transfer.integration.ConcurrentlyTransactionCreationAndExecutionTest" name="testConcurrentTransactionCreation" time="0"/>
  <testcase classname="com.revolut.money.transfer.integration.ConcurrentlyTransactionCreationAndExecutionTest" name="testConcurrentTransactionCreation" time="0.001"/>
  <testcase classname="com.revolut.money.transfer.integration.ConcurrentlyTransactionCreationAndExecutionTest" name="testConcurrentTransactionCreation" time="0.001"/>
  <testcase classname="com.revolut.money.transfer.integration.ConcurrentlyTransactionCreationAndExecutionTest" name="testConcurrentTransactionCreation" time="0"/>
  <testcase classname="com.revolut.money.transfer.integration.ConcurrentlyTransactionCreationAndExecutionTest" name="testConcurrentTransactionCreation" time="0.005"/>
  <testcase classname="com.revolut.money.transfer.integration.ConcurrentlyTransactionCreationAndExecutionTest" name="testConcurrentTransactionCreation" time="0.001"/>
  <testcase classname="com.revolut.money.transfer.integration.ConcurrentlyTransactionCreationAndExecutionTest" name="testConcurrentTransactionCreation" time="0"/>
  <testcase classname="com.revolut.money.transfer.integration.ConcurrentlyTransactionCreationAndExecutionTest" name="testConcurrentTransactionCreation" time="0"/>
  <testcase classname="com.revolut.money.transfer.integration.ConcurrentlyTransactionCreationAndExecutionTest" name="testConcurrentTransactionCreation" time="0.002"/>
  <testcase classname="com.revolut.money.transfer.integration.ConcurrentlyTransactionCreationAndExecutionTest" name="testConcurrentTransactionCreation" time="0"/>
  <testcase classname="com.revolut.money.transfer.integration.ConcurrentlyTransactionCreationAndExecutionTest" name="testConcurrentTransactionCreation" time="0"/>
  <testcase classname="com.revolut.money.transfer.integration.ConcurrentlyTransactionCreationAndExecutionTest" name="testConcurrentTransactionCreation" time="0.001"/>
  <testcase classname="com.revolut.money.transfer.integration.ConcurrentlyTransactionCreationAndExecutionTest" name="testConcurrentTransactionCreation" time="0.003"/>
  <testcase classname="com.revolut.money.transfer.integration.ConcurrentlyTransactionCreationAndExecutionTest" name="testConcurrentTransactionCreation" time="0"/>
  <testcase classname="com.revolut.money.transfer.integration.ConcurrentlyTransactionCreationAndExecutionTest" name="testConcurrentTransactionCreation" time="0.001"/>
  <testcase classname="com.revolut.money.transfer.integration.ConcurrentlyTransactionCreationAndExecutionTest" name="testConcurrentTransactionCreation" time="0.003"/>
  <testcase classname="com.revolut.money.transfer.integration.ConcurrentlyTransactionCreationAndExecutionTest" name="testConcurrentTransactionCreation" time="0"/>
  <testcase classname="com.revolut.money.transfer.integration.ConcurrentlyTransactionCreationAndExecutionTest" name="testConcurrentTransactionCreation" time="0"/>
  <testcase classname="com.revolut.money.transfer.integration.ConcurrentlyTransactionCreationAndExecutionTest" name="testConcurrentTransactionCreation" time="0.003"/>
  <testcase classname="com.revolut.money.transfer.integration.ConcurrentlyTransactionCreationAndExecutionTest" name="testConcurrentTransactionCreation" time="0"/>
  <testcase classname="com.revolut.money.transfer.integration.ConcurrentlyTransactionCreationAndExecutionTest" name="testConcurrentTransactionCreation" time="0.001"/>
  <testcase classname="com.revolut.money.transfer.integration.ConcurrentlyTransactionCreationAndExecutionTest" name="testConcurrentTransactionCreation" time="0.002"/>
  <testcase classname="com.revolut.money.transfer.integration.ConcurrentlyTransactionCreationAndExecutionTest" name="testConcurrentTransactionCreation" time="0.005"/>
  <testcase classname="com.revolut.money.transfer.integration.ConcurrentlyTransactionCreationAndExecutionTest" name="testConcurrentTransactionCreation" time="0.001"/>
  <testcase classname="com.revolut.money.transfer.integration.ConcurrentlyTransactionCreationAndExecutionTest" name="testConcurrentTransactionCreation" time="0.002"/>
  <testcase classname="com.revolut.money.transfer.integration.ConcurrentlyTransactionCreationAndExecutionTest" name="testConcurrentTransactionCreation" time="0"/>
  <testcase classname="com.revolut.money.transfer.integration.ConcurrentlyTransactionCreationAndExecutionTest" name="testConcurrentTransactionCreation" time="0"/>
  <testcase classname="com.revolut.money.transfer.integration.ConcurrentlyTransactionCreationAndExecutionTest" name="testConcurrentTransactionCreation" time="0.001"/>
  <testcase classname="com.revolut.money.transfer.integration.ConcurrentlyTransactionCreationAndExecutionTest" name="testConcurrentTransactionCreation" time="0"/>
  <testcase classname="com.revolut.money.transfer.integration.ConcurrentlyTransactionCreationAndExecutionTest" name="testConcurrentTransactionCreation" time="0.001"/>
  <testcase classname="com.revolut.money.transfer.integration.ConcurrentlyTransactionCreationAndExecutionTest" name="testConcurrentTransactionCreation" time="0.001"/>
  <testcase classname="com.revolut.money.transfer.integration.ConcurrentlyTransactionCreationAndExecutionTest" name="testConcurrentTransactionCreation" time="0.006"/>
  <testcase classname="com.revolut.money.transfer.integration.ConcurrentlyTransactionCreationAndExecutionTest" name="testConcurrentTransactionCreation" time="0.001"/>
  <testcase classname="com.revolut.money.transfer.integration.ConcurrentlyTransactionCreationAndExecutionTest" name="testConcurrentTransactionCreation" time="0.003"/>
  <testcase classname="com.revolut.money.transfer.integration.ConcurrentlyTransactionCreationAndExecutionTest" name="testConcurrentTransactionCreation" time="0.003"/>
  <testcase classname="com.revolut.money.transfer.integration.ConcurrentlyTransactionCreationAndExecutionTest" name="testConcurrentTransactionCreation" time="0"/>
  <testcase classname="com.revolut.money.transfer.integration.ConcurrentlyTransactionCreationAndExecutionTest" name="testConcurrentTransactionCreation" time="0.001"/>
  <testcase classname="com.revolut.money.transfer.integration.ConcurrentlyTransactionCreationAndExecutionTest" name="testConcurrentTransactionCreation" time="0.001"/>
  <testcase classname="com.revolut.money.transfer.integration.ConcurrentlyTransactionCreationAndExecutionTest" name="testConcurrentTransactionCreation" time="0.001"/>
  <testcase classname="com.revolut.money.transfer.integration.ConcurrentlyTransactionCreationAndExecutionTest" name="testConcurrentTransactionCreation" time="0"/>
  <testcase classname="com.revolut.money.transfer.integration.ConcurrentlyTransactionCreationAndExecutionTest" name="testConcurrentTransactionCreation" time="0.001"/>
  <testcase classname="com.revolut.money.transfer.integration.ConcurrentlyTransactionCreationAndExecutionTest" name="testConcurrentTransactionCreation" time="0"/>
  <testcase classname="com.revolut.money.transfer.integration.ConcurrentlyTransactionCreationAndExecutionTest" name="testConcurrentTransactionCreation" time="0.001"/>
  <testcase classname="com.revolut.money.transfer.integration.ConcurrentlyTransactionCreationAndExecutionTest" name="testConcurrentTransactionCreation" time="0"/>
  <testcase classname="com.revolut.money.transfer.integration.ConcurrentlyTransactionCreationAndExecutionTest" name="testConcurrentTransactionCreation" time="0.002"/>
  <testcase classname="com.revolut.money.transfer.integration.ConcurrentlyTransactionCreationAndExecutionTest" name="testConcurrentTransactionCreation" time="0"/>
  <testcase classname="com.revolut.money.transfer.integration.ConcurrentlyTransactionCreationAndExecutionTest" name="testConcurrentTransactionCreation" time="0.006"/>
  <testcase classname="com.revolut.money.transfer.integration.ConcurrentlyTransactionCreationAndExecutionTest" name="testConcurrentTransactionCreation" time="0.006"/>
  <testcase classname="com.revolut.money.transfer.integration.ConcurrentlyTransactionCreationAndExecutionTest" name="testConcurrentTransactionCreation" time="0.001"/>
  <testcase classname="com.revolut.money.transfer.integration.ConcurrentlyTransactionCreationAndExecutionTest" name="testConcurrentTransactionCreation" time="0.001"/>
  <testcase classname="com.revolut.money.transfer.integration.ConcurrentlyTransactionCreationAndExecutionTest" name="testConcurrentTransactionCreation" time="0"/>
  <testcase classname="com.revolut.money.transfer.integration.ConcurrentlyTransactionCreationAndExecutionTest" name="testConcurrentTransactionCreation" time="0.001"/>
  <testcase classname="com.revolut.money.transfer.integration.ConcurrentlyTransactionCreationAndExecutionTest" name="testConcurrentTransactionCreation" time="0.003"/>
  <testcase classname="com.revolut.money.transfer.integration.ConcurrentlyTransactionCreationAndExecutionTest" name="testConcurrentTransactionCreation" time="0"/>
  <testcase classname="com.revolut.money.transfer.integration.ConcurrentlyTransactionCreationAndExecutionTest" name="testConcurrentTransactionCreation" time="0.001"/>
  <testcase classname="com.revolut.money.transfer.integration.ConcurrentlyTransactionCreationAndExecutionTest" name="testConcurrentTransactionCreation" time="0.001"/>
  <testcase classname="com.revolut.money.transfer.integration.ConcurrentlyTransactionCreationAndExecutionTest" name="testConcurrentTransactionCreation" time="0"/>
  <testcase classname="com.revolut.money.transfer.integration.ConcurrentlyTransactionCreationAndExecutionTest" name="testConcurrentTransactionCreation" time="0.003"/>
  <testcase classname="com.revolut.money.transfer.integration.ConcurrentlyTransactionCreationAndExecutionTest" name="testConcurrentTransactionCreation" time="0"/>
  <testcase classname="com.revolut.money.transfer.integration.ConcurrentlyTransactionCreationAndExecutionTest" name="testConcurrentTransactionCreation" time="0.001"/>
  <testcase classname="com.revolut.money.transfer.integration.ConcurrentlyTransactionCreationAndExecutionTest" name="testConcurrentTransactionCreation" time="0"/>
  <testcase classname="com.revolut.money.transfer.integration.ConcurrentlyTransactionCreationAndExecutionTest" name="testConcurrentTransactionCreation" time="0.005"/>
  <testcase classname="com.revolut.money.transfer.integration.ConcurrentlyTransactionCreationAndExecutionTest" name="testConcurrentTransactionCreation" time="0.001"/>
  <testcase classname="com.revolut.money.transfer.integration.ConcurrentlyTransactionCreationAndExecutionTest" name="testConcurrentTransactionCreation" time="0"/>
  <testcase classname="com.revolut.money.transfer.integration.ConcurrentlyTransactionCreationAndExecutionTest" name="testConcurrentTransactionCreation" time="0.002"/>
  <testcase classname="com.revolut.money.transfer.integration.ConcurrentlyTransactionCreationAndExecutionTest" name="testConcurrentTransactionCreation" time="0.001"/>
  <testcase classname="com.revolut.money.transfer.integration.ConcurrentlyTransactionCreationAndExecutionTest" name="testConcurrentTransactionCreation" time="0"/>
  <testcase classname="com.revolut.money.transfer.integration.ConcurrentlyTransactionCreationAndExecutionTest" name="testConcurrentTransactionCreation" time="0.001"/>
  <testcase classname="com.revolut.money.transfer.integration.ConcurrentlyTransactionCreationAndExecutionTest" name="testConcurrentTransactionCreation" time="0"/>
  <testcase classname="com.revolut.money.transfer.integration.ConcurrentlyTransactionCreationAndExecutionTest" name="testConcurrentTransactionCreation" time="0.001"/>
  <testcase classname="com.revolut.money.transfer.integration.ConcurrentlyTransactionCreationAndExecutionTest" name="testConcurrentTransactionCreation" time="0"/>
  <testcase classname="com.revolut.money.transfer.integration.ConcurrentlyTransactionCreationAndExecutionTest" name="testConcurrentTransactionCreation" time="0.001"/>
  <testcase classname="com.revolut.money.transfer.integration.ConcurrentlyTransactionCreationAndExecutionTest" name="testConcurrentTransactionCreation" time="0.001"/>
  <testcase classname="com.revolut.money.transfer.integration.ConcurrentlyTransactionCreationAndExecutionTest" name="testConcurrentTransactionCreation" time="0"/>
  <testcase classname="com.revolut.money.transfer.integration.ConcurrentlyTransactionCreationAndExecutionTest" name="testConcurrentTransactionCreation" time="0.006"/>
  <testcase classname="com.revolut.money.transfer.integration.ConcurrentlyTransactionCreationAndExecutionTest" name="testConcurrentTransactionCreation" time="0"/>
  <testcase classname="com.revolut.money.transfer.integration.ConcurrentlyTransactionCreationAndExecutionTest" name="testConcurrentTransactionCreation" time="0"/>
  <testcase classname="com.revolut.money.transfer.integration.ConcurrentlyTransactionCreationAndExecutionTest" name="testConcurrentTransactionCreation" time="0"/>
  <testcase classname="com.revolut.money.transfer.integration.ConcurrentlyTransactionCreationAndExecutionTest" name="testConcurrentTransactionCreation" time="0"/>
  <testcase classname="com.revolut.money.transfer.integration.ConcurrentlyTransactionCreationAndExecutionTest" name="testConcurrentTransactionCreation" time="0.001"/>
  <testcase classname="com.revolut.money.transfer.integration.ConcurrentlyTransactionCreationAndExecutionTest" name="testConcurrentTransactionCreation" time="0.003"/>
  <testcase classname="com.revolut.money.transfer.integration.ConcurrentlyTransactionCreationAndExecutionTest" name="testConcurrentTransactionCreation" time="0"/>
  <testcase classname="com.revolut.money.transfer.integration.ConcurrentlyTransactionCreationAndExecutionTest" name="testConcurrentTransactionCreation" time="0.001"/>
  <testcase classname="com.revolut.money.transfer.integration.ConcurrentlyTransactionCreationAndExecutionTest" name="testConcurrentTransactionCreation" time="0"/>
  <testcase classname="com.revolut.money.transfer.integration.ConcurrentlyTransactionCreationAndExecutionTest" name="testConcurrentTransactionCreation" time="0"/>
  <testcase classname="com.revolut.money.transfer.integration.ConcurrentlyTransactionCreationAndExecutionTest" name="testConcurrentTransactionCreation" time="0.001"/>
  <testcase classname="com.revolut.money.transfer.integration.ConcurrentlyTransactionCreationAndExecutionTest" name="testConcurrentTransactionCreation" time="0.003"/>
  <testcase classname="com.revolut.money.transfer.integration.ConcurrentlyTransactionCreationAndExecutionTest" name="testConcurrentTransactionCreation" time="0.001"/>
  <testcase classname="com.revolut.money.transfer.integration.ConcurrentlyTransactionCreationAndExecutionTest" name="testConcurrentTransactionCreation" time="0"/>
  <testcase classname="com.revolut.money.transfer.integration.ConcurrentlyTransactionCreationAndExecutionTest" name="testConcurrentTransactionCreation" time="0"/>
  <testcase classname="com.revolut.money.transfer.integration.ConcurrentlyTransactionCreationAndExecutionTest" name="testConcurrentTransactionCreation" time="0.001"/>
  <testcase classname="com.revolut.money.transfer.integration.ConcurrentlyTransactionCreationAndExecutionTest" name="testConcurrentTransactionCreation" time="0"/>
  <testcase classname="com.revolut.money.transfer.integration.ConcurrentlyTransactionCreationAndExecutionTest" name="testConcurrentTransactionCreation" time="0.004"/>
  <testcase classname="com.revolut.money.transfer.integration.ConcurrentlyTransactionCreationAndExecutionTest" name="testConcurrentTransactionCreation" time="0.001"/>
  <testcase classname="com.revolut.money.transfer.integration.ConcurrentlyTransactionCreationAndExecutionTest" name="testConcurrentTransactionCreation" time="0.001"/>
  <testcase classname="com.revolut.money.transfer.integration.ConcurrentlyTransactionCreationAndExecutionTest" name="testConcurrentTransactionCreation" time="0.001"/>
  <testcase classname="com.revolut.money.transfer.integration.ConcurrentlyTransactionCreationAndExecutionTest" name="testConcurrentTransactionCreation" time="0.001"/>
  <testcase classname="com.revolut.money.transfer.integration.ConcurrentlyTransactionCreationAndExecutionTest" name="testConcurrentTransactionCreation" time="0"/>
  <testcase classname="com.revolut.money.transfer.integration.ConcurrentlyTransactionCreationAndExecutionTest" name="testConcurrentTransactionCreation" time="0.001"/>
  <testcase classname="com.revolut.money.transfer.integration.ConcurrentlyTransactionCreationAndExecutionTest" name="testConcurrentTransactionCreation" time="0"/>
  <testcase classname="com.revolut.money.transfer.integration.ConcurrentlyTransactionCreationAndExecutionTest" name="testConcurrentTransactionCreation" time="0.001"/>
  <testcase classname="com.revolut.money.transfer.integration.ConcurrentlyTransactionCreationAndExecutionTest" name="testConcurrentTransactionCreation" time="0.001"/>
  <testcase classname="com.revolut.money.transfer.integration.ConcurrentlyTransactionCreationAndExecutionTest" name="testConcurrentTransactionCreation" time="0.001"/>
  <testcase classname="com.revolut.money.transfer.integration.ConcurrentlyTransactionCreationAndExecutionTest" name="testConcurrentTransactionCreation" time="0"/>
  <testcase classname="com.revolut.money.transfer.integration.ConcurrentlyTransactionCreationAndExecutionTest" name="testConcurrentTransactionCreation" time="0.001"/>
  <testcase classname="com.revolut.money.transfer.integration.ConcurrentlyTransactionCreationAndExecutionTest" name="testConcurrentTransactionCreation" time="0.006"/>
  <testcase classname="com.revolut.money.transfer.integration.ConcurrentlyTransactionCreationAndExecutionTest" name="testConcurrentTransactionCreation" time="0"/>
  <testcase classname="com.revolut.money.transfer.integration.ConcurrentlyTransactionCreationAndExecutionTest" name="testConcurrentTransactionCreation" time="0"/>
  <testcase classname="com.revolut.money.transfer.integration.ConcurrentlyTransactionCreationAndExecutionTest" name="testConcurrentTransactionCreation" time="0"/>
  <testcase classname="com.revolut.money.transfer.integration.ConcurrentlyTransactionCreationAndExecutionTest" name="testConcurrentTransactionCreation" time="0.001"/>
  <testcase classname="com.revolut.money.transfer.integration.ConcurrentlyTransactionCreationAndExecutionTest" name="testConcurrentTransactionCreation" time="0.002"/>
  <testcase classname="com.revolut.money.transfer.integration.ConcurrentlyTransactionCreationAndExecutionTest" name="testConcurrentTransactionCreation" time="0"/>
  <testcase classname="com.revolut.money.transfer.integration.ConcurrentlyTransactionCreationAndExecutionTest" name="testConcurrentTransactionCreation" time="0"/>
  <testcase classname="com.revolut.money.transfer.integration.ConcurrentlyTransactionCreationAndExecutionTest" name="testConcurrentTransactionCreation" time="0"/>
  <testcase classname="com.revolut.money.transfer.integration.ConcurrentlyTransactionCreationAndExecutionTest" name="testConcurrentTransactionCreation" time="0.001"/>
  <testcase classname="com.revolut.money.transfer.integration.ConcurrentlyTransactionCreationAndExecutionTest" name="testConcurrentTransactionCreation" time="0.002"/>
  <testcase classname="com.revolut.money.transfer.integration.ConcurrentlyTransactionCreationAndExecutionTest" name="testConcurrentTransactionCreation" time="0.002"/>
  <testcase classname="com.revolut.money.transfer.integration.ConcurrentlyTransactionCreationAndExecutionTest" name="testConcurrentTransactionCreation" time="0"/>
  <testcase classname="com.revolut.money.transfer.integration.ConcurrentlyTransactionCreationAndExecutionTest" name="testConcurrentTransactionCreation" time="0"/>
  <testcase classname="com.revolut.money.transfer.integration.ConcurrentlyTransactionCreationAndExecutionTest" name="testConcurrentTransactionCreation" time="0.001"/>
  <testcase classname="com.revolut.money.transfer.integration.ConcurrentlyTransactionCreationAndExecutionTest" name="testConcurrentTransactionCreation" time="0"/>
  <testcase classname="com.revolut.money.transfer.integration.ConcurrentlyTransactionCreationAndExecutionTest" name="testConcurrentTransactionCreation" time="0"/>
  <testcase classname="com.revolut.money.transfer.integration.ConcurrentlyTransactionCreationAndExecutionTest" name="testConcurrentTransactionCreation" time="0"/>
  <testcase classname="com.revolut.money.transfer.integration.ConcurrentlyTransactionCreationAndExecutionTest" name="testConcurrentTransactionCreation" time="0"/>
  <testcase classname="com.revolut.money.transfer.integration.ConcurrentlyTransactionCreationAndExecutionTest" name="testConcurrentTransactionCreation" time="0.004"/>
  <testcase classname="com.revolut.money.transfer.integration.ConcurrentlyTransactionCreationAndExecutionTest" name="testConcurrentTransactionCreation" time="0"/>
  <testcase classname="com.revolut.money.transfer.integration.ConcurrentlyTransactionCreationAndExecutionTest" name="testConcurrentTransactionCreation" time="0"/>
  <testcase classname="com.revolut.money.transfer.integration.ConcurrentlyTransactionCreationAndExecutionTest" name="testConcurrentTransactionCreation" time="0"/>
  <testcase classname="com.revolut.money.transfer.integration.ConcurrentlyTransactionCreationAndExecutionTest" name="testConcurrentTransactionCreation" time="0.002"/>
  <testcase classname="com.revolut.money.transfer.integration.ConcurrentlyTransactionCreationAndExecutionTest" name="testConcurrentTransactionCreation" time="0.001"/>
  <testcase classname="com.revolut.money.transfer.integration.ConcurrentlyTransactionCreationAndExecutionTest" name="testConcurrentTransactionCreation" time="0"/>
  <testcase classname="com.revolut.money.transfer.integration.ConcurrentlyTransactionCreationAndExecutionTest" name="testConcurrentTransactionCreation" time="0"/>
  <testcase classname="com.revolut.money.transfer.integration.ConcurrentlyTransactionCreationAndExecutionTest" name="testConcurrentTransactionCreation" time="0"/>
  <testcase classname="com.revolut.money.transfer.integration.ConcurrentlyTransactionCreationAndExecutionTest" name="testConcurrentTransactionCreation" time="0.001"/>
  <testcase classname="com.revolut.money.transfer.integration.ConcurrentlyTransactionCreationAndExecutionTest" name="testConcurrentTransactionCreation" time="0.001"/>
  <testcase classname="com.revolut.money.transfer.integration.ConcurrentlyTransactionCreationAndExecutionTest" name="testConcurrentTransactionCreation" time="0"/>
  <testcase classname="com.revolut.money.transfer.integration.ConcurrentlyTransactionCreationAndExecutionTest" name="testConcurrentTransactionCreation" time="0"/>
  <testcase classname="com.revolut.money.transfer.integration.ConcurrentlyTransactionCreationAndExecutionTest" name="testConcurrentTransactionCreation" time="0.001"/>
  <testcase classname="com.revolut.money.transfer.integration.ConcurrentlyTransactionCreationAndExecutionTest" name="testConcurrentTransactionCreation" time="0.001"/>
  <testcase classname="com.revolut.money.transfer.integration.ConcurrentlyTransactionCreationAndExecutionTest" name="testConcurrentTransactionCreation" time="0.004"/>
  <testcase classname="com.revolut.money.transfer.integration.ConcurrentlyTransactionCreationAndExecutionTest" name="testConcurrentTransactionCreation" time="0.001"/>
  <testcase classname="com.revolut.money.transfer.integration.ConcurrentlyTransactionCreationAndExecutionTest" name="testConcurrentTransactionCreation" time="0.001"/>
  <testcase classname="com.revolut.money.transfer.integration.ConcurrentlyTransactionCreationAndExecutionTest" name="testConcurrentTransactionCreation" time="0.001"/>
  <testcase classname="com.revolut.money.transfer.integration.ConcurrentlyTransactionCreationAndExecutionTest" name="testConcurrentTransactionCreation" time="0"/>
  <testcase classname="com.revolut.money.transfer.integration.ConcurrentlyTransactionCreationAndExecutionTest" name="testConcurrentTransactionCreation" time="0.003"/>
  <testcase classname="com.revolut.money.transfer.integration.ConcurrentlyTransactionCreationAndExecutionTest" name="testConcurrentTransactionCreation" time="0.001"/>
  <testcase classname="com.revolut.money.transfer.integration.ConcurrentlyTransactionCreationAndExecutionTest" name="testConcurrentTransactionCreation" time="0.001"/>
  <testcase classname="com.revolut.money.transfer.integration.ConcurrentlyTransactionCreationAndExecutionTest" name="testConcurrentTransactionCreation" time="0.001"/>
  <testcase classname="com.revolut.money.transfer.integration.ConcurrentlyTransactionCreationAndExecutionTest" name="testConcurrentTransactionCreation" time="0"/>
  <testcase classname="com.revolut.money.transfer.integration.ConcurrentlyTransactionCreationAndExecutionTest" name="testConcurrentTransactionCreation" time="0"/>
  <testcase classname="com.revolut.money.transfer.integration.ConcurrentlyTransactionCreationAndExecutionTest" name="testConcurrentTransactionCreation" time="0.001"/>
  <testcase classname="com.revolut.money.transfer.integration.ConcurrentlyTransactionCreationAndExecutionTest" name="testConcurrentTransactionCreation" time="0.001"/>
  <testcase classname="com.revolut.money.transfer.integration.ConcurrentlyTransactionCreationAndExecutionTest" name="testConcurrentTransactionCreation" time="0"/>
  <testcase classname="com.revolut.money.transfer.integration.ConcurrentlyTransactionCreationAndExecutionTest" name="testConcurrentTransactionCreation" time="0"/>
  <testcase classname="com.revolut.money.transfer.integration.ConcurrentlyTransactionCreationAndExecutionTest" name="testConcurrentTransactionCreation" time="0"/>
  <testcase classname="com.revolut.money.transfer.integration.ConcurrentlyTransactionCreationAndExecutionTest" name="testConcurrentTransactionCreation" time="0.001"/>
  <testcase classname="com.revolut.money.transfer.integration.ConcurrentlyTransactionCreationAndExecutionTest" name="testConcurrentTransactionCreation" time="0"/>
  <testcase classname="com.revolut.money.transfer.integration.ConcurrentlyTransactionCreationAndExecutionTest" name="testConcurrentTransactionCreation" time="0"/>
  <testcase classname="com.revolut.money.transfer.integration.ConcurrentlyTransactionCreationAndExecutionTest" name="testConcurrentTransactionCreation" time="0.001"/>
  <testcase classname="com.revolut.money.transfer.integration.ConcurrentlyTransactionCreationAndExecutionTest" name="testConcurrentTransactionCreation" time="0.006"/>
  <testcase classname="com.revolut.money.transfer.integration.ConcurrentlyTransactionCreationAndExecutionTest" name="testConcurrentTransactionCreation" time="0"/>
  <testcase classname="com.revolut.money.transfer.integration.ConcurrentlyTransactionCreationAndExecutionTest" name="testConcurrentTransactionCreation" time="0.001"/>
  <testcase classname="com.revolut.money.transfer.integration.ConcurrentlyTransactionCreationAndExecutionTest" name="testConcurrentTransactionCreation" time="0"/>
  <testcase classname="com.revolut.money.transfer.integration.ConcurrentlyTransactionCreationAndExecutionTest" name="testConcurrentTransactionCreation" time="0.001"/>
  <testcase classname="com.revolut.money.transfer.integration.ConcurrentlyTransactionCreationAndExecutionTest" name="testConcurrentTransactionCreation" time="0.001"/>
  <testcase classname="com.revolut.money.transfer.integration.ConcurrentlyTransactionCreationAndExecutionTest" name="testConcurrentTransactionCreation" time="0"/>
  <testcase classname="com.revolut.money.transfer.integration.ConcurrentlyTransactionCreationAndExecutionTest" name="testConcurrentTransactionCreation" time="0"/>
  <testcase classname="com.revolut.money.transfer.integration.ConcurrentlyTransactionCreationAndExecutionTest" name="testConcurrentTransactionCreation" time="0.001"/>
  <testcase classname="com.revolut.money.transfer.integration.ConcurrentlyTransactionCreationAndExecutionTest" name="testConcurrentTransactionCreation" time="0"/>
  <testcase classname="com.revolut.money.transfer.integration.ConcurrentlyTransactionCreationAndExecutionTest" name="testConcurrentTransactionCreation" time="0"/>
  <testcase classname="com.revolut.money.transfer.integration.ConcurrentlyTransactionCreationAndExecutionTest" name="testConcurrentTransactionCreation" time="0.003"/>
  <testcase classname="com.revolut.money.transfer.integration.ConcurrentlyTransactionCreationAndExecutionTest" name="testConcurrentTransactionCreation" time="0"/>
  <testcase classname="com.revolut.money.transfer.integration.ConcurrentlyTransactionCreationAndExecutionTest" name="testConcurrentTransactionCreation" time="0.001"/>
  <testcase classname="com.revolut.money.transfer.integration.ConcurrentlyTransactionCreationAndExecutionTest" name="testConcurrentTransactionCreation" time="0.013"/>
  <testcase classname="com.revolut.money.transfer.integration.ConcurrentlyTransactionCreationAndExecutionTest" name="testConcurrentTransactionCreation" time="0.002"/>
  <testcase classname="com.revolut.money.transfer.integration.ConcurrentlyTransactionCreationAndExecutionTest" name="testConcurrentTransactionCreation" time="0.002"/>
  <testcase classname="com.revolut.money.transfer.integration.ConcurrentlyTransactionCreationAndExecutionTest" name="testConcurrentTransactionCreation" time="0.001"/>
  <testcase classname="com.revolut.money.transfer.integration.ConcurrentlyTransactionCreationAndExecutionTest" name="testConcurrentTransactionCreation" time="0.001"/>
  <testcase classname="com.revolut.money.transfer.integration.ConcurrentlyTransactionCreationAndExecutionTest" name="testConcurrentTransactionCreation" time="0.001"/>
  <testcase classname="com.revolut.money.transfer.integration.ConcurrentlyTransactionCreationAndExecutionTest" name="testConcurrentTransactionCreation" time="0"/>
  <testcase classname="com.revolut.money.transfer.integration.ConcurrentlyTransactionCreationAndExecutionTest" name="testConcurrentTransactionCreation" time="0.001"/>
  <testcase classname="com.revolut.money.transfer.integration.ConcurrentlyTransactionCreationAndExecutionTest" name="testConcurrentTransactionCreation" time="0.003"/>
  <testcase classname="com.revolut.money.transfer.integration.ConcurrentlyTransactionCreationAndExecutionTest" name="testConcurrentTransactionCreation" time="0.001"/>
  <testcase classname="com.revolut.money.transfer.integration.ConcurrentlyTransactionCreationAndExecutionTest" name="testConcurrentTransactionCreation" time="0.001"/>
  <testcase classname="com.revolut.money.transfer.integration.ConcurrentlyTransactionCreationAndExecutionTest" name="testConcurrentTransactionCreation" time="0.001"/>
  <testcase classname="com.revolut.money.transfer.integration.ConcurrentlyTransactionCreationAndExecutionTest" name="testConcurrentTransactionCreation" time="0.003"/>
  <testcase classname="com.revolut.money.transfer.integration.ConcurrentlyTransactionCreationAndExecutionTest" name="testConcurrentTransactionCreation" time="0"/>
  <testcase classname="com.revolut.money.transfer.integration.ConcurrentlyTransactionCreationAndExecutionTest" name="testConcurrentTransactionCreation" time="0.001"/>
  <testcase classname="com.revolut.money.transfer.integration.ConcurrentlyTransactionCreationAndExecutionTest" name="testConcurrentTransactionCreation" time="0"/>
  <testcase classname="com.revolut.money.transfer.integration.ConcurrentlyTransactionCreationAndExecutionTest" name="testConcurrentTransactionCreation" time="0.002"/>
  <testcase classname="com.revolut.money.transfer.integration.ConcurrentlyTransactionCreationAndExecutionTest" name="testConcurrentTransactionCreation" time="0"/>
  <testcase classname="com.revolut.money.transfer.integration.ConcurrentlyTransactionCreationAndExecutionTest" name="testConcurrentTransactionCreation" time="0"/>
  <testcase classname="com.revolut.money.transfer.integration.ConcurrentlyTransactionCreationAndExecutionTest" name="testConcurrentTransactionCreation" time="0.002"/>
  <testcase classname="com.revolut.money.transfer.integration.ConcurrentlyTransactionCreationAndExecutionTest" name="testConcurrentTransactionCreation" time="0"/>
  <testcase classname="com.revolut.money.transfer.integration.ConcurrentlyTransactionCreationAndExecutionTest" name="testConcurrentTransactionCreation" time="0.002"/>
  <testcase classname="com.revolut.money.transfer.integration.ConcurrentlyTransactionCreationAndExecutionTest" name="testConcurrentTransactionCreation" time="0.005"/>
  <testcase classname="com.revolut.money.transfer.integration.ConcurrentlyTransactionCreationAndExecutionTest" name="testConcurrentTransactionCreation" time="0.012"/>
  <testcase classname="com.revolut.money.transfer.integration.ConcurrentlyTransactionCreationAndExecutionTest" name="testConcurrentTransactionCreation" time="0.002"/>
  <testcase classname="com.revolut.money.transfer.integration.ConcurrentlyTransactionCreationAndExecutionTest" name="testConcurrentTransactionCreation" time="0"/>
  <testcase classname="com.revolut.money.transfer.integration.ConcurrentlyTransactionCreationAndExecutionTest" name="testConcurrentTransactionCreation" time="0.002"/>
  <testcase classname="com.revolut.money.transfer.integration.ConcurrentlyTransactionCreationAndExecutionTest" name="testConcurrentTransactionCreation" time="0.007"/>
  <testcase classname="com.revolut.money.transfer.integration.ConcurrentlyTransactionCreationAndExecutionTest" name="testConcurrentTransactionCreation" time="0"/>
  <testcase classname="com.revolut.money.transfer.integration.ConcurrentlyTransactionCreationAndExecutionTest" name="testConcurrentTransactionCreation" time="0.002"/>
  <testcase classname="com.revolut.money.transfer.integration.ConcurrentlyTransactionCreationAndExecutionTest" name="testConcurrentTransactionCreation" time="0"/>
  <testcase classname="com.revolut.money.transfer.integration.ConcurrentlyTransactionCreationAndExecutionTest" name="testConcurrentTransactionCreation" time="0.002"/>
  <testcase classname="com.revolut.money.transfer.integration.ConcurrentlyTransactionCreationAndExecutionTest" name="testConcurrentTransactionCreation" time="0.005"/>
  <testcase classname="com.revolut.money.transfer.integration.ConcurrentlyTransactionCreationAndExecutionTest" name="testConcurrentTransactionCreation" time="0"/>
  <testcase classname="com.revolut.money.transfer.integration.ConcurrentlyTransactionCreationAndExecutionTest" name="testConcurrentTransactionCreation" time="0"/>
  <testcase classname="com.revolut.money.transfer.integration.ConcurrentlyTransactionCreationAndExecutionTest" name="testConcurrentTransactionCreation" time="0.001"/>
  <testcase classname="com.revolut.money.transfer.integration.ConcurrentlyTransactionCreationAndExecutionTest" name="testConcurrentTransactionCreation" time="0.003"/>
  <testcase classname="com.revolut.money.transfer.integration.ConcurrentlyTransactionCreationAndExecutionTest" name="testConcurrentTransactionCreation" time="0.001"/>
  <testcase classname="com.revolut.money.transfer.integration.ConcurrentlyTransactionCreationAndExecutionTest" name="testConcurrentTransactionCreation" time="0"/>
  <testcase classname="com.revolut.money.transfer.integration.ConcurrentlyTransactionCreationAndExecutionTest" name="testConcurrentTransactionCreation" time="0.001"/>
  <testcase classname="com.revolut.money.transfer.integration.ConcurrentlyTransactionCreationAndExecutionTest" name="testConcurrentTransactionCreation" time="0.001"/>
  <testcase classname="com.revolut.money.transfer.integration.ConcurrentlyTransactionCreationAndExecutionTest" name="testConcurrentTransactionCreation" time="0.001"/>
  <testcase classname="com.revolut.money.transfer.integration.ConcurrentlyTransactionCreationAndExecutionTest" name="testConcurrentTransactionCreation" time="0"/>
  <testcase classname="com.revolut.money.transfer.integration.ConcurrentlyTransactionCreationAndExecutionTest" name="testConcurrentTransactionCreation" time="0.004"/>
  <testcase classname="com.revolut.money.transfer.integration.ConcurrentlyTransactionCreationAndExecutionTest" name="testConcurrentTransactionCreation" time="0.001"/>
  <testcase classname="com.revolut.money.transfer.integration.ConcurrentlyTransactionCreationAndExecutionTest" name="testConcurrentTransactionCreation" time="0"/>
  <testcase classname="com.revolut.money.transfer.integration.ConcurrentlyTransactionCreationAndExecutionTest" name="testConcurrentTransactionCreation" time="0.001"/>
  <testcase classname="com.revolut.money.transfer.integration.ConcurrentlyTransactionCreationAndExecutionTest" name="testConcurrentTransactionCreation" time="0.001"/>
  <testcase classname="com.revolut.money.transfer.integration.ConcurrentlyTransactionCreationAndExecutionTest" name="testConcurrentTransactionCreation" time="0.005"/>
  <testcase classname="com.revolut.money.transfer.integration.ConcurrentlyTransactionCreationAndExecutionTest" name="testConcurrentTransactionCreation" time="0.001"/>
  <testcase classname="com.revolut.money.transfer.integration.ConcurrentlyTransactionCreationAndExecutionTest" name="testConcurrentTransactionCreation" time="0"/>
  <testcase classname="com.revolut.money.transfer.integration.ConcurrentlyTransactionCreationAndExecutionTest" name="testConcurrentTransactionCreation" time="0.007"/>
  <testcase classname="com.revolut.money.transfer.integration.ConcurrentlyTransactionCreationAndExecutionTest" name="testConcurrentTransactionCreation" time="0"/>
  <testcase classname="com.revolut.money.transfer.integration.ConcurrentlyTransactionCreationAndExecutionTest" name="testConcurrentTransactionCreation" time="0.001"/>
  <testcase classname="com.revolut.money.transfer.integration.ConcurrentlyTransactionCreationAndExecutionTest" name="testConcurrentTransactionCreation" time="0.001"/>
  <testcase classname="com.revolut.money.transfer.integration.ConcurrentlyTransactionCreationAndExecutionTest" name="testConcurrentTransactionCreation" time="0"/>
  <testcase classname="com.revolut.money.transfer.integration.ConcurrentlyTransactionCreationAndExecutionTest" name="testConcurrentTransactionCreation" time="0.001"/>
  <testcase classname="com.revolut.money.transfer.integration.ConcurrentlyTransactionCreationAndExecutionTest" name="testConcurrentTransactionCreation" time="0.002"/>
  <testcase classname="com.revolut.money.transfer.integration.ConcurrentlyTransactionCreationAndExecutionTest" name="testConcurrentTransactionCreation" time="0.002"/>
  <testcase classname="com.revolut.money.transfer.integration.ConcurrentlyTransactionCreationAndExecutionTest" name="testConcurrentTransactionCreation" time="0.003"/>
  <testcase classname="com.revolut.money.transfer.integration.ConcurrentlyTransactionCreationAndExecutionTest" name="testConcurrentTransactionCreation" time="0"/>
  <testcase classname="com.revolut.money.transfer.integration.ConcurrentlyTransactionCreationAndExecutionTest" name="testConcurrentTransactionCreation" time="0.005"/>
  <testcase classname="com.revolut.money.transfer.integration.ConcurrentlyTransactionCreationAndExecutionTest" name="testConcurrentTransactionCreation" time="0"/>
  <testcase classname="com.revolut.money.transfer.integration.ConcurrentlyTransactionCreationAndExecutionTest" name="testConcurrentTransactionCreation" time="0.001"/>
  <testcase classname="com.revolut.money.transfer.integration.ConcurrentlyTransactionCreationAndExecutionTest" name="testConcurrentTransactionCreation" time="0.002"/>
  <testcase classname="com.revolut.money.transfer.integration.ConcurrentlyTransactionCreationAndExecutionTest" name="testConcurrentTransactionCreation" time="0.002"/>
  <testcase classname="com.revolut.money.transfer.integration.ConcurrentlyTransactionCreationAndExecutionTest" name="testConcurrentTransactionCreation" time="0"/>
  <testcase classname="com.revolut.money.transfer.integration.ConcurrentlyTransactionCreationAndExecutionTest" name="testConcurrentTransactionCreation" time="0"/>
  <testcase classname="com.revolut.money.transfer.integration.ConcurrentlyTransactionCreationAndExecutionTest" name="testConcurrentTransactionCreation" time="0.002"/>
  <testcase classname="com.revolut.money.transfer.integration.ConcurrentlyTransactionCreationAndExecutionTest" name="testConcurrentTransactionCreation" time="0.001"/>
  <testcase classname="com.revolut.money.transfer.integration.ConcurrentlyTransactionCreationAndExecutionTest" name="testConcurrentTransactionCreation" time="0"/>
  <testcase classname="com.revolut.money.transfer.integration.ConcurrentlyTransactionCreationAndExecutionTest" name="testConcurrentTransactionCreation" time="0.005"/>
  <testcase classname="com.revolut.money.transfer.integration.ConcurrentlyTransactionCreationAndExecutionTest" name="testConcurrentTransactionCreation" time="0"/>
  <testcase classname="com.revolut.money.transfer.integration.ConcurrentlyTransactionCreationAndExecutionTest" name="testConcurrentTransactionCreation" time="0"/>
  <testcase classname="com.revolut.money.transfer.integration.ConcurrentlyTransactionCreationAndExecutionTest" name="testConcurrentTransactionCreation" time="0"/>
  <testcase classname="com.revolut.money.transfer.integration.ConcurrentlyTransactionCreationAndExecutionTest" name="testConcurrentTransactionCreation" time="0"/>
  <testcase classname="com.revolut.money.transfer.integration.ConcurrentlyTransactionCreationAndExecutionTest" name="testConcurrentTransactionCreation" time="0.006"/>
  <testcase classname="com.revolut.money.transfer.integration.ConcurrentlyTransactionCreationAndExecutionTest" name="testConcurrentTransactionCreation" time="0.001"/>
  <testcase classname="com.revolut.money.transfer.integration.ConcurrentlyTransactionCreationAndExecutionTest" name="testConcurrentTransactionCreation" time="0"/>
  <testcase classname="com.revolut.money.transfer.integration.ConcurrentlyTransactionCreationAndExecutionTest" name="testConcurrentTransactionCreation" time="0.003"/>
  <testcase classname="com.revolut.money.transfer.integration.ConcurrentlyTransactionCreationAndExecutionTest" name="testConcurrentTransactionCreation" time="0"/>
  <testcase classname="com.revolut.money.transfer.integration.ConcurrentlyTransactionCreationAndExecutionTest" name="testConcurrentTransactionCreation" time="0"/>
  <testcase classname="com.revolut.money.transfer.integration.ConcurrentlyTransactionCreationAndExecutionTest" name="testConcurrentTransactionCreation" time="0"/>
  <testcase classname="com.revolut.money.transfer.integration.ConcurrentlyTransactionCreationAndExecutionTest" name="testConcurrentTransactionCreation" time="0"/>
  <testcase classname="com.revolut.money.transfer.integration.ConcurrentlyTransactionCreationAndExecutionTest" name="testConcurrentTransactionCreation" time="0"/>
  <testcase classname="com.revolut.money.transfer.integration.ConcurrentlyTransactionCreationAndExecutionTest" name="testConcurrentTransactionCreation" time="0.002"/>
  <testcase classname="com.revolut.money.transfer.integration.ConcurrentlyTransactionCreationAndExecutionTest" name="testConcurrentTransactionCreation" time="0"/>
  <testcase classname="com.revolut.money.transfer.integration.ConcurrentlyTransactionCreationAndExecutionTest" name="testConcurrentTransactionCreation" time="0"/>
  <testcase classname="com.revolut.money.transfer.integration.ConcurrentlyTransactionCreationAndExecutionTest" name="testConcurrentTransactionCreation" time="0.001"/>
  <testcase classname="com.revolut.money.transfer.integration.ConcurrentlyTransactionCreationAndExecutionTest" name="testConcurrentTransactionCreation" time="0"/>
  <testcase classname="com.revolut.money.transfer.integration.ConcurrentlyTransactionCreationAndExecutionTest" name="testConcurrentTransactionCreation" time="0.001"/>
  <testcase classname="com.revolut.money.transfer.integration.ConcurrentlyTransactionCreationAndExecutionTest" name="testConcurrentTransactionCreation" time="0.002"/>
  <testcase classname="com.revolut.money.transfer.integration.ConcurrentlyTransactionCreationAndExecutionTest" name="testConcurrentTransactionCreation" time="0"/>
  <testcase classname="com.revolut.money.transfer.integration.ConcurrentlyTransactionCreationAndExecutionTest" name="testConcurrentTransactionCreation" time="0.002"/>
  <testcase classname="com.revolut.money.transfer.integration.ConcurrentlyTransactionCreationAndExecutionTest" name="testConcurrentTransactionCreation" time="0"/>
  <testcase classname="com.revolut.money.transfer.integration.ConcurrentlyTransactionCreationAndExecutionTest" name="testConcurrentTransactionCreation" time="0"/>
  <testcase classname="com.revolut.money.transfer.integration.ConcurrentlyTransactionCreationAndExecutionTest" name="testConcurrentTransactionCreation" time="0"/>
  <testcase classname="com.revolut.money.transfer.integration.ConcurrentlyTransactionCreationAndExecutionTest" name="testConcurrentTransactionCreation" time="0.003"/>
  <testcase classname="com.revolut.money.transfer.integration.ConcurrentlyTransactionCreationAndExecutionTest" name="testConcurrentTransactionCreation" time="0.001"/>
  <testcase classname="com.revolut.money.transfer.integration.ConcurrentlyTransactionCreationAndExecutionTest" name="testConcurrentTransactionCreation" time="0"/>
  <testcase classname="com.revolut.money.transfer.integration.ConcurrentlyTransactionCreationAndExecutionTest" name="testConcurrentTransactionCreation" time="0.001"/>
  <testcase classname="com.revolut.money.transfer.integration.ConcurrentlyTransactionCreationAndExecutionTest" name="testConcurrentTransactionCreation" time="0"/>
  <testcase classname="com.revolut.money.transfer.integration.ConcurrentlyTransactionCreationAndExecutionTest" name="testConcurrentTransactionCreation" time="0.001"/>
  <testcase classname="com.revolut.money.transfer.integration.ConcurrentlyTransactionCreationAndExecutionTest" name="testConcurrentTransactionCreation" time="0.001"/>
  <testcase classname="com.revolut.money.transfer.integration.ConcurrentlyTransactionCreationAndExecutionTest" name="testConcurrentTransactionCreation" time="0.015"/>
  <testcase classname="com.revolut.money.transfer.integration.ConcurrentlyTransactionCreationAndExecutionTest" name="testConcurrentTransactionCreation" time="0.008"/>
  <testcase classname="com.revolut.money.transfer.integration.ConcurrentlyTransactionCreationAndExecutionTest" name="testConcurrentTransactionCreation" time="0"/>
  <testcase classname="com.revolut.money.transfer.integration.ConcurrentlyTransactionCreationAndExecutionTest" name="testConcurrentTransactionCreation" time="0.001"/>
  <testcase classname="com.revolut.money.transfer.integration.ConcurrentlyTransactionCreationAndExecutionTest" name="testConcurrentTransactionCreation" time="0"/>
  <testcase classname="com.revolut.money.transfer.integration.ConcurrentlyTransactionCreationAndExecutionTest" name="testConcurrentTransactionCreation" time="0.001"/>
  <testcase classname="com.revolut.money.transfer.integration.ConcurrentlyTransactionCreationAndExecutionTest" name="testConcurrentTransactionCreation" time="0.01"/>
  <testcase classname="com.revolut.money.transfer.integration.ConcurrentlyTransactionCreationAndExecutionTest" name="testConcurrentTransactionCreation" time="0"/>
  <testcase classname="com.revolut.money.transfer.integration.ConcurrentlyTransactionCreationAndExecutionTest" name="testConcurrentTransactionCreation" time="0.001"/>
  <testcase classname="com.revolut.money.transfer.integration.ConcurrentlyTransactionCreationAndExecutionTest" name="testConcurrentTransactionCreation" time="0"/>
  <testcase classname="com.revolut.money.transfer.integration.ConcurrentlyTransactionCreationAndExecutionTest" name="testConcurrentTransactionCreation" time="0.001"/>
  <testcase classname="com.revolut.money.transfer.integration.ConcurrentlyTransactionCreationAndExecutionTest" name="testConcurrentTransactionCreation" time="0.001"/>
  <testcase classname="com.revolut.money.transfer.integration.ConcurrentlyTransactionCreationAndExecutionTest" name="testConcurrentTransactionCreation" time="0.001"/>
  <testcase classname="com.revolut.money.transfer.integration.ConcurrentlyTransactionCreationAndExecutionTest" name="testConcurrentTransactionCreation" time="0"/>
  <testcase classname="com.revolut.money.transfer.integration.ConcurrentlyTransactionCreationAndExecutionTest" name="testConcurrentTransactionCreation" time="0.001"/>
  <testcase classname="com.revolut.money.transfer.integration.ConcurrentlyTransactionCreationAndExecutionTest" name="testConcurrentTransactionCreation" time="0.002"/>
  <testcase classname="com.revolut.money.transfer.integration.ConcurrentlyTransactionCreationAndExecutionTest" name="testConcurrentTransactionCreation" time="0.001"/>
  <testcase classname="com.revolut.money.transfer.integration.ConcurrentlyTransactionCreationAndExecutionTest" name="testConcurrentTransactionCreation" time="0"/>
  <testcase classname="com.revolut.money.transfer.integration.ConcurrentlyTransactionCreationAndExecutionTest" name="testConcurrentTransactionCreation" time="0.001"/>
  <testcase classname="com.revolut.money.transfer.integration.ConcurrentlyTransactionCreationAndExecutionTest" name="testConcurrentTransactionCreation" time="0.001"/>
  <testcase classname="com.revolut.money.transfer.integration.ConcurrentlyTransactionCreationAndExecutionTest" name="testConcurrentTransactionCreation" time="0"/>
  <testcase classname="com.revolut.money.transfer.integration.ConcurrentlyTransactionCreationAndExecutionTest" name="testConcurrentTransactionCreation" time="0.002"/>
  <testcase classname="com.revolut.money.transfer.integration.ConcurrentlyTransactionCreationAndExecutionTest" name="testConcurrentTransactionCreation" time="0.002"/>
  <testcase classname="com.revolut.money.transfer.integration.ConcurrentlyTransactionCreationAndExecutionTest" name="testConcurrentTransactionCreation" time="0.001"/>
  <testcase classname="com.revolut.money.transfer.integration.ConcurrentlyTransactionCreationAndExecutionTest" name="testConcurrentTransactionCreation" time="0"/>
  <testcase classname="com.revolut.money.transfer.integration.ConcurrentlyTransactionCreationAndExecutionTest" name="testConcurrentTransactionCreation" time="0.001"/>
  <testcase classname="com.revolut.money.transfer.integration.ConcurrentlyTransactionCreationAndExecutionTest" name="testConcurrentTransactionCreation" time="0"/>
  <testcase classname="com.revolut.money.transfer.integration.ConcurrentlyTransactionCreationAndExecutionTest" name="testConcurrentTransactionCreation" time="0"/>
  <testcase classname="com.revolut.money.transfer.integration.ConcurrentlyTransactionCreationAndExecutionTest" name="testConcurrentTransactionCreation" time="0.002"/>
  <testcase classname="com.revolut.money.transfer.integration.ConcurrentlyTransactionCreationAndExecutionTest" name="testConcurrentTransactionCreation" time="0"/>
  <testcase classname="com.revolut.money.transfer.integration.ConcurrentlyTransactionCreationAndExecutionTest" name="testConcurrentTransactionCreation" time="0"/>
  <testcase classname="com.revolut.money.transfer.integration.ConcurrentlyTransactionCreationAndExecutionTest" name="testConcurrentTransactionCreation" time="0.008"/>
  <testcase classname="com.revolut.money.transfer.integration.ConcurrentlyTransactionCreationAndExecutionTest" name="testConcurrentTransactionCreation" time="0.001"/>
  <testcase classname="com.revolut.money.transfer.integration.ConcurrentlyTransactionCreationAndExecutionTest" name="testConcurrentTransactionCreation" time="0.002"/>
  <testcase classname="com.revolut.money.transfer.integration.ConcurrentlyTransactionCreationAndExecutionTest" name="testConcurrentTransactionCreation" time="0"/>
  <testcase classname="com.revolut.money.transfer.integration.ConcurrentlyTransactionCreationAndExecutionTest" name="testConcurrentTransactionCreation" time="0"/>
  <testcase classname="com.revolut.money.transfer.integration.ConcurrentlyTransactionCreationAndExecutionTest" name="testConcurrentTransactionCreation" time="0.001"/>
  <testcase classname="com.revolut.money.transfer.integration.ConcurrentlyTransactionCreationAndExecutionTest" name="testConcurrentTransactionCreation" time="0"/>
  <testcase classname="com.revolut.money.transfer.integration.ConcurrentlyTransactionCreationAndExecutionTest" name="testConcurrentTransactionCreation" time="0.003"/>
  <testcase classname="com.revolut.money.transfer.integration.ConcurrentlyTransactionCreationAndExecutionTest" name="testConcurrentTransactionCreation" time="0.001"/>
  <testcase classname="com.revolut.money.transfer.integration.ConcurrentlyTransactionCreationAndExecutionTest" name="testConcurrentTransactionCreation" time="0"/>
  <testcase classname="com.revolut.money.transfer.integration.ConcurrentlyTransactionCreationAndExecutionTest" name="testConcurrentTransactionCreation" time="0.001"/>
  <testcase classname="com.revolut.money.transfer.integration.ConcurrentlyTransactionCreationAndExecutionTest" name="testConcurrentTransactionCreation" time="0.001"/>
  <testcase classname="com.revolut.money.transfer.integration.ConcurrentlyTransactionCreationAndExecutionTest" name="testConcurrentTransactionCreation" time="0.001"/>
  <testcase classname="com.revolut.money.transfer.integration.ConcurrentlyTransactionCreationAndExecutionTest" name="testConcurrentTransactionCreation" time="0"/>
  <testcase classname="com.revolut.money.transfer.integration.ConcurrentlyTransactionCreationAndExecutionTest" name="testConcurrentTransactionCreation" time="0.001"/>
  <testcase classname="com.revolut.money.transfer.integration.ConcurrentlyTransactionCreationAndExecutionTest" name="testConcurrentTransactionCreation" time="0.001"/>
  <testcase classname="com.revolut.money.transfer.integration.ConcurrentlyTransactionCreationAndExecutionTest" name="testConcurrentTransactionCreation" time="0.005"/>
  <testcase classname="com.revolut.money.transfer.integration.ConcurrentlyTransactionCreationAndExecutionTest" name="testConcurrentTransactionCreation" time="0"/>
  <testcase classname="com.revolut.money.transfer.integration.ConcurrentlyTransactionCreationAndExecutionTest" name="testConcurrentTransactionCreation" time="0.001"/>
  <testcase classname="com.revolut.money.transfer.integration.ConcurrentlyTransactionCreationAndExecutionTest" name="testConcurrentTransactionCreation" time="0.001"/>
  <testcase classname="com.revolut.money.transfer.integration.ConcurrentlyTransactionCreationAndExecutionTest" name="testConcurrentTransactionCreation" time="0.001"/>
  <testcase classname="com.revolut.money.transfer.integration.ConcurrentlyTransactionCreationAndExecutionTest" name="testConcurrentTransactionCreation" time="0"/>
  <testcase classname="com.revolut.money.transfer.integration.ConcurrentlyTransactionCreationAndExecutionTest" name="testConcurrentTransactionCreation" time="0.001"/>
  <testcase classname="com.revolut.money.transfer.integration.ConcurrentlyTransactionCreationAndExecutionTest" name="testConcurrentTransactionCreation" time="0"/>
  <testcase classname="com.revolut.money.transfer.integration.ConcurrentlyTransactionCreationAndExecutionTest" name="testConcurrentTransactionCreation" time="0.001"/>
  <testcase classname="com.revolut.money.transfer.integration.ConcurrentlyTransactionCreationAndExecutionTest" name="testConcurrentTransactionCreation" time="0.001"/>
  <testcase classname="com.revolut.money.transfer.integration.ConcurrentlyTransactionCreationAndExecutionTest" name="testConcurrentTransactionCreation" time="0"/>
  <testcase classname="com.revolut.money.transfer.integration.ConcurrentlyTransactionCreationAndExecutionTest" name="testConcurrentTransactionCreation" time="0"/>
  <testcase classname="com.revolut.money.transfer.integration.ConcurrentlyTransactionCreationAndExecutionTest" name="testConcurrentTransactionCreation" time="0.001"/>
  <testcase classname="com.revolut.money.transfer.integration.ConcurrentlyTransactionCreationAndExecutionTest" name="testConcurrentTransactionCreation" time="0"/>
  <testcase classname="com.revolut.money.transfer.integration.ConcurrentlyTransactionCreationAndExecutionTest" name="testConcurrentTransactionCreation" time="0.008"/>
  <testcase classname="com.revolut.money.transfer.integration.ConcurrentlyTransactionCreationAndExecutionTest" name="testConcurrentTransactionCreation" time="0"/>
  <testcase classname="com.revolut.money.transfer.integration.ConcurrentlyTransactionCreationAndExecutionTest" name="testConcurrentTransactionCreation" time="0.001"/>
  <testcase classname="com.revolut.money.transfer.integration.ConcurrentlyTransactionCreationAndExecutionTest" name="testConcurrentTransactionCreation" time="0.002"/>
  <testcase classname="com.revolut.money.transfer.integration.ConcurrentlyTransactionCreationAndExecutionTest" name="testConcurrentTransactionCreation" time="0"/>
  <testcase classname="com.revolut.money.transfer.integration.ConcurrentlyTransactionCreationAndExecutionTest" name="testConcurrentTransactionCreation" time="0"/>
  <testcase classname="com.revolut.money.transfer.integration.ConcurrentlyTransactionCreationAndExecutionTest" name="testConcurrentTransactionCreation" time="0.005"/>
  <testcase classname="com.revolut.money.transfer.integration.ConcurrentlyTransactionCreationAndExecutionTest" name="testConcurrentTransactionCreation" time="0.001"/>
  <testcase classname="com.revolut.money.transfer.integration.ConcurrentlyTransactionCreationAndExecutionTest" name="testConcurrentTransactionCreation" time="0"/>
  <testcase classname="com.revolut.money.transfer.integration.ConcurrentlyTransactionCreationAndExecutionTest" name="testConcurrentTransactionCreation" time="0.001"/>
  <testcase classname="com.revolut.money.transfer.integration.ConcurrentlyTransactionCreationAndExecutionTest" name="testConcurrentTransactionCreation" time="0.001"/>
  <testcase classname="com.revolut.money.transfer.integration.ConcurrentlyTransactionCreationAndExecutionTest" name="testConcurrentTransactionCreation" time="0.001"/>
  <testcase classname="com.revolut.money.transfer.integration.ConcurrentlyTransactionCreationAndExecutionTest" name="testConcurrentTransactionCreation" time="0"/>
  <testcase classname="com.revolut.money.transfer.integration.ConcurrentlyTransactionCreationAndExecutionTest" name="testConcurrentTransactionCreation" time="0"/>
  <testcase classname="com.revolut.money.transfer.integration.ConcurrentlyTransactionCreationAndExecutionTest" name="testConcurrentTransactionCreation" time="0"/>
  <testcase classname="com.revolut.money.transfer.integration.ConcurrentlyTransactionCreationAndExecutionTest" name="testConcurrentTransactionCreation" time="0"/>
  <testcase classname="com.revolut.money.transfer.integration.ConcurrentlyTransactionCreationAndExecutionTest" name="testConcurrentTransactionCreation" time="0"/>
  <testcase classname="com.revolut.money.transfer.integration.ConcurrentlyTransactionCreationAndExecutionTest" name="testConcurrentTransactionCreation" time="0"/>
  <testcase classname="com.revolut.money.transfer.integration.ConcurrentlyTransactionCreationAndExecutionTest" name="testConcurrentTransactionCreation" time="0"/>
  <testcase classname="com.revolut.money.transfer.integration.ConcurrentlyTransactionCreationAndExecutionTest" name="testConcurrentTransactionCreation" time="0.001"/>
  <testcase classname="com.revolut.money.transfer.integration.ConcurrentlyTransactionCreationAndExecutionTest" name="testConcurrentTransactionCreation" time="0.001"/>
  <testcase classname="com.revolut.money.transfer.integration.ConcurrentlyTransactionCreationAndExecutionTest" name="testConcurrentTransactionCreation" time="0.001"/>
  <testcase classname="com.revolut.money.transfer.integration.ConcurrentlyTransactionCreationAndExecutionTest" name="testConcurrentTransactionCreation" time="0"/>
  <testcase classname="com.revolut.money.transfer.integration.ConcurrentlyTransactionCreationAndExecutionTest" name="testConcurrentTransactionCreation" time="0.002"/>
  <testcase classname="com.revolut.money.transfer.integration.ConcurrentlyTransactionCreationAndExecutionTest" name="testConcurrentTransactionCreation" time="0.005"/>
  <testcase classname="com.revolut.money.transfer.integration.ConcurrentlyTransactionCreationAndExecutionTest" name="testConcurrentTransactionCreation" time="0"/>
  <testcase classname="com.revolut.money.transfer.integration.ConcurrentlyTransactionCreationAndExecutionTest" name="testConcurrentTransactionCreation" time="0"/>
  <testcase classname="com.revolut.money.transfer.integration.ConcurrentlyTransactionCreationAndExecutionTest" name="testConcurrentTransactionCreation" time="0.001"/>
  <testcase classname="com.revolut.money.transfer.integration.ConcurrentlyTransactionCreationAndExecutionTest" name="testConcurrentTransactionCreation" time="0.002"/>
  <testcase classname="com.revolut.money.transfer.integration.ConcurrentlyTransactionCreationAndExecutionTest" name="testConcurrentTransactionCreation" time="0"/>
  <testcase classname="com.revolut.money.transfer.integration.ConcurrentlyTransactionCreationAndExecutionTest" name="testConcurrentTransactionCreation" time="0"/>
  <testcase classname="com.revolut.money.transfer.integration.ConcurrentlyTransactionCreationAndExecutionTest" name="testConcurrentTransactionCreation" time="0.001"/>
  <testcase classname="com.revolut.money.transfer.integration.ConcurrentlyTransactionCreationAndExecutionTest" name="testConcurrentTransactionCreation" time="0.003"/>
  <testcase classname="com.revolut.money.transfer.integration.ConcurrentlyTransactionCreationAndExecutionTest" name="testConcurrentTransactionCreation" time="0.001"/>
  <testcase classname="com.revolut.money.transfer.integration.ConcurrentlyTransactionCreationAndExecutionTest" name="testConcurrentTransactionCreation" time="0"/>
  <testcase classname="com.revolut.money.transfer.integration.ConcurrentlyTransactionCreationAndExecutionTest" name="testConcurrentTransactionCreation" time="0"/>
  <testcase classname="com.revolut.money.transfer.integration.ConcurrentlyTransactionCreationAndExecutionTest" name="testConcurrentTransactionCreation" time="0.003"/>
  <testcase classname="com.revolut.money.transfer.integration.ConcurrentlyTransactionCreationAndExecutionTest" name="testConcurrentTransactionCreation" time="0.001"/>
  <testcase classname="com.revolut.money.transfer.integration.ConcurrentlyTransactionCreationAndExecutionTest" name="testConcurrentTransactionCreation" time="0"/>
  <testcase classname="com.revolut.money.transfer.integration.ConcurrentlyTransactionCreationAndExecutionTest" name="testConcurrentTransactionCreation" time="0.001"/>
  <testcase classname="com.revolut.money.transfer.integration.ConcurrentlyTransactionCreationAndExecutionTest" name="testConcurrentTransactionCreation" time="0"/>
  <testcase classname="com.revolut.money.transfer.integration.ConcurrentlyTransactionCreationAndExecutionTest" name="testConcurrentTransactionCreation" time="0.001"/>
  <testcase classname="com.revolut.money.transfer.integration.ConcurrentlyTransactionCreationAndExecutionTest" name="testConcurrentTransactionCreation" time="0.001"/>
  <testcase classname="com.revolut.money.transfer.integration.ConcurrentlyTransactionCreationAndExecutionTest" name="testConcurrentTransactionCreation" time="0"/>
  <testcase classname="com.revolut.money.transfer.integration.ConcurrentlyTransactionCreationAndExecutionTest" name="testConcurrentTransactionCreation" time="0.001"/>
  <testcase classname="com.revolut.money.transfer.integration.ConcurrentlyTransactionCreationAndExecutionTest" name="testConcurrentTransactionCreation" time="0"/>
  <testcase classname="com.revolut.money.transfer.integration.ConcurrentlyTransactionCreationAndExecutionTest" name="testConcurrentTransactionCreation" time="0.001"/>
  <testcase classname="com.revolut.money.transfer.integration.ConcurrentlyTransactionCreationAndExecutionTest" name="testConcurrentTransactionCreation" time="0.009"/>
  <testcase classname="com.revolut.money.transfer.integration.ConcurrentlyTransactionCreationAndExecutionTest" name="testConcurrentTransactionCreation" time="0.001"/>
  <testcase classname="com.revolut.money.transfer.integration.ConcurrentlyTransactionCreationAndExecutionTest" name="testConcurrentTransactionCreation" time="0"/>
  <testcase classname="com.revolut.money.transfer.integration.ConcurrentlyTransactionCreationAndExecutionTest" name="testConcurrentTransactionCreation" time="0"/>
  <testcase classname="com.revolut.money.transfer.integration.ConcurrentlyTransactionCreationAndExecutionTest" name="testConcurrentTransactionCreation" time="0"/>
  <testcase classname="com.revolut.money.transfer.integration.ConcurrentlyTransactionCreationAndExecutionTest" name="testConcurrentTransactionCreation" time="0.003"/>
  <testcase classname="com.revolut.money.transfer.integration.ConcurrentlyTransactionCreationAndExecutionTest" name="testConcurrentTransactionCreation" time="0.001"/>
  <testcase classname="com.revolut.money.transfer.integration.ConcurrentlyTransactionCreationAndExecutionTest" name="testConcurrentTransactionCreation" time="0.001"/>
  <testcase classname="com.revolut.money.transfer.integration.ConcurrentlyTransactionCreationAndExecutionTest" name="testConcurrentTransactionCreation" time="0.001"/>
  <testcase classname="com.revolut.money.transfer.integration.ConcurrentlyTransactionCreationAndExecutionTest" name="testConcurrentTransactionCreation" time="0"/>
  <testcase classname="com.revolut.money.transfer.integration.ConcurrentlyTransactionCreationAndExecutionTest" name="testConcurrentTransactionCreation" time="0.001"/>
  <testcase classname="com.revolut.money.transfer.integration.ConcurrentlyTransactionCreationAndExecutionTest" name="testConcurrentTransactionCreation" time="0.003"/>
  <testcase classname="com.revolut.money.transfer.integration.ConcurrentlyTransactionCreationAndExecutionTest" name="testConcurrentTransactionCreation" time="0.003"/>
  <testcase classname="com.revolut.money.transfer.integration.ConcurrentlyTransactionCreationAndExecutionTest" name="testConcurrentTransactionCreation" time="0.001"/>
  <testcase classname="com.revolut.money.transfer.integration.ConcurrentlyTransactionCreationAndExecutionTest" name="testConcurrentTransactionCreation" time="0"/>
  <testcase classname="com.revolut.money.transfer.integration.ConcurrentlyTransactionCreationAndExecutionTest" name="testConcurrentTransactionCreation" time="0.001"/>
  <testcase classname="com.revolut.money.transfer.integration.ConcurrentlyTransactionCreationAndExecutionTest" name="testConcurrentTransactionCreation" time="0.002"/>
  <testcase classname="com.revolut.money.transfer.integration.ConcurrentlyTransactionCreationAndExecutionTest" name="testConcurrentTransactionCreation" time="0.003"/>
  <testcase classname="com.revolut.money.transfer.integration.ConcurrentlyTransactionCreationAndExecutionTest" name="testConcurrentTransactionCreation" time="0.003"/>
  <testcase classname="com.revolut.money.transfer.integration.ConcurrentlyTransactionCreationAndExecutionTest" name="testConcurrentTransactionCreation" time="0.004"/>
  <testcase classname="com.revolut.money.transfer.integration.ConcurrentlyTransactionCreationAndExecutionTest" name="testConcurrentTransactionCreation" time="0.015"/>
  <testcase classname="com.revolut.money.transfer.integration.ConcurrentlyTransactionCreationAndExecutionTest" name="testConcurrentTransactionCreation" time="0.015"/>
  <testcase classname="com.revolut.money.transfer.integration.ConcurrentlyTransactionCreationAndExecutionTest" name="testConcurrentTransactionCreation" time="0.015"/>
  <testcase classname="com.revolut.money.transfer.integration.ConcurrentlyTransactionCreationAndExecutionTest" name="testConcurrentTransactionCreation" time="0.015"/>
  <testcase classname="com.revolut.money.transfer.integration.ConcurrentlyTransactionCreationAndExecutionTest" name="testConcurrentTransactionCreation" time="0.016"/>
  <testcase classname="com.revolut.money.transfer.integration.ConcurrentlyTransactionCreationAndExecutionTest" name="testConcurrentTransactionCreation" time="0.016"/>
  <testcase classname="com.revolut.money.transfer.integration.ConcurrentlyTransactionCreationAndExecutionTest" name="testConcurrentTransactionCreation" time="0.017"/>
  <testcase classname="com.revolut.money.transfer.integration.ConcurrentlyTransactionCreationAndExecutionTest" name="testConcurrentTransactionCreation" time="0.018"/>
  <testcase classname="com.revolut.money.transfer.integration.ConcurrentlyTransactionCreationAndExecutionTest" name="testConcurrentTransactionCreation" time="0.02"/>
  <testcase classname="com.revolut.money.transfer.integration.ConcurrentlyTransactionCreationAndExecutionTest" name="testConcurrentTransactionCreation" time="0.021"/>
  <testcase classname="com.revolut.money.transfer.integration.ConcurrentlyTransactionCreationAndExecutionTest" name="testConcurrentTransactionCreation" time="0.024"/>
  <testcase classname="com.revolut.money.transfer.integration.ConcurrentlyTransactionCreationAndExecutionTest" name="testConcurrentTransactionCreation" time="0.025"/>
  <testcase classname="com.revolut.money.transfer.integration.ConcurrentlyTransactionCreationAndExecutionTest" name="testConcurrentTransactionCreation" time="0.025"/>
  <testcase classname="com.revolut.money.transfer.integration.ConcurrentlyTransactionCreationAndExecutionTest" name="testConcurrentTransactionCreation" time="0.027"/>
  <testcase classname="com.revolut.money.transfer.integration.ConcurrentlyTransactionCreationAndExecutionTest" name="testConcurrentTransactionCreation" time="0.027"/>
  <testcase classname="com.revolut.money.transfer.integration.ConcurrentlyTransactionCreationAndExecutionTest" name="testConcurrentTransactionCreation" time="0.027"/>
  <testcase classname="com.revolut.money.transfer.integration.ConcurrentlyTransactionCreationAndExecutionTest" name="testConcurrentTransactionCreation" time="0.028"/>
  <testcase classname="com.revolut.money.transfer.integration.ConcurrentlyTransactionCreationAndExecutionTest" name="testConcurrentTransactionCreation" time="0.029"/>
  <testcase classname="com.revolut.money.transfer.integration.ConcurrentlyTransactionCreationAndExecutionTest" name="testConcurrentTransactionCreation" time="0.031"/>
  <testcase classname="com.revolut.money.transfer.integration.ConcurrentlyTransactionCreationAndExecutionTest" name="testConcurrentTransactionCreation" time="0.032"/>
  <testcase classname="com.revolut.money.transfer.integration.ConcurrentlyTransactionCreationAndExecutionTest" name="testConcurrentTransactionCreation" time="0.033"/>
  <testcase classname="com.revolut.money.transfer.integration.ConcurrentlyTransactionCreationAndExecutionTest" name="testConcurrentTransactionCreation" time="0.033"/>
  <testcase classname="com.revolut.money.transfer.integration.ConcurrentlyTransactionCreationAndExecutionTest" name="testConcurrentTransactionCreation" time="0.034"/>
  <testcase classname="com.revolut.money.transfer.integration.ConcurrentlyTransactionCreationAndExecutionTest" name="testConcurrentTransactionCreation" time="0.034"/>
  <testcase classname="com.revolut.money.transfer.integration.ConcurrentlyTransactionCreationAndExecutionTest" name="testConcurrentTransactionCreation" time="0.037"/>
  <testcase classname="com.revolut.money.transfer.integration.ConcurrentlyTransactionCreationAndExecutionTest" name="testConcurrentTransactionCreation" time="0.038"/>
  <testcase classname="com.revolut.money.transfer.integration.ConcurrentlyTransactionCreationAndExecutionTest" name="testConcurrentTransactionCreation" time="0.038"/>
  <testcase classname="com.revolut.money.transfer.integration.ConcurrentlyTransactionCreationAndExecutionTest" name="testConcurrentTransactionCreation" time="0.038"/>
  <testcase classname="com.revolut.money.transfer.integration.ConcurrentlyTransactionCreationAndExecutionTest" name="testConcurrentTransactionCreation" time="0.039"/>
  <testcase classname="com.revolut.money.transfer.integration.ConcurrentlyTransactionCreationAndExecutionTest" name="testConcurrentTransactionCreation" time="0.041"/>
  <testcase classname="com.revolut.money.transfer.integration.ConcurrentlyTransactionCreationAndExecutionTest" name="testConcurrentTransactionCreation" time="0.043"/>
  <testcase classname="com.revolut.money.transfer.integration.ConcurrentlyTransactionCreationAndExecutionTest" name="testConcurrentTransactionCreation" time="0.043"/>
  <testcase classname="com.revolut.money.transfer.integration.ConcurrentlyTransactionCreationAndExecutionTest" name="testConcurrentTransactionCreation" time="0.044"/>
  <testcase classname="com.revolut.money.transfer.integration.ConcurrentlyTransactionCreationAndExecutionTest" name="testConcurrentTransactionCreation" time="0.045"/>
  <testcase classname="com.revolut.money.transfer.integration.ConcurrentlyTransactionCreationAndExecutionTest" name="testConcurrentTransactionCreation" time="0.046"/>
  <testcase classname="com.revolut.money.transfer.integration.ConcurrentlyTransactionCreationAndExecutionTest" name="testConcurrentTransactionCreation" time="0.047"/>
  <testcase classname="com.revolut.money.transfer.integration.ConcurrentlyTransactionCreationAndExecutionTest" name="testConcurrentTransactionCreation" time="0.048"/>
  <testcase classname="com.revolut.money.transfer.integration.ConcurrentlyTransactionCreationAndExecutionTest" name="testConcurrentTransactionCreation" time="0.052"/>
  <testcase classname="com.revolut.money.transfer.integration.ConcurrentlyTransactionCreationAndExecutionTest" name="testConcurrentTransactionCreation" time="0.052"/>
  <testcase classname="com.revolut.money.transfer.integration.ConcurrentlyTransactionCreationAndExecutionTest" name="testConcurrentTransactionCreation" time="0.053"/>
  <testcase classname="com.revolut.money.transfer.integration.ConcurrentlyTransactionCreationAndExecutionTest" name="testConcurrentTransactionCreation" time="0.054"/>
  <testcase classname="com.revolut.money.transfer.integration.ConcurrentlyTransactionCreationAndExecutionTest" name="testConcurrentTransactionCreation" time="0.055"/>
  <testcase classname="com.revolut.money.transfer.integration.ConcurrentlyTransactionCreationAndExecutionTest" name="testConcurrentTransactionCreation" time="0.056"/>
  <testcase classname="com.revolut.money.transfer.integration.ConcurrentlyTransactionCreationAndExecutionTest" name="testConcurrentTransactionCreation" time="0.057"/>
  <testcase classname="com.revolut.money.transfer.integration.ConcurrentlyTransactionCreationAndExecutionTest" name="testConcurrentTransactionCreation" time="0.059"/>
  <testcase classname="com.revolut.money.transfer.integration.ConcurrentlyTransactionCreationAndExecutionTest" name="testConcurrentTransactionCreation" time="0.06"/>
  <testcase classname="com.revolut.money.transfer.integration.ConcurrentlyTransactionCreationAndExecutionTest" name="testConcurrentTransactionCreation" time="0.061"/>
  <testcase classname="com.revolut.money.transfer.integration.ConcurrentlyTransactionCreationAndExecutionTest" name="testConcurrentTransactionCreation" time="0.061"/>
  <testcase classname="com.revolut.money.transfer.integration.ConcurrentlyTransactionCreationAndExecutionTest" name="testConcurrentTransactionCreation" time="0.062"/>
  <testcase classname="com.revolut.money.transfer.integration.ConcurrentlyTransactionCreationAndExecutionTest" name="testConcurrentTransactionCreation" time="0.063"/>
  <testcase classname="com.revolut.money.transfer.integration.ConcurrentlyTransactionCreationAndExecutionTest" name="testConcurrentTransactionCreation" time="0.064"/>
  <testcase classname="com.revolut.money.transfer.integration.ConcurrentlyTransactionCreationAndExecutionTest" name="testConcurrentTransactionCreation" time="0.065"/>
  <testcase classname="com.revolut.money.transfer.integration.ConcurrentlyTransactionCreationAndExecutionTest" name="testConcurrentTransactionCreation" time="0.065"/>
  <testcase classname="com.revolut.money.transfer.integration.ConcurrentlyTransactionCreationAndExecutionTest" name="testConcurrentTransactionCreation" time="0.066"/>
  <testcase classname="com.revolut.money.transfer.integration.ConcurrentlyTransactionCreationAndExecutionTest" name="testConcurrentTransactionCreation" time="0.086"/>
  <testcase classname="com.revolut.money.transfer.integration.ConcurrentlyTransactionCreationAndExecutionTest" name="testConcurrentTransactionCreation" time="0.134"/>
  <testcase classname="com.revolut.money.transfer.integration.ConcurrentlyTransactionCreationAndExecutionTest" name="testConcurrentTransactionCreation" time="0.137"/>
  <testcase classname="com.revolut.money.transfer.integration.ConcurrentlyTransactionCreationAndExecutionTest" name="testConcurrentTransactionCreation" time="0.142"/>
  <testcase classname="com.revolut.money.transfer.integration.ConcurrentlyTransactionCreationAndExecutionTest" name="testConcurrentTransactionCreation" time="0.157"/>
  <testcase classname="com.revolut.money.transfer.integration.ConcurrentlyTransactionCreationAndExecutionTest" name="testConcurrentTransactionCreation" time="0.162"/>
  <testcase classname="com.revolut.money.transfer.integration.ConcurrentlyTransactionCreationAndExecutionTest" name="testConcurrentTransactionCreation" time="0.18"/>
  <testcase classname="com.revolut.money.transfer.integration.ConcurrentlyTransactionCreationAndExecutionTest" name="testConcurrentTransactionCreation" time="0.231"/>
  <testcase classname="com.revolut.money.transfer.integration.ConcurrentlyTransactionCreationAndExecutionTest" name="testConcurrentTransactionCreation" time="0.254"/>
  <testcase classname="com.revolut.money.transfer.integration.ConcurrentlyTransactionCreationAndExecutionTest" name="testConcurrentTransactionCreation" time="0.267"/>
  <testcase classname="com.revolut.money.transfer.integration.ConcurrentlyTransactionCreationAndExecutionTest" name="testConcurrentTransactionCreation" time="0.302"/>
  <testcase classname="com.revolut.money.transfer.integration.ConcurrentlyTransactionCreationAndExecutionTest" name="testConcurrentTransactionCreation" time="0.304"/>
  <testcase classname="com.revolut.money.transfer.integration.ConcurrentlyTransactionCreationAndExecutionTest" name="testConcurrentTransactionCreation" time="0.311"/>
  <testcase classname="com.revolut.money.transfer.integration.ConcurrentlyTransactionCreationAndExecutionTest" name="testConcurrentTransactionCreation" time="0.426"/>
  <testcase classname="com.revolut.money.transfer.integration.ConcurrentlyTransactionCreationAndExecutionTest" name="testConcurrentTransactionCreation" time="0.484"/>
  <testcase classname="com.revolut.money.transfer.integration.ConcurrentlyTransactionCreationAndExecutionTest" name="testConcurrentTransactionCreation" time="0.514"/>
  <testcase classname="com.revolut.money.transfer.integration.ConcurrentlyTransactionCreationAndExecutionTest" name="testConcurrentTransactionCreation" time="0.519"/>
  <testcase classname="com.revolut.money.transfer.integration.ConcurrentlyTransactionCreationAndExecutionTest" name="testConcurrentTransactionCreation" time="0.57"/>
  <testcase classname="com.revolut.money.transfer.integration.ConcurrentlyTransactionCreationAndExecutionTest" name="testConcurrentTransactionCreation" time="0.572"/>
  <testcase classname="com.revolut.money.transfer.integration.ConcurrentlyTransactionCreationAndExecutionTest" name="testConcurrentTransactionCreation" time="0.606"/>
  <testcase classname="com.revolut.money.transfer.integration.ConcurrentlyTransactionCreationAndExecutionTest" name="testConcurrentTransactionCreation" time="0.616"/>
  <testcase classname="com.revolut.money.transfer.integration.ConcurrentlyTransactionCreationAndExecutionTest" name="testConcurrentTransactionCreation" time="0.622"/>
  <testcase classname="com.revolut.money.transfer.integration.ConcurrentlyTransactionCreationAndExecutionTest" name="testConcurrentTransactionCreation" time="0.625"/>
  <testcase classname="com.revolut.money.transfer.integration.ConcurrentlyTransactionCreationAndExecutionTest" name="testConcurrentTransactionCreation" time="0.648"/>
  <testcase classname="com.revolut.money.transfer.integration.ConcurrentlyTransactionCreationAndExecutionTest" name="testConcurrentTransactionCreation" time="0.655"/>
  <testcase classname="com.revolut.money.transfer.integration.ConcurrentlyTransactionCreationAndExecutionTest" name="testConcurrentTransactionCreation" time="0.657"/>
  <testcase classname="com.revolut.money.transfer.integration.ConcurrentlyTransactionCreationAndExecutionTest" name="testConcurrentTransactionCreation" time="0.668"/>
  <testcase classname="com.revolut.money.transfer.integration.ConcurrentlyTransactionCreationAndExecutionTest" name="testConcurrentTransactionCreation" time="0.694"/>
  <testcase classname="com.revolut.money.transfer.integration.ConcurrentlyTransactionCreationAndExecutionTest" name="testConcurrentTransactionCreation" time="0.695"/>
  <testcase classname="com.revolut.money.transfer.integration.ConcurrentlyTransactionCreationAndExecutionTest" name="testConcurrentTransactionCreation" time="0.699"/>
  <testcase classname="com.revolut.money.transfer.integration.ConcurrentlyTransactionCreationAndExecutionTest" name="testConcurrentTransactionCreation" time="0.706"/>
  <testcase classname="com.revolut.money.transfer.integration.ConcurrentlyTransactionCreationAndExecutionTest" name="testConcurrentTransactionCreation" time="0.709"/>
  <testcase classname="com.revolut.money.transfer.integration.ConcurrentlyTransactionCreationAndExecutionTest" name="testConcurrentTransactionCreation" time="0.713"/>
  <testcase classname="com.revolut.money.transfer.integration.ConcurrentlyTransactionCreationAndExecutionTest" name="testConcurrentTransactionCreation" time="0.714"/>
  <testcase classname="com.revolut.money.transfer.integration.ConcurrentlyTransactionCreationAndExecutionTest" name="testConcurrentTransactionCreation" time="0.716"/>
  <testcase classname="com.revolut.money.transfer.integration.ConcurrentlyTransactionCreationAndExecutionTest" name="testConcurrentTransactionCreation" time="0.734"/>
  <testcase classname="com.revolut.money.transfer.integration.ConcurrentlyTransactionCreationAndExecutionTest" name="testConcurrentTransactionCreation" time="0.74"/>
  <testcase classname="com.revolut.money.transfer.integration.ConcurrentlyTransactionCreationAndExecutionTest" name="testConcurrentTransactionCreation" time="0.754"/>
  <testcase classname="com.revolut.money.transfer.integration.ConcurrentlyTransactionCreationAndExecutionTest" name="testConcurrentTransactionCreation" time="0.756"/>
  <testcase classname="com.revolut.money.transfer.integration.ConcurrentlyTransactionCreationAndExecutionTest" name="testConcurrentTransactionCreation" time="0.759"/>
  <testcase classname="com.revolut.money.transfer.integration.ConcurrentlyTransactionCreationAndExecutionTest" name="testConcurrentTransactionCreation" time="0.769"/>
  <testcase classname="com.revolut.money.transfer.integration.ConcurrentlyTransactionCreationTest" name="testConcurrentTransactionCreationForAccount1And2" time="0"/>
  <testcase classname="com.revolut.money.transfer.integration.ConcurrentlyTransactionCreationTest" name="testConcurrentTransactionCreationForAccount1And2" time="0"/>
  <testcase classname="com.revolut.money.transfer.integration.ConcurrentlyTransactionCreationTest" name="testConcurrentTransactionCreationForAccount1And2" time="0"/>
  <testcase classname="com.revolut.money.transfer.integration.ConcurrentlyTransactionCreationTest" name="testConcurrentTransactionCreationForAccount1And2" time="0"/>
  <testcase classname="com.revolut.money.transfer.integration.ConcurrentlyTransactionCreationTest" name="testConcurrentTransactionCreationForAccount1And2" time="0"/>
  <testcase classname="com.revolut.money.transfer.integration.ConcurrentlyTransactionCreationTest" name="testConcurrentTransactionCreationForAccount1And2" time="0"/>
  <testcase classname="com.revolut.money.transfer.integration.ConcurrentlyTransactionCreationTest" name="testConcurrentTransactionCreationForAccount1And2" time="0"/>
  <testcase classname="com.revolut.money.transfer.integration.ConcurrentlyTransactionCreationTest" name="testConcurrentTransactionCreationForAccount1And2" time="0"/>
  <testcase classname="com.revolut.money.transfer.integration.ConcurrentlyTransactionCreationTest" name="testConcurrentTransactionCreationForAccount1And2" time="0.001"/>
  <testcase classname="com.revolut.money.transfer.integration.ConcurrentlyTransactionCreationTest" name="testConcurrentTransactionCreationForAccount1And2" time="0"/>
  <testcase classname="com.revolut.money.transfer.integration.ConcurrentlyTransactionCreationTest" name="testConcurrentTransactionCreationForAccount1And2" time="0"/>
  <testcase classname="com.revolut.money.transfer.integration.ConcurrentlyTransactionCreationTest" name="testConcurrentTransactionCreationForAccount1And2" time="0"/>
  <testcase classname="com.revolut.money.transfer.integration.ConcurrentlyTransactionCreationTest" name="testConcurrentTransactionCreationForAccount1And2" time="0"/>
  <testcase classname="com.revolut.money.transfer.integration.ConcurrentlyTransactionCreationTest" name="testConcurrentTransactionCreationForAccount1And2" time="0"/>
  <testcase classname="com.revolut.money.transfer.integration.ConcurrentlyTransactionCreationTest" name="testConcurrentTransactionCreationForAccount1And2" time="0"/>
  <testcase classname="com.revolut.money.transfer.integration.ConcurrentlyTransactionCreationTest" name="testConcurrentTransactionCreationForAccount1And2" time="0"/>
  <testcase classname="com.revolut.money.transfer.integration.ConcurrentlyTransactionCreationTest" name="testConcurrentTransactionCreationForAccount1And2" time="0"/>
  <testcase classname="com.revolut.money.transfer.integration.ConcurrentlyTransactionCreationTest" name="testConcurrentTransactionCreationForAccount1And2" time="0"/>
  <testcase classname="com.revolut.money.transfer.integration.ConcurrentlyTransactionCreationTest" name="testConcurrentTransactionCreationForAccount1And2" time="0"/>
  <testcase classname="com.revolut.money.transfer.integration.ConcurrentlyTransactionCreationTest" name="testConcurrentTransactionCreationForAccount1And2" time="0"/>
  <testcase classname="com.revolut.money.transfer.integration.ConcurrentlyTransactionCreationTest" name="testConcurrentTransactionCreationForAccount1And2" time="0"/>
  <testcase classname="com.revolut.money.transfer.integration.ConcurrentlyTransactionCreationTest" name="testConcurrentTransactionCreationForAccount1And2" time="0"/>
  <testcase classname="com.revolut.money.transfer.integration.ConcurrentlyTransactionCreationTest" name="testConcurrentTransactionCreationForAccount1And2" time="0"/>
  <testcase classname="com.revolut.money.transfer.integration.ConcurrentlyTransactionCreationTest" name="testConcurrentTransactionCreationForAccount1And2" time="0"/>
  <testcase classname="com.revolut.money.transfer.integration.ConcurrentlyTransactionCreationTest" name="testConcurrentTransactionCreationForAccount1And2" time="0"/>
  <testcase classname="com.revolut.money.transfer.integration.ConcurrentlyTransactionCreationTest" name="testConcurrentTransactionCreationForAccount1And2" time="0"/>
  <testcase classname="com.revolut.money.transfer.integration.ConcurrentlyTransactionCreationTest" name="testConcurrentTransactionCreationForAccount1And2" time="0"/>
  <testcase classname="com.revolut.money.transfer.integration.ConcurrentlyTransactionCreationTest" name="testConcurrentTransactionCreationForAccount1And2" time="0"/>
  <testcase classname="com.revolut.money.transfer.integration.ConcurrentlyTransactionCreationTest" name="testConcurrentTransactionCreationForAccount1And2" time="0"/>
  <testcase classname="com.revolut.money.transfer.integration.ConcurrentlyTransactionCreationTest" name="testConcurrentTransactionCreationForAccount1And2" time="0"/>
  <testcase classname="com.revolut.money.transfer.integration.ConcurrentlyTransactionCreationTest" name="testConcurrentTransactionCreationForAccount1And2" time="0"/>
  <testcase classname="com.revolut.money.transfer.integration.ConcurrentlyTransactionCreationTest" name="testConcurrentTransactionCreationForAccount1And2" time="0"/>
  <testcase classname="com.revolut.money.transfer.integration.ConcurrentlyTransactionCreationTest" name="testConcurrentTransactionCreationForAccount1And2" time="0"/>
  <testcase classname="com.revolut.money.transfer.integration.ConcurrentlyTransactionCreationTest" name="testConcurrentTransactionCreationForAccount1And2" time="0"/>
  <testcase classname="com.revolut.money.transfer.integration.ConcurrentlyTransactionCreationTest" name="testConcurrentTransactionCreationForAccount1And2" time="0"/>
  <testcase classname="com.revolut.money.transfer.integration.ConcurrentlyTransactionCreationTest" name="testConcurrentTransactionCreationForAccount1And2" time="0.001"/>
  <testcase classname="com.revolut.money.transfer.integration.ConcurrentlyTransactionCreationTest" name="testConcurrentTransactionCreationForAccount1And2" time="0"/>
  <testcase classname="com.revolut.money.transfer.integration.ConcurrentlyTransactionCreationTest" name="testConcurrentTransactionCreationForAccount1And2" time="0"/>
  <testcase classname="com.revolut.money.transfer.integration.ConcurrentlyTransactionCreationTest" name="testConcurrentTransactionCreationForAccount1And2" time="0"/>
  <testcase classname="com.revolut.money.transfer.integration.ConcurrentlyTransactionCreationTest" name="testConcurrentTransactionCreationForAccount1And2" time="0"/>
  <testcase classname="com.revolut.money.transfer.integration.ConcurrentlyTransactionCreationTest" name="testConcurrentTransactionCreationForAccount1And2" time="0"/>
  <testcase classname="com.revolut.money.transfer.integration.ConcurrentlyTransactionCreationTest" name="testConcurrentTransactionCreationForAccount1And2" time="0"/>
  <testcase classname="com.revolut.money.transfer.integration.ConcurrentlyTransactionCreationTest" name="testConcurrentTransactionCreationForAccount1And2" time="0"/>
  <testcase classname="com.revolut.money.transfer.integration.ConcurrentlyTransactionCreationTest" name="testConcurrentTransactionCreationForAccount1And2" time="0"/>
  <testcase classname="com.revolut.money.transfer.integration.ConcurrentlyTransactionCreationTest" name="testConcurrentTransactionCreationForAccount1And2" time="0"/>
  <testcase classname="com.revolut.money.transfer.integration.ConcurrentlyTransactionCreationTest" name="testConcurrentTransactionCreationForAccount1And2" time="0"/>
  <testcase classname="com.revolut.money.transfer.integration.ConcurrentlyTransactionCreationTest" name="testConcurrentTransactionCreationForAccount1And2" time="0"/>
  <testcase classname="com.revolut.money.transfer.integration.ConcurrentlyTransactionCreationTest" name="testConcurrentTransactionCreationForAccount1And2" time="0.001"/>
  <testcase classname="com.revolut.money.transfer.integration.ConcurrentlyTransactionCreationTest" name="testConcurrentTransactionCreationForAccount1And2" time="0"/>
  <testcase classname="com.revolut.money.transfer.integration.ConcurrentlyTransactionCreationTest" name="testConcurrentTransactionCreationForAccount1And2" time="0"/>
  <testcase classname="com.revolut.money.transfer.integration.ConcurrentlyTransactionCreationTest" name="testConcurrentTransactionCreationForAccount1And2" time="0"/>
  <testcase classname="com.revolut.money.transfer.integration.ConcurrentlyTransactionCreationTest" name="testConcurrentTransactionCreationForAccount1And2" time="0"/>
  <testcase classname="com.revolut.money.transfer.integration.ConcurrentlyTransactionCreationTest" name="testConcurrentTransactionCreationForAccount1And2" time="0"/>
  <testcase classname="com.revolut.money.transfer.integration.ConcurrentlyTransactionCreationTest" name="testConcurrentTransactionCreationForAccount1And2" time="0"/>
  <testcase classname="com.revolut.money.transfer.integration.ConcurrentlyTransactionCreationTest" name="testConcurrentTransactionCreationForAccount1And2" time="0"/>
  <testcase classname="com.revolut.money.transfer.integration.ConcurrentlyTransactionCreationTest" name="testConcurrentTransactionCreationForAccount1And2" time="0"/>
  <testcase classname="com.revolut.money.transfer.integration.ConcurrentlyTransactionCreationTest" name="testConcurrentTransactionCreationForAccount1And2" time="0"/>
  <testcase classname="com.revolut.money.transfer.integration.ConcurrentlyTransactionCreationTest" name="testConcurrentTransactionCreationForAccount1And2" time="0"/>
  <testcase classname="com.revolut.money.transfer.integration.ConcurrentlyTransactionCreationTest" name="testConcurrentTransactionCreationForAccount1And2" time="0"/>
  <testcase classname="com.revolut.money.transfer.integration.ConcurrentlyTransactionCreationTest" name="testConcurrentTransactionCreationForAccount1And2" time="0"/>
  <testcase classname="com.revolut.money.transfer.integration.ConcurrentlyTransactionCreationTest" name="testConcurrentTransactionCreationForAccount1And2" time="0"/>
  <testcase classname="com.revolut.money.transfer.integration.ConcurrentlyTransactionCreationTest" name="testConcurrentTransactionCreationForAccount1And2" time="0"/>
  <testcase classname="com.revolut.money.transfer.integration.ConcurrentlyTransactionCreationTest" name="testConcurrentTransactionCreationForAccount1And2" time="0"/>
  <testcase classname="com.revolut.money.transfer.integration.ConcurrentlyTransactionCreationTest" name="testConcurrentTransactionCreationForAccount1And2" time="0"/>
  <testcase classname="com.revolut.money.transfer.integration.ConcurrentlyTransactionCreationTest" name="testConcurrentTransactionCreationForAccount1And2" time="0"/>
  <testcase classname="com.revolut.money.transfer.integration.ConcurrentlyTransactionCreationTest" name="testConcurrentTransactionCreationForAccount1And2" time="0"/>
  <testcase classname="com.revolut.money.transfer.integration.ConcurrentlyTransactionCreationTest" name="testConcurrentTransactionCreationForAccount1And2" time="0"/>
  <testcase classname="com.revolut.money.transfer.integration.ConcurrentlyTransactionCreationTest" name="testConcurrentTransactionCreationForAccount1And2" time="0"/>
  <testcase classname="com.revolut.money.transfer.integration.ConcurrentlyTransactionCreationTest" name="testConcurrentTransactionCreationForAccount1And2" time="0.001"/>
  <testcase classname="com.revolut.money.transfer.integration.ConcurrentlyTransactionCreationTest" name="testConcurrentTransactionCreationForAccount1And2" time="0.001"/>
  <testcase classname="com.revolut.money.transfer.integration.ConcurrentlyTransactionCreationTest" name="testConcurrentTransactionCreationForAccount1And2" time="0"/>
  <testcase classname="com.revolut.money.transfer.integration.ConcurrentlyTransactionCreationTest" name="testConcurrentTransactionCreationForAccount1And2" time="0"/>
  <testcase classname="com.revolut.money.transfer.integration.ConcurrentlyTransactionCreationTest" name="testConcurrentTransactionCreationForAccount1And2" time="0"/>
  <testcase classname="com.revolut.money.transfer.integration.ConcurrentlyTransactionCreationTest" name="testConcurrentTransactionCreationForAccount1And2" time="0"/>
  <testcase classname="com.revolut.money.transfer.integration.ConcurrentlyTransactionCreationTest" name="testConcurrentTransactionCreationForAccount1And2" time="0"/>
  <testcase classname="com.revolut.money.transfer.integration.ConcurrentlyTransactionCreationTest" name="testConcurrentTransactionCreationForAccount1And2" time="0"/>
  <testcase classname="com.revolut.money.transfer.integration.ConcurrentlyTransactionCreationTest" name="testConcurrentTransactionCreationForAccount1And2" time="0"/>
  <testcase classname="com.revolut.money.transfer.integration.ConcurrentlyTransactionCreationTest" name="testConcurrentTransactionCreationForAccount1And2" time="0"/>
  <testcase classname="com.revolut.money.transfer.integration.ConcurrentlyTransactionCreationTest" name="testConcurrentTransactionCreationForAccount1And2" time="0"/>
  <testcase classname="com.revolut.money.transfer.integration.ConcurrentlyTransactionCreationTest" name="testConcurrentTransactionCreationForAccount1And2" time="0"/>
  <testcase classname="com.revolut.money.transfer.integration.ConcurrentlyTransactionCreationTest" name="testConcurrentTransactionCreationForAccount1And2" time="0"/>
  <testcase classname="com.revolut.money.transfer.integration.ConcurrentlyTransactionCreationTest" name="testConcurrentTransactionCreationForAccount1And2" time="0"/>
  <testcase classname="com.revolut.money.transfer.integration.ConcurrentlyTransactionCreationTest" name="testConcurrentTransactionCreationForAccount1And2" time="0"/>
  <testcase classname="com.revolut.money.transfer.integration.ConcurrentlyTransactionCreationTest" name="testConcurrentTransactionCreationForAccount1And2" time="0"/>
  <testcase classname="com.revolut.money.transfer.integration.ConcurrentlyTransactionCreationTest" name="testConcurrentTransactionCreationForAccount1And2" time="0"/>
  <testcase classname="com.revolut.money.transfer.integration.ConcurrentlyTransactionCreationTest" name="testConcurrentTransactionCreationForAccount1And2" time="0"/>
  <testcase classname="com.revolut.money.transfer.integration.ConcurrentlyTransactionCreationTest" name="testConcurrentTransactionCreationForAccount1And2" time="0"/>
  <testcase classname="com.revolut.money.transfer.integration.ConcurrentlyTransactionCreationTest" name="testConcurrentTransactionCreationForAccount1And2" time="0"/>
  <testcase classname="com.revolut.money.transfer.integration.ConcurrentlyTransactionCreationTest" name="testConcurrentTransactionCreationForAccount1And2" time="0"/>
  <testcase classname="com.revolut.money.transfer.integration.ConcurrentlyTransactionCreationTest" name="testConcurrentTransactionCreationForAccount1And2" time="0"/>
  <testcase classname="com.revolut.money.transfer.integration.ConcurrentlyTransactionCreationTest" name="testConcurrentTransactionCreationForAccount1And2" time="0.001"/>
  <testcase classname="com.revolut.money.transfer.integration.ConcurrentlyTransactionCreationTest" name="testConcurrentTransactionCreationForAccount1And2" time="0"/>
  <testcase classname="com.revolut.money.transfer.integration.ConcurrentlyTransactionCreationTest" name="testConcurrentTransactionCreationForAccount1And2" time="0"/>
  <testcase classname="com.revolut.money.transfer.integration.ConcurrentlyTransactionCreationTest" name="testConcurrentTransactionCreationForAccount1And2" time="0"/>
  <testcase classname="com.revolut.money.transfer.integration.ConcurrentlyTransactionCreationTest" name="testConcurrentTransactionCreationForAccount1And2" time="0"/>
  <testcase classname="com.revolut.money.transfer.integration.ConcurrentlyTransactionCreationTest" name="testConcurrentTransactionCreationForAccount1And2" time="0"/>
  <testcase classname="com.revolut.money.transfer.integration.ConcurrentlyTransactionCreationTest" name="testConcurrentTransactionCreationForAccount1And2" time="0"/>
  <testcase classname="com.revolut.money.transfer.integration.ConcurrentlyTransactionCreationTest" name="testConcurrentTransactionCreationForAccount1And2" time="0.001"/>
  <testcase classname="com.revolut.money.transfer.integration.ConcurrentlyTransactionCreationTest" name="testConcurrentTransactionCreationForAccount1And2" time="0"/>
  <testcase classname="com.revolut.money.transfer.integration.ConcurrentlyTransactionCreationTest" name="testConcurrentTransactionCreationForAccount1And2" time="0"/>
  <testcase classname="com.revolut.money.transfer.integration.ConcurrentlyTransactionCreationTest" name="testConcurrentTransactionCreationForAccount1And2" time="0"/>
  <testcase classname="com.revolut.money.transfer.integration.ConcurrentlyTransactionCreationTest" name="testConcurrentTransactionCreationForAccount1And2" time="0"/>
  <testcase classname="com.revolut.money.transfer.integration.ConcurrentlyTransactionCreationTest" name="testConcurrentTransactionCreationForAccount1And2" time="0"/>
  <testcase classname="com.revolut.money.transfer.integration.ConcurrentlyTransactionCreationTest" name="testConcurrentTransactionCreationForAccount1And2" time="0"/>
  <testcase classname="com.revolut.money.transfer.integration.ConcurrentlyTransactionCreationTest" name="testConcurrentTransactionCreationForAccount1And2" time="0.001"/>
  <testcase classname="com.revolut.money.transfer.integration.ConcurrentlyTransactionCreationTest" name="testConcurrentTransactionCreationForAccount1And2" time="0"/>
  <testcase classname="com.revolut.money.transfer.integration.ConcurrentlyTransactionCreationTest" name="testConcurrentTransactionCreationForAccount1And2" time="0"/>
  <testcase classname="com.revolut.money.transfer.integration.ConcurrentlyTransactionCreationTest" name="testConcurrentTransactionCreationForAccount1And2" time="0"/>
  <testcase classname="com.revolut.money.transfer.integration.ConcurrentlyTransactionCreationTest" name="testConcurrentTransactionCreationForAccount1And2" time="0"/>
  <testcase classname="com.revolut.money.transfer.integration.ConcurrentlyTransactionCreationTest" name="testConcurrentTransactionCreationForAccount1And2" time="0"/>
  <testcase classname="com.revolut.money.transfer.integration.ConcurrentlyTransactionCreationTest" name="testConcurrentTransactionCreationForAccount1And2" time="0"/>
  <testcase classname="com.revolut.money.transfer.integration.ConcurrentlyTransactionCreationTest" name="testConcurrentTransactionCreationForAccount1And2" time="0"/>
  <testcase classname="com.revolut.money.transfer.integration.ConcurrentlyTransactionCreationTest" name="testConcurrentTransactionCreationForAccount1And2" time="0"/>
  <testcase classname="com.revolut.money.transfer.integration.ConcurrentlyTransactionCreationTest" name="testConcurrentTransactionCreationForAccount1And2" time="0"/>
  <testcase classname="com.revolut.money.transfer.integration.ConcurrentlyTransactionCreationTest" name="testConcurrentTransactionCreationForAccount1And2" time="0"/>
  <testcase classname="com.revolut.money.transfer.integration.ConcurrentlyTransactionCreationTest" name="testConcurrentTransactionCreationForAccount1And2" time="0"/>
  <testcase classname="com.revolut.money.transfer.integration.ConcurrentlyTransactionCreationTest" name="testConcurrentTransactionCreationForAccount1And2" time="0"/>
  <testcase classname="com.revolut.money.transfer.integration.ConcurrentlyTransactionCreationTest" name="testConcurrentTransactionCreationForAccount1And2" time="0"/>
  <testcase classname="com.revolut.money.transfer.integration.ConcurrentlyTransactionCreationTest" name="testConcurrentTransactionCreationForAccount1And2" time="0.001"/>
  <testcase classname="com.revolut.money.transfer.integration.ConcurrentlyTransactionCreationTest" name="testConcurrentTransactionCreationForAccount1And2" time="0"/>
  <testcase classname="com.revolut.money.transfer.integration.ConcurrentlyTransactionCreationTest" name="testConcurrentTransactionCreationForAccount1And2" time="0"/>
  <testcase classname="com.revolut.money.transfer.integration.ConcurrentlyTransactionCreationTest" name="testConcurrentTransactionCreationForAccount1And2" time="0"/>
  <testcase classname="com.revolut.money.transfer.integration.ConcurrentlyTransactionCreationTest" name="testConcurrentTransactionCreationForAccount1And2" time="0"/>
  <testcase classname="com.revolut.money.transfer.integration.ConcurrentlyTransactionCreationTest" name="testConcurrentTransactionCreationForAccount1And2" time="0.001"/>
  <testcase classname="com.revolut.money.transfer.integration.ConcurrentlyTransactionCreationTest" name="testConcurrentTransactionCreationForAccount1And2" time="0"/>
  <testcase classname="com.revolut.money.transfer.integration.ConcurrentlyTransactionCreationTest" name="testConcurrentTransactionCreationForAccount1And2" time="0"/>
  <testcase classname="com.revolut.money.transfer.integration.ConcurrentlyTransactionCreationTest" name="testConcurrentTransactionCreationForAccount1And2" time="0"/>
  <testcase classname="com.revolut.money.transfer.integration.ConcurrentlyTransactionCreationTest" name="testConcurrentTransactionCreationForAccount1And2" time="0"/>
  <testcase classname="com.revolut.money.transfer.integration.ConcurrentlyTransactionCreationTest" name="testConcurrentTransactionCreationForAccount1And2" time="0.001"/>
  <testcase classname="com.revolut.money.transfer.integration.ConcurrentlyTransactionCreationTest" name="testConcurrentTransactionCreationForAccount1And2" time="0"/>
  <testcase classname="com.revolut.money.transfer.integration.ConcurrentlyTransactionCreationTest" name="testConcurrentTransactionCreationForAccount1And2" time="0"/>
  <testcase classname="com.revolut.money.transfer.integration.ConcurrentlyTransactionCreationTest" name="testConcurrentTransactionCreationForAccount1And2" time="0"/>
  <testcase classname="com.revolut.money.transfer.integration.ConcurrentlyTransactionCreationTest" name="testConcurrentTransactionCreationForAccount1And2" time="0"/>
  <testcase classname="com.revolut.money.transfer.integration.ConcurrentlyTransactionCreationTest" name="testConcurrentTransactionCreationForAccount1And2" time="0"/>
  <testcase classname="com.revolut.money.transfer.integration.ConcurrentlyTransactionCreationTest" name="testConcurrentTransactionCreationForAccount1And2" time="0"/>
  <testcase classname="com.revolut.money.transfer.integration.ConcurrentlyTransactionCreationTest" name="testConcurrentTransactionCreationForAccount1And2" time="0"/>
  <testcase classname="com.revolut.money.transfer.integration.ConcurrentlyTransactionCreationTest" name="testConcurrentTransactionCreationForAccount1And2" time="0"/>
  <testcase classname="com.revolut.money.transfer.integration.ConcurrentlyTransactionCreationTest" name="testConcurrentTransactionCreationForAccount1And2" time="0"/>
  <testcase classname="com.revolut.money.transfer.integration.ConcurrentlyTransactionCreationTest" name="testConcurrentTransactionCreationForAccount1And2" time="0.001"/>
  <testcase classname="com.revolut.money.transfer.integration.ConcurrentlyTransactionCreationTest" name="testConcurrentTransactionCreationForAccount1And2" time="0"/>
  <testcase classname="com.revolut.money.transfer.integration.ConcurrentlyTransactionCreationTest" name="testConcurrentTransactionCreationForAccount1And2" time="0"/>
  <testcase classname="com.revolut.money.transfer.integration.ConcurrentlyTransactionCreationTest" name="testConcurrentTransactionCreationForAccount1And2" time="0"/>
  <testcase classname="com.revolut.money.transfer.integration.ConcurrentlyTransactionCreationTest" name="testConcurrentTransactionCreationForAccount1And2" time="0"/>
  <testcase classname="com.revolut.money.transfer.integration.ConcurrentlyTransactionCreationTest" name="testConcurrentTransactionCreationForAccount1And2" time="0"/>
  <testcase classname="com.revolut.money.transfer.integration.ConcurrentlyTransactionCreationTest" name="testConcurrentTransactionCreationForAccount1And2" time="0.001"/>
  <testcase classname="com.revolut.money.transfer.integration.ConcurrentlyTransactionCreationTest" name="testConcurrentTransactionCreationForAccount1And2" time="0"/>
  <testcase classname="com.revolut.money.transfer.integration.ConcurrentlyTransactionCreationTest" name="testConcurrentTransactionCreationForAccount1And2" time="0"/>
  <testcase classname="com.revolut.money.transfer.integration.ConcurrentlyTransactionCreationTest" name="testConcurrentTransactionCreationForAccount1And2" time="0"/>
  <testcase classname="com.revolut.money.transfer.integration.ConcurrentlyTransactionCreationTest" name="testConcurrentTransactionCreationForAccount1And2" time="0"/>
  <testcase classname="com.revolut.money.transfer.integration.ConcurrentlyTransactionCreationTest" name="testConcurrentTransactionCreationForAccount1And2" time="0.001"/>
  <testcase classname="com.revolut.money.transfer.integration.ConcurrentlyTransactionCreationTest" name="testConcurrentTransactionCreationForAccount1And2" time="0"/>
  <testcase classname="com.revolut.money.transfer.integration.ConcurrentlyTransactionCreationTest" name="testConcurrentTransactionCreationForAccount1And2" time="0"/>
  <testcase classname="com.revolut.money.transfer.integration.ConcurrentlyTransactionCreationTest" name="testConcurrentTransactionCreationForAccount1And2" time="0"/>
  <testcase classname="com.revolut.money.transfer.integration.ConcurrentlyTransactionCreationTest" name="testConcurrentTransactionCreationForAccount1And2" time="0"/>
  <testcase classname="com.revolut.money.transfer.integration.ConcurrentlyTransactionCreationTest" name="testConcurrentTransactionCreationForAccount1And2" time="0.001"/>
  <testcase classname="com.revolut.money.transfer.integration.ConcurrentlyTransactionCreationTest" name="testConcurrentTransactionCreationForAccount1And2" time="0"/>
  <testcase classname="com.revolut.money.transfer.integration.ConcurrentlyTransactionCreationTest" name="testConcurrentTransactionCreationForAccount1And2" time="0"/>
  <testcase classname="com.revolut.money.transfer.integration.ConcurrentlyTransactionCreationTest" name="testConcurrentTransactionCreationForAccount1And2" time="0"/>
  <testcase classname="com.revolut.money.transfer.integration.ConcurrentlyTransactionCreationTest" name="testConcurrentTransactionCreationForAccount1And2" time="0.001"/>
  <testcase classname="com.revolut.money.transfer.integration.ConcurrentlyTransactionCreationTest" name="testConcurrentTransactionCreationForAccount1And2" time="0"/>
  <testcase classname="com.revolut.money.transfer.integration.ConcurrentlyTransactionCreationTest" name="testConcurrentTransactionCreationForAccount1And2" time="0"/>
  <testcase classname="com.revolut.money.transfer.integration.ConcurrentlyTransactionCreationTest" name="testConcurrentTransactionCreationForAccount1And2" time="0"/>
  <testcase classname="com.revolut.money.transfer.integration.ConcurrentlyTransactionCreationTest" name="testConcurrentTransactionCreationForAccount1And2" time="0"/>
  <testcase classname="com.revolut.money.transfer.integration.ConcurrentlyTransactionCreationTest" name="testConcurrentTransactionCreationForAccount1And2" time="0"/>
  <testcase classname="com.revolut.money.transfer.integration.ConcurrentlyTransactionCreationTest" name="testConcurrentTransactionCreationForAccount1And2" time="0.001"/>
  <testcase classname="com.revolut.money.transfer.integration.ConcurrentlyTransactionCreationTest" name="testConcurrentTransactionCreationForAccount1And2" time="0"/>
  <testcase classname="com.revolut.money.transfer.integration.ConcurrentlyTransactionCreationTest" name="testConcurrentTransactionCreationForAccount1And2" time="0"/>
  <testcase classname="com.revolut.money.transfer.integration.ConcurrentlyTransactionCreationTest" name="testConcurrentTransactionCreationForAccount1And2" time="0"/>
  <testcase classname="com.revolut.money.transfer.integration.ConcurrentlyTransactionCreationTest" name="testConcurrentTransactionCreationForAccount1And2" time="0"/>
  <testcase classname="com.revolut.money.transfer.integration.ConcurrentlyTransactionCreationTest" name="testConcurrentTransactionCreationForAccount1And2" time="0.001"/>
  <testcase classname="com.revolut.money.transfer.integration.ConcurrentlyTransactionCreationTest" name="testConcurrentTransactionCreationForAccount1And2" time="0"/>
  <testcase classname="com.revolut.money.transfer.integration.ConcurrentlyTransactionCreationTest" name="testConcurrentTransactionCreationForAccount1And2" time="0"/>
  <testcase classname="com.revolut.money.transfer.integration.ConcurrentlyTransactionCreationTest" name="testConcurrentTransactionCreationForAccount1And2" time="0"/>
  <testcase classname="com.revolut.money.transfer.integration.ConcurrentlyTransactionCreationTest" name="testConcurrentTransactionCreationForAccount1And2" time="0"/>
  <testcase classname="com.revolut.money.transfer.integration.ConcurrentlyTransactionCreationTest" name="testConcurrentTransactionCreationForAccount1And2" time="0.001"/>
  <testcase classname="com.revolut.money.transfer.integration.ConcurrentlyTransactionCreationTest" name="testConcurrentTransactionCreationForAccount1And2" time="0"/>
  <testcase classname="com.revolut.money.transfer.integration.ConcurrentlyTransactionCreationTest" name="testConcurrentTransactionCreationForAccount1And2" time="0"/>
  <testcase classname="com.revolut.money.transfer.integration.ConcurrentlyTransactionCreationTest" name="testConcurrentTransactionCreationForAccount1And2" time="0"/>
  <testcase classname="com.revolut.money.transfer.integration.ConcurrentlyTransactionCreationTest" name="testConcurrentTransactionCreationForAccount1And2" time="0"/>
  <testcase classname="com.revolut.money.transfer.integration.ConcurrentlyTransactionCreationTest" name="testConcurrentTransactionCreationForAccount1And2" time="0.001"/>
  <testcase classname="com.revolut.money.transfer.integration.ConcurrentlyTransactionCreationTest" name="testConcurrentTransactionCreationForAccount1And2" time="0"/>
  <testcase classname="com.revolut.money.transfer.integration.ConcurrentlyTransactionCreationTest" name="testConcurrentTransactionCreationForAccount1And2" time="0"/>
  <testcase classname="com.revolut.money.transfer.integration.ConcurrentlyTransactionCreationTest" name="testConcurrentTransactionCreationForAccount1And2" time="0"/>
  <testcase classname="com.revolut.money.transfer.integration.ConcurrentlyTransactionCreationTest" name="testConcurrentTransactionCreationForAccount1And2" time="0"/>
  <testcase classname="com.revolut.money.transfer.integration.ConcurrentlyTransactionCreationTest" name="testConcurrentTransactionCreationForAccount1And2" time="0.001"/>
  <testcase classname="com.revolut.money.transfer.integration.ConcurrentlyTransactionCreationTest" name="testConcurrentTransactionCreationForAccount1And2" time="0"/>
  <testcase classname="com.revolut.money.transfer.integration.ConcurrentlyTransactionCreationTest" name="testConcurrentTransactionCreationForAccount1And2" time="0"/>
  <testcase classname="com.revolut.money.transfer.integration.ConcurrentlyTransactionCreationTest" name="testConcurrentTransactionCreationForAccount1And2" time="0"/>
  <testcase classname="com.revolut.money.transfer.integration.ConcurrentlyTransactionCreationTest" name="testConcurrentTransactionCreationForAccount1And2" time="0"/>
  <testcase classname="com.revolut.money.transfer.integration.ConcurrentlyTransactionCreationTest" name="testConcurrentTransactionCreationForAccount1And2" time="0.001"/>
  <testcase classname="com.revolut.money.transfer.integration.ConcurrentlyTransactionCreationTest" name="testConcurrentTransactionCreationForAccount1And2" time="0"/>
  <testcase classname="com.revolut.money.transfer.integration.ConcurrentlyTransactionCreationTest" name="testConcurrentTransactionCreationForAccount1And2" time="0"/>
  <testcase classname="com.revolut.money.transfer.integration.ConcurrentlyTransactionCreationTest" name="testConcurrentTransactionCreationForAccount1And2" time="0"/>
  <testcase classname="com.revolut.money.transfer.integration.ConcurrentlyTransactionCreationTest" name="testConcurrentTransactionCreationForAccount1And2" time="0"/>
  <testcase classname="com.revolut.money.transfer.integration.ConcurrentlyTransactionCreationTest" name="testConcurrentTransactionCreationForAccount1And2" time="0"/>
  <testcase classname="com.revolut.money.transfer.integration.ConcurrentlyTransactionCreationTest" name="testConcurrentTransactionCreationForAccount1And2" time="0.001"/>
  <testcase classname="com.revolut.money.transfer.integration.ConcurrentlyTransactionCreationTest" name="testConcurrentTransactionCreationForAccount1And2" time="0"/>
  <testcase classname="com.revolut.money.transfer.integration.ConcurrentlyTransactionCreationTest" name="testConcurrentTransactionCreationForAccount1And2" time="0"/>
  <testcase classname="com.revolut.money.transfer.integration.ConcurrentlyTransactionCreationTest" name="testConcurrentTransactionCreationForAccount1And2" time="0"/>
  <testcase classname="com.revolut.money.transfer.integration.ConcurrentlyTransactionCreationTest" name="testConcurrentTransactionCreationForAccount1And2" time="0"/>
  <testcase classname="com.revolut.money.transfer.integration.ConcurrentlyTransactionCreationTest" name="testConcurrentTransactionCreationForAccount1And2" time="0.001"/>
  <testcase classname="com.revolut.money.transfer.integration.ConcurrentlyTransactionCreationTest" name="testConcurrentTransactionCreationForAccount1And2" time="0"/>
  <testcase classname="com.revolut.money.transfer.integration.ConcurrentlyTransactionCreationTest" name="testConcurrentTransactionCreationForAccount1And2" time="0"/>
  <testcase classname="com.revolut.money.transfer.integration.ConcurrentlyTransactionCreationTest" name="testConcurrentTransactionCreationForAccount1And2" time="0"/>
  <testcase classname="com.revolut.money.transfer.integration.ConcurrentlyTransactionCreationTest" name="testConcurrentTransactionCreationForAccount1And2" time="0"/>
  <testcase classname="com.revolut.money.transfer.integration.ConcurrentlyTransactionCreationTest" name="testConcurrentTransactionCreationForAccount1And2" time="0.001"/>
  <testcase classname="com.revolut.money.transfer.integration.ConcurrentlyTransactionCreationTest" name="testConcurrentTransactionCreationForAccount1And2" time="0"/>
  <testcase classname="com.revolut.money.transfer.integration.ConcurrentlyTransactionCreationTest" name="testConcurrentTransactionCreationForAccount1And2" time="0"/>
  <testcase classname="com.revolut.money.transfer.integration.ConcurrentlyTransactionCreationTest" name="testConcurrentTransactionCreationForAccount1And2" time="0"/>
  <testcase classname="com.revolut.money.transfer.integration.ConcurrentlyTransactionCreationTest" name="testConcurrentTransactionCreationForAccount1And2" time="0"/>
  <testcase classname="com.revolut.money.transfer.integration.ConcurrentlyTransactionCreationTest" name="testConcurrentTransactionCreationForAccount1And2" time="0"/>
  <testcase classname="com.revolut.money.transfer.integration.ConcurrentlyTransactionCreationTest" name="testConcurrentTransactionCreationForAccount1And2" time="0"/>
  <testcase classname="com.revolut.money.transfer.integration.ConcurrentlyTransactionCreationTest" name="testConcurrentTransactionCreationForAccount1And2" time="0"/>
  <testcase classname="com.revolut.money.transfer.integration.ConcurrentlyTransactionCreationTest" name="testConcurrentTransactionCreationForAccount1And2" time="0"/>
  <testcase classname="com.revolut.money.transfer.integration.ConcurrentlyTransactionCreationTest" name="testConcurrentTransactionCreationForAccount1And2" time="0"/>
  <testcase classname="com.revolut.money.transfer.integration.ConcurrentlyTransactionCreationTest" name="testConcurrentTransactionCreationForAccount1And2" time="0"/>
  <testcase classname="com.revolut.money.transfer.integration.ConcurrentlyTransactionCreationTest" name="testConcurrentTransactionCreationForAccount1And2" time="0.001"/>
  <testcase classname="com.revolut.money.transfer.integration.ConcurrentlyTransactionCreationTest" name="testConcurrentTransactionCreationForAccount1And2" time="0"/>
  <testcase classname="com.revolut.money.transfer.integration.ConcurrentlyTransactionCreationTest" name="testConcurrentTransactionCreationForAccount1And2" time="0"/>
  <testcase classname="com.revolut.money.transfer.integration.ConcurrentlyTransactionCreationTest" name="testConcurrentTransactionCreationForAccount1And2" time="0"/>
  <testcase classname="com.revolut.money.transfer.integration.ConcurrentlyTransactionCreationTest" name="testConcurrentTransactionCreationForAccount1And2" time="0"/>
  <testcase classname="com.revolut.money.transfer.integration.ConcurrentlyTransactionCreationTest" name="testConcurrentTransactionCreationForAccount1And2" time="0.001"/>
  <testcase classname="com.revolut.money.transfer.integration.ConcurrentlyTransactionCreationTest" name="testConcurrentTransactionCreationForAccount1And2" time="0"/>
  <testcase classname="com.revolut.money.transfer.integration.ConcurrentlyTransactionCreationTest" name="testConcurrentTransactionCreationForAccount1And2" time="0"/>
  <testcase classname="com.revolut.money.transfer.integration.ConcurrentlyTransactionCreationTest" name="testConcurrentTransactionCreationForAccount1And2" time="0"/>
  <testcase classname="com.revolut.money.transfer.integration.ConcurrentlyTransactionCreationTest" name="testConcurrentTransactionCreationForAccount1And2" time="0"/>
  <testcase classname="com.revolut.money.transfer.integration.ConcurrentlyTransactionCreationTest" name="testConcurrentTransactionCreationForAccount1And2" time="0.001"/>
  <testcase classname="com.revolut.money.transfer.integration.ConcurrentlyTransactionCreationTest" name="testConcurrentTransactionCreationForAccount1And2" time="0"/>
  <testcase classname="com.revolut.money.transfer.integration.ConcurrentlyTransactionCreationTest" name="testConcurrentTransactionCreationForAccount1And2" time="0"/>
  <testcase classname="com.revolut.money.transfer.integration.ConcurrentlyTransactionCreationTest" name="testConcurrentTransactionCreationForAccount1And2" time="0"/>
  <testcase classname="com.revolut.money.transfer.integration.ConcurrentlyTransactionCreationTest" name="testConcurrentTransactionCreationForAccount1And2" time="0"/>
  <testcase classname="com.revolut.money.transfer.integration.ConcurrentlyTransactionCreationTest" name="testConcurrentTransactionCreationForAccount1And2" time="0.001"/>
  <testcase classname="com.revolut.money.transfer.integration.ConcurrentlyTransactionCreationTest" name="testConcurrentTransactionCreationForAccount1And2" time="0"/>
  <testcase classname="com.revolut.money.transfer.integration.ConcurrentlyTransactionCreationTest" name="testConcurrentTransactionCreationForAccount1And2" time="0"/>
  <testcase classname="com.revolut.money.transfer.integration.ConcurrentlyTransactionCreationTest" name="testConcurrentTransactionCreationForAccount1And2" time="0"/>
  <testcase classname="com.revolut.money.transfer.integration.ConcurrentlyTransactionCreationTest" name="testConcurrentTransactionCreationForAccount1And2" time="0"/>
  <testcase classname="com.revolut.money.transfer.integration.ConcurrentlyTransactionCreationTest" name="testConcurrentTransactionCreationForAccount1And2" time="0.001"/>
  <testcase classname="com.revolut.money.transfer.integration.ConcurrentlyTransactionCreationTest" name="testConcurrentTransactionCreationForAccount1And2" time="0"/>
  <testcase classname="com.revolut.money.transfer.integration.ConcurrentlyTransactionCreationTest" name="testConcurrentTransactionCreationForAccount1And2" time="0"/>
  <testcase classname="com.revolut.money.transfer.integration.ConcurrentlyTransactionCreationTest" name="testConcurrentTransactionCreationForAccount1And2" time="0"/>
  <testcase classname="com.revolut.money.transfer.integration.ConcurrentlyTransactionCreationTest" name="testConcurrentTransactionCreationForAccount1And2" time="0"/>
  <testcase classname="com.revolut.money.transfer.integration.ConcurrentlyTransactionCreationTest" name="testConcurrentTransactionCreationForAccount1And2" time="0.001"/>
  <testcase classname="com.revolut.money.transfer.integration.ConcurrentlyTransactionCreationTest" name="testConcurrentTransactionCreationForAccount1And2" time="0"/>
  <testcase classname="com.revolut.money.transfer.integration.ConcurrentlyTransactionCreationTest" name="testConcurrentTransactionCreationForAccount1And2" time="0"/>
  <testcase classname="com.revolut.money.transfer.integration.ConcurrentlyTransactionCreationTest" name="testConcurrentTransactionCreationForAccount1And2" time="0"/>
  <testcase classname="com.revolut.money.transfer.integration.ConcurrentlyTransactionCreationTest" name="testConcurrentTransactionCreationForAccount1And2" time="0"/>
  <testcase classname="com.revolut.money.transfer.integration.ConcurrentlyTransactionCreationTest" name="testConcurrentTransactionCreationForAccount1And2" time="0.001"/>
  <testcase classname="com.revolut.money.transfer.integration.ConcurrentlyTransactionCreationTest" name="testConcurrentTransactionCreationForAccount1And2" time="0"/>
  <testcase classname="com.revolut.money.transfer.integration.ConcurrentlyTransactionCreationTest" name="testConcurrentTransactionCreationForAccount1And2" time="0"/>
  <testcase classname="com.revolut.money.transfer.integration.ConcurrentlyTransactionCreationTest" name="testConcurrentTransactionCreationForAccount1And2" time="0"/>
  <testcase classname="com.revolut.money.transfer.integration.ConcurrentlyTransactionCreationTest" name="testConcurrentTransactionCreationForAccount1And2" time="0.001"/>
  <testcase classname="com.revolut.money.transfer.integration.ConcurrentlyTransactionCreationTest" name="testConcurrentTransactionCreationForAccount1And2" time="0"/>
  <testcase classname="com.revolut.money.transfer.integration.ConcurrentlyTransactionCreationTest" name="testConcurrentTransactionCreationForAccount1And2" time="0"/>
  <testcase classname="com.revolut.money.transfer.integration.ConcurrentlyTransactionCreationTest" name="testConcurrentTransactionCreationForAccount1And2" time="0"/>
  <testcase classname="com.revolut.money.transfer.integration.ConcurrentlyTransactionCreationTest" name="testConcurrentTransactionCreationForAccount1And2" time="0"/>
  <testcase classname="com.revolut.money.transfer.integration.ConcurrentlyTransactionCreationTest" name="testConcurrentTransactionCreationForAccount1And2" time="0"/>
  <testcase classname="com.revolut.money.transfer.integration.ConcurrentlyTransactionCreationTest" name="testConcurrentTransactionCreationForAccount1And2" time="0"/>
  <testcase classname="com.revolut.money.transfer.integration.ConcurrentlyTransactionCreationTest" name="testConcurrentTransactionCreationForAccount1And2" time="0"/>
  <testcase classname="com.revolut.money.transfer.integration.ConcurrentlyTransactionCreationTest" name="testConcurrentTransactionCreationForAccount1And2" time="0"/>
  <testcase classname="com.revolut.money.transfer.integration.ConcurrentlyTransactionCreationTest" name="testConcurrentTransactionCreationForAccount1And2" time="0"/>
  <testcase classname="com.revolut.money.transfer.integration.ConcurrentlyTransactionCreationTest" name="testConcurrentTransactionCreationForAccount1And2" time="0"/>
  <testcase classname="com.revolut.money.transfer.integration.ConcurrentlyTransactionCreationTest" name="testConcurrentTransactionCreationForAccount1And2" time="0.001"/>
  <testcase classname="com.revolut.money.transfer.integration.ConcurrentlyTransactionCreationTest" name="testConcurrentTransactionCreationForAccount1And2" time="0"/>
  <testcase classname="com.revolut.money.transfer.integration.ConcurrentlyTransactionCreationTest" name="testConcurrentTransactionCreationForAccount1And2" time="0"/>
  <testcase classname="com.revolut.money.transfer.integration.ConcurrentlyTransactionCreationTest" name="testConcurrentTransactionCreationForAccount1And2" time="0"/>
  <testcase classname="com.revolut.money.transfer.integration.ConcurrentlyTransactionCreationTest" name="testConcurrentTransactionCreationForAccount1And2" time="0"/>
  <testcase classname="com.revolut.money.transfer.integration.ConcurrentlyTransactionCreationTest" name="testConcurrentTransactionCreationForAccount1And2" time="0.001"/>
  <testcase classname="com.revolut.money.transfer.integration.ConcurrentlyTransactionCreationTest" name="testConcurrentTransactionCreationForAccount1And2" time="0"/>
  <testcase classname="com.revolut.money.transfer.integration.ConcurrentlyTransactionCreationTest" name="testConcurrentTransactionCreationForAccount1And2" time="0"/>
  <testcase classname="com.revolut.money.transfer.integration.ConcurrentlyTransactionCreationTest" name="testConcurrentTransactionCreationForAccount1And2" time="0"/>
  <testcase classname="com.revolut.money.transfer.integration.ConcurrentlyTransactionCreationTest" name="testConcurrentTransactionCreationForAccount1And2" time="0"/>
  <testcase classname="com.revolut.money.transfer.integration.ConcurrentlyTransactionCreationTest" name="testConcurrentTransactionCreationForAccount1And2" time="0"/>
  <testcase classname="com.revolut.money.transfer.integration.ConcurrentlyTransactionCreationTest" name="testConcurrentTransactionCreationForAccount1And2" time="0"/>
  <testcase classname="com.revolut.money.transfer.integration.ConcurrentlyTransactionCreationTest" name="testConcurrentTransactionCreationForAccount1And2" time="0"/>
  <testcase classname="com.revolut.money.transfer.integration.ConcurrentlyTransactionCreationTest" name="testConcurrentTransactionCreationForAccount1And2" time="0"/>
  <testcase classname="com.revolut.money.transfer.integration.ConcurrentlyTransactionCreationTest" name="testConcurrentTransactionCreationForAccount1And2" time="0.001"/>
  <testcase classname="com.revolut.money.transfer.integration.ConcurrentlyTransactionCreationTest" name="testConcurrentTransactionCreationForAccount1And2" time="0"/>
  <testcase classname="com.revolut.money.transfer.integration.ConcurrentlyTransactionCreationTest" name="testConcurrentTransactionCreationForAccount1And2" time="0"/>
  <testcase classname="com.revolut.money.transfer.integration.ConcurrentlyTransactionCreationTest" name="testConcurrentTransactionCreationForAccount1And2" time="0"/>
  <testcase classname="com.revolut.money.transfer.integration.ConcurrentlyTransactionCreationTest" name="testConcurrentTransactionCreationForAccount1And2" time="0"/>
  <testcase classname="com.revolut.money.transfer.integration.ConcurrentlyTransactionCreationTest" name="testConcurrentTransactionCreationForAccount1And2" time="0.001"/>
  <testcase classname="com.revolut.money.transfer.integration.ConcurrentlyTransactionCreationTest" name="testConcurrentTransactionCreationForAccount1And2" time="0"/>
  <testcase classname="com.revolut.money.transfer.integration.ConcurrentlyTransactionCreationTest" name="testConcurrentTransactionCreationForAccount1And2" time="0"/>
  <testcase classname="com.revolut.money.transfer.integration.ConcurrentlyTransactionCreationTest" name="testConcurrentTransactionCreationForAccount1And2" time="0"/>
  <testcase classname="com.revolut.money.transfer.integration.ConcurrentlyTransactionCreationTest" name="testConcurrentTransactionCreationForAccount1And2" time="0"/>
  <testcase classname="com.revolut.money.transfer.integration.ConcurrentlyTransactionCreationTest" name="testConcurrentTransactionCreationForAccount1And2" time="0.001"/>
  <testcase classname="com.revolut.money.transfer.integration.ConcurrentlyTransactionCreationTest" name="testConcurrentTransactionCreationForAccount1And2" time="0"/>
  <testcase classname="com.revolut.money.transfer.integration.ConcurrentlyTransactionCreationTest" name="testConcurrentTransactionCreationForAccount1And2" time="0"/>
  <testcase classname="com.revolut.money.transfer.integration.ConcurrentlyTransactionCreationTest" name="testConcurrentTransactionCreationForAccount1And2" time="0"/>
  <testcase classname="com.revolut.money.transfer.integration.ConcurrentlyTransactionCreationTest" name="testConcurrentTransactionCreationForAccount1And2" time="0"/>
  <testcase classname="com.revolut.money.transfer.integration.ConcurrentlyTransactionCreationTest" name="testConcurrentTransactionCreationForAccount1And2" time="0"/>
  <testcase classname="com.revolut.money.transfer.integration.ConcurrentlyTransactionCreationTest" name="testConcurrentTransactionCreationForAccount1And2" time="0.001"/>
  <testcase classname="com.revolut.money.transfer.integration.ConcurrentlyTransactionCreationTest" name="testConcurrentTransactionCreationForAccount1And2" time="0"/>
  <testcase classname="com.revolut.money.transfer.integration.ConcurrentlyTransactionCreationTest" name="testConcurrentTransactionCreationForAccount1And2" time="0"/>
  <testcase classname="com.revolut.money.transfer.integration.ConcurrentlyTransactionCreationTest" name="testConcurrentTransactionCreationForAccount1And2" time="0"/>
  <testcase classname="com.revolut.money.transfer.integration.ConcurrentlyTransactionCreationTest" name="testConcurrentTransactionCreationForAccount1And2" time="0"/>
  <testcase classname="com.revolut.money.transfer.integration.ConcurrentlyTransactionCreationTest" name="testConcurrentTransactionCreationForAccount1And2" time="0.001"/>
  <testcase classname="com.revolut.money.transfer.integration.ConcurrentlyTransactionCreationTest" name="testConcurrentTransactionCreationForAccount1And2" time="0"/>
  <testcase classname="com.revolut.money.transfer.integration.ConcurrentlyTransactionCreationTest" name="testConcurrentTransactionCreationForAccount1And2" time="0"/>
  <testcase classname="com.revolut.money.transfer.integration.ConcurrentlyTransactionCreationTest" name="testConcurrentTransactionCreationForAccount1And2" time="0"/>
  <testcase classname="com.revolut.money.transfer.integration.ConcurrentlyTransactionCreationTest" name="testConcurrentTransactionCreationForAccount1And2" time="0"/>
  <testcase classname="com.revolut.money.transfer.integration.ConcurrentlyTransactionCreationTest" name="testConcurrentTransactionCreationForAccount1And2" time="0"/>
  <testcase classname="com.revolut.money.transfer.integration.ConcurrentlyTransactionCreationTest" name="testConcurrentTransactionCreationForAccount1And2" time="0.001"/>
  <testcase classname="com.revolut.money.transfer.integration.ConcurrentlyTransactionCreationTest" name="testConcurrentTransactionCreationForAccount1And2" time="0"/>
  <testcase classname="com.revolut.money.transfer.integration.ConcurrentlyTransactionCreationTest" name="testConcurrentTransactionCreationForAccount1And2" time="0"/>
  <testcase classname="com.revolut.money.transfer.integration.ConcurrentlyTransactionCreationTest" name="testConcurrentTransactionCreationForAccount1And2" time="0"/>
  <testcase classname="com.revolut.money.transfer.integration.ConcurrentlyTransactionCreationTest" name="testConcurrentTransactionCreationForAccount1And2" time="0"/>
  <testcase classname="com.revolut.money.transfer.integration.ConcurrentlyTransactionCreationTest" name="testConcurrentTransactionCreationForAccount1And2" time="0.001"/>
  <testcase classname="com.revolut.money.transfer.integration.ConcurrentlyTransactionCreationTest" name="testConcurrentTransactionCreationForAccount1And2" time="0"/>
  <testcase classname="com.revolut.money.transfer.integration.ConcurrentlyTransactionCreationTest" name="testConcurrentTransactionCreationForAccount1And2" time="0"/>
  <testcase classname="com.revolut.money.transfer.integration.ConcurrentlyTransactionCreationTest" name="testConcurrentTransactionCreationForAccount1And2" time="0"/>
  <testcase classname="com.revolut.money.transfer.integration.ConcurrentlyTransactionCreationTest" name="testConcurrentTransactionCreationForAccount1And2" time="0"/>
  <testcase classname="com.revolut.money.transfer.integration.ConcurrentlyTransactionCreationTest" name="testConcurrentTransactionCreationForAccount1And2" time="0.001"/>
  <testcase classname="com.revolut.money.transfer.integration.ConcurrentlyTransactionCreationTest" name="testConcurrentTransactionCreationForAccount1And2" time="0"/>
  <testcase classname="com.revolut.money.transfer.integration.ConcurrentlyTransactionCreationTest" name="testConcurrentTransactionCreationForAccount1And2" time="0"/>
  <testcase classname="com.revolut.money.transfer.integration.ConcurrentlyTransactionCreationTest" name="testConcurrentTransactionCreationForAccount1And2" time="0"/>
  <testcase classname="com.revolut.money.transfer.integration.ConcurrentlyTransactionCreationTest" name="testConcurrentTransactionCreationForAccount1And2" time="0"/>
  <testcase classname="com.revolut.money.transfer.integration.ConcurrentlyTransactionCreationTest" name="testConcurrentTransactionCreationForAccount1And2" time="0"/>
  <testcase classname="com.revolut.money.transfer.integration.ConcurrentlyTransactionCreationTest" name="testConcurrentTransactionCreationForAccount1And2" time="0"/>
  <testcase classname="com.revolut.money.transfer.integration.ConcurrentlyTransactionCreationTest" name="testConcurrentTransactionCreationForAccount1And2" time="0"/>
  <testcase classname="com.revolut.money.transfer.integration.ConcurrentlyTransactionCreationTest" name="testConcurrentTransactionCreationForAccount1And2" time="0"/>
  <testcase classname="com.revolut.money.transfer.integration.ConcurrentlyTransactionCreationTest" name="testConcurrentTransactionCreationForAccount1And2" time="0"/>
  <testcase classname="com.revolut.money.transfer.integration.ConcurrentlyTransactionCreationTest" name="testConcurrentTransactionCreationForAccount1And2" time="0"/>
  <testcase classname="com.revolut.money.transfer.integration.ConcurrentlyTransactionCreationTest" name="testConcurrentTransactionCreationForAccount1And2" time="0"/>
  <testcase classname="com.revolut.money.transfer.integration.ConcurrentlyTransactionCreationTest" name="testConcurrentTransactionCreationForAccount1And2" time="0"/>
  <testcase classname="com.revolut.money.transfer.integration.ConcurrentlyTransactionCreationTest" name="testConcurrentTransactionCreationForAccount1And2" time="0"/>
  <testcase classname="com.revolut.money.transfer.integration.ConcurrentlyTransactionCreationTest" name="testConcurrentTransactionCreationForAccount1And2" time="0"/>
  <testcase classname="com.revolut.money.transfer.integration.ConcurrentlyTransactionCreationTest" name="testConcurrentTransactionCreationForAccount1And2" time="0"/>
  <testcase classname="com.revolut.money.transfer.integration.ConcurrentlyTransactionCreationTest" name="testConcurrentTransactionCreationForAccount1And2" time="0"/>
  <testcase classname="com.revolut.money.transfer.integration.ConcurrentlyTransactionCreationTest" name="testConcurrentTransactionCreationForAccount1And2" time="0"/>
  <testcase classname="com.revolut.money.transfer.integration.ConcurrentlyTransactionCreationTest" name="testConcurrentTransactionCreationForAccount1And2" time="0"/>
  <testcase classname="com.revolut.money.transfer.integration.ConcurrentlyTransactionCreationTest" name="testConcurrentTransactionCreationForAccount1And2" time="0"/>
  <testcase classname="com.revolut.money.transfer.integration.ConcurrentlyTransactionCreationTest" name="testConcurrentTransactionCreationForAccount1And2" time="0"/>
  <testcase classname="com.revolut.money.transfer.integration.ConcurrentlyTransactionCreationTest" name="testConcurrentTransactionCreationForAccount1And2" time="0"/>
  <testcase classname="com.revolut.money.transfer.integration.ConcurrentlyTransactionCreationTest" name="testConcurrentTransactionCreationForAccount1And2" time="0"/>
  <testcase classname="com.revolut.money.transfer.integration.ConcurrentlyTransactionCreationTest" name="testConcurrentTransactionCreationForAccount1And2" time="0"/>
  <testcase classname="com.revolut.money.transfer.integration.ConcurrentlyTransactionCreationTest" name="testConcurrentTransactionCreationForAccount1And2" time="0"/>
  <testcase classname="com.revolut.money.transfer.integration.ConcurrentlyTransactionCreationTest" name="testConcurrentTransactionCreationForAccount1And2" time="0"/>
  <testcase classname="com.revolut.money.transfer.integration.ConcurrentlyTransactionCreationTest" name="testConcurrentTransactionCreationForAccount1And2" time="0"/>
  <testcase classname="com.revolut.money.transfer.integration.ConcurrentlyTransactionCreationTest" name="testConcurrentTransactionCreationForAccount1And2" time="0"/>
  <testcase classname="com.revolut.money.transfer.integration.ConcurrentlyTransactionCreationTest" name="testConcurrentTransactionCreationForAccount1And2" time="0"/>
  <testcase classname="com.revolut.money.transfer.integration.ConcurrentlyTransactionCreationTest" name="testConcurrentTransactionCreationForAccount1And2" time="0"/>
  <testcase classname="com.revolut.money.transfer.integration.ConcurrentlyTransactionCreationTest" name="testConcurrentTransactionCreationForAccount1And2" time="0"/>
  <testcase classname="com.revolut.money.transfer.integration.ConcurrentlyTransactionCreationTest" name="testConcurrentTransactionCreationForAccount1And2" time="0"/>
  <testcase classname="com.revolut.money.transfer.integration.ConcurrentlyTransactionCreationTest" name="testConcurrentTransactionCreationForAccount1And2" time="0.001"/>
  <testcase classname="com.revolut.money.transfer.integration.ConcurrentlyTransactionCreationTest" name="testConcurrentTransactionCreationForAccount1And2" time="0"/>
  <testcase classname="com.revolut.money.transfer.integration.ConcurrentlyTransactionCreationTest" name="testConcurrentTransactionCreationForAccount1And2" time="0"/>
  <testcase classname="com.revolut.money.transfer.integration.ConcurrentlyTransactionCreationTest" name="testConcurrentTransactionCreationForAccount1And2" time="0"/>
  <testcase classname="com.revolut.money.transfer.integration.ConcurrentlyTransactionCreationTest" name="testConcurrentTransactionCreationForAccount1And2" time="0"/>
  <testcase classname="com.revolut.money.transfer.integration.ConcurrentlyTransactionCreationTest" name="testConcurrentTransactionCreationForAccount1And2" time="0"/>
  <testcase classname="com.revolut.money.transfer.integration.ConcurrentlyTransactionCreationTest" name="testConcurrentTransactionCreationForAccount1And2" time="0"/>
  <testcase classname="com.revolut.money.transfer.integration.ConcurrentlyTransactionCreationTest" name="testConcurrentTransactionCreationForAccount1And2" time="0"/>
  <testcase classname="com.revolut.money.transfer.integration.ConcurrentlyTransactionCreationTest" name="testConcurrentTransactionCreationForAccount1And2" time="0"/>
  <testcase classname="com.revolut.money.transfer.integration.ConcurrentlyTransactionCreationTest" name="testConcurrentTransactionCreationForAccount1And2" time="0.001"/>
  <testcase classname="com.revolut.money.transfer.integration.ConcurrentlyTransactionCreationTest" name="testConcurrentTransactionCreationForAccount1And2" time="0"/>
  <testcase classname="com.revolut.money.transfer.integration.ConcurrentlyTransactionCreationTest" name="testConcurrentTransactionCreationForAccount1And2" time="0"/>
  <testcase classname="com.revolut.money.transfer.integration.ConcurrentlyTransactionCreationTest" name="testConcurrentTransactionCreationForAccount1And2" time="0"/>
  <testcase classname="com.revolut.money.transfer.integration.ConcurrentlyTransactionCreationTest" name="testConcurrentTransactionCreationForAccount1And2" time="0"/>
  <testcase classname="com.revolut.money.transfer.integration.ConcurrentlyTransactionCreationTest" name="testConcurrentTransactionCreationForAccount1And2" time="0"/>
  <testcase classname="com.revolut.money.transfer.integration.ConcurrentlyTransactionCreationTest" name="testConcurrentTransactionCreationForAccount1And2" time="0"/>
  <testcase classname="com.revolut.money.transfer.integration.ConcurrentlyTransactionCreationTest" name="testConcurrentTransactionCreationForAccount1And2" time="0"/>
  <testcase classname="com.revolut.money.transfer.integration.ConcurrentlyTransactionCreationTest" name="testConcurrentTransactionCreationForAccount1And2" time="0"/>
  <testcase classname="com.revolut.money.transfer.integration.ConcurrentlyTransactionCreationTest" name="testConcurrentTransactionCreationForAccount1And2" time="0.001"/>
  <testcase classname="com.revolut.money.transfer.integration.ConcurrentlyTransactionCreationTest" name="testConcurrentTransactionCreationForAccount1And2" time="0"/>
  <testcase classname="com.revolut.money.transfer.integration.ConcurrentlyTransactionCreationTest" name="testConcurrentTransactionCreationForAccount1And2" time="0"/>
  <testcase classname="com.revolut.money.transfer.integration.ConcurrentlyTransactionCreationTest" name="testConcurrentTransactionCreationForAccount1And2" time="0"/>
  <testcase classname="com.revolut.money.transfer.integration.ConcurrentlyTransactionCreationTest" name="testConcurrentTransactionCreationForAccount1And2" time="0"/>
  <testcase classname="com.revolut.money.transfer.integration.ConcurrentlyTransactionCreationTest" name="testConcurrentTransactionCreationForAccount1And2" time="0"/>
  <testcase classname="com.revolut.money.transfer.integration.ConcurrentlyTransactionCreationTest" name="testConcurrentTransactionCreationForAccount1And2" time="0.001"/>
  <testcase classname="com.revolut.money.transfer.integration.ConcurrentlyTransactionCreationTest" name="testConcurrentTransactionCreationForAccount1And2" time="0"/>
  <testcase classname="com.revolut.money.transfer.integration.ConcurrentlyTransactionCreationTest" name="testConcurrentTransactionCreationForAccount1And2" time="0"/>
  <testcase classname="com.revolut.money.transfer.integration.ConcurrentlyTransactionCreationTest" name="testConcurrentTransactionCreationForAccount1And2" time="0"/>
  <testcase classname="com.revolut.money.transfer.integration.ConcurrentlyTransactionCreationTest" name="testConcurrentTransactionCreationForAccount1And2" time="0"/>
  <testcase classname="com.revolut.money.transfer.integration.ConcurrentlyTransactionCreationTest" name="testConcurrentTransactionCreationForAccount1And2" time="0.001"/>
  <testcase classname="com.revolut.money.transfer.integration.ConcurrentlyTransactionCreationTest" name="testConcurrentTransactionCreationForAccount1And2" time="0"/>
  <testcase classname="com.revolut.money.transfer.integration.ConcurrentlyTransactionCreationTest" name="testConcurrentTransactionCreationForAccount1And2" time="0"/>
  <testcase classname="com.revolut.money.transfer.integration.ConcurrentlyTransactionCreationTest" name="testConcurrentTransactionCreationForAccount1And2" time="0"/>
  <testcase classname="com.revolut.money.transfer.integration.ConcurrentlyTransactionCreationTest" name="testConcurrentTransactionCreationForAccount1And2" time="0"/>
  <testcase classname="com.revolut.money.transfer.integration.ConcurrentlyTransactionCreationTest" name="testConcurrentTransactionCreationForAccount1And2" time="0.001"/>
  <testcase classname="com.revolut.money.transfer.integration.ConcurrentlyTransactionCreationTest" name="testConcurrentTransactionCreationForAccount1And2" time="0"/>
  <testcase classname="com.revolut.money.transfer.integration.ConcurrentlyTransactionCreationTest" name="testConcurrentTransactionCreationForAccount1And2" time="0"/>
  <testcase classname="com.revolut.money.transfer.integration.ConcurrentlyTransactionCreationTest" name="testConcurrentTransactionCreationForAccount1And2" time="0"/>
  <testcase classname="com.revolut.money.transfer.integration.ConcurrentlyTransactionCreationTest" name="testConcurrentTransactionCreationForAccount1And2" time="0"/>
  <testcase classname="com.revolut.money.transfer.integration.ConcurrentlyTransactionCreationTest" name="testConcurrentTransactionCreationForAccount1And2" time="0.001"/>
  <testcase classname="com.revolut.money.transfer.integration.ConcurrentlyTransactionCreationTest" name="testConcurrentTransactionCreationForAccount1And2" time="0"/>
  <testcase classname="com.revolut.money.transfer.integration.ConcurrentlyTransactionCreationTest" name="testConcurrentTransactionCreationForAccount1And2" time="0"/>
  <testcase classname="com.revolut.money.transfer.integration.ConcurrentlyTransactionCreationTest" name="testConcurrentTransactionCreationForAccount1And2" time="0"/>
  <testcase classname="com.revolut.money.transfer.integration.ConcurrentlyTransactionCreationTest" name="testConcurrentTransactionCreationForAccount1And2" time="0"/>
  <testcase classname="com.revolut.money.transfer.integration.ConcurrentlyTransactionCreationTest" name="testConcurrentTransactionCreationForAccount1And2" time="0"/>
  <testcase classname="com.revolut.money.transfer.integration.ConcurrentlyTransactionCreationTest" name="testConcurrentTransactionCreationForAccount1And2" time="0.001"/>
  <testcase classname="com.revolut.money.transfer.integration.ConcurrentlyTransactionCreationTest" name="testConcurrentTransactionCreationForAccount1And2" time="0"/>
  <testcase classname="com.revolut.money.transfer.integration.ConcurrentlyTransactionCreationTest" name="testConcurrentTransactionCreationForAccount1And2" time="0"/>
  <testcase classname="com.revolut.money.transfer.integration.ConcurrentlyTransactionCreationTest" name="testConcurrentTransactionCreationForAccount1And2" time="0"/>
  <testcase classname="com.revolut.money.transfer.integration.ConcurrentlyTransactionCreationTest" name="testConcurrentTransactionCreationForAccount1And2" time="0"/>
  <testcase classname="com.revolut.money.transfer.integration.ConcurrentlyTransactionCreationTest" name="testConcurrentTransactionCreationForAccount1And2" time="0"/>
  <testcase classname="com.revolut.money.transfer.integration.ConcurrentlyTransactionCreationTest" name="testConcurrentTransactionCreationForAccount1And2" time="0"/>
  <testcase classname="com.revolut.money.transfer.integration.ConcurrentlyTransactionCreationTest" name="testConcurrentTransactionCreationForAccount1And2" time="0"/>
  <testcase classname="com.revolut.money.transfer.integration.ConcurrentlyTransactionCreationTest" name="testConcurrentTransactionCreationForAccount1And2" time="0"/>
  <testcase classname="com.revolut.money.transfer.integration.ConcurrentlyTransactionCreationTest" name="testConcurrentTransactionCreationForAccount1And2" time="0"/>
  <testcase classname="com.revolut.money.transfer.integration.ConcurrentlyTransactionCreationTest" name="testConcurrentTransactionCreationForAccount1And2" time="0.001"/>
  <testcase classname="com.revolut.money.transfer.integration.ConcurrentlyTransactionCreationTest" name="testConcurrentTransactionCreationForAccount1And2" time="0"/>
  <testcase classname="com.revolut.money.transfer.integration.ConcurrentlyTransactionCreationTest" name="testConcurrentTransactionCreationForAccount1And2" time="0"/>
  <testcase classname="com.revolut.money.transfer.integration.ConcurrentlyTransactionCreationTest" name="testConcurrentTransactionCreationForAccount1And2" time="0"/>
  <testcase classname="com.revolut.money.transfer.integration.ConcurrentlyTransactionCreationTest" name="testConcurrentTransactionCreationForAccount1And2" time="0.001"/>
  <testcase classname="com.revolut.money.transfer.integration.ConcurrentlyTransactionCreationTest" name="testConcurrentTransactionCreationForAccount1And2" time="0"/>
  <testcase classname="com.revolut.money.transfer.integration.ConcurrentlyTransactionCreationTest" name="testConcurrentTransactionCreationForAccount1And2" time="0"/>
  <testcase classname="com.revolut.money.transfer.integration.ConcurrentlyTransactionCreationTest" name="testConcurrentTransactionCreationForAccount1And2" time="0"/>
  <testcase classname="com.revolut.money.transfer.integration.ConcurrentlyTransactionCreationTest" name="testConcurrentTransactionCreationForAccount1And2" time="0"/>
  <testcase classname="com.revolut.money.transfer.integration.ConcurrentlyTransactionCreationTest" name="testConcurrentTransactionCreationForAccount1And2" time="0"/>
  <testcase classname="com.revolut.money.transfer.integration.ConcurrentlyTransactionCreationTest" name="testConcurrentTransactionCreationForAccount1And2" time="0"/>
  <testcase classname="com.revolut.money.transfer.integration.ConcurrentlyTransactionCreationTest" name="testConcurrentTransactionCreationForAccount1And2" time="0"/>
  <testcase classname="com.revolut.money.transfer.integration.ConcurrentlyTransactionCreationTest" name="testConcurrentTransactionCreationForAccount1And2" time="0"/>
  <testcase classname="com.revolut.money.transfer.integration.ConcurrentlyTransactionCreationTest" name="testConcurrentTransactionCreationForAccount1And2" time="0"/>
  <testcase classname="com.revolut.money.transfer.integration.ConcurrentlyTransactionCreationTest" name="testConcurrentTransactionCreationForAccount1And2" time="0"/>
  <testcase classname="com.revolut.money.transfer.integration.ConcurrentlyTransactionCreationTest" name="testConcurrentTransactionCreationForAccount1And2" time="0"/>
  <testcase classname="com.revolut.money.transfer.integration.ConcurrentlyTransactionCreationTest" name="testConcurrentTransactionCreationForAccount1And2" time="0"/>
  <testcase classname="com.revolut.money.transfer.integration.ConcurrentlyTransactionCreationTest" name="testConcurrentTransactionCreationForAccount1And2" time="0.001"/>
  <testcase classname="com.revolut.money.transfer.integration.ConcurrentlyTransactionCreationTest" name="testConcurrentTransactionCreationForAccount1And2" time="0"/>
  <testcase classname="com.revolut.money.transfer.integration.ConcurrentlyTransactionCreationTest" name="testConcurrentTransactionCreationForAccount1And2" time="0"/>
  <testcase classname="com.revolut.money.transfer.integration.ConcurrentlyTransactionCreationTest" name="testConcurrentTransactionCreationForAccount1And2" time="0"/>
  <testcase classname="com.revolut.money.transfer.integration.ConcurrentlyTransactionCreationTest" name="testConcurrentTransactionCreationForAccount1And2" time="0"/>
  <testcase classname="com.revolut.money.transfer.integration.ConcurrentlyTransactionCreationTest" name="testConcurrentTransactionCreationForAccount1And2" time="0.001"/>
  <testcase classname="com.revolut.money.transfer.integration.ConcurrentlyTransactionCreationTest" name="testConcurrentTransactionCreationForAccount1And2" time="0"/>
  <testcase classname="com.revolut.money.transfer.integration.ConcurrentlyTransactionCreationTest" name="testConcurrentTransactionCreationForAccount1And2" time="0"/>
  <testcase classname="com.revolut.money.transfer.integration.ConcurrentlyTransactionCreationTest" name="testConcurrentTransactionCreationForAccount1And2" time="0"/>
  <testcase classname="com.revolut.money.transfer.integration.ConcurrentlyTransactionCreationTest" name="testConcurrentTransactionCreationForAccount1And2" time="0"/>
  <testcase classname="com.revolut.money.transfer.integration.ConcurrentlyTransactionCreationTest" name="testConcurrentTransactionCreationForAccount1And2" time="0"/>
  <testcase classname="com.revolut.money.transfer.integration.ConcurrentlyTransactionCreationTest" name="testConcurrentTransactionCreationForAccount1And2" time="0"/>
  <testcase classname="com.revolut.money.transfer.integration.ConcurrentlyTransactionCreationTest" name="testConcurrentTransactionCreationForAccount1And2" time="0"/>
  <testcase classname="com.revolut.money.transfer.integration.ConcurrentlyTransactionCreationTest" name="testConcurrentTransactionCreationForAccount1And2" time="0"/>
  <testcase classname="com.revolut.money.transfer.integration.ConcurrentlyTransactionCreationTest" name="testConcurrentTransactionCreationForAccount1And2" time="0"/>
  <testcase classname="com.revolut.money.transfer.integration.ConcurrentlyTransactionCreationTest" name="testConcurrentTransactionCreationForAccount1And2" time="0"/>
  <testcase classname="com.revolut.money.transfer.integration.ConcurrentlyTransactionCreationTest" name="testConcurrentTransactionCreationForAccount1And2" time="0.001"/>
  <testcase classname="com.revolut.money.transfer.integration.ConcurrentlyTransactionCreationTest" name="testConcurrentTransactionCreationForAccount1And2" time="0"/>
  <testcase classname="com.revolut.money.transfer.integration.ConcurrentlyTransactionCreationTest" name="testConcurrentTransactionCreationForAccount1And2" time="0"/>
  <testcase classname="com.revolut.money.transfer.integration.ConcurrentlyTransactionCreationTest" name="testConcurrentTransactionCreationForAccount1And2" time="0"/>
  <testcase classname="com.revolut.money.transfer.integration.ConcurrentlyTransactionCreationTest" name="testConcurrentTransactionCreationForAccount1And2" time="0"/>
  <testcase classname="com.revolut.money.transfer.integration.ConcurrentlyTransactionCreationTest" name="testConcurrentTransactionCreationForAccount1And2" time="0"/>
  <testcase classname="com.revolut.money.transfer.integration.ConcurrentlyTransactionCreationTest" name="testConcurrentTransactionCreationForAccount1And2" time="0"/>
  <testcase classname="com.revolut.money.transfer.integration.ConcurrentlyTransactionCreationTest" name="testConcurrentTransactionCreationForAccount1And2" time="0"/>
  <testcase classname="com.revolut.money.transfer.integration.ConcurrentlyTransactionCreationTest" name="testConcurrentTransactionCreationForAccount1And2" time="0"/>
  <testcase classname="com.revolut.money.transfer.integration.ConcurrentlyTransactionCreationTest" name="testConcurrentTransactionCreationForAccount1And2" time="0"/>
  <testcase classname="com.revolut.money.transfer.integration.ConcurrentlyTransactionCreationTest" name="testConcurrentTransactionCreationForAccount1And2" time="0.001"/>
  <testcase classname="com.revolut.money.transfer.integration.ConcurrentlyTransactionCreationTest" name="testConcurrentTransactionCreationForAccount1And2" time="0"/>
  <testcase classname="com.revolut.money.transfer.integration.ConcurrentlyTransactionCreationTest" name="testConcurrentTransactionCreationForAccount1And2" time="0"/>
  <testcase classname="com.revolut.money.transfer.integration.ConcurrentlyTransactionCreationTest" name="testConcurrentTransactionCreationForAccount1And2" time="0"/>
  <testcase classname="com.revolut.money.transfer.integration.ConcurrentlyTransactionCreationTest" name="testConcurrentTransactionCreationForAccount1And2" time="0"/>
  <testcase classname="com.revolut.money.transfer.integration.ConcurrentlyTransactionCreationTest" name="testConcurrentTransactionCreationForAccount1And2" time="0"/>
  <testcase classname="com.revolut.money.transfer.integration.ConcurrentlyTransactionCreationTest" name="testConcurrentTransactionCreationForAccount1And2" time="0.001"/>
  <testcase classname="com.revolut.money.transfer.integration.ConcurrentlyTransactionCreationTest" name="testConcurrentTransactionCreationForAccount1And2" time="0"/>
  <testcase classname="com.revolut.money.transfer.integration.ConcurrentlyTransactionCreationTest" name="testConcurrentTransactionCreationForAccount1And2" time="0"/>
  <testcase classname="com.revolut.money.transfer.integration.ConcurrentlyTransactionCreationTest" name="testConcurrentTransactionCreationForAccount1And2" time="0"/>
  <testcase classname="com.revolut.money.transfer.integration.ConcurrentlyTransactionCreationTest" name="testConcurrentTransactionCreationForAccount1And2" time="0"/>
  <testcase classname="com.revolut.money.transfer.integration.ConcurrentlyTransactionCreationTest" name="testConcurrentTransactionCreationForAccount1And2" time="0.001"/>
  <testcase classname="com.revolut.money.transfer.integration.ConcurrentlyTransactionCreationTest" name="testConcurrentTransactionCreationForAccount1And2" time="0"/>
  <testcase classname="com.revolut.money.transfer.integration.ConcurrentlyTransactionCreationTest" name="testConcurrentTransactionCreationForAccount1And2" time="0"/>
  <testcase classname="com.revolut.money.transfer.integration.ConcurrentlyTransactionCreationTest" name="testConcurrentTransactionCreationForAccount1And2" time="0"/>
  <testcase classname="com.revolut.money.transfer.integration.ConcurrentlyTransactionCreationTest" name="testConcurrentTransactionCreationForAccount1And2" time="0"/>
  <testcase classname="com.revolut.money.transfer.integration.ConcurrentlyTransactionCreationTest" name="testConcurrentTransactionCreationForAccount1And2" time="0"/>
  <testcase classname="com.revolut.money.transfer.integration.ConcurrentlyTransactionCreationTest" name="testConcurrentTransactionCreationForAccount1And2" time="0.001"/>
  <testcase classname="com.revolut.money.transfer.integration.ConcurrentlyTransactionCreationTest" name="testConcurrentTransactionCreationForAccount1And2" time="0"/>
  <testcase classname="com.revolut.money.transfer.integration.ConcurrentlyTransactionCreationTest" name="testConcurrentTransactionCreationForAccount1And2" time="0.001"/>
  <testcase classname="com.revolut.money.transfer.integration.ConcurrentlyTransactionCreationTest" name="testConcurrentTransactionCreationForAccount1And2" time="0"/>
  <testcase classname="com.revolut.money.transfer.integration.ConcurrentlyTransactionCreationTest" name="testConcurrentTransactionCreationForAccount1And2" time="0"/>
  <testcase classname="com.revolut.money.transfer.integration.ConcurrentlyTransactionCreationTest" name="testConcurrentTransactionCreationForAccount1And2" time="0"/>
  <testcase classname="com.revolut.money.transfer.integration.ConcurrentlyTransactionCreationTest" name="testConcurrentTransactionCreationForAccount1And2" time="0"/>
  <testcase classname="com.revolut.money.transfer.integration.ConcurrentlyTransactionCreationTest" name="testConcurrentTransactionCreationForAccount1And2" time="0"/>
  <testcase classname="com.revolut.money.transfer.integration.ConcurrentlyTransactionCreationTest" name="testConcurrentTransactionCreationForAccount1And2" time="0"/>
  <testcase classname="com.revolut.money.transfer.integration.ConcurrentlyTransactionCreationTest" name="testConcurrentTransactionCreationForAccount1And2" time="0"/>
  <testcase classname="com.revolut.money.transfer.integration.ConcurrentlyTransactionCreationTest" name="testConcurrentTransactionCreationForAccount1And2" time="0"/>
  <testcase classname="com.revolut.money.transfer.integration.ConcurrentlyTransactionCreationTest" name="testConcurrentTransactionCreationForAccount1And2" time="0"/>
  <testcase classname="com.revolut.money.transfer.integration.ConcurrentlyTransactionCreationTest" name="testConcurrentTransactionCreationForAccount1And2" time="0.001"/>
  <testcase classname="com.revolut.money.transfer.integration.ConcurrentlyTransactionCreationTest" name="testConcurrentTransactionCreationForAccount1And2" time="0"/>
  <testcase classname="com.revolut.money.transfer.integration.ConcurrentlyTransactionCreationTest" name="testConcurrentTransactionCreationForAccount1And2" time="0"/>
  <testcase classname="com.revolut.money.transfer.integration.ConcurrentlyTransactionCreationTest" name="testConcurrentTransactionCreationForAccount1And2" time="0"/>
  <testcase classname="com.revolut.money.transfer.integration.ConcurrentlyTransactionCreationTest" name="testConcurrentTransactionCreationForAccount1And2" time="0"/>
  <testcase classname="com.revolut.money.transfer.integration.ConcurrentlyTransactionCreationTest" name="testConcurrentTransactionCreationForAccount1And2" time="0"/>
  <testcase classname="com.revolut.money.transfer.integration.ConcurrentlyTransactionCreationTest" name="testConcurrentTransactionCreationForAccount1And2" time="0"/>
  <testcase classname="com.revolut.money.transfer.integration.ConcurrentlyTransactionCreationTest" name="testConcurrentTransactionCreationForAccount1And2" time="0"/>
  <testcase classname="com.revolut.money.transfer.integration.ConcurrentlyTransactionCreationTest" name="testConcurrentTransactionCreationForAccount1And2" time="0"/>
  <testcase classname="com.revolut.money.transfer.integration.ConcurrentlyTransactionCreationTest" name="testConcurrentTransactionCreationForAccount1And2" time="0"/>
  <testcase classname="com.revolut.money.transfer.integration.ConcurrentlyTransactionCreationTest" name="testConcurrentTransactionCreationForAccount1And2" time="0"/>
  <testcase classname="com.revolut.money.transfer.integration.ConcurrentlyTransactionCreationTest" name="testConcurrentTransactionCreationForAccount1And2" time="0.001"/>
  <testcase classname="com.revolut.money.transfer.integration.ConcurrentlyTransactionCreationTest" name="testConcurrentTransactionCreationForAccount1And2" time="0"/>
  <testcase classname="com.revolut.money.transfer.integration.ConcurrentlyTransactionCreationTest" name="testConcurrentTransactionCreationForAccount1And2" time="0"/>
  <testcase classname="com.revolut.money.transfer.integration.ConcurrentlyTransactionCreationTest" name="testConcurrentTransactionCreationForAccount1And2" time="0"/>
  <testcase classname="com.revolut.money.transfer.integration.ConcurrentlyTransactionCreationTest" name="testConcurrentTransactionCreationForAccount1And2" time="0"/>
  <testcase classname="com.revolut.money.transfer.integration.ConcurrentlyTransactionCreationTest" name="testConcurrentTransactionCreationForAccount1And2" time="0"/>
  <testcase classname="com.revolut.money.transfer.integration.ConcurrentlyTransactionCreationTest" name="testConcurrentTransactionCreationForAccount1And2" time="0.001"/>
  <testcase classname="com.revolut.money.transfer.integration.ConcurrentlyTransactionCreationTest" name="testConcurrentTransactionCreationForAccount1And2" time="0"/>
  <testcase classname="com.revolut.money.transfer.integration.ConcurrentlyTransactionCreationTest" name="testConcurrentTransactionCreationForAccount1And2" time="0"/>
  <testcase classname="com.revolut.money.transfer.integration.ConcurrentlyTransactionCreationTest" name="testConcurrentTransactionCreationForAccount1And2" time="0"/>
  <testcase classname="com.revolut.money.transfer.integration.ConcurrentlyTransactionCreationTest" name="testConcurrentTransactionCreationForAccount1And2" time="0"/>
  <testcase classname="com.revolut.money.transfer.integration.ConcurrentlyTransactionCreationTest" name="testConcurrentTransactionCreationForAccount1And2" time="0"/>
  <testcase classname="com.revolut.money.transfer.integration.ConcurrentlyTransactionCreationTest" name="testConcurrentTransactionCreationForAccount1And2" time="0.001"/>
  <testcase classname="com.revolut.money.transfer.integration.ConcurrentlyTransactionCreationTest" name="testConcurrentTransactionCreationForAccount1And2" time="0"/>
  <testcase classname="com.revolut.money.transfer.integration.ConcurrentlyTransactionCreationTest" name="testConcurrentTransactionCreationForAccount1And2" time="0"/>
  <testcase classname="com.revolut.money.transfer.integration.ConcurrentlyTransactionCreationTest" name="testConcurrentTransactionCreationForAccount1And2" time="0"/>
  <testcase classname="com.revolut.money.transfer.integration.ConcurrentlyTransactionCreationTest" name="testConcurrentTransactionCreationForAccount1And2" time="0.001"/>
  <testcase classname="com.revolut.money.transfer.integration.ConcurrentlyTransactionCreationTest" name="testConcurrentTransactionCreationForAccount1And2" time="0"/>
  <testcase classname="com.revolut.money.transfer.integration.ConcurrentlyTransactionCreationTest" name="testConcurrentTransactionCreationForAccount1And2" time="0"/>
  <testcase classname="com.revolut.money.transfer.integration.ConcurrentlyTransactionCreationTest" name="testConcurrentTransactionCreationForAccount1And2" time="0"/>
  <testcase classname="com.revolut.money.transfer.integration.ConcurrentlyTransactionCreationTest" name="testConcurrentTransactionCreationForAccount1And2" time="0"/>
  <testcase classname="com.revolut.money.transfer.integration.ConcurrentlyTransactionCreationTest" name="testConcurrentTransactionCreationForAccount1And2" time="0"/>
  <testcase classname="com.revolut.money.transfer.integration.ConcurrentlyTransactionCreationTest" name="testConcurrentTransactionCreationForAccount1And2" time="0"/>
  <testcase classname="com.revolut.money.transfer.integration.ConcurrentlyTransactionCreationTest" name="testConcurrentTransactionCreationForAccount1And2" time="0"/>
  <testcase classname="com.revolut.money.transfer.integration.ConcurrentlyTransactionCreationTest" name="testConcurrentTransactionCreationForAccount1And2" time="0"/>
  <testcase classname="com.revolut.money.transfer.integration.ConcurrentlyTransactionCreationTest" name="testConcurrentTransactionCreationForAccount1And2" time="0"/>
  <testcase classname="com.revolut.money.transfer.integration.ConcurrentlyTransactionCreationTest" name="testConcurrentTransactionCreationForAccount1And2" time="0"/>
  <testcase classname="com.revolut.money.transfer.integration.ConcurrentlyTransactionCreationTest" name="testConcurrentTransactionCreationForAccount1And2" time="0.001"/>
  <testcase classname="com.revolut.money.transfer.integration.ConcurrentlyTransactionCreationTest" name="testConcurrentTransactionCreationForAccount1And2" time="0"/>
  <testcase classname="com.revolut.money.transfer.integration.ConcurrentlyTransactionCreationTest" name="testConcurrentTransactionCreationForAccount1And2" time="0"/>
  <testcase classname="com.revolut.money.transfer.integration.ConcurrentlyTransactionCreationTest" name="testConcurrentTransactionCreationForAccount1And2" time="0"/>
  <testcase classname="com.revolut.money.transfer.integration.ConcurrentlyTransactionCreationTest" name="testConcurrentTransactionCreationForAccount1And2" time="0"/>
  <testcase classname="com.revolut.money.transfer.integration.ConcurrentlyTransactionCreationTest" name="testConcurrentTransactionCreationForAccount1And2" time="0"/>
  <testcase classname="com.revolut.money.transfer.integration.ConcurrentlyTransactionCreationTest" name="testConcurrentTransactionCreationForAccount1And2" time="0.001"/>
  <testcase classname="com.revolut.money.transfer.integration.ConcurrentlyTransactionCreationTest" name="testConcurrentTransactionCreationForAccount1And2" time="0"/>
  <testcase classname="com.revolut.money.transfer.integration.ConcurrentlyTransactionCreationTest" name="testConcurrentTransactionCreationForAccount1And2" time="0"/>
  <testcase classname="com.revolut.money.transfer.integration.ConcurrentlyTransactionCreationTest" name="testConcurrentTransactionCreationForAccount1And2" time="0"/>
  <testcase classname="com.revolut.money.transfer.integration.ConcurrentlyTransactionCreationTest" name="testConcurrentTransactionCreationForAccount1And2" time="0"/>
  <testcase classname="com.revolut.money.transfer.integration.ConcurrentlyTransactionCreationTest" name="testConcurrentTransactionCreationForAccount1And2" time="0"/>
  <testcase classname="com.revolut.money.transfer.integration.ConcurrentlyTransactionCreationTest" name="testConcurrentTransactionCreationForAccount1And2" time="0.001"/>
  <testcase classname="com.revolut.money.transfer.integration.ConcurrentlyTransactionCreationTest" name="testConcurrentTransactionCreationForAccount1And2" time="0"/>
  <testcase classname="com.revolut.money.transfer.integration.ConcurrentlyTransactionCreationTest" name="testConcurrentTransactionCreationForAccount1And2" time="0"/>
  <testcase classname="com.revolut.money.transfer.integration.ConcurrentlyTransactionCreationTest" name="testConcurrentTransactionCreationForAccount1And2" time="0"/>
  <testcase classname="com.revolut.money.transfer.integration.ConcurrentlyTransactionCreationTest" name="testConcurrentTransactionCreationForAccount1And2" time="0"/>
  <testcase classname="com.revolut.money.transfer.integration.ConcurrentlyTransactionCreationTest" name="testConcurrentTransactionCreationForAccount1And2" time="0"/>
  <testcase classname="com.revolut.money.transfer.integration.ConcurrentlyTransactionCreationTest" name="testConcurrentTransactionCreationForAccount1And2" time="0.001"/>
  <testcase classname="com.revolut.money.transfer.integration.ConcurrentlyTransactionCreationTest" name="testConcurrentTransactionCreationForAccount1And2" time="0.001"/>
  <testcase classname="com.revolut.money.transfer.integration.ConcurrentlyTransactionCreationTest" name="testConcurrentTransactionCreationForAccount1And2" time="0.001"/>
  <testcase classname="com.revolut.money.transfer.integration.ConcurrentlyTransactionCreationTest" name="testConcurrentTransactionCreationForAccount1And2" time="0"/>
  <testcase classname="com.revolut.money.transfer.integration.ConcurrentlyTransactionCreationTest" name="testConcurrentTransactionCreationForAccount1And2" time="0"/>
  <testcase classname="com.revolut.money.transfer.integration.ConcurrentlyTransactionCreationTest" name="testConcurrentTransactionCreationForAccount1And2" time="0.001"/>
  <testcase classname="com.revolut.money.transfer.integration.ConcurrentlyTransactionCreationTest" name="testConcurrentTransactionCreationForAccount1And2" time="0"/>
  <testcase classname="com.revolut.money.transfer.integration.ConcurrentlyTransactionCreationTest" name="testConcurrentTransactionCreationForAccount1And2" time="0"/>
  <testcase classname="com.revolut.money.transfer.integration.ConcurrentlyTransactionCreationTest" name="testConcurrentTransactionCreationForAccount1And2" time="0"/>
  <testcase classname="com.revolut.money.transfer.integration.ConcurrentlyTransactionCreationTest" name="testConcurrentTransactionCreationForAccount1And2" time="0"/>
  <testcase classname="com.revolut.money.transfer.integration.ConcurrentlyTransactionCreationTest" name="testConcurrentTransactionCreationForAccount1And2" time="0.001"/>
  <testcase classname="com.revolut.money.transfer.integration.ConcurrentlyTransactionCreationTest" name="testConcurrentTransactionCreationForAccount1And2" time="0"/>
  <testcase classname="com.revolut.money.transfer.integration.ConcurrentlyTransactionCreationTest" name="testConcurrentTransactionCreationForAccount1And2" time="0"/>
  <testcase classname="com.revolut.money.transfer.integration.ConcurrentlyTransactionCreationTest" name="testConcurrentTransactionCreationForAccount1And2" time="0"/>
  <testcase classname="com.revolut.money.transfer.integration.ConcurrentlyTransactionCreationTest" name="testConcurrentTransactionCreationForAccount1And2" time="0"/>
  <testcase classname="com.revolut.money.transfer.integration.ConcurrentlyTransactionCreationTest" name="testConcurrentTransactionCreationForAccount1And2" time="0"/>
  <testcase classname="com.revolut.money.transfer.integration.ConcurrentlyTransactionCreationTest" name="testConcurrentTransactionCreationForAccount1And2" time="0.001"/>
  <testcase classname="com.revolut.money.transfer.integration.ConcurrentlyTransactionCreationTest" name="testConcurrentTransactionCreationForAccount1And2" time="0"/>
  <testcase classname="com.revolut.money.transfer.integration.ConcurrentlyTransactionCreationTest" name="testConcurrentTransactionCreationForAccount1And2" time="0"/>
  <testcase classname="com.revolut.money.transfer.integration.ConcurrentlyTransactionCreationTest" name="testConcurrentTransactionCreationForAccount1And2" time="0"/>
  <testcase classname="com.revolut.money.transfer.integration.ConcurrentlyTransactionCreationTest" name="testConcurrentTransactionCreationForAccount1And2" time="0"/>
  <testcase classname="com.revolut.money.transfer.integration.ConcurrentlyTransactionCreationTest" name="testConcurrentTransactionCreationForAccount1And2" time="0"/>
  <testcase classname="com.revolut.money.transfer.integration.ConcurrentlyTransactionCreationTest" name="testConcurrentTransactionCreationForAccount1And2" time="0.001"/>
  <testcase classname="com.revolut.money.transfer.integration.ConcurrentlyTransactionCreationTest" name="testConcurrentTransactionCreationForAccount1And2" time="0"/>
  <testcase classname="com.revolut.money.transfer.integration.ConcurrentlyTransactionCreationTest" name="testConcurrentTransactionCreationForAccount1And2" time="0"/>
  <testcase classname="com.revolut.money.transfer.integration.ConcurrentlyTransactionCreationTest" name="testConcurrentTransactionCreationForAccount1And2" time="0"/>
  <testcase classname="com.revolut.money.transfer.integration.ConcurrentlyTransactionCreationTest" name="testConcurrentTransactionCreationForAccount1And2" time="0"/>
  <testcase classname="com.revolut.money.transfer.integration.ConcurrentlyTransactionCreationTest" name="testConcurrentTransactionCreationForAccount1And2" time="0"/>
  <testcase classname="com.revolut.money.transfer.integration.ConcurrentlyTransactionCreationTest" name="testConcurrentTransactionCreationForAccount1And2" time="0"/>
  <testcase classname="com.revolut.money.transfer.integration.ConcurrentlyTransactionCreationTest" name="testConcurrentTransactionCreationForAccount1And2" time="0"/>
  <testcase classname="com.revolut.money.transfer.integration.ConcurrentlyTransactionCreationTest" name="testConcurrentTransactionCreationForAccount1And2" time="0"/>
  <testcase classname="com.revolut.money.transfer.integration.ConcurrentlyTransactionCreationTest" name="testConcurrentTransactionCreationForAccount1And2" time="0"/>
  <testcase classname="com.revolut.money.transfer.integration.ConcurrentlyTransactionCreationTest" name="testConcurrentTransactionCreationForAccount1And2" time="0"/>
  <testcase classname="com.revolut.money.transfer.integration.ConcurrentlyTransactionCreationTest" name="testConcurrentTransactionCreationForAccount1And2" time="0"/>
  <testcase classname="com.revolut.money.transfer.integration.ConcurrentlyTransactionCreationTest" name="testConcurrentTransactionCreationForAccount1And2" time="0"/>
  <testcase classname="com.revolut.money.transfer.integration.ConcurrentlyTransactionCreationTest" name="testConcurrentTransactionCreationForAccount1And2" time="0"/>
  <testcase classname="com.revolut.money.transfer.integration.ConcurrentlyTransactionCreationTest" name="testConcurrentTransactionCreationForAccount1And2" time="0"/>
  <testcase classname="com.revolut.money.transfer.integration.ConcurrentlyTransactionCreationTest" name="testConcurrentTransactionCreationForAccount1And2" time="0"/>
  <testcase classname="com.revolut.money.transfer.integration.ConcurrentlyTransactionCreationTest" name="testConcurrentTransactionCreationForAccount1And2" time="0"/>
  <testcase classname="com.revolut.money.transfer.integration.ConcurrentlyTransactionCreationTest" name="testConcurrentTransactionCreationForAccount1And2" time="0"/>
  <testcase classname="com.revolut.money.transfer.integration.ConcurrentlyTransactionCreationTest" name="testConcurrentTransactionCreationForAccount1And2" time="0"/>
  <testcase classname="com.revolut.money.transfer.integration.ConcurrentlyTransactionCreationTest" name="testConcurrentTransactionCreationForAccount1And2" time="0"/>
  <testcase classname="com.revolut.money.transfer.integration.ConcurrentlyTransactionCreationTest" name="testConcurrentTransactionCreationForAccount1And2" time="0.001"/>
  <testcase classname="com.revolut.money.transfer.integration.ConcurrentlyTransactionCreationTest" name="testConcurrentTransactionCreationForAccount1And2" time="0"/>
  <testcase classname="com.revolut.money.transfer.integration.ConcurrentlyTransactionCreationTest" name="testConcurrentTransactionCreationForAccount1And2" time="0"/>
  <testcase classname="com.revolut.money.transfer.integration.ConcurrentlyTransactionCreationTest" name="testConcurrentTransactionCreationForAccount1And2" time="0"/>
  <testcase classname="com.revolut.money.transfer.integration.ConcurrentlyTransactionCreationTest" name="testConcurrentTransactionCreationForAccount1And2" time="0"/>
  <testcase classname="com.revolut.money.transfer.integration.ConcurrentlyTransactionCreationTest" name="testConcurrentTransactionCreationForAccount1And2" time="0"/>
  <testcase classname="com.revolut.money.transfer.integration.ConcurrentlyTransactionCreationTest" name="testConcurrentTransactionCreationForAccount1And2" time="0"/>
  <testcase classname="com.revolut.money.transfer.integration.ConcurrentlyTransactionCreationTest" name="testConcurrentTransactionCreationForAccount1And2" time="0"/>
  <testcase classname="com.revolut.money.transfer.integration.ConcurrentlyTransactionCreationTest" name="testConcurrentTransactionCreationForAccount1And2" time="0"/>
  <testcase classname="com.revolut.money.transfer.integration.ConcurrentlyTransactionCreationTest" name="testConcurrentTransactionCreationForAccount1And2" time="0"/>
  <testcase classname="com.revolut.money.transfer.integration.ConcurrentlyTransactionCreationTest" name="testConcurrentTransactionCreationForAccount1And2" time="0"/>
  <testcase classname="com.revolut.money.transfer.integration.ConcurrentlyTransactionCreationTest" name="testConcurrentTransactionCreationForAccount1And2" time="0"/>
  <testcase classname="com.revolut.money.transfer.integration.ConcurrentlyTransactionCreationTest" name="testConcurrentTransactionCreationForAccount1And2" time="0"/>
  <testcase classname="com.revolut.money.transfer.integration.ConcurrentlyTransactionCreationTest" name="testConcurrentTransactionCreationForAccount1And2" time="0"/>
  <testcase classname="com.revolut.money.transfer.integration.ConcurrentlyTransactionCreationTest" name="testConcurrentTransactionCreationForAccount1And2" time="0"/>
  <testcase classname="com.revolut.money.transfer.integration.ConcurrentlyTransactionCreationTest" name="testConcurrentTransactionCreationForAccount1And2" time="0.001"/>
  <testcase classname="com.revolut.money.transfer.integration.ConcurrentlyTransactionCreationTest" name="testConcurrentTransactionCreationForAccount1And2" time="0"/>
  <testcase classname="com.revolut.money.transfer.integration.ConcurrentlyTransactionCreationTest" name="testConcurrentTransactionCreationForAccount1And2" time="0"/>
  <testcase classname="com.revolut.money.transfer.integration.ConcurrentlyTransactionCreationTest" name="testConcurrentTransactionCreationForAccount1And2" time="0"/>
  <testcase classname="com.revolut.money.transfer.integration.ConcurrentlyTransactionCreationTest" name="testConcurrentTransactionCreationForAccount1And2" time="0"/>
  <testcase classname="com.revolut.money.transfer.integration.ConcurrentlyTransactionCreationTest" name="testConcurrentTransactionCreationForAccount1And2" time="0.001"/>
  <testcase classname="com.revolut.money.transfer.integration.ConcurrentlyTransactionCreationTest" name="testConcurrentTransactionCreationForAccount1And2" time="0"/>
  <testcase classname="com.revolut.money.transfer.integration.ConcurrentlyTransactionCreationTest" name="testConcurrentTransactionCreationForAccount1And2" time="0"/>
  <testcase classname="com.revolut.money.transfer.integration.ConcurrentlyTransactionCreationTest" name="testConcurrentTransactionCreationForAccount1And2" time="0"/>
  <testcase classname="com.revolut.money.transfer.integration.ConcurrentlyTransactionCreationTest" name="testConcurrentTransactionCreationForAccount1And2" time="0"/>
  <testcase classname="com.revolut.money.transfer.integration.ConcurrentlyTransactionCreationTest" name="testConcurrentTransactionCreationForAccount1And2" time="0"/>
  <testcase classname="com.revolut.money.transfer.integration.ConcurrentlyTransactionCreationTest" name="testConcurrentTransactionCreationForAccount1And2" time="0.001"/>
  <testcase classname="com.revolut.money.transfer.integration.ConcurrentlyTransactionCreationTest" name="testConcurrentTransactionCreationForAccount1And2" time="0"/>
  <testcase classname="com.revolut.money.transfer.integration.ConcurrentlyTransactionCreationTest" name="testConcurrentTransactionCreationForAccount1And2" time="0"/>
  <testcase classname="com.revolut.money.transfer.integration.ConcurrentlyTransactionCreationTest" name="testConcurrentTransactionCreationForAccount1And2" time="0"/>
  <testcase classname="com.revolut.money.transfer.integration.ConcurrentlyTransactionCreationTest" name="testConcurrentTransactionCreationForAccount1And2" time="0"/>
  <testcase classname="com.revolut.money.transfer.integration.ConcurrentlyTransactionCreationTest" name="testConcurrentTransactionCreationForAccount1And2" time="0"/>
  <testcase classname="com.revolut.money.transfer.integration.ConcurrentlyTransactionCreationTest" name="testConcurrentTransactionCreationForAccount1And2" time="0.001"/>
  <testcase classname="com.revolut.money.transfer.integration.ConcurrentlyTransactionCreationTest" name="testConcurrentTransactionCreationForAccount1And2" time="0"/>
  <testcase classname="com.revolut.money.transfer.integration.ConcurrentlyTransactionCreationTest" name="testConcurrentTransactionCreationForAccount1And2" time="0"/>
  <testcase classname="com.revolut.money.transfer.integration.ConcurrentlyTransactionCreationTest" name="testConcurrentTransactionCreationForAccount1And2" time="0"/>
  <testcase classname="com.revolut.money.transfer.integration.ConcurrentlyTransactionCreationTest" name="testConcurrentTransactionCreationForAccount1And2" time="0"/>
  <testcase classname="com.revolut.money.transfer.integration.ConcurrentlyTransactionCreationTest" name="testConcurrentTransactionCreationForAccount1And2" time="0"/>
  <testcase classname="com.revolut.money.transfer.integration.ConcurrentlyTransactionCreationTest" name="testConcurrentTransactionCreationForAccount1And2" time="0.001"/>
  <testcase classname="com.revolut.money.transfer.integration.ConcurrentlyTransactionCreationTest" name="testConcurrentTransactionCreationForAccount1And2" time="0"/>
  <testcase classname="com.revolut.money.transfer.integration.ConcurrentlyTransactionCreationTest" name="testConcurrentTransactionCreationForAccount1And2" time="0"/>
  <testcase classname="com.revolut.money.transfer.integration.ConcurrentlyTransactionCreationTest" name="testConcurrentTransactionCreationForAccount1And2" time="0"/>
  <testcase classname="com.revolut.money.transfer.integration.ConcurrentlyTransactionCreationTest" name="testConcurrentTransactionCreationForAccount1And2" time="0"/>
  <testcase classname="com.revolut.money.transfer.integration.ConcurrentlyTransactionCreationTest" name="testConcurrentTransactionCreationForAccount1And2" time="0.001"/>
  <testcase classname="com.revolut.money.transfer.integration.ConcurrentlyTransactionCreationTest" name="testConcurrentTransactionCreationForAccount1And2" time="0"/>
  <testcase classname="com.revolut.money.transfer.integration.ConcurrentlyTransactionCreationTest" name="testConcurrentTransactionCreationForAccount1And2" time="0"/>
  <testcase classname="com.revolut.money.transfer.integration.ConcurrentlyTransactionCreationTest" name="testConcurrentTransactionCreationForAccount1And2" time="0"/>
  <testcase classname="com.revolut.money.transfer.integration.ConcurrentlyTransactionCreationTest" name="testConcurrentTransactionCreationForAccount1And2" time="0"/>
  <testcase classname="com.revolut.money.transfer.integration.ConcurrentlyTransactionCreationTest" name="testConcurrentTransactionCreationForAccount1And2" time="0"/>
  <testcase classname="com.revolut.money.transfer.integration.ConcurrentlyTransactionCreationTest" name="testConcurrentTransactionCreationForAccount1And2" time="0"/>
  <testcase classname="com.revolut.money.transfer.integration.ConcurrentlyTransactionCreationTest" name="testConcurrentTransactionCreationForAccount1And2" time="0"/>
  <testcase classname="com.revolut.money.transfer.integration.ConcurrentlyTransactionCreationTest" name="testConcurrentTransactionCreationForAccount1And2" time="0"/>
  <testcase classname="com.revolut.money.transfer.integration.ConcurrentlyTransactionCreationTest" name="testConcurrentTransactionCreationForAccount1And2" time="0"/>
  <testcase classname="com.revolut.money.transfer.integration.ConcurrentlyTransactionCreationTest" name="testConcurrentTransactionCreationForAccount1And2" time="0"/>
  <testcase classname="com.revolut.money.transfer.integration.ConcurrentlyTransactionCreationTest" name="testConcurrentTransactionCreationForAccount1And2" time="0.001"/>
  <testcase classname="com.revolut.money.transfer.integration.ConcurrentlyTransactionCreationTest" name="testConcurrentTransactionCreationForAccount1And2" time="0"/>
  <testcase classname="com.revolut.money.transfer.integration.ConcurrentlyTransactionCreationTest" name="testConcurrentTransactionCreationForAccount1And2" time="0"/>
  <testcase classname="com.revolut.money.transfer.integration.ConcurrentlyTransactionCreationTest" name="testConcurrentTransactionCreationForAccount1And2" time="0"/>
  <testcase classname="com.revolut.money.transfer.integration.ConcurrentlyTransactionCreationTest" name="testConcurrentTransactionCreationForAccount1And2" time="0"/>
  <testcase classname="com.revolut.money.transfer.integration.ConcurrentlyTransactionCreationTest" name="testConcurrentTransactionCreationForAccount1And2" time="0"/>
  <testcase classname="com.revolut.money.transfer.integration.ConcurrentlyTransactionCreationTest" name="testConcurrentTransactionCreationForAccount1And2" time="0.001"/>
  <testcase classname="com.revolut.money.transfer.integration.ConcurrentlyTransactionCreationTest" name="testConcurrentTransactionCreationForAccount1And2" time="0"/>
  <testcase classname="com.revolut.money.transfer.integration.ConcurrentlyTransactionCreationTest" name="testConcurrentTransactionCreationForAccount1And2" time="0"/>
  <testcase classname="com.revolut.money.transfer.integration.ConcurrentlyTransactionCreationTest" name="testConcurrentTransactionCreationForAccount1And2" time="0"/>
  <testcase classname="com.revolut.money.transfer.integration.ConcurrentlyTransactionCreationTest" name="testConcurrentTransactionCreationForAccount1And2" time="0"/>
  <testcase classname="com.revolut.money.transfer.integration.ConcurrentlyTransactionCreationTest" name="testConcurrentTransactionCreationForAccount1And2" time="0.001"/>
  <testcase classname="com.revolut.money.transfer.integration.ConcurrentlyTransactionCreationTest" name="testConcurrentTransactionCreationForAccount1And2" time="0"/>
  <testcase classname="com.revolut.money.transfer.integration.ConcurrentlyTransactionCreationTest" name="testConcurrentTransactionCreationForAccount1And2" time="0"/>
  <testcase classname="com.revolut.money.transfer.integration.ConcurrentlyTransactionCreationTest" name="testConcurrentTransactionCreationForAccount1And2" time="0"/>
  <testcase classname="com.revolut.money.transfer.integration.ConcurrentlyTransactionCreationTest" name="testConcurrentTransactionCreationForAccount1And2" time="0"/>
  <testcase classname="com.revolut.money.transfer.integration.ConcurrentlyTransactionCreationTest" name="testConcurrentTransactionCreationForAccount1And2" time="0"/>
  <testcase classname="com.revolut.money.transfer.integration.ConcurrentlyTransactionCreationTest" name="testConcurrentTransactionCreationForAccount1And2" time="0.001"/>
  <testcase classname="com.revolut.money.transfer.integration.ConcurrentlyTransactionCreationTest" name="testConcurrentTransactionCreationForAccount1And2" time="0"/>
  <testcase classname="com.revolut.money.transfer.integration.ConcurrentlyTransactionCreationTest" name="testConcurrentTransactionCreationForAccount1And2" time="0"/>
  <testcase classname="com.revolut.money.transfer.integration.ConcurrentlyTransactionCreationTest" name="testConcurrentTransactionCreationForAccount1And2" time="0"/>
  <testcase classname="com.revolut.money.transfer.integration.ConcurrentlyTransactionCreationTest" name="testConcurrentTransactionCreationForAccount1And2" time="0"/>
  <testcase classname="com.revolut.money.transfer.integration.ConcurrentlyTransactionCreationTest" name="testConcurrentTransactionCreationForAccount1And2" time="0"/>
  <testcase classname="com.revolut.money.transfer.integration.ConcurrentlyTransactionCreationTest" name="testConcurrentTransactionCreationForAccount1And2" time="0"/>
  <testcase classname="com.revolut.money.transfer.integration.ConcurrentlyTransactionCreationTest" name="testConcurrentTransactionCreationForAccount1And2" time="0"/>
  <testcase classname="com.revolut.money.transfer.integration.ConcurrentlyTransactionCreationTest" name="testConcurrentTransactionCreationForAccount1And2" time="0"/>
  <testcase classname="com.revolut.money.transfer.integration.ConcurrentlyTransactionCreationTest" name="testConcurrentTransactionCreationForAccount1And2" time="0"/>
  <testcase classname="com.revolut.money.transfer.integration.ConcurrentlyTransactionCreationTest" name="testConcurrentTransactionCreationForAccount1And2" time="0"/>
  <testcase classname="com.revolut.money.transfer.integration.ConcurrentlyTransactionCreationTest" name="testConcurrentTransactionCreationForAccount1And2" time="0.001"/>
  <testcase classname="com.revolut.money.transfer.integration.ConcurrentlyTransactionCreationTest" name="testConcurrentTransactionCreationForAccount1And2" time="0"/>
  <testcase classname="com.revolut.money.transfer.integration.ConcurrentlyTransactionCreationTest" name="testConcurrentTransactionCreationForAccount1And2" time="0"/>
  <testcase classname="com.revolut.money.transfer.integration.ConcurrentlyTransactionCreationTest" name="testConcurrentTransactionCreationForAccount1And2" time="0"/>
  <testcase classname="com.revolut.money.transfer.integration.ConcurrentlyTransactionCreationTest" name="testConcurrentTransactionCreationForAccount1And2" time="0"/>
  <testcase classname="com.revolut.money.transfer.integration.ConcurrentlyTransactionCreationTest" name="testConcurrentTransactionCreationForAccount1And2" time="0.001"/>
  <testcase classname="com.revolut.money.transfer.integration.ConcurrentlyTransactionCreationTest" name="testConcurrentTransactionCreationForAccount1And2" time="0"/>
  <testcase classname="com.revolut.money.transfer.integration.ConcurrentlyTransactionCreationTest" name="testConcurrentTransactionCreationForAccount1And2" time="0"/>
  <testcase classname="com.revolut.money.transfer.integration.ConcurrentlyTransactionCreationTest" name="testConcurrentTransactionCreationForAccount1And2" time="0"/>
  <testcase classname="com.revolut.money.transfer.integration.ConcurrentlyTransactionCreationTest" name="testConcurrentTransactionCreationForAccount1And2" time="0"/>
  <testcase classname="com.revolut.money.transfer.integration.ConcurrentlyTransactionCreationTest" name="testConcurrentTransactionCreationForAccount1And2" time="0"/>
  <testcase classname="com.revolut.money.transfer.integration.ConcurrentlyTransactionCreationTest" name="testConcurrentTransactionCreationForAccount1And2" time="0"/>
  <testcase classname="com.revolut.money.transfer.integration.ConcurrentlyTransactionCreationTest" name="testConcurrentTransactionCreationForAccount1And2" time="0"/>
  <testcase classname="com.revolut.money.transfer.integration.ConcurrentlyTransactionCreationTest" name="testConcurrentTransactionCreationForAccount1And2" time="0"/>
  <testcase classname="com.revolut.money.transfer.integration.ConcurrentlyTransactionCreationTest" name="testConcurrentTransactionCreationForAccount1And2" time="0"/>
  <testcase classname="com.revolut.money.transfer.integration.ConcurrentlyTransactionCreationTest" name="testConcurrentTransactionCreationForAccount1And2" time="0"/>
  <testcase classname="com.revolut.money.transfer.integration.ConcurrentlyTransactionCreationTest" name="testConcurrentTransactionCreationForAccount1And2" time="0"/>
  <testcase classname="com.revolut.money.transfer.integration.ConcurrentlyTransactionCreationTest" name="testConcurrentTransactionCreationForAccount1And2" time="0.001"/>
  <testcase classname="com.revolut.money.transfer.integration.ConcurrentlyTransactionCreationTest" name="testConcurrentTransactionCreationForAccount1And2" time="0"/>
  <testcase classname="com.revolut.money.transfer.integration.ConcurrentlyTransactionCreationTest" name="testConcurrentTransactionCreationForAccount1And2" time="0"/>
  <testcase classname="com.revolut.money.transfer.integration.ConcurrentlyTransactionCreationTest" name="testConcurrentTransactionCreationForAccount1And2" time="0"/>
  <testcase classname="com.revolut.money.transfer.integration.ConcurrentlyTransactionCreationTest" name="testConcurrentTransactionCreationForAccount1And2" time="0.001"/>
  <testcase classname="com.revolut.money.transfer.integration.ConcurrentlyTransactionCreationTest" name="testConcurrentTransactionCreationForAccount1And2" time="0"/>
  <testcase classname="com.revolut.money.transfer.integration.ConcurrentlyTransactionCreationTest" name="testConcurrentTransactionCreationForAccount1And2" time="0"/>
  <testcase classname="com.revolut.money.transfer.integration.ConcurrentlyTransactionCreationTest" name="testConcurrentTransactionCreationForAccount1And2" time="0"/>
  <testcase classname="com.revolut.money.transfer.integration.ConcurrentlyTransactionCreationTest" name="testConcurrentTransactionCreationForAccount1And2" time="0"/>
  <testcase classname="com.revolut.money.transfer.integration.ConcurrentlyTransactionCreationTest" name="testConcurrentTransactionCreationForAccount1And2" time="0"/>
  <testcase classname="com.revolut.money.transfer.integration.ConcurrentlyTransactionCreationTest" name="testConcurrentTransactionCreationForAccount1And2" time="0"/>
  <testcase classname="com.revolut.money.transfer.integration.ConcurrentlyTransactionCreationTest" name="testConcurrentTransactionCreationForAccount1And2" time="0"/>
  <testcase classname="com.revolut.money.transfer.integration.ConcurrentlyTransactionCreationTest" name="testConcurrentTransactionCreationForAccount1And2" time="0"/>
  <testcase classname="com.revolut.money.transfer.integration.ConcurrentlyTransactionCreationTest" name="testConcurrentTransactionCreationForAccount1And2" time="0"/>
  <testcase classname="com.revolut.money.transfer.integration.ConcurrentlyTransactionCreationTest" name="testConcurrentTransactionCreationForAccount1And2" time="0"/>
  <testcase classname="com.revolut.money.transfer.integration.ConcurrentlyTransactionCreationTest" name="testConcurrentTransactionCreationForAccount1And2" time="0.001"/>
  <testcase classname="com.revolut.money.transfer.integration.ConcurrentlyTransactionCreationTest" name="testConcurrentTransactionCreationForAccount1And2" time="0"/>
  <testcase classname="com.revolut.money.transfer.integration.ConcurrentlyTransactionCreationTest" name="testConcurrentTransactionCreationForAccount1And2" time="0"/>
  <testcase classname="com.revolut.money.transfer.integration.ConcurrentlyTransactionCreationTest" name="testConcurrentTransactionCreationForAccount1And2" time="0"/>
  <testcase classname="com.revolut.money.transfer.integration.ConcurrentlyTransactionCreationTest" name="testConcurrentTransactionCreationForAccount1And2" time="0.001"/>
  <testcase classname="com.revolut.money.transfer.integration.ConcurrentlyTransactionCreationTest" name="testConcurrentTransactionCreationForAccount1And2" time="0"/>
  <testcase classname="com.revolut.money.transfer.integration.ConcurrentlyTransactionCreationTest" name="testConcurrentTransactionCreationForAccount1And2" time="0"/>
  <testcase classname="com.revolut.money.transfer.integration.ConcurrentlyTransactionCreationTest" name="testConcurrentTransactionCreationForAccount1And2" time="0"/>
  <testcase classname="com.revolut.money.transfer.integration.ConcurrentlyTransactionCreationTest" name="testConcurrentTransactionCreationForAccount1And2" time="0"/>
  <testcase classname="com.revolut.money.transfer.integration.ConcurrentlyTransactionCreationTest" name="testConcurrentTransactionCreationForAccount1And2" time="0.001"/>
  <testcase classname="com.revolut.money.transfer.integration.ConcurrentlyTransactionCreationTest" name="testConcurrentTransactionCreationForAccount1And2" time="0"/>
  <testcase classname="com.revolut.money.transfer.integration.ConcurrentlyTransactionCreationTest" name="testConcurrentTransactionCreationForAccount1And2" time="0"/>
  <testcase classname="com.revolut.money.transfer.integration.ConcurrentlyTransactionCreationTest" name="testConcurrentTransactionCreationForAccount1And2" time="0"/>
  <testcase classname="com.revolut.money.transfer.integration.ConcurrentlyTransactionCreationTest" name="testConcurrentTransactionCreationForAccount1And2" time="0"/>
  <testcase classname="com.revolut.money.transfer.integration.ConcurrentlyTransactionCreationTest" name="testConcurrentTransactionCreationForAccount1And2" time="0.001"/>
  <testcase classname="com.revolut.money.transfer.integration.ConcurrentlyTransactionCreationTest" name="testConcurrentTransactionCreationForAccount1And2" time="0"/>
  <testcase classname="com.revolut.money.transfer.integration.ConcurrentlyTransactionCreationTest" name="testConcurrentTransactionCreationForAccount1And2" time="0"/>
  <testcase classname="com.revolut.money.transfer.integration.ConcurrentlyTransactionCreationTest" name="testConcurrentTransactionCreationForAccount1And2" time="0"/>
  <testcase classname="com.revolut.money.transfer.integration.ConcurrentlyTransactionCreationTest" name="testConcurrentTransactionCreationForAccount1And2" time="0"/>
  <testcase classname="com.revolut.money.transfer.integration.ConcurrentlyTransactionCreationTest" name="testConcurrentTransactionCreationForAccount1And2" time="0"/>
  <testcase classname="com.revolut.money.transfer.integration.ConcurrentlyTransactionCreationTest" name="testConcurrentTransactionCreationForAccount1And2" time="0"/>
  <testcase classname="com.revolut.money.transfer.integration.ConcurrentlyTransactionCreationTest" name="testConcurrentTransactionCreationForAccount1And2" time="0"/>
  <testcase classname="com.revolut.money.transfer.integration.ConcurrentlyTransactionCreationTest" name="testConcurrentTransactionCreationForAccount1And2" time="0"/>
  <testcase classname="com.revolut.money.transfer.integration.ConcurrentlyTransactionCreationTest" name="testConcurrentTransactionCreationForAccount1And2" time="0"/>
  <testcase classname="com.revolut.money.transfer.integration.ConcurrentlyTransactionCreationTest" name="testConcurrentTransactionCreationForAccount1And2" time="0.001"/>
  <testcase classname="com.revolut.money.transfer.integration.ConcurrentlyTransactionCreationTest" name="testConcurrentTransactionCreationForAccount1And2" time="0"/>
  <testcase classname="com.revolut.money.transfer.integration.ConcurrentlyTransactionCreationTest" name="testConcurrentTransactionCreationForAccount1And2" time="0"/>
  <testcase classname="com.revolut.money.transfer.integration.ConcurrentlyTransactionCreationTest" name="testConcurrentTransactionCreationForAccount1And2" time="0"/>
  <testcase classname="com.revolut.money.transfer.integration.ConcurrentlyTransactionCreationTest" name="testConcurrentTransactionCreationForAccount1And2" time="0"/>
  <testcase classname="com.revolut.money.transfer.integration.ConcurrentlyTransactionCreationTest" name="testConcurrentTransactionCreationForAccount1And2" time="0.001"/>
  <testcase classname="com.revolut.money.transfer.integration.ConcurrentlyTransactionCreationTest" name="testConcurrentTransactionCreationForAccount1And2" time="0"/>
  <testcase classname="com.revolut.money.transfer.integration.ConcurrentlyTransactionCreationTest" name="testConcurrentTransactionCreationForAccount1And2" time="0"/>
  <testcase classname="com.revolut.money.transfer.integration.ConcurrentlyTransactionCreationTest" name="testConcurrentTransactionCreationForAccount1And2" time="0"/>
  <testcase classname="com.revolut.money.transfer.integration.ConcurrentlyTransactionCreationTest" name="testConcurrentTransactionCreationForAccount1And2" time="0"/>
  <testcase classname="com.revolut.money.transfer.integration.ConcurrentlyTransactionCreationTest" name="testConcurrentTransactionCreationForAccount1And2" time="0"/>
  <testcase classname="com.revolut.money.transfer.integration.ConcurrentlyTransactionCreationTest" name="testConcurrentTransactionCreationForAccount1And2" time="0"/>
  <testcase classname="com.revolut.money.transfer.integration.ConcurrentlyTransactionCreationTest" name="testConcurrentTransactionCreationForAccount1And2" time="0"/>
  <testcase classname="com.revolut.money.transfer.integration.ConcurrentlyTransactionCreationTest" name="testConcurrentTransactionCreationForAccount1And2" time="0"/>
  <testcase classname="com.revolut.money.transfer.integration.ConcurrentlyTransactionCreationTest" name="testConcurrentTransactionCreationForAccount1And2" time="0.001"/>
  <testcase classname="com.revolut.money.transfer.integration.ConcurrentlyTransactionCreationTest" name="testConcurrentTransactionCreationForAccount1And2" time="0"/>
  <testcase classname="com.revolut.money.transfer.integration.ConcurrentlyTransactionCreationTest" name="testConcurrentTransactionCreationForAccount1And2" time="0"/>
  <testcase classname="com.revolut.money.transfer.integration.ConcurrentlyTransactionCreationTest" name="testConcurrentTransactionCreationForAccount1And2" time="0"/>
  <testcase classname="com.revolut.money.transfer.integration.ConcurrentlyTransactionCreationTest" name="testConcurrentTransactionCreationForAccount1And2" time="0"/>
  <testcase classname="com.revolut.money.transfer.integration.ConcurrentlyTransactionCreationTest" name="testConcurrentTransactionCreationForAccount1And2" time="0.001"/>
  <testcase classname="com.revolut.money.transfer.integration.ConcurrentlyTransactionCreationTest" name="testConcurrentTransactionCreationForAccount1And2" time="0"/>
  <testcase classname="com.revolut.money.transfer.integration.ConcurrentlyTransactionCreationTest" name="testConcurrentTransactionCreationForAccount1And2" time="0"/>
  <testcase classname="com.revolut.money.transfer.integration.ConcurrentlyTransactionCreationTest" name="testConcurrentTransactionCreationForAccount1And2" time="0"/>
  <testcase classname="com.revolut.money.transfer.integration.ConcurrentlyTransactionCreationTest" name="testConcurrentTransactionCreationForAccount1And2" time="0.001"/>
  <testcase classname="com.revolut.money.transfer.integration.ConcurrentlyTransactionCreationTest" name="testConcurrentTransactionCreationForAccount1And2" time="0"/>
  <testcase classname="com.revolut.money.transfer.integration.ConcurrentlyTransactionCreationTest" name="testConcurrentTransactionCreationForAccount1And2" time="0"/>
  <testcase classname="com.revolut.money.transfer.integration.ConcurrentlyTransactionCreationTest" name="testConcurrentTransactionCreationForAccount1And2" time="0"/>
  <testcase classname="com.revolut.money.transfer.integration.ConcurrentlyTransactionCreationTest" name="testConcurrentTransactionCreationForAccount1And2" time="0"/>
  <testcase classname="com.revolut.money.transfer.integration.ConcurrentlyTransactionCreationTest" name="testConcurrentTransactionCreationForAccount1And2" time="0.001"/>
  <testcase classname="com.revolut.money.transfer.integration.ConcurrentlyTransactionCreationTest" name="testConcurrentTransactionCreationForAccount1And2" time="0"/>
  <testcase classname="com.revolut.money.transfer.integration.ConcurrentlyTransactionCreationTest" name="testConcurrentTransactionCreationForAccount1And2" time="0"/>
  <testcase classname="com.revolut.money.transfer.integration.ConcurrentlyTransactionCreationTest" name="testConcurrentTransactionCreationForAccount1And2" time="0"/>
  <testcase classname="com.revolut.money.transfer.integration.ConcurrentlyTransactionCreationTest" name="testConcurrentTransactionCreationForAccount1And2" time="0"/>
  <testcase classname="com.revolut.money.transfer.integration.ConcurrentlyTransactionCreationTest" name="testConcurrentTransactionCreationForAccount1And2" time="0"/>
  <testcase classname="com.revolut.money.transfer.integration.ConcurrentlyTransactionCreationTest" name="testConcurrentTransactionCreationForAccount1And2" time="0"/>
  <testcase classname="com.revolut.money.transfer.integration.ConcurrentlyTransactionCreationTest" name="testConcurrentTransactionCreationForAccount1And2" time="0"/>
  <testcase classname="com.revolut.money.transfer.integration.ConcurrentlyTransactionCreationTest" name="testConcurrentTransactionCreationForAccount1And2" time="0"/>
  <testcase classname="com.revolut.money.transfer.integration.ConcurrentlyTransactionCreationTest" name="testConcurrentTransactionCreationForAccount1And2" time="0"/>
  <testcase classname="com.revolut.money.transfer.integration.ConcurrentlyTransactionCreationTest" name="testConcurrentTransactionCreationForAccount1And2" time="0"/>
  <testcase classname="com.revolut.money.transfer.integration.ConcurrentlyTransactionCreationTest" name="testConcurrentTransactionCreationForAccount1And2" time="0"/>
  <testcase classname="com.revolut.money.transfer.integration.ConcurrentlyTransactionCreationTest" name="testConcurrentTransactionCreationForAccount1And2" time="0"/>
  <testcase classname="com.revolut.money.transfer.integration.ConcurrentlyTransactionCreationTest" name="testConcurrentTransactionCreationForAccount1And2" time="0"/>
  <testcase classname="com.revolut.money.transfer.integration.ConcurrentlyTransactionCreationTest" name="testConcurrentTransactionCreationForAccount1And2" time="0"/>
  <testcase classname="com.revolut.money.transfer.integration.ConcurrentlyTransactionCreationTest" name="testConcurrentTransactionCreationForAccount1And2" time="0"/>
  <testcase classname="com.revolut.money.transfer.integration.ConcurrentlyTransactionCreationTest" name="testConcurrentTransactionCreationForAccount1And2" time="0"/>
  <testcase classname="com.revolut.money.transfer.integration.ConcurrentlyTransactionCreationTest" name="testConcurrentTransactionCreationForAccount1And2" time="0"/>
  <testcase classname="com.revolut.money.transfer.integration.ConcurrentlyTransactionCreationTest" name="testConcurrentTransactionCreationForAccount1And2" time="0.001"/>
  <testcase classname="com.revolut.money.transfer.integration.ConcurrentlyTransactionCreationTest" name="testConcurrentTransactionCreationForAccount1And2" time="0"/>
  <testcase classname="com.revolut.money.transfer.integration.ConcurrentlyTransactionCreationTest" name="testConcurrentTransactionCreationForAccount1And2" time="0"/>
  <testcase classname="com.revolut.money.transfer.integration.ConcurrentlyTransactionCreationTest" name="testConcurrentTransactionCreationForAccount1And2" time="0"/>
  <testcase classname="com.revolut.money.transfer.integration.ConcurrentlyTransactionCreationTest" name="testConcurrentTransactionCreationForAccount1And2" time="0"/>
  <testcase classname="com.revolut.money.transfer.integration.ConcurrentlyTransactionCreationTest" name="testConcurrentTransactionCreationForAccount1And2" time="0.001"/>
  <testcase classname="com.revolut.money.transfer.integration.ConcurrentlyTransactionCreationTest" name="testConcurrentTransactionCreationForAccount1And2" time="0"/>
  <testcase classname="com.revolut.money.transfer.integration.ConcurrentlyTransactionCreationTest" name="testConcurrentTransactionCreationForAccount1And2" time="0"/>
  <testcase classname="com.revolut.money.transfer.integration.ConcurrentlyTransactionCreationTest" name="testConcurrentTransactionCreationForAccount1And2" time="0"/>
  <testcase classname="com.revolut.money.transfer.integration.ConcurrentlyTransactionCreationTest" name="testConcurrentTransactionCreationForAccount1And2" time="0"/>
  <testcase classname="com.revolut.money.transfer.integration.ConcurrentlyTransactionCreationTest" name="testConcurrentTransactionCreationForAccount1And2" time="0"/>
  <testcase classname="com.revolut.money.transfer.integration.ConcurrentlyTransactionCreationTest" name="testConcurrentTransactionCreationForAccount1And2" time="0"/>
  <testcase classname="com.revolut.money.transfer.integration.ConcurrentlyTransactionCreationTest" name="testConcurrentTransactionCreationForAccount1And2" time="0"/>
  <testcase classname="com.revolut.money.transfer.integration.ConcurrentlyTransactionCreationTest" name="testConcurrentTransactionCreationForAccount1And2" time="0"/>
  <testcase classname="com.revolut.money.transfer.integration.ConcurrentlyTransactionCreationTest" name="testConcurrentTransactionCreationForAccount1And2" time="0.001"/>
  <testcase classname="com.revolut.money.transfer.integration.ConcurrentlyTransactionCreationTest" name="testConcurrentTransactionCreationForAccount1And2" time="0"/>
  <testcase classname="com.revolut.money.transfer.integration.ConcurrentlyTransactionCreationTest" name="testConcurrentTransactionCreationForAccount1And2" time="0"/>
  <testcase classname="com.revolut.money.transfer.integration.ConcurrentlyTransactionCreationTest" name="testConcurrentTransactionCreationForAccount1And2" time="0"/>
  <testcase classname="com.revolut.money.transfer.integration.ConcurrentlyTransactionCreationTest" name="testConcurrentTransactionCreationForAccount1And2" time="0"/>
  <testcase classname="com.revolut.money.transfer.integration.ConcurrentlyTransactionCreationTest" name="testConcurrentTransactionCreationForAccount1And2" time="0"/>
  <testcase classname="com.revolut.money.transfer.integration.ConcurrentlyTransactionCreationTest" name="testConcurrentTransactionCreationForAccount1And2" time="0"/>
  <testcase classname="com.revolut.money.transfer.integration.ConcurrentlyTransactionCreationTest" name="testConcurrentTransactionCreationForAccount1And2" time="0"/>
  <testcase classname="com.revolut.money.transfer.integration.ConcurrentlyTransactionCreationTest" name="testConcurrentTransactionCreationForAccount1And2" time="0"/>
  <testcase classname="com.revolut.money.transfer.integration.ConcurrentlyTransactionCreationTest" name="testConcurrentTransactionCreationForAccount1And2" time="0"/>
  <testcase classname="com.revolut.money.transfer.integration.ConcurrentlyTransactionCreationTest" name="testConcurrentTransactionCreationForAccount1And2" time="0"/>
  <testcase classname="com.revolut.money.transfer.integration.ConcurrentlyTransactionCreationTest" name="testConcurrentTransactionCreationForAccount1And2" time="0"/>
  <testcase classname="com.revolut.money.transfer.integration.ConcurrentlyTransactionCreationTest" name="testConcurrentTransactionCreationForAccount1And2" time="0.001"/>
  <testcase classname="com.revolut.money.transfer.integration.ConcurrentlyTransactionCreationTest" name="testConcurrentTransactionCreationForAccount1And2" time="0"/>
  <testcase classname="com.revolut.money.transfer.integration.ConcurrentlyTransactionCreationTest" name="testConcurrentTransactionCreationForAccount1And2" time="0"/>
  <testcase classname="com.revolut.money.transfer.integration.ConcurrentlyTransactionCreationTest" name="testConcurrentTransactionCreationForAccount1And2" time="0"/>
  <testcase classname="com.revolut.money.transfer.integration.ConcurrentlyTransactionCreationTest" name="testConcurrentTransactionCreationForAccount1And2" time="0"/>
  <testcase classname="com.revolut.money.transfer.integration.ConcurrentlyTransactionCreationTest" name="testConcurrentTransactionCreationForAccount1And2" time="0"/>
  <testcase classname="com.revolut.money.transfer.integration.ConcurrentlyTransactionCreationTest" name="testConcurrentTransactionCreationForAccount1And2" time="0"/>
  <testcase classname="com.revolut.money.transfer.integration.ConcurrentlyTransactionCreationTest" name="testConcurrentTransactionCreationForAccount1And2" time="0"/>
  <testcase classname="com.revolut.money.transfer.integration.ConcurrentlyTransactionCreationTest" name="testConcurrentTransactionCreationForAccount1And2" time="0"/>
  <testcase classname="com.revolut.money.transfer.integration.ConcurrentlyTransactionCreationTest" name="testConcurrentTransactionCreationForAccount1And2" time="0.001"/>
  <testcase classname="com.revolut.money.transfer.integration.ConcurrentlyTransactionCreationTest" name="testConcurrentTransactionCreationForAccount1And2" time="0"/>
  <testcase classname="com.revolut.money.transfer.integration.ConcurrentlyTransactionCreationTest" name="testConcurrentTransactionCreationForAccount1And2" time="0"/>
  <testcase classname="com.revolut.money.transfer.integration.ConcurrentlyTransactionCreationTest" name="testConcurrentTransactionCreationForAccount1And2" time="0"/>
  <testcase classname="com.revolut.money.transfer.integration.ConcurrentlyTransactionCreationTest" name="testConcurrentTransactionCreationForAccount1And2" time="0.001"/>
  <testcase classname="com.revolut.money.transfer.integration.ConcurrentlyTransactionCreationTest" name="testConcurrentTransactionCreationForAccount1And2" time="0"/>
  <testcase classname="com.revolut.money.transfer.integration.ConcurrentlyTransactionCreationTest" name="testConcurrentTransactionCreationForAccount1And2" time="0"/>
  <testcase classname="com.revolut.money.transfer.integration.ConcurrentlyTransactionCreationTest" name="testConcurrentTransactionCreationForAccount1And2" time="0"/>
  <testcase classname="com.revolut.money.transfer.integration.ConcurrentlyTransactionCreationTest" name="testConcurrentTransactionCreationForAccount1And2" time="0.001"/>
  <testcase classname="com.revolut.money.transfer.integration.ConcurrentlyTransactionCreationTest" name="testConcurrentTransactionCreationForAccount1And2" time="0"/>
  <testcase classname="com.revolut.money.transfer.integration.ConcurrentlyTransactionCreationTest" name="testConcurrentTransactionCreationForAccount1And2" time="0"/>
  <testcase classname="com.revolut.money.transfer.integration.ConcurrentlyTransactionCreationTest" name="testConcurrentTransactionCreationForAccount1And2" time="0"/>
  <testcase classname="com.revolut.money.transfer.integration.ConcurrentlyTransactionCreationTest" name="testConcurrentTransactionCreationForAccount1And2" time="0"/>
  <testcase classname="com.revolut.money.transfer.integration.ConcurrentlyTransactionCreationTest" name="testConcurrentTransactionCreationForAccount1And2" time="0.001"/>
  <testcase classname="com.revolut.money.transfer.integration.ConcurrentlyTransactionCreationTest" name="testConcurrentTransactionCreationForAccount1And2" time="0"/>
  <testcase classname="com.revolut.money.transfer.integration.ConcurrentlyTransactionCreationTest" name="testConcurrentTransactionCreationForAccount1And2" time="0"/>
  <testcase classname="com.revolut.money.transfer.integration.ConcurrentlyTransactionCreationTest" name="testConcurrentTransactionCreationForAccount1And2" time="0.001"/>
  <testcase classname="com.revolut.money.transfer.integration.ConcurrentlyTransactionCreationTest" name="testConcurrentTransactionCreationForAccount1And2" time="0"/>
  <testcase classname="com.revolut.money.transfer.integration.ConcurrentlyTransactionCreationTest" name="testConcurrentTransactionCreationForAccount1And2" time="0"/>
  <testcase classname="com.revolut.money.transfer.integration.ConcurrentlyTransactionCreationTest" name="testConcurrentTransactionCreationForAccount1And2" time="0"/>
  <testcase classname="com.revolut.money.transfer.integration.ConcurrentlyTransactionCreationTest" name="testConcurrentTransactionCreationForAccount1And2" time="0"/>
  <testcase classname="com.revolut.money.transfer.integration.ConcurrentlyTransactionCreationTest" name="testConcurrentTransactionCreationForAccount1And2" time="0.001"/>
  <testcase classname="com.revolut.money.transfer.integration.ConcurrentlyTransactionCreationTest" name="testConcurrentTransactionCreationForAccount1And2" time="0"/>
  <testcase classname="com.revolut.money.transfer.integration.ConcurrentlyTransactionCreationTest" name="testConcurrentTransactionCreationForAccount1And2" time="0"/>
  <testcase classname="com.revolut.money.transfer.integration.ConcurrentlyTransactionCreationTest" name="testConcurrentTransactionCreationForAccount1And2" time="0"/>
  <testcase classname="com.revolut.money.transfer.integration.ConcurrentlyTransactionCreationTest" name="testConcurrentTransactionCreationForAccount1And2" time="0.001"/>
  <testcase classname="com.revolut.money.transfer.integration.ConcurrentlyTransactionCreationTest" name="testConcurrentTransactionCreationForAccount1And2" time="0"/>
  <testcase classname="com.revolut.money.transfer.integration.ConcurrentlyTransactionCreationTest" name="testConcurrentTransactionCreationForAccount1And2" time="0"/>
  <testcase classname="com.revolut.money.transfer.integration.ConcurrentlyTransactionCreationTest" name="testConcurrentTransactionCreationForAccount1And2" time="0"/>
  <testcase classname="com.revolut.money.transfer.integration.ConcurrentlyTransactionCreationTest" name="testConcurrentTransactionCreationForAccount1And2" time="0"/>
  <testcase classname="com.revolut.money.transfer.integration.ConcurrentlyTransactionCreationTest" name="testConcurrentTransactionCreationForAccount1And2" time="0.001"/>
  <testcase classname="com.revolut.money.transfer.integration.ConcurrentlyTransactionCreationTest" name="testConcurrentTransactionCreationForAccount1And2" time="0"/>
  <testcase classname="com.revolut.money.transfer.integration.ConcurrentlyTransactionCreationTest" name="testConcurrentTransactionCreationForAccount1And2" time="0"/>
  <testcase classname="com.revolut.money.transfer.integration.ConcurrentlyTransactionCreationTest" name="testConcurrentTransactionCreationForAccount1And2" time="0"/>
  <testcase classname="com.revolut.money.transfer.integration.ConcurrentlyTransactionCreationTest" name="testConcurrentTransactionCreationForAccount1And2" time="0"/>
  <testcase classname="com.revolut.money.transfer.integration.ConcurrentlyTransactionCreationTest" name="testConcurrentTransactionCreationForAccount1And2" time="0.001"/>
  <testcase classname="com.revolut.money.transfer.integration.ConcurrentlyTransactionCreationTest" name="testConcurrentTransactionCreationForAccount1And2" time="0"/>
  <testcase classname="com.revolut.money.transfer.integration.ConcurrentlyTransactionCreationTest" name="testConcurrentTransactionCreationForAccount1And2" time="0"/>
  <testcase classname="com.revolut.money.transfer.integration.ConcurrentlyTransactionCreationTest" name="testConcurrentTransactionCreationForAccount1And2" time="0"/>
  <testcase classname="com.revolut.money.transfer.integration.ConcurrentlyTransactionCreationTest" name="testConcurrentTransactionCreationForAccount1And2" time="0.001"/>
  <testcase classname="com.revolut.money.transfer.integration.ConcurrentlyTransactionCreationTest" name="testConcurrentTransactionCreationForAccount1And2" time="0"/>
  <testcase classname="com.revolut.money.transfer.integration.ConcurrentlyTransactionCreationTest" name="testConcurrentTransactionCreationForAccount1And2" time="0"/>
  <testcase classname="com.revolut.money.transfer.integration.ConcurrentlyTransactionCreationTest" name="testConcurrentTransactionCreationForAccount1And2" time="0"/>
  <testcase classname="com.revolut.money.transfer.integration.ConcurrentlyTransactionCreationTest" name="testConcurrentTransactionCreationForAccount1And2" time="0"/>
  <testcase classname="com.revolut.money.transfer.integration.ConcurrentlyTransactionCreationTest" name="testConcurrentTransactionCreationForAccount1And2" time="0.001"/>
  <testcase classname="com.revolut.money.transfer.integration.ConcurrentlyTransactionCreationTest" name="testConcurrentTransactionCreationForAccount1And2" time="0"/>
  <testcase classname="com.revolut.money.transfer.integration.ConcurrentlyTransactionCreationTest" name="testConcurrentTransactionCreationForAccount1And2" time="0"/>
  <testcase classname="com.revolut.money.transfer.integration.ConcurrentlyTransactionCreationTest" name="testConcurrentTransactionCreationForAccount1And2" time="0"/>
  <testcase classname="com.revolut.money.transfer.integration.ConcurrentlyTransactionCreationTest" name="testConcurrentTransactionCreationForAccount1And2" time="0"/>
  <testcase classname="com.revolut.money.transfer.integration.ConcurrentlyTransactionCreationTest" name="testConcurrentTransactionCreationForAccount1And2" time="0.001"/>
  <testcase classname="com.revolut.money.transfer.integration.ConcurrentlyTransactionCreationTest" name="testConcurrentTransactionCreationForAccount1And2" time="0"/>
  <testcase classname="com.revolut.money.transfer.integration.ConcurrentlyTransactionCreationTest" name="testConcurrentTransactionCreationForAccount1And2" time="0"/>
  <testcase classname="com.revolut.money.transfer.integration.ConcurrentlyTransactionCreationTest" name="testConcurrentTransactionCreationForAccount1And2" time="0"/>
  <testcase classname="com.revolut.money.transfer.integration.ConcurrentlyTransactionCreationTest" name="testConcurrentTransactionCreationForAccount1And2" time="0"/>
  <testcase classname="com.revolut.money.transfer.integration.ConcurrentlyTransactionCreationTest" name="testConcurrentTransactionCreationForAccount1And2" time="0"/>
  <testcase classname="com.revolut.money.transfer.integration.ConcurrentlyTransactionCreationTest" name="testConcurrentTransactionCreationForAccount1And2" time="0"/>
  <testcase classname="com.revolut.money.transfer.integration.ConcurrentlyTransactionCreationTest" name="testConcurrentTransactionCreationForAccount1And2" time="0.001"/>
  <testcase classname="com.revolut.money.transfer.integration.ConcurrentlyTransactionCreationTest" name="testConcurrentTransactionCreationForAccount1And2" time="0"/>
  <testcase classname="com.revolut.money.transfer.integration.ConcurrentlyTransactionCreationTest" name="testConcurrentTransactionCreationForAccount1And2" time="0"/>
  <testcase classname="com.revolut.money.transfer.integration.ConcurrentlyTransactionCreationTest" name="testConcurrentTransactionCreationForAccount1And2" time="0"/>
  <testcase classname="com.revolut.money.transfer.integration.ConcurrentlyTransactionCreationTest" name="testConcurrentTransactionCreationForAccount1And2" time="0"/>
  <testcase classname="com.revolut.money.transfer.integration.ConcurrentlyTransactionCreationTest" name="testConcurrentTransactionCreationForAccount1And2" time="0"/>
  <testcase classname="com.revolut.money.transfer.integration.ConcurrentlyTransactionCreationTest" name="testConcurrentTransactionCreationForAccount1And2" time="0"/>
  <testcase classname="com.revolut.money.transfer.integration.ConcurrentlyTransactionCreationTest" name="testConcurrentTransactionCreationForAccount1And2" time="0"/>
  <testcase classname="com.revolut.money.transfer.integration.ConcurrentlyTransactionCreationTest" name="testConcurrentTransactionCreationForAccount1And2" time="0.001"/>
  <testcase classname="com.revolut.money.transfer.integration.ConcurrentlyTransactionCreationTest" name="testConcurrentTransactionCreationForAccount1And2" time="0"/>
  <testcase classname="com.revolut.money.transfer.integration.ConcurrentlyTransactionCreationTest" name="testConcurrentTransactionCreationForAccount1And2" time="0"/>
  <testcase classname="com.revolut.money.transfer.integration.ConcurrentlyTransactionCreationTest" name="testConcurrentTransactionCreationForAccount1And2" time="0"/>
  <testcase classname="com.revolut.money.transfer.integration.ConcurrentlyTransactionCreationTest" name="testConcurrentTransactionCreationForAccount1And2" time="0.001"/>
  <testcase classname="com.revolut.money.transfer.integration.ConcurrentlyTransactionCreationTest" name="testConcurrentTransactionCreationForAccount1And2" time="0.001"/>
  <testcase classname="com.revolut.money.transfer.integration.ConcurrentlyTransactionCreationTest" name="testConcurrentTransactionCreationForAccount1And2" time="0"/>
  <testcase classname="com.revolut.money.transfer.integration.ConcurrentlyTransactionCreationTest" name="testConcurrentTransactionCreationForAccount1And2" time="0.001"/>
  <testcase classname="com.revolut.money.transfer.integration.ConcurrentlyTransactionCreationTest" name="testConcurrentTransactionCreationForAccount1And2" time="0"/>
  <testcase classname="com.revolut.money.transfer.integration.ConcurrentlyTransactionCreationTest" name="testConcurrentTransactionCreationForAccount1And2" time="0.001"/>
  <testcase classname="com.revolut.money.transfer.integration.ConcurrentlyTransactionCreationTest" name="testConcurrentTransactionCreationForAccount1And2" time="0"/>
  <testcase classname="com.revolut.money.transfer.integration.ConcurrentlyTransactionCreationTest" name="testConcurrentTransactionCreationForAccount1And2" time="0.001"/>
  <testcase classname="com.revolut.money.transfer.integration.ConcurrentlyTransactionCreationTest" name="testConcurrentTransactionCreationForAccount1And2" time="0"/>
  <testcase classname="com.revolut.money.transfer.integration.ConcurrentlyTransactionCreationTest" name="testConcurrentTransactionCreationForAccount1And2" time="0"/>
  <testcase classname="com.revolut.money.transfer.integration.ConcurrentlyTransactionCreationTest" name="testConcurrentTransactionCreationForAccount1And2" time="0"/>
  <testcase classname="com.revolut.money.transfer.integration.ConcurrentlyTransactionCreationTest" name="testConcurrentTransactionCreationForAccount1And2" time="0"/>
  <testcase classname="com.revolut.money.transfer.integration.ConcurrentlyTransactionCreationTest" name="testConcurrentTransactionCreationForAccount1And2" time="0.001"/>
  <testcase classname="com.revolut.money.transfer.integration.ConcurrentlyTransactionCreationTest" name="testConcurrentTransactionCreationForAccount1And2" time="0"/>
  <testcase classname="com.revolut.money.transfer.integration.ConcurrentlyTransactionCreationTest" name="testConcurrentTransactionCreationForAccount1And2" time="0"/>
  <testcase classname="com.revolut.money.transfer.integration.ConcurrentlyTransactionCreationTest" name="testConcurrentTransactionCreationForAccount1And2" time="0"/>
  <testcase classname="com.revolut.money.transfer.integration.ConcurrentlyTransactionCreationTest" name="testConcurrentTransactionCreationForAccount1And2" time="0"/>
  <testcase classname="com.revolut.money.transfer.integration.ConcurrentlyTransactionCreationTest" name="testConcurrentTransactionCreationForAccount1And2" time="0.001"/>
  <testcase classname="com.revolut.money.transfer.integration.ConcurrentlyTransactionCreationTest" name="testConcurrentTransactionCreationForAccount1And2" time="0"/>
  <testcase classname="com.revolut.money.transfer.integration.ConcurrentlyTransactionCreationTest" name="testConcurrentTransactionCreationForAccount1And2" time="0"/>
  <testcase classname="com.revolut.money.transfer.integration.ConcurrentlyTransactionCreationTest" name="testConcurrentTransactionCreationForAccount1And2" time="0"/>
  <testcase classname="com.revolut.money.transfer.integration.ConcurrentlyTransactionCreationTest" name="testConcurrentTransactionCreationForAccount1And2" time="0"/>
  <testcase classname="com.revolut.money.transfer.integration.ConcurrentlyTransactionCreationTest" name="testConcurrentTransactionCreationForAccount1And2" time="0"/>
  <testcase classname="com.revolut.money.transfer.integration.ConcurrentlyTransactionCreationTest" name="testConcurrentTransactionCreationForAccount1And2" time="0.001"/>
  <testcase classname="com.revolut.money.transfer.integration.ConcurrentlyTransactionCreationTest" name="testConcurrentTransactionCreationForAccount1And2" time="0"/>
  <testcase classname="com.revolut.money.transfer.integration.ConcurrentlyTransactionCreationTest" name="testConcurrentTransactionCreationForAccount1And2" time="0"/>
  <testcase classname="com.revolut.money.transfer.integration.ConcurrentlyTransactionCreationTest" name="testConcurrentTransactionCreationForAccount1And2" time="0"/>
  <testcase classname="com.revolut.money.transfer.integration.ConcurrentlyTransactionCreationTest" name="testConcurrentTransactionCreationForAccount1And2" time="0"/>
  <testcase classname="com.revolut.money.transfer.integration.ConcurrentlyTransactionCreationTest" name="testConcurrentTransactionCreationForAccount1And2" time="0"/>
  <testcase classname="com.revolut.money.transfer.integration.ConcurrentlyTransactionCreationTest" name="testConcurrentTransactionCreationForAccount1And2" time="0"/>
  <testcase classname="com.revolut.money.transfer.integration.ConcurrentlyTransactionCreationTest" name="testConcurrentTransactionCreationForAccount1And2" time="0"/>
  <testcase classname="com.revolut.money.transfer.integration.ConcurrentlyTransactionCreationTest" name="testConcurrentTransactionCreationForAccount1And2" time="0"/>
  <testcase classname="com.revolut.money.transfer.integration.ConcurrentlyTransactionCreationTest" name="testConcurrentTransactionCreationForAccount1And2" time="0"/>
  <testcase classname="com.revolut.money.transfer.integration.ConcurrentlyTransactionCreationTest" name="testConcurrentTransactionCreationForAccount1And2" time="0"/>
  <testcase classname="com.revolut.money.transfer.integration.ConcurrentlyTransactionCreationTest" name="testConcurrentTransactionCreationForAccount1And2" time="0"/>
  <testcase classname="com.revolut.money.transfer.integration.ConcurrentlyTransactionCreationTest" name="testConcurrentTransactionCreationForAccount1And2" time="0"/>
  <testcase classname="com.revolut.money.transfer.integration.ConcurrentlyTransactionCreationTest" name="testConcurrentTransactionCreationForAccount1And2" time="0"/>
  <testcase classname="com.revolut.money.transfer.integration.ConcurrentlyTransactionCreationTest" name="testConcurrentTransactionCreationForAccount1And2" time="0"/>
  <testcase classname="com.revolut.money.transfer.integration.ConcurrentlyTransactionCreationTest" name="testConcurrentTransactionCreationForAccount1And2" time="0"/>
  <testcase classname="com.revolut.money.transfer.integration.ConcurrentlyTransactionCreationTest" name="testConcurrentTransactionCreationForAccount1And2" time="0.001"/>
  <testcase classname="com.revolut.money.transfer.integration.ConcurrentlyTransactionCreationTest" name="testConcurrentTransactionCreationForAccount1And2" time="0"/>
  <testcase classname="com.revolut.money.transfer.integration.ConcurrentlyTransactionCreationTest" name="testConcurrentTransactionCreationForAccount1And2" time="0"/>
  <testcase classname="com.revolut.money.transfer.integration.ConcurrentlyTransactionCreationTest" name="testConcurrentTransactionCreationForAccount1And2" time="0"/>
  <testcase classname="com.revolut.money.transfer.integration.ConcurrentlyTransactionCreationTest" name="testConcurrentTransactionCreationForAccount1And2" time="0"/>
  <testcase classname="com.revolut.money.transfer.integration.ConcurrentlyTransactionCreationTest" name="testConcurrentTransactionCreationForAccount1And2" time="0"/>
  <testcase classname="com.revolut.money.transfer.integration.ConcurrentlyTransactionCreationTest" name="testConcurrentTransactionCreationForAccount1And2" time="0"/>
  <testcase classname="com.revolut.money.transfer.integration.ConcurrentlyTransactionCreationTest" name="testConcurrentTransactionCreationForAccount1And2" time="0.001"/>
  <testcase classname="com.revolut.money.transfer.integration.ConcurrentlyTransactionCreationTest" name="testConcurrentTransactionCreationForAccount1And2" time="0.001"/>
  <testcase classname="com.revolut.money.transfer.integration.ConcurrentlyTransactionCreationTest" name="testConcurrentTransactionCreationForAccount1And2" time="0.001"/>
  <testcase classname="com.revolut.money.transfer.integration.ConcurrentlyTransactionCreationTest" name="testConcurrentTransactionCreationForAccount1And2" time="0.002"/>
  <testcase classname="com.revolut.money.transfer.integration.ConcurrentlyTransactionCreationTest" name="testConcurrentTransactionCreationForAccount1And2" time="0.002"/>
  <testcase classname="com.revolut.money.transfer.integration.ConcurrentlyTransactionCreationTest" name="testConcurrentTransactionCreationForAccount1And2" time="0.003"/>
  <testcase classname="com.revolut.money.transfer.integration.ConcurrentlyTransactionCreationTest" name="testConcurrentTransactionCreationForAccount1And2" time="0.004"/>
  <testcase classname="com.revolut.money.transfer.integration.ConcurrentlyTransactionCreationTest" name="testConcurrentTransactionCreationForAccount1And2" time="0.004"/>
  <testcase classname="com.revolut.money.transfer.integration.ConcurrentlyTransactionCreationTest" name="testConcurrentTransactionCreationForAccount1And2" time="0.004"/>
  <testcase classname="com.revolut.money.transfer.integration.ConcurrentlyTransactionCreationTest" name="testConcurrentTransactionCreationForAccount1And2" time="0.004"/>
  <testcase classname="com.revolut.money.transfer.integration.ConcurrentlyTransactionCreationTest" name="testConcurrentTransactionCreationForAccount1And2" time="0.005"/>
  <testcase classname="com.revolut.money.transfer.integration.ConcurrentlyTransactionCreationTest" name="testConcurrentTransactionCreationForAccount1And2" time="0.005"/>
  <testcase classname="com.revolut.money.transfer.integration.ConcurrentlyTransactionCreationTest" name="testConcurrentTransactionCreationForAccount1And2" time="0.005"/>
  <testcase classname="com.revolut.money.transfer.integration.ConcurrentlyTransactionCreationTest" name="testConcurrentTransactionCreationForAccount1And2" time="0.005"/>
  <testcase classname="com.revolut.money.transfer.integration.ConcurrentlyTransactionCreationTest" name="testConcurrentTransactionCreationForAccount1And2" time="0.006"/>
  <testcase classname="com.revolut.money.transfer.integration.ConcurrentlyTransactionCreationTest" name="testConcurrentTransactionCreationForAccount1And2" time="0.006"/>
  <testcase classname="com.revolut.money.transfer.integration.ConcurrentlyTransactionCreationTest" name="testConcurrentTransactionCreationForAccount1And2" time="0.006"/>
  <testcase classname="com.revolut.money.transfer.integration.ConcurrentlyTransactionCreationTest" name="testConcurrentTransactionCreationForAccount1And2" time="0.006"/>
  <testcase classname="com.revolut.money.transfer.integration.ConcurrentlyTransactionCreationTest" name="testConcurrentTransactionCreationForAccount1And2" time="0.007"/>
  <testcase classname="com.revolut.money.transfer.integration.ConcurrentlyTransactionCreationTest" name="testConcurrentTransactionCreationForAccount1And2" time="0.007"/>
  <testcase classname="com.revolut.money.transfer.integration.ConcurrentlyTransactionCreationTest" name="testConcurrentTransactionCreationForAccount1And2" time="0.007"/>
  <testcase classname="com.revolut.money.transfer.integration.ConcurrentlyTransactionCreationTest" name="testConcurrentTransactionCreationForAccount1And2" time="0.008"/>
  <testcase classname="com.revolut.money.transfer.integration.ConcurrentlyTransactionCreationTest" name="testConcurrentTransactionCreationForAccount1And2" time="0.008"/>
  <testcase classname="com.revolut.money.transfer.integration.ConcurrentlyTransactionCreationTest" name="testConcurrentTransactionCreationForAccount1And2" time="0.008"/>
  <testcase classname="com.revolut.money.transfer.integration.ConcurrentlyTransactionCreationTest" name="testConcurrentTransactionCreationForAccount1And2" time="0.008"/>
  <testcase classname="com.revolut.money.transfer.integration.ConcurrentlyTransactionCreationTest" name="testConcurrentTransactionCreationForAccount1And2" time="0.009"/>
  <testcase classname="com.revolut.money.transfer.integration.ConcurrentlyTransactionCreationTest" name="testConcurrentTransactionCreationForAccount1And2" time="0.009"/>
  <testcase classname="com.revolut.money.transfer.integration.ConcurrentlyTransactionCreationTest" name="testConcurrentTransactionCreationForAccount1And2" time="0.009"/>
  <testcase classname="com.revolut.money.transfer.integration.ConcurrentlyTransactionCreationTest" name="testConcurrentTransactionCreationForAccount1And2" time="0.009"/>
  <testcase classname="com.revolut.money.transfer.integration.ConcurrentlyTransactionCreationTest" name="testConcurrentTransactionCreationForAccount1And2" time="0.009"/>
  <testcase classname="com.revolut.money.transfer.integration.ConcurrentlyTransactionCreationTest" name="testConcurrentTransactionCreationForAccount1And2" time="0.01"/>
  <testcase classname="com.revolut.money.transfer.integration.ConcurrentlyTransactionCreationTest" name="testConcurrentTransactionCreationForAccount1And2" time="0.01"/>
  <testcase classname="com.revolut.money.transfer.integration.ConcurrentlyTransactionCreationTest" name="testConcurrentTransactionCreationForAccount1And2" time="0.01"/>
  <testcase classname="com.revolut.money.transfer.integration.ConcurrentlyTransactionCreationTest" name="testConcurrentTransactionCreationForAccount1And2" time="0.01"/>
  <testcase classname="com.revolut.money.transfer.integration.ConcurrentlyTransactionCreationTest" name="testConcurrentTransactionCreationForAccount1And2" time="0.011"/>
  <testcase classname="com.revolut.money.transfer.integration.ConcurrentlyTransactionCreationTest" name="testConcurrentTransactionCreationForAccount1And2" time="0.011"/>
  <testcase classname="com.revolut.money.transfer.integration.ConcurrentlyTransactionCreationTest" name="testConcurrentTransactionCreationForAccount1And2" time="0.011"/>
  <testcase classname="com.revolut.money.transfer.integration.ConcurrentlyTransactionCreationTest" name="testConcurrentTransactionCreationForAccount1And2" time="0.011"/>
  <testcase classname="com.revolut.money.transfer.integration.ConcurrentlyTransactionCreationTest" name="testConcurrentTransactionCreationForAccount1And2" time="0.012"/>
  <testcase classname="com.revolut.money.transfer.integration.ConcurrentlyTransactionCreationTest" name="testConcurrentTransactionCreationForAccount1And2" time="0.012"/>
  <testcase classname="com.revolut.money.transfer.integration.ConcurrentlyTransactionCreationTest" name="testConcurrentTransactionCreationForAccount1And2" time="0.012"/>
  <testcase classname="com.revolut.money.transfer.integration.ConcurrentlyTransactionCreationTest" name="testConcurrentTransactionCreationForAccount1And2" time="0.013"/>
  <testcase classname="com.revolut.money.transfer.integration.ConcurrentlyTransactionCreationTest" name="testConcurrentTransactionCreationForAccount1And2" time="0.014"/>
  <testcase classname="com.revolut.money.transfer.integration.ConcurrentlyTransactionCreationTest" name="testConcurrentTransactionCreationForAccount1And2" time="0.014"/>
  <testcase classname="com.revolut.money.transfer.integration.ConcurrentlyTransactionCreationTest" name="testConcurrentTransactionCreationForAccount1And2" time="0.014"/>
  <testcase classname="com.revolut.money.transfer.integration.ConcurrentlyTransactionCreationTest" name="testConcurrentTransactionCreationForAccount1And2" time="0.014"/>
  <testcase classname="com.revolut.money.transfer.integration.ConcurrentlyTransactionCreationTest" name="testConcurrentTransactionCreationForAccount1And2" time="0.015"/>
  <testcase classname="com.revolut.money.transfer.integration.ConcurrentlyTransactionCreationTest" name="testConcurrentTransactionCreationForAccount1And2" time="0.015"/>
  <testcase classname="com.revolut.money.transfer.integration.ConcurrentlyTransactionCreationTest" name="testConcurrentTransactionCreationForAccount1And2" time="0.015"/>
  <testcase classname="com.revolut.money.transfer.integration.ConcurrentlyTransactionCreationTest" name="testConcurrentTransactionCreationForAccount1And2" time="0.015"/>
  <testcase classname="com.revolut.money.transfer.integration.ConcurrentlyTransactionCreationTest" name="testConcurrentTransactionCreationForAccount1And2" time="0.016"/>
  <testcase classname="com.revolut.money.transfer.integration.ConcurrentlyTransactionCreationTest" name="testConcurrentTransactionCreationForAccount1And2" time="0.016"/>
  <testcase classname="com.revolut.money.transfer.integration.ConcurrentlyTransactionCreationTest" name="testConcurrentTransactionCreationForAccount1And2" time="0.016"/>
  <testcase classname="com.revolut.money.transfer.integration.ConcurrentlyTransactionCreationTest" name="testConcurrentTransactionCreationForAccount1And2" time="0.017"/>
  <testcase classname="com.revolut.money.transfer.integration.ConcurrentlyTransactionCreationTest" name="testConcurrentTransactionCreationForAccount1And2" time="0.017"/>
  <testcase classname="com.revolut.money.transfer.integration.ConcurrentlyTransactionCreationTest" name="testConcurrentTransactionCreationForAccount1And2" time="0.017"/>
  <testcase classname="com.revolut.money.transfer.integration.ConcurrentlyTransactionCreationTest" name="testConcurrentTransactionCreationForAccount1And2" time="0.017"/>
  <testcase classname="com.revolut.money.transfer.integration.ConcurrentlyTransactionCreationTest" name="testConcurrentTransactionCreationForAccount1And2" time="0.018"/>
  <testcase classname="com.revolut.money.transfer.integration.ConcurrentlyTransactionCreationTest" name="testConcurrentTransactionCreationForAccount1And2" time="0.018"/>
  <testcase classname="com.revolut.money.transfer.integration.ConcurrentlyTransactionCreationTest" name="testConcurrentTransactionCreationForAccount1And2" time="0.018"/>
  <testcase classname="com.revolut.money.transfer.integration.ConcurrentlyTransactionCreationTest" name="testConcurrentTransactionCreationForAccount1And2" time="0.018"/>
  <testcase classname="com.revolut.money.transfer.integration.ConcurrentlyTransactionCreationTest" name="testConcurrentTransactionCreationForAccount1And2" time="0.019"/>
  <testcase classname="com.revolut.money.transfer.integration.ConcurrentlyTransactionCreationTest" name="testConcurrentTransactionCreationForAccount1And2" time="0.02"/>
  <testcase classname="com.revolut.money.transfer.integration.ConcurrentlyTransactionCreationTest" name="testConcurrentTransactionCreationForAccount1And2" time="0.02"/>
  <testcase classname="com.revolut.money.transfer.integration.ConcurrentlyTransactionCreationTest" name="testConcurrentTransactionCreationForAccount1And2" time="0.02"/>
  <testcase classname="com.revolut.money.transfer.integration.ConcurrentlyTransactionCreationTest" name="testConcurrentTransactionCreationForAccount1And2" time="0.02"/>
  <testcase classname="com.revolut.money.transfer.integration.ConcurrentlyTransactionCreationTest" name="testConcurrentTransactionCreationForAccount1And2" time="0.021"/>
  <testcase classname="com.revolut.money.transfer.integration.ConcurrentlyTransactionCreationTest" name="testConcurrentTransactionCreationForAccount1And2" time="0.021"/>
  <testcase classname="com.revolut.money.transfer.integration.ConcurrentlyTransactionCreationTest" name="testConcurrentTransactionCreationForAccount1And2" time="0.021"/>
  <testcase classname="com.revolut.money.transfer.integration.ConcurrentlyTransactionCreationTest" name="testConcurrentTransactionCreationForAccount1And2" time="0.021"/>
  <testcase classname="com.revolut.money.transfer.integration.ConcurrentlyTransactionCreationTest" name="testConcurrentTransactionCreationForAccount1And2" time="0.022"/>
  <testcase classname="com.revolut.money.transfer.integration.ConcurrentlyTransactionCreationTest" name="testConcurrentTransactionCreationForAccount1And2" time="0.022"/>
  <testcase classname="com.revolut.money.transfer.integration.ConcurrentlyTransactionCreationTest" name="testConcurrentTransactionCreationForAccount1And2" time="0.022"/>
  <testcase classname="com.revolut.money.transfer.integration.ConcurrentlyTransactionCreationTest" name="testConcurrentTransactionCreationForAccount1And2" time="0.022"/>
  <testcase classname="com.revolut.money.transfer.integration.ConcurrentlyTransactionCreationTest" name="testConcurrentTransactionCreationForAccount1And2" time="0.022"/>
  <testcase classname="com.revolut.money.transfer.integration.ConcurrentlyTransactionCreationTest" name="testConcurrentTransactionCreationForAccount1And2" time="0.023"/>
  <testcase classname="com.revolut.money.transfer.integration.ConcurrentlyTransactionCreationTest" name="testConcurrentTransactionCreationForAccount1And2" time="0.023"/>
  <testcase classname="com.revolut.money.transfer.integration.ConcurrentlyTransactionCreationTest" name="testConcurrentTransactionCreationForAccount1And2" time="0.023"/>
  <testcase classname="com.revolut.money.transfer.integration.ConcurrentlyTransactionCreationTest" name="testConcurrentTransactionCreationForAccount1And2" time="0.023"/>
  <testcase classname="com.revolut.money.transfer.integration.ConcurrentlyTransactionCreationTest" name="testConcurrentTransactionCreationForAccount1And2" time="0.024"/>
  <testcase classname="com.revolut.money.transfer.integration.ConcurrentlyTransactionCreationTest" name="testConcurrentTransactionCreationForAccount1And2" time="0.024"/>
  <testcase classname="com.revolut.money.transfer.integration.ConcurrentlyTransactionCreationTest" name="testConcurrentTransactionCreationForAccount1And2" time="0.024"/>
  <testcase classname="com.revolut.money.transfer.integration.ConcurrentlyTransactionCreationTest" name="testConcurrentTransactionCreationForAccount1And2" time="0.024"/>
  <testcase classname="com.revolut.money.transfer.integration.ConcurrentlyTransactionCreationTest" name="testConcurrentTransactionCreationForAccount1And2" time="0.025"/>
  <testcase classname="com.revolut.money.transfer.integration.ConcurrentlyTransactionCreationTest" name="testConcurrentTransactionCreationForAccount1And2" time="0.025"/>
  <testcase classname="com.revolut.money.transfer.integration.ConcurrentlyTransactionCreationTest" name="testConcurrentTransactionCreationForAccount1And2" time="0.025"/>
  <testcase classname="com.revolut.money.transfer.integration.ConcurrentlyTransactionCreationTest" name="testConcurrentTransactionCreationForAccount1And2" time="0.025"/>
  <testcase classname="com.revolut.money.transfer.integration.ConcurrentlyTransactionCreationTest" name="testConcurrentTransactionCreationForAccount1And2" time="0.026"/>
  <testcase classname="com.revolut.money.transfer.integration.ConcurrentlyTransactionCreationTest" name="testConcurrentTransactionCreationForAccount1And2" time="0.026"/>
  <testcase classname="com.revolut.money.transfer.integration.ConcurrentlyTransactionCreationTest" name="testConcurrentTransactionCreationForAccount1And2" time="0.026"/>
  <testcase classname="com.revolut.money.transfer.integration.ConcurrentlyTransactionCreationTest" name="testConcurrentTransactionCreationForAccount1And2" time="0.026"/>
  <testcase classname="com.revolut.money.transfer.integration.ConcurrentlyTransactionCreationTest" name="testConcurrentTransactionCreationForAccount1And2" time="0.027"/>
  <testcase classname="com.revolut.money.transfer.integration.ConcurrentlyTransactionCreationTest" name="testConcurrentTransactionCreationForAccount1And2" time="0.027"/>
  <testcase classname="com.revolut.money.transfer.integration.ConcurrentlyTransactionCreationTest" name="testConcurrentTransactionCreationForAccount1And2" time="0.027"/>
  <testcase classname="com.revolut.money.transfer.integration.ConcurrentlyTransactionCreationTest" name="testConcurrentTransactionCreationForAccount1And2" time="0.027"/>
  <testcase classname="com.revolut.money.transfer.integration.ConcurrentlyTransactionCreationTest" name="testConcurrentTransactionCreationForAccount1And2" time="0.028"/>
  <testcase classname="com.revolut.money.transfer.integration.ConcurrentlyTransactionCreationTest" name="testConcurrentTransactionCreationForAccount1And2" time="0.028"/>
  <testcase classname="com.revolut.money.transfer.integration.ConcurrentlyTransactionCreationTest" name="testConcurrentTransactionCreationForAccount1And2" time="0.028"/>
  <testcase classname="com.revolut.money.transfer.integration.ConcurrentlyTransactionCreationTest" name="testConcurrentTransactionCreationForAccount3And4" time="0"/>
  <testcase classname="com.revolut.money.transfer.integration.ConcurrentlyTransactionCreationTest" name="testConcurrentTransactionCreationForAccount3And4" time="0"/>
  <testcase classname="com.revolut.money.transfer.integration.ConcurrentlyTransactionCreationTest" name="testConcurrentTransactionCreationForAccount3And4" time="0"/>
  <testcase classname="com.revolut.money.transfer.integration.ConcurrentlyTransactionCreationTest" name="testConcurrentTransactionCreationForAccount3And4" time="0.001"/>
  <testcase classname="com.revolut.money.transfer.dao.TransactionDaoTest" name="testGetAllTransactionIdsByStatus" time="0.002"/>
  <testcase classname="com.revolut.money.transfer.dao.TransactionDaoTest" name="testGetAllTransactions" time="0.002"/>
  <testcase classname="com.revolut.money.transfer.dao.TransactionDaoTest" name="testTransactionCreation" time="0.007"/>
  <testcase classname="com.revolut.money.transfer.dao.TransactionDaoTest" name="testTransactionExecution" time="0.012"/>
  <testcase classname="com.revolut.money.transfer.dao.TransactionDaoTest" name="testWrongTransactionCreation" time="0.002"/>
  <testcase classname="com.revolut.money.transfer.service.TransactionsServiceImplTest" name="testAllTransactionsRetrieval" time="0.07"/>
  <testcase classname="com.revolut.money.transfer.service.TransactionsServiceImplTest" name="testCreateTransaction" time="0.003"/>
  <testcase classname="com.revolut.money.transfer.service.TransactionsServiceImplTest" name="testCreateTransactionWithNullFrom" time="0"/>
  <testcase classname="com.revolut.money.transfer.service.TransactionsServiceImplTest" name="testCreateTransactionWithNullTo" time="0.001"/>
  <testcase classname="com.revolut.money.transfer.service.TransactionsServiceImplTest" name="testCreateTransactionWithSameAccounts" time="0"/>
  <testcase classname="com.revolut.money.transfer.service.TransactionsServiceImplTest" name="testCreateTransactionWithZeroAmount" time="0"/>
</testsuite>