<?xml version="1.0" encoding="UTF-8"?>
<!-- Generated by org.testng.reporters.JUnitReportReporter -->
<testsuite hostname="DELC02X50JJJG5L" name="com.revolut.money.transfer.service.TransactionsServiceImplTest" tests="6" failures="0" timestamp="23 Jun 2019 06:44:17 GMT" time="0.074" errors="0">
  <testcase name="testCreateTransactionWithSameAccounts" time="0.000" classname="com.revolut.money.transfer.service.TransactionsServiceImplTest"/>
  <testcase name="testCreateTransactionWithNullFrom" time="0.000" classname="com.revolut.money.transfer.service.TransactionsServiceImplTest"/>
  <testcase name="testCreateTransaction" time="0.004" classname="com.revolut.money.transfer.service.TransactionsServiceImplTest"/>
  <testcase name="testCreateTransactionWithZeroAmount" time="0.000" classname="com.revolut.money.transfer.service.TransactionsServiceImplTest"/>
  <testcase name="testAllTransactionsRetrieval" time="0.070" classname="com.revolut.money.transfer.service.TransactionsServiceImplTest"/>
  <testcase name="testCreateTransactionWithNullTo" time="0.000" classname="com.revolut.money.transfer.service.TransactionsServiceImplTest"/>
</testsuite> <!-- com.revolut.money.transfer.service.TransactionsServiceImplTest -->
