<?xml version="1.0" encoding="UTF-8"?>
<!-- Generated by org.testng.reporters.JUnitReportReporter -->
<testsuite hostname="DELC02X50JJJG5L" name="com.revolut.money.transfer.dao.TransactionDaoTest" tests="5" failures="0" timestamp="23 Jun 2019 06:44:17 GMT" time="0.025" errors="0">
  <testcase name="testWrongTransactionCreation" time="0.001" classname="com.revolut.money.transfer.dao.TransactionDaoTest"/>
  <testcase name="testTransactionCreation" time="0.008" classname="com.revolut.money.transfer.dao.TransactionDaoTest"/>
  <testcase name="testGetAllTransactionIdsByStatus" time="0.002" classname="com.revolut.money.transfer.dao.TransactionDaoTest"/>
  <testcase name="testGetAllTransactions" time="0.002" classname="com.revolut.money.transfer.dao.TransactionDaoTest"/>
  <testcase name="testTransactionExecution" time="0.012" classname="com.revolut.money.transfer.dao.TransactionDaoTest"/>
</testsuite> <!-- com.revolut.money.transfer.dao.TransactionDaoTest -->
