<?xml version="1.0" encoding="UTF-8"?>
<!-- Generated by org.testng.reporters.JUnitReportReporter -->
<testsuite hostname="DELC02X50JJJG5L" name="com.revolut.money.transfer.integration.BankAccountControllerTest" tests="8" failures="0" timestamp="23 Jun 2019 06:44:17 GMT" time="0.491" errors="0">
  <testcase name="testUpdateBankAccount" time="0.011" classname="com.revolut.money.transfer.integration.BankAccountControllerTest"/>
  <testcase name="testIncorrectUpdateBankAccount" time="0.008" classname="com.revolut.money.transfer.integration.BankAccountControllerTest"/>
  <testcase name="testGetAllBankAccounts" time="0.010" classname="com.revolut.money.transfer.integration.BankAccountControllerTest"/>
  <testcase name="testNonExistingBankAccountById" time="0.006" classname="com.revolut.money.transfer.integration.BankAccountControllerTest"/>
  <testcase name="testCreateBankAccount" time="0.433" classname="com.revolut.money.transfer.integration.BankAccountControllerTest"/>
  <testcase name="testGetNullBankAccount" time="0.011" classname="com.revolut.money.transfer.integration.BankAccountControllerTest"/>
  <testcase name="testUpdateNonExistingBankAccount" time="0.006" classname="com.revolut.money.transfer.integration.BankAccountControllerTest"/>
  <testcase name="testGetBankAccountById" time="0.006" classname="com.revolut.money.transfer.integration.BankAccountControllerTest"/>
</testsuite> <!-- com.revolut.money.transfer.integration.BankAccountControllerTest -->
