<?xml version="1.0" encoding="UTF-8"?>
<!-- Generated by org.testng.reporters.JUnitReportReporter -->
<testsuite hostname="DELC02X50JJJG5L" name="com.revolut.money.transfer.integration.ConcurrentlyTransactionCreationTest" tests="1004" failures="0" timestamp="23 Jun 2019 06:44:17 GMT" time="20.947" errors="0">
  <testcase name="testConcurrentTransactionCreationForAccount1And2" time="0.033" classname="com.revolut.money.transfer.integration.ConcurrentlyTransactionCreationTest"/>
  <testcase name="testConcurrentTransactionCreationForAccount1And2" time="0.024" classname="com.revolut.money.transfer.integration.ConcurrentlyTransactionCreationTest"/>
  <testcase name="testConcurrentTransactionCreationForAccount1And2" time="0.030" classname="com.revolut.money.transfer.integration.ConcurrentlyTransactionCreationTest"/>
  <testcase name="testConcurrentTransactionCreationForAccount1And2" time="0.001" classname="com.revolut.money.transfer.integration.ConcurrentlyTransactionCreationTest"/>
  <testcase name="testConcurrentTransactionCreationForAccount1And2" time="0.020" classname="com.revolut.money.transfer.integration.ConcurrentlyTransactionCreationTest"/>
  <testcase name="testConcurrentTransactionCreationForAccount1And2" time="0.019" classname="com.revolut.money.transfer.integration.ConcurrentlyTransactionCreationTest"/>
  <testcase name="testConcurrentTransactionCreationForAccount1And2" time="0.020" classname="com.revolut.money.transfer.integration.ConcurrentlyTransactionCreationTest"/>
  <testcase name="testConcurrentTransactionCreationForAccount1And2" time="0.020" classname="com.revolut.money.transfer.integration.ConcurrentlyTransactionCreationTest"/>
  <testcase name="testConcurrentTransactionCreationForAccount1And2" time="0.028" classname="com.revolut.money.transfer.integration.ConcurrentlyTransactionCreationTest"/>
  <testcase name="testConcurrentTransactionCreationForAccount1And2" time="0.020" classname="com.revolut.money.transfer.integration.ConcurrentlyTransactionCreationTest"/>
  <testcase name="testConcurrentTransactionCreationForAccount1And2" time="0.006" classname="com.revolut.money.transfer.integration.ConcurrentlyTransactionCreationTest"/>
  <testcase name="testConcurrentTransactionCreationForAccount1And2" time="0.019" classname="com.revolut.money.transfer.integration.ConcurrentlyTransactionCreationTest"/>
  <testcase name="testConcurrentTransactionCreationForAccount1And2" time="0.018" classname="com.revolut.money.transfer.integration.ConcurrentlyTransactionCreationTest"/>
  <testcase name="testConcurrentTransactionCreationForAccount1And2" time="0.019" classname="com.revolut.money.transfer.integration.ConcurrentlyTransactionCreationTest"/>
  <testcase name="testConcurrentTransactionCreationForAccount1And2" time="0.020" classname="com.revolut.money.transfer.integration.ConcurrentlyTransactionCreationTest"/>
  <testcase name="testConcurrentTransactionCreationForAccount1And2" time="0.019" classname="com.revolut.money.transfer.integration.ConcurrentlyTransactionCreationTest"/>
  <testcase name="testConcurrentTransactionCreationForAccount1And2" time="0.019" classname="com.revolut.money.transfer.integration.ConcurrentlyTransactionCreationTest"/>
  <testcase name="testConcurrentTransactionCreationForAccount1And2" time="0.019" classname="com.revolut.money.transfer.integration.ConcurrentlyTransactionCreationTest"/>
  <testcase name="testConcurrentTransactionCreationForAccount1And2" time="0.020" classname="com.revolut.money.transfer.integration.ConcurrentlyTransactionCreationTest"/>
  <testcase name="testConcurrentTransactionCreationForAccount1And2" time="0.029" classname="com.revolut.money.transfer.integration.ConcurrentlyTransactionCreationTest"/>
  <testcase name="testConcurrentTransactionCreationForAccount1And2" time="0.022" classname="com.revolut.money.transfer.integration.ConcurrentlyTransactionCreationTest"/>
  <testcase name="testConcurrentTransactionCreationForAccount1And2" time="0.019" classname="com.revolut.money.transfer.integration.ConcurrentlyTransactionCreationTest"/>
  <testcase name="testConcurrentTransactionCreationForAccount1And2" time="0.018" classname="com.revolut.money.transfer.integration.ConcurrentlyTransactionCreationTest"/>
  <testcase name="testConcurrentTransactionCreationForAccount1And2" time="0.033" classname="com.revolut.money.transfer.integration.ConcurrentlyTransactionCreationTest"/>
  <testcase name="testConcurrentTransactionCreationForAccount1And2" time="0.021" classname="com.revolut.money.transfer.integration.ConcurrentlyTransactionCreationTest"/>
  <testcase name="testConcurrentTransactionCreationForAccount1And2" time="0.024" classname="com.revolut.money.transfer.integration.ConcurrentlyTransactionCreationTest"/>
  <testcase name="testConcurrentTransactionCreationForAccount1And2" time="0.020" classname="com.revolut.money.transfer.integration.ConcurrentlyTransactionCreationTest"/>
  <testcase name="testConcurrentTransactionCreationForAccount1And2" time="0.019" classname="com.revolut.money.transfer.integration.ConcurrentlyTransactionCreationTest"/>
  <testcase name="testConcurrentTransactionCreationForAccount1And2" time="0.032" classname="com.revolut.money.transfer.integration.ConcurrentlyTransactionCreationTest"/>
  <testcase name="testConcurrentTransactionCreationForAccount1And2" time="0.020" classname="com.revolut.money.transfer.integration.ConcurrentlyTransactionCreationTest"/>
  <testcase name="testConcurrentTransactionCreationForAccount1And2" time="0.020" classname="com.revolut.money.transfer.integration.ConcurrentlyTransactionCreationTest"/>
  <testcase name="testConcurrentTransactionCreationForAccount1And2" time="0.023" classname="com.revolut.money.transfer.integration.ConcurrentlyTransactionCreationTest"/>
  <testcase name="testConcurrentTransactionCreationForAccount1And2" time="0.020" classname="com.revolut.money.transfer.integration.ConcurrentlyTransactionCreationTest"/>
  <testcase name="testConcurrentTransactionCreationForAccount1And2" time="0.020" classname="com.revolut.money.transfer.integration.ConcurrentlyTransactionCreationTest"/>
  <testcase name="testConcurrentTransactionCreationForAccount1And2" time="0.025" classname="com.revolut.money.transfer.integration.ConcurrentlyTransactionCreationTest"/>
  <testcase name="testConcurrentTransactionCreationForAccount1And2" time="0.021" classname="com.revolut.money.transfer.integration.ConcurrentlyTransactionCreationTest"/>
  <testcase name="testConcurrentTransactionCreationForAccount1And2" time="0.020" classname="com.revolut.money.transfer.integration.ConcurrentlyTransactionCreationTest"/>
  <testcase name="testConcurrentTransactionCreationForAccount1And2" time="0.019" classname="com.revolut.money.transfer.integration.ConcurrentlyTransactionCreationTest"/>
  <testcase name="testConcurrentTransactionCreationForAccount1And2" time="0.024" classname="com.revolut.money.transfer.integration.ConcurrentlyTransactionCreationTest"/>
  <testcase name="testConcurrentTransactionCreationForAccount1And2" time="0.018" classname="com.revolut.money.transfer.integration.ConcurrentlyTransactionCreationTest"/>
  <testcase name="testConcurrentTransactionCreationForAccount1And2" time="0.018" classname="com.revolut.money.transfer.integration.ConcurrentlyTransactionCreationTest"/>
  <testcase name="testConcurrentTransactionCreationForAccount1And2" time="0.019" classname="com.revolut.money.transfer.integration.ConcurrentlyTransactionCreationTest"/>
  <testcase name="testConcurrentTransactionCreationForAccount1And2" time="0.028" classname="com.revolut.money.transfer.integration.ConcurrentlyTransactionCreationTest"/>
  <testcase name="testConcurrentTransactionCreationForAccount1And2" time="0.018" classname="com.revolut.money.transfer.integration.ConcurrentlyTransactionCreationTest"/>
  <testcase name="testConcurrentTransactionCreationForAccount1And2" time="0.020" classname="com.revolut.money.transfer.integration.ConcurrentlyTransactionCreationTest"/>
  <testcase name="testConcurrentTransactionCreationForAccount1And2" time="0.020" classname="com.revolut.money.transfer.integration.ConcurrentlyTransactionCreationTest"/>
  <testcase name="testConcurrentTransactionCreationForAccount1And2" time="0.019" classname="com.revolut.money.transfer.integration.ConcurrentlyTransactionCreationTest"/>
  <testcase name="testConcurrentTransactionCreationForAccount1And2" time="0.023" classname="com.revolut.money.transfer.integration.ConcurrentlyTransactionCreationTest"/>
  <testcase name="testConcurrentTransactionCreationForAccount1And2" time="0.019" classname="com.revolut.money.transfer.integration.ConcurrentlyTransactionCreationTest"/>
  <testcase name="testConcurrentTransactionCreationForAccount1And2" time="0.021" classname="com.revolut.money.transfer.integration.ConcurrentlyTransactionCreationTest"/>
  <testcase name="testConcurrentTransactionCreationForAccount1And2" time="0.022" classname="com.revolut.money.transfer.integration.ConcurrentlyTransactionCreationTest"/>
  <testcase name="testConcurrentTransactionCreationForAccount1And2" time="0.018" classname="com.revolut.money.transfer.integration.ConcurrentlyTransactionCreationTest"/>
  <testcase name="testConcurrentTransactionCreationForAccount1And2" time="0.020" classname="com.revolut.money.transfer.integration.ConcurrentlyTransactionCreationTest"/>
  <testcase name="testConcurrentTransactionCreationForAccount1And2" time="0.028" classname="com.revolut.money.transfer.integration.ConcurrentlyTransactionCreationTest"/>
  <testcase name="testConcurrentTransactionCreationForAccount1And2" time="0.032" classname="com.revolut.money.transfer.integration.ConcurrentlyTransactionCreationTest"/>
  <testcase name="testConcurrentTransactionCreationForAccount1And2" time="0.019" classname="com.revolut.money.transfer.integration.ConcurrentlyTransactionCreationTest"/>
  <testcase name="testConcurrentTransactionCreationForAccount1And2" time="0.019" classname="com.revolut.money.transfer.integration.ConcurrentlyTransactionCreationTest"/>
  <testcase name="testConcurrentTransactionCreationForAccount1And2" time="0.021" classname="com.revolut.money.transfer.integration.ConcurrentlyTransactionCreationTest"/>
  <testcase name="testConcurrentTransactionCreationForAccount1And2" time="0.019" classname="com.revolut.money.transfer.integration.ConcurrentlyTransactionCreationTest"/>
  <testcase name="testConcurrentTransactionCreationForAccount1And2" time="0.020" classname="com.revolut.money.transfer.integration.ConcurrentlyTransactionCreationTest"/>
  <testcase name="testConcurrentTransactionCreationForAccount1And2" time="0.019" classname="com.revolut.money.transfer.integration.ConcurrentlyTransactionCreationTest"/>
  <testcase name="testConcurrentTransactionCreationForAccount1And2" time="0.020" classname="com.revolut.money.transfer.integration.ConcurrentlyTransactionCreationTest"/>
  <testcase name="testConcurrentTransactionCreationForAccount1And2" time="0.020" classname="com.revolut.money.transfer.integration.ConcurrentlyTransactionCreationTest"/>
  <testcase name="testConcurrentTransactionCreationForAccount1And2" time="0.024" classname="com.revolut.money.transfer.integration.ConcurrentlyTransactionCreationTest"/>
  <testcase name="testConcurrentTransactionCreationForAccount1And2" time="0.019" classname="com.revolut.money.transfer.integration.ConcurrentlyTransactionCreationTest"/>
  <testcase name="testConcurrentTransactionCreationForAccount1And2" time="0.005" classname="com.revolut.money.transfer.integration.ConcurrentlyTransactionCreationTest"/>
  <testcase name="testConcurrentTransactionCreationForAccount1And2" time="0.020" classname="com.revolut.money.transfer.integration.ConcurrentlyTransactionCreationTest"/>
  <testcase name="testConcurrentTransactionCreationForAccount1And2" time="0.020" classname="com.revolut.money.transfer.integration.ConcurrentlyTransactionCreationTest"/>
  <testcase name="testConcurrentTransactionCreationForAccount1And2" time="0.029" classname="com.revolut.money.transfer.integration.ConcurrentlyTransactionCreationTest"/>
  <testcase name="testConcurrentTransactionCreationForAccount1And2" time="0.020" classname="com.revolut.money.transfer.integration.ConcurrentlyTransactionCreationTest"/>
  <testcase name="testConcurrentTransactionCreationForAccount1And2" time="0.029" classname="com.revolut.money.transfer.integration.ConcurrentlyTransactionCreationTest"/>
  <testcase name="testConcurrentTransactionCreationForAccount1And2" time="0.012" classname="com.revolut.money.transfer.integration.ConcurrentlyTransactionCreationTest"/>
  <testcase name="testConcurrentTransactionCreationForAccount1And2" time="0.023" classname="com.revolut.money.transfer.integration.ConcurrentlyTransactionCreationTest"/>
  <testcase name="testConcurrentTransactionCreationForAccount1And2" time="0.021" classname="com.revolut.money.transfer.integration.ConcurrentlyTransactionCreationTest"/>
  <testcase name="testConcurrentTransactionCreationForAccount1And2" time="0.019" classname="com.revolut.money.transfer.integration.ConcurrentlyTransactionCreationTest"/>
  <testcase name="testConcurrentTransactionCreationForAccount1And2" time="0.020" classname="com.revolut.money.transfer.integration.ConcurrentlyTransactionCreationTest"/>
  <testcase name="testConcurrentTransactionCreationForAccount1And2" time="0.020" classname="com.revolut.money.transfer.integration.ConcurrentlyTransactionCreationTest"/>
  <testcase name="testConcurrentTransactionCreationForAccount1And2" time="0.020" classname="com.revolut.money.transfer.integration.ConcurrentlyTransactionCreationTest"/>
  <testcase name="testConcurrentTransactionCreationForAccount1And2" time="0.031" classname="com.revolut.money.transfer.integration.ConcurrentlyTransactionCreationTest"/>
  <testcase name="testConcurrentTransactionCreationForAccount1And2" time="0.023" classname="com.revolut.money.transfer.integration.ConcurrentlyTransactionCreationTest"/>
  <testcase name="testConcurrentTransactionCreationForAccount1And2" time="0.020" classname="com.revolut.money.transfer.integration.ConcurrentlyTransactionCreationTest"/>
  <testcase name="testConcurrentTransactionCreationForAccount1And2" time="0.043" classname="com.revolut.money.transfer.integration.ConcurrentlyTransactionCreationTest"/>
  <testcase name="testConcurrentTransactionCreationForAccount1And2" time="0.019" classname="com.revolut.money.transfer.integration.ConcurrentlyTransactionCreationTest"/>
  <testcase name="testConcurrentTransactionCreationForAccount1And2" time="0.019" classname="com.revolut.money.transfer.integration.ConcurrentlyTransactionCreationTest"/>
  <testcase name="testConcurrentTransactionCreationForAccount1And2" time="0.019" classname="com.revolut.money.transfer.integration.ConcurrentlyTransactionCreationTest"/>
  <testcase name="testConcurrentTransactionCreationForAccount1And2" time="0.020" classname="com.revolut.money.transfer.integration.ConcurrentlyTransactionCreationTest"/>
  <testcase name="testConcurrentTransactionCreationForAccount1And2" time="0.031" classname="com.revolut.money.transfer.integration.ConcurrentlyTransactionCreationTest"/>
  <testcase name="testConcurrentTransactionCreationForAccount1And2" time="0.020" classname="com.revolut.money.transfer.integration.ConcurrentlyTransactionCreationTest"/>
  <testcase name="testConcurrentTransactionCreationForAccount1And2" time="0.019" classname="com.revolut.money.transfer.integration.ConcurrentlyTransactionCreationTest"/>
  <testcase name="testConcurrentTransactionCreationForAccount1And2" time="0.019" classname="com.revolut.money.transfer.integration.ConcurrentlyTransactionCreationTest"/>
  <testcase name="testConcurrentTransactionCreationForAccount1And2" time="0.022" classname="com.revolut.money.transfer.integration.ConcurrentlyTransactionCreationTest"/>
  <testcase name="testConcurrentTransactionCreationForAccount1And2" time="0.019" classname="com.revolut.money.transfer.integration.ConcurrentlyTransactionCreationTest"/>
  <testcase name="testConcurrentTransactionCreationForAccount1And2" time="0.023" classname="com.revolut.money.transfer.integration.ConcurrentlyTransactionCreationTest"/>
  <testcase name="testConcurrentTransactionCreationForAccount1And2" time="0.019" classname="com.revolut.money.transfer.integration.ConcurrentlyTransactionCreationTest"/>
  <testcase name="testConcurrentTransactionCreationForAccount1And2" time="0.001" classname="com.revolut.money.transfer.integration.ConcurrentlyTransactionCreationTest"/>
  <testcase name="testConcurrentTransactionCreationForAccount1And2" time="0.019" classname="com.revolut.money.transfer.integration.ConcurrentlyTransactionCreationTest"/>
  <testcase name="testConcurrentTransactionCreationForAccount1And2" time="0.020" classname="com.revolut.money.transfer.integration.ConcurrentlyTransactionCreationTest"/>
  <testcase name="testConcurrentTransactionCreationForAccount1And2" time="0.020" classname="com.revolut.money.transfer.integration.ConcurrentlyTransactionCreationTest"/>
  <testcase name="testConcurrentTransactionCreationForAccount1And2" time="0.018" classname="com.revolut.money.transfer.integration.ConcurrentlyTransactionCreationTest"/>
  <testcase name="testConcurrentTransactionCreationForAccount1And2" time="0.023" classname="com.revolut.money.transfer.integration.ConcurrentlyTransactionCreationTest"/>
  <testcase name="testConcurrentTransactionCreationForAccount1And2" time="0.033" classname="com.revolut.money.transfer.integration.ConcurrentlyTransactionCreationTest"/>
  <testcase name="testConcurrentTransactionCreationForAccount1And2" time="0.020" classname="com.revolut.money.transfer.integration.ConcurrentlyTransactionCreationTest"/>
  <testcase name="testConcurrentTransactionCreationForAccount1And2" time="0.022" classname="com.revolut.money.transfer.integration.ConcurrentlyTransactionCreationTest"/>
  <testcase name="testConcurrentTransactionCreationForAccount1And2" time="0.010" classname="com.revolut.money.transfer.integration.ConcurrentlyTransactionCreationTest"/>
  <testcase name="testConcurrentTransactionCreationForAccount1And2" time="0.019" classname="com.revolut.money.transfer.integration.ConcurrentlyTransactionCreationTest"/>
  <testcase name="testConcurrentTransactionCreationForAccount1And2" time="0.021" classname="com.revolut.money.transfer.integration.ConcurrentlyTransactionCreationTest"/>
  <testcase name="testConcurrentTransactionCreationForAccount1And2" time="0.017" classname="com.revolut.money.transfer.integration.ConcurrentlyTransactionCreationTest"/>
  <testcase name="testConcurrentTransactionCreationForAccount1And2" time="0.024" classname="com.revolut.money.transfer.integration.ConcurrentlyTransactionCreationTest"/>
  <testcase name="testConcurrentTransactionCreationForAccount1And2" time="0.020" classname="com.revolut.money.transfer.integration.ConcurrentlyTransactionCreationTest"/>
  <testcase name="testConcurrentTransactionCreationForAccount1And2" time="0.020" classname="com.revolut.money.transfer.integration.ConcurrentlyTransactionCreationTest"/>
  <testcase name="testConcurrentTransactionCreationForAccount1And2" time="0.019" classname="com.revolut.money.transfer.integration.ConcurrentlyTransactionCreationTest"/>
  <testcase name="testConcurrentTransactionCreationForAccount1And2" time="0.019" classname="com.revolut.money.transfer.integration.ConcurrentlyTransactionCreationTest"/>
  <testcase name="testConcurrentTransactionCreationForAccount1And2" time="0.020" classname="com.revolut.money.transfer.integration.ConcurrentlyTransactionCreationTest"/>
  <testcase name="testConcurrentTransactionCreationForAccount1And2" time="0.033" classname="com.revolut.money.transfer.integration.ConcurrentlyTransactionCreationTest"/>
  <testcase name="testConcurrentTransactionCreationForAccount1And2" time="0.018" classname="com.revolut.money.transfer.integration.ConcurrentlyTransactionCreationTest"/>
  <testcase name="testConcurrentTransactionCreationForAccount1And2" time="0.020" classname="com.revolut.money.transfer.integration.ConcurrentlyTransactionCreationTest"/>
  <testcase name="testConcurrentTransactionCreationForAccount1And2" time="0.026" classname="com.revolut.money.transfer.integration.ConcurrentlyTransactionCreationTest"/>
  <testcase name="testConcurrentTransactionCreationForAccount1And2" time="0.029" classname="com.revolut.money.transfer.integration.ConcurrentlyTransactionCreationTest"/>
  <testcase name="testConcurrentTransactionCreationForAccount1And2" time="0.023" classname="com.revolut.money.transfer.integration.ConcurrentlyTransactionCreationTest"/>
  <testcase name="testConcurrentTransactionCreationForAccount1And2" time="0.033" classname="com.revolut.money.transfer.integration.ConcurrentlyTransactionCreationTest"/>
  <testcase name="testConcurrentTransactionCreationForAccount1And2" time="0.020" classname="com.revolut.money.transfer.integration.ConcurrentlyTransactionCreationTest"/>
  <testcase name="testConcurrentTransactionCreationForAccount1And2" time="0.030" classname="com.revolut.money.transfer.integration.ConcurrentlyTransactionCreationTest"/>
  <testcase name="testConcurrentTransactionCreationForAccount1And2" time="0.020" classname="com.revolut.money.transfer.integration.ConcurrentlyTransactionCreationTest"/>
  <testcase name="testConcurrentTransactionCreationForAccount1And2" time="0.043" classname="com.revolut.money.transfer.integration.ConcurrentlyTransactionCreationTest"/>
  <testcase name="testConcurrentTransactionCreationForAccount1And2" time="0.019" classname="com.revolut.money.transfer.integration.ConcurrentlyTransactionCreationTest"/>
  <testcase name="testConcurrentTransactionCreationForAccount1And2" time="0.026" classname="com.revolut.money.transfer.integration.ConcurrentlyTransactionCreationTest"/>
  <testcase name="testConcurrentTransactionCreationForAccount1And2" time="0.019" classname="com.revolut.money.transfer.integration.ConcurrentlyTransactionCreationTest"/>
  <testcase name="testConcurrentTransactionCreationForAccount1And2" time="0.023" classname="com.revolut.money.transfer.integration.ConcurrentlyTransactionCreationTest"/>
  <testcase name="testConcurrentTransactionCreationForAccount1And2" time="0.015" classname="com.revolut.money.transfer.integration.ConcurrentlyTransactionCreationTest"/>
  <testcase name="testConcurrentTransactionCreationForAccount1And2" time="0.023" classname="com.revolut.money.transfer.integration.ConcurrentlyTransactionCreationTest"/>
  <testcase name="testConcurrentTransactionCreationForAccount1And2" time="0.030" classname="com.revolut.money.transfer.integration.ConcurrentlyTransactionCreationTest"/>
  <testcase name="testConcurrentTransactionCreationForAccount1And2" time="0.022" classname="com.revolut.money.transfer.integration.ConcurrentlyTransactionCreationTest"/>
  <testcase name="testConcurrentTransactionCreationForAccount3And4" time="0.000" classname="com.revolut.money.transfer.integration.ConcurrentlyTransactionCreationTest"/>
  <testcase name="testConcurrentTransactionCreationForAccount1And2" time="0.019" classname="com.revolut.money.transfer.integration.ConcurrentlyTransactionCreationTest"/>
  <testcase name="testConcurrentTransactionCreationForAccount1And2" time="0.019" classname="com.revolut.money.transfer.integration.ConcurrentlyTransactionCreationTest"/>
  <testcase name="testConcurrentTransactionCreationForAccount1And2" time="0.022" classname="com.revolut.money.transfer.integration.ConcurrentlyTransactionCreationTest"/>
  <testcase name="testConcurrentTransactionCreationForAccount1And2" time="0.030" classname="com.revolut.money.transfer.integration.ConcurrentlyTransactionCreationTest"/>
  <testcase name="testConcurrentTransactionCreationForAccount1And2" time="0.020" classname="com.revolut.money.transfer.integration.ConcurrentlyTransactionCreationTest"/>
  <testcase name="testConcurrentTransactionCreationForAccount1And2" time="0.025" classname="com.revolut.money.transfer.integration.ConcurrentlyTransactionCreationTest"/>
  <testcase name="testConcurrentTransactionCreationForAccount1And2" time="0.033" classname="com.revolut.money.transfer.integration.ConcurrentlyTransactionCreationTest"/>
  <testcase name="testConcurrentTransactionCreationForAccount1And2" time="0.023" classname="com.revolut.money.transfer.integration.ConcurrentlyTransactionCreationTest"/>
  <testcase name="testConcurrentTransactionCreationForAccount1And2" time="0.019" classname="com.revolut.money.transfer.integration.ConcurrentlyTransactionCreationTest"/>
  <testcase name="testConcurrentTransactionCreationForAccount1And2" time="0.020" classname="com.revolut.money.transfer.integration.ConcurrentlyTransactionCreationTest"/>
  <testcase name="testConcurrentTransactionCreationForAccount1And2" time="0.018" classname="com.revolut.money.transfer.integration.ConcurrentlyTransactionCreationTest"/>
  <testcase name="testConcurrentTransactionCreationForAccount1And2" time="0.023" classname="com.revolut.money.transfer.integration.ConcurrentlyTransactionCreationTest"/>
  <testcase name="testConcurrentTransactionCreationForAccount1And2" time="0.020" classname="com.revolut.money.transfer.integration.ConcurrentlyTransactionCreationTest"/>
  <testcase name="testConcurrentTransactionCreationForAccount1And2" time="0.020" classname="com.revolut.money.transfer.integration.ConcurrentlyTransactionCreationTest"/>
  <testcase name="testConcurrentTransactionCreationForAccount1And2" time="0.019" classname="com.revolut.money.transfer.integration.ConcurrentlyTransactionCreationTest"/>
  <testcase name="testConcurrentTransactionCreationForAccount1And2" time="0.033" classname="com.revolut.money.transfer.integration.ConcurrentlyTransactionCreationTest"/>
  <testcase name="testConcurrentTransactionCreationForAccount1And2" time="0.020" classname="com.revolut.money.transfer.integration.ConcurrentlyTransactionCreationTest"/>
  <testcase name="testConcurrentTransactionCreationForAccount1And2" time="0.037" classname="com.revolut.money.transfer.integration.ConcurrentlyTransactionCreationTest"/>
  <testcase name="testConcurrentTransactionCreationForAccount1And2" time="0.020" classname="com.revolut.money.transfer.integration.ConcurrentlyTransactionCreationTest"/>
  <testcase name="testConcurrentTransactionCreationForAccount1And2" time="0.020" classname="com.revolut.money.transfer.integration.ConcurrentlyTransactionCreationTest"/>
  <testcase name="testConcurrentTransactionCreationForAccount1And2" time="0.019" classname="com.revolut.money.transfer.integration.ConcurrentlyTransactionCreationTest"/>
  <testcase name="testConcurrentTransactionCreationForAccount1And2" time="0.019" classname="com.revolut.money.transfer.integration.ConcurrentlyTransactionCreationTest"/>
  <testcase name="testConcurrentTransactionCreationForAccount1And2" time="0.000" classname="com.revolut.money.transfer.integration.ConcurrentlyTransactionCreationTest"/>
  <testcase name="testConcurrentTransactionCreationForAccount1And2" time="0.009" classname="com.revolut.money.transfer.integration.ConcurrentlyTransactionCreationTest"/>
  <testcase name="testConcurrentTransactionCreationForAccount1And2" time="0.019" classname="com.revolut.money.transfer.integration.ConcurrentlyTransactionCreationTest"/>
  <testcase name="testConcurrentTransactionCreationForAccount1And2" time="0.018" classname="com.revolut.money.transfer.integration.ConcurrentlyTransactionCreationTest"/>
  <testcase name="testConcurrentTransactionCreationForAccount1And2" time="0.020" classname="com.revolut.money.transfer.integration.ConcurrentlyTransactionCreationTest"/>
  <testcase name="testConcurrentTransactionCreationForAccount1And2" time="0.032" classname="com.revolut.money.transfer.integration.ConcurrentlyTransactionCreationTest"/>
  <testcase name="testConcurrentTransactionCreationForAccount1And2" time="0.024" classname="com.revolut.money.transfer.integration.ConcurrentlyTransactionCreationTest"/>
  <testcase name="testConcurrentTransactionCreationForAccount1And2" time="0.023" classname="com.revolut.money.transfer.integration.ConcurrentlyTransactionCreationTest"/>
  <testcase name="testConcurrentTransactionCreationForAccount1And2" time="0.018" classname="com.revolut.money.transfer.integration.ConcurrentlyTransactionCreationTest"/>
  <testcase name="testConcurrentTransactionCreationForAccount1And2" time="0.020" classname="com.revolut.money.transfer.integration.ConcurrentlyTransactionCreationTest"/>
  <testcase name="testConcurrentTransactionCreationForAccount1And2" time="0.019" classname="com.revolut.money.transfer.integration.ConcurrentlyTransactionCreationTest"/>
  <testcase name="testConcurrentTransactionCreationForAccount1And2" time="0.017" classname="com.revolut.money.transfer.integration.ConcurrentlyTransactionCreationTest"/>
  <testcase name="testConcurrentTransactionCreationForAccount1And2" time="0.029" classname="com.revolut.money.transfer.integration.ConcurrentlyTransactionCreationTest"/>
  <testcase name="testConcurrentTransactionCreationForAccount1And2" time="0.020" classname="com.revolut.money.transfer.integration.ConcurrentlyTransactionCreationTest"/>
  <testcase name="testConcurrentTransactionCreationForAccount1And2" time="0.022" classname="com.revolut.money.transfer.integration.ConcurrentlyTransactionCreationTest"/>
  <testcase name="testConcurrentTransactionCreationForAccount1And2" time="0.029" classname="com.revolut.money.transfer.integration.ConcurrentlyTransactionCreationTest"/>
  <testcase name="testConcurrentTransactionCreationForAccount1And2" time="0.018" classname="com.revolut.money.transfer.integration.ConcurrentlyTransactionCreationTest"/>
  <testcase name="testConcurrentTransactionCreationForAccount1And2" time="0.026" classname="com.revolut.money.transfer.integration.ConcurrentlyTransactionCreationTest"/>
  <testcase name="testConcurrentTransactionCreationForAccount1And2" time="0.022" classname="com.revolut.money.transfer.integration.ConcurrentlyTransactionCreationTest"/>
  <testcase name="testConcurrentTransactionCreationForAccount1And2" time="0.020" classname="com.revolut.money.transfer.integration.ConcurrentlyTransactionCreationTest"/>
  <testcase name="testConcurrentTransactionCreationForAccount1And2" time="0.029" classname="com.revolut.money.transfer.integration.ConcurrentlyTransactionCreationTest"/>
  <testcase name="testConcurrentTransactionCreationForAccount1And2" time="0.020" classname="com.revolut.money.transfer.integration.ConcurrentlyTransactionCreationTest"/>
  <testcase name="testConcurrentTransactionCreationForAccount1And2" time="0.000" classname="com.revolut.money.transfer.integration.ConcurrentlyTransactionCreationTest"/>
  <testcase name="testConcurrentTransactionCreationForAccount1And2" time="0.020" classname="com.revolut.money.transfer.integration.ConcurrentlyTransactionCreationTest"/>
  <testcase name="testConcurrentTransactionCreationForAccount1And2" time="0.020" classname="com.revolut.money.transfer.integration.ConcurrentlyTransactionCreationTest"/>
  <testcase name="testConcurrentTransactionCreationForAccount1And2" time="0.019" classname="com.revolut.money.transfer.integration.ConcurrentlyTransactionCreationTest"/>
  <testcase name="testConcurrentTransactionCreationForAccount1And2" time="0.021" classname="com.revolut.money.transfer.integration.ConcurrentlyTransactionCreationTest"/>
  <testcase name="testConcurrentTransactionCreationForAccount1And2" time="0.020" classname="com.revolut.money.transfer.integration.ConcurrentlyTransactionCreationTest"/>
  <testcase name="testConcurrentTransactionCreationForAccount1And2" time="0.023" classname="com.revolut.money.transfer.integration.ConcurrentlyTransactionCreationTest"/>
  <testcase name="testConcurrentTransactionCreationForAccount1And2" time="0.020" classname="com.revolut.money.transfer.integration.ConcurrentlyTransactionCreationTest"/>
  <testcase name="testConcurrentTransactionCreationForAccount1And2" time="0.019" classname="com.revolut.money.transfer.integration.ConcurrentlyTransactionCreationTest"/>
  <testcase name="testConcurrentTransactionCreationForAccount1And2" time="0.020" classname="com.revolut.money.transfer.integration.ConcurrentlyTransactionCreationTest"/>
  <testcase name="testConcurrentTransactionCreationForAccount1And2" time="0.020" classname="com.revolut.money.transfer.integration.ConcurrentlyTransactionCreationTest"/>
  <testcase name="testConcurrentTransactionCreationForAccount1And2" time="0.018" classname="com.revolut.money.transfer.integration.ConcurrentlyTransactionCreationTest"/>
  <testcase name="testConcurrentTransactionCreationForAccount1And2" time="0.020" classname="com.revolut.money.transfer.integration.ConcurrentlyTransactionCreationTest"/>
  <testcase name="testConcurrentTransactionCreationForAccount1And2" time="0.021" classname="com.revolut.money.transfer.integration.ConcurrentlyTransactionCreationTest"/>
  <testcase name="testConcurrentTransactionCreationForAccount1And2" time="0.021" classname="com.revolut.money.transfer.integration.ConcurrentlyTransactionCreationTest"/>
  <testcase name="testConcurrentTransactionCreationForAccount1And2" time="0.019" classname="com.revolut.money.transfer.integration.ConcurrentlyTransactionCreationTest"/>
  <testcase name="testConcurrentTransactionCreationForAccount1And2" time="0.011" classname="com.revolut.money.transfer.integration.ConcurrentlyTransactionCreationTest"/>
  <testcase name="testConcurrentTransactionCreationForAccount1And2" time="0.036" classname="com.revolut.money.transfer.integration.ConcurrentlyTransactionCreationTest"/>
  <testcase name="testConcurrentTransactionCreationForAccount1And2" time="0.004" classname="com.revolut.money.transfer.integration.ConcurrentlyTransactionCreationTest"/>
  <testcase name="testConcurrentTransactionCreationForAccount1And2" time="0.027" classname="com.revolut.money.transfer.integration.ConcurrentlyTransactionCreationTest"/>
  <testcase name="testConcurrentTransactionCreationForAccount1And2" time="0.020" classname="com.revolut.money.transfer.integration.ConcurrentlyTransactionCreationTest"/>
  <testcase name="testConcurrentTransactionCreationForAccount1And2" time="0.023" classname="com.revolut.money.transfer.integration.ConcurrentlyTransactionCreationTest"/>
  <testcase name="testConcurrentTransactionCreationForAccount1And2" time="0.020" classname="com.revolut.money.transfer.integration.ConcurrentlyTransactionCreationTest"/>
  <testcase name="testConcurrentTransactionCreationForAccount1And2" time="0.001" classname="com.revolut.money.transfer.integration.ConcurrentlyTransactionCreationTest"/>
  <testcase name="testConcurrentTransactionCreationForAccount1And2" time="0.023" classname="com.revolut.money.transfer.integration.ConcurrentlyTransactionCreationTest"/>
  <testcase name="testConcurrentTransactionCreationForAccount1And2" time="0.019" classname="com.revolut.money.transfer.integration.ConcurrentlyTransactionCreationTest"/>
  <testcase name="testConcurrentTransactionCreationForAccount1And2" time="0.023" classname="com.revolut.money.transfer.integration.ConcurrentlyTransactionCreationTest"/>
  <testcase name="testConcurrentTransactionCreationForAccount1And2" time="0.020" classname="com.revolut.money.transfer.integration.ConcurrentlyTransactionCreationTest"/>
  <testcase name="testConcurrentTransactionCreationForAccount1And2" time="0.020" classname="com.revolut.money.transfer.integration.ConcurrentlyTransactionCreationTest"/>
  <testcase name="testConcurrentTransactionCreationForAccount1And2" time="0.022" classname="com.revolut.money.transfer.integration.ConcurrentlyTransactionCreationTest"/>
  <testcase name="testConcurrentTransactionCreationForAccount1And2" time="0.021" classname="com.revolut.money.transfer.integration.ConcurrentlyTransactionCreationTest"/>
  <testcase name="testConcurrentTransactionCreationForAccount1And2" time="0.019" classname="com.revolut.money.transfer.integration.ConcurrentlyTransactionCreationTest"/>
  <testcase name="testConcurrentTransactionCreationForAccount1And2" time="0.019" classname="com.revolut.money.transfer.integration.ConcurrentlyTransactionCreationTest"/>
  <testcase name="testConcurrentTransactionCreationForAccount1And2" time="0.020" classname="com.revolut.money.transfer.integration.ConcurrentlyTransactionCreationTest"/>
  <testcase name="testConcurrentTransactionCreationForAccount1And2" time="0.033" classname="com.revolut.money.transfer.integration.ConcurrentlyTransactionCreationTest"/>
  <testcase name="testConcurrentTransactionCreationForAccount1And2" time="0.018" classname="com.revolut.money.transfer.integration.ConcurrentlyTransactionCreationTest"/>
  <testcase name="testConcurrentTransactionCreationForAccount1And2" time="0.019" classname="com.revolut.money.transfer.integration.ConcurrentlyTransactionCreationTest"/>
  <testcase name="testConcurrentTransactionCreationForAccount1And2" time="0.019" classname="com.revolut.money.transfer.integration.ConcurrentlyTransactionCreationTest"/>
  <testcase name="testConcurrentTransactionCreationForAccount1And2" time="0.029" classname="com.revolut.money.transfer.integration.ConcurrentlyTransactionCreationTest"/>
  <testcase name="testConcurrentTransactionCreationForAccount1And2" time="0.023" classname="com.revolut.money.transfer.integration.ConcurrentlyTransactionCreationTest"/>
  <testcase name="testConcurrentTransactionCreationForAccount1And2" time="0.020" classname="com.revolut.money.transfer.integration.ConcurrentlyTransactionCreationTest"/>
  <testcase name="testConcurrentTransactionCreationForAccount1And2" time="0.000" classname="com.revolut.money.transfer.integration.ConcurrentlyTransactionCreationTest"/>
  <testcase name="testConcurrentTransactionCreationForAccount1And2" time="0.019" classname="com.revolut.money.transfer.integration.ConcurrentlyTransactionCreationTest"/>
  <testcase name="testConcurrentTransactionCreationForAccount1And2" time="0.019" classname="com.revolut.money.transfer.integration.ConcurrentlyTransactionCreationTest"/>
  <testcase name="testConcurrentTransactionCreationForAccount1And2" time="0.033" classname="com.revolut.money.transfer.integration.ConcurrentlyTransactionCreationTest"/>
  <testcase name="testConcurrentTransactionCreationForAccount1And2" time="0.031" classname="com.revolut.money.transfer.integration.ConcurrentlyTransactionCreationTest"/>
  <testcase name="testConcurrentTransactionCreationForAccount1And2" time="0.032" classname="com.revolut.money.transfer.integration.ConcurrentlyTransactionCreationTest"/>
  <testcase name="testConcurrentTransactionCreationForAccount1And2" time="0.000" classname="com.revolut.money.transfer.integration.ConcurrentlyTransactionCreationTest"/>
  <testcase name="testConcurrentTransactionCreationForAccount1And2" time="0.000" classname="com.revolut.money.transfer.integration.ConcurrentlyTransactionCreationTest"/>
  <testcase name="testConcurrentTransactionCreationForAccount1And2" time="0.020" classname="com.revolut.money.transfer.integration.ConcurrentlyTransactionCreationTest"/>
  <testcase name="testConcurrentTransactionCreationForAccount1And2" time="0.020" classname="com.revolut.money.transfer.integration.ConcurrentlyTransactionCreationTest"/>
  <testcase name="testConcurrentTransactionCreationForAccount1And2" time="0.019" classname="com.revolut.money.transfer.integration.ConcurrentlyTransactionCreationTest"/>
  <testcase name="testConcurrentTransactionCreationForAccount1And2" time="0.029" classname="com.revolut.money.transfer.integration.ConcurrentlyTransactionCreationTest"/>
  <testcase name="testConcurrentTransactionCreationForAccount1And2" time="0.026" classname="com.revolut.money.transfer.integration.ConcurrentlyTransactionCreationTest"/>
  <testcase name="testConcurrentTransactionCreationForAccount1And2" time="0.019" classname="com.revolut.money.transfer.integration.ConcurrentlyTransactionCreationTest"/>
  <testcase name="testConcurrentTransactionCreationForAccount1And2" time="0.020" classname="com.revolut.money.transfer.integration.ConcurrentlyTransactionCreationTest"/>
  <testcase name="testConcurrentTransactionCreationForAccount1And2" time="0.019" classname="com.revolut.money.transfer.integration.ConcurrentlyTransactionCreationTest"/>
  <testcase name="testConcurrentTransactionCreationForAccount1And2" time="0.020" classname="com.revolut.money.transfer.integration.ConcurrentlyTransactionCreationTest"/>
  <testcase name="testConcurrentTransactionCreationForAccount1And2" time="0.004" classname="com.revolut.money.transfer.integration.ConcurrentlyTransactionCreationTest"/>
  <testcase name="testConcurrentTransactionCreationForAccount1And2" time="0.018" classname="com.revolut.money.transfer.integration.ConcurrentlyTransactionCreationTest"/>
  <testcase name="testConcurrentTransactionCreationForAccount1And2" time="0.000" classname="com.revolut.money.transfer.integration.ConcurrentlyTransactionCreationTest"/>
  <testcase name="testConcurrentTransactionCreationForAccount1And2" time="0.020" classname="com.revolut.money.transfer.integration.ConcurrentlyTransactionCreationTest"/>
  <testcase name="testConcurrentTransactionCreationForAccount1And2" time="0.020" classname="com.revolut.money.transfer.integration.ConcurrentlyTransactionCreationTest"/>
  <testcase name="testConcurrentTransactionCreationForAccount1And2" time="0.018" classname="com.revolut.money.transfer.integration.ConcurrentlyTransactionCreationTest"/>
  <testcase name="testConcurrentTransactionCreationForAccount1And2" time="0.018" classname="com.revolut.money.transfer.integration.ConcurrentlyTransactionCreationTest"/>
  <testcase name="testConcurrentTransactionCreationForAccount1And2" time="0.020" classname="com.revolut.money.transfer.integration.ConcurrentlyTransactionCreationTest"/>
  <testcase name="testConcurrentTransactionCreationForAccount1And2" time="0.032" classname="com.revolut.money.transfer.integration.ConcurrentlyTransactionCreationTest"/>
  <testcase name="testConcurrentTransactionCreationForAccount1And2" time="0.026" classname="com.revolut.money.transfer.integration.ConcurrentlyTransactionCreationTest"/>
  <testcase name="testConcurrentTransactionCreationForAccount1And2" time="0.019" classname="com.revolut.money.transfer.integration.ConcurrentlyTransactionCreationTest"/>
  <testcase name="testConcurrentTransactionCreationForAccount1And2" time="0.020" classname="com.revolut.money.transfer.integration.ConcurrentlyTransactionCreationTest"/>
  <testcase name="testConcurrentTransactionCreationForAccount1And2" time="0.018" classname="com.revolut.money.transfer.integration.ConcurrentlyTransactionCreationTest"/>
  <testcase name="testConcurrentTransactionCreationForAccount1And2" time="0.020" classname="com.revolut.money.transfer.integration.ConcurrentlyTransactionCreationTest"/>
  <testcase name="testConcurrentTransactionCreationForAccount1And2" time="0.019" classname="com.revolut.money.transfer.integration.ConcurrentlyTransactionCreationTest"/>
  <testcase name="testConcurrentTransactionCreationForAccount1And2" time="0.018" classname="com.revolut.money.transfer.integration.ConcurrentlyTransactionCreationTest"/>
  <testcase name="testConcurrentTransactionCreationForAccount1And2" time="0.025" classname="com.revolut.money.transfer.integration.ConcurrentlyTransactionCreationTest"/>
  <testcase name="testConcurrentTransactionCreationForAccount1And2" time="0.019" classname="com.revolut.money.transfer.integration.ConcurrentlyTransactionCreationTest"/>
  <testcase name="testConcurrentTransactionCreationForAccount1And2" time="0.030" classname="com.revolut.money.transfer.integration.ConcurrentlyTransactionCreationTest"/>
  <testcase name="testConcurrentTransactionCreationForAccount1And2" time="0.029" classname="com.revolut.money.transfer.integration.ConcurrentlyTransactionCreationTest"/>
  <testcase name="testConcurrentTransactionCreationForAccount1And2" time="0.019" classname="com.revolut.money.transfer.integration.ConcurrentlyTransactionCreationTest"/>
  <testcase name="testConcurrentTransactionCreationForAccount1And2" time="0.001" classname="com.revolut.money.transfer.integration.ConcurrentlyTransactionCreationTest"/>
  <testcase name="testConcurrentTransactionCreationForAccount1And2" time="0.038" classname="com.revolut.money.transfer.integration.ConcurrentlyTransactionCreationTest"/>
  <testcase name="testConcurrentTransactionCreationForAccount1And2" time="0.020" classname="com.revolut.money.transfer.integration.ConcurrentlyTransactionCreationTest"/>
  <testcase name="testConcurrentTransactionCreationForAccount1And2" time="0.022" classname="com.revolut.money.transfer.integration.ConcurrentlyTransactionCreationTest"/>
  <testcase name="testConcurrentTransactionCreationForAccount1And2" time="0.025" classname="com.revolut.money.transfer.integration.ConcurrentlyTransactionCreationTest"/>
  <testcase name="testConcurrentTransactionCreationForAccount1And2" time="0.019" classname="com.revolut.money.transfer.integration.ConcurrentlyTransactionCreationTest"/>
  <testcase name="testConcurrentTransactionCreationForAccount1And2" time="0.021" classname="com.revolut.money.transfer.integration.ConcurrentlyTransactionCreationTest"/>
  <testcase name="testConcurrentTransactionCreationForAccount1And2" time="0.020" classname="com.revolut.money.transfer.integration.ConcurrentlyTransactionCreationTest"/>
  <testcase name="testConcurrentTransactionCreationForAccount1And2" time="0.024" classname="com.revolut.money.transfer.integration.ConcurrentlyTransactionCreationTest"/>
  <testcase name="testConcurrentTransactionCreationForAccount1And2" time="0.019" classname="com.revolut.money.transfer.integration.ConcurrentlyTransactionCreationTest"/>
  <testcase name="testConcurrentTransactionCreationForAccount1And2" time="0.019" classname="com.revolut.money.transfer.integration.ConcurrentlyTransactionCreationTest"/>
  <testcase name="testConcurrentTransactionCreationForAccount1And2" time="0.020" classname="com.revolut.money.transfer.integration.ConcurrentlyTransactionCreationTest"/>
  <testcase name="testConcurrentTransactionCreationForAccount1And2" time="0.022" classname="com.revolut.money.transfer.integration.ConcurrentlyTransactionCreationTest"/>
  <testcase name="testConcurrentTransactionCreationForAccount1And2" time="0.032" classname="com.revolut.money.transfer.integration.ConcurrentlyTransactionCreationTest"/>
  <testcase name="testConcurrentTransactionCreationForAccount1And2" time="0.020" classname="com.revolut.money.transfer.integration.ConcurrentlyTransactionCreationTest"/>
  <testcase name="testConcurrentTransactionCreationForAccount1And2" time="0.023" classname="com.revolut.money.transfer.integration.ConcurrentlyTransactionCreationTest"/>
  <testcase name="testConcurrentTransactionCreationForAccount1And2" time="0.031" classname="com.revolut.money.transfer.integration.ConcurrentlyTransactionCreationTest"/>
  <testcase name="testConcurrentTransactionCreationForAccount1And2" time="0.019" classname="com.revolut.money.transfer.integration.ConcurrentlyTransactionCreationTest"/>
  <testcase name="testConcurrentTransactionCreationForAccount1And2" time="0.021" classname="com.revolut.money.transfer.integration.ConcurrentlyTransactionCreationTest"/>
  <testcase name="testConcurrentTransactionCreationForAccount1And2" time="0.026" classname="com.revolut.money.transfer.integration.ConcurrentlyTransactionCreationTest"/>
  <testcase name="testConcurrentTransactionCreationForAccount1And2" time="0.020" classname="com.revolut.money.transfer.integration.ConcurrentlyTransactionCreationTest"/>
  <testcase name="testConcurrentTransactionCreationForAccount1And2" time="0.020" classname="com.revolut.money.transfer.integration.ConcurrentlyTransactionCreationTest"/>
  <testcase name="testConcurrentTransactionCreationForAccount1And2" time="0.023" classname="com.revolut.money.transfer.integration.ConcurrentlyTransactionCreationTest"/>
  <testcase name="testConcurrentTransactionCreationForAccount1And2" time="0.019" classname="com.revolut.money.transfer.integration.ConcurrentlyTransactionCreationTest"/>
  <testcase name="testConcurrentTransactionCreationForAccount1And2" time="0.019" classname="com.revolut.money.transfer.integration.ConcurrentlyTransactionCreationTest"/>
  <testcase name="testConcurrentTransactionCreationForAccount1And2" time="0.021" classname="com.revolut.money.transfer.integration.ConcurrentlyTransactionCreationTest"/>
  <testcase name="testConcurrentTransactionCreationForAccount1And2" time="0.000" classname="com.revolut.money.transfer.integration.ConcurrentlyTransactionCreationTest"/>
  <testcase name="testConcurrentTransactionCreationForAccount1And2" time="0.019" classname="com.revolut.money.transfer.integration.ConcurrentlyTransactionCreationTest"/>
  <testcase name="testConcurrentTransactionCreationForAccount1And2" time="0.024" classname="com.revolut.money.transfer.integration.ConcurrentlyTransactionCreationTest"/>
  <testcase name="testConcurrentTransactionCreationForAccount1And2" time="0.032" classname="com.revolut.money.transfer.integration.ConcurrentlyTransactionCreationTest"/>
  <testcase name="testConcurrentTransactionCreationForAccount1And2" time="0.000" classname="com.revolut.money.transfer.integration.ConcurrentlyTransactionCreationTest"/>
  <testcase name="testConcurrentTransactionCreationForAccount1And2" time="0.020" classname="com.revolut.money.transfer.integration.ConcurrentlyTransactionCreationTest"/>
  <testcase name="testConcurrentTransactionCreationForAccount1And2" time="0.022" classname="com.revolut.money.transfer.integration.ConcurrentlyTransactionCreationTest"/>
  <testcase name="testConcurrentTransactionCreationForAccount1And2" time="0.018" classname="com.revolut.money.transfer.integration.ConcurrentlyTransactionCreationTest"/>
  <testcase name="testConcurrentTransactionCreationForAccount1And2" time="0.019" classname="com.revolut.money.transfer.integration.ConcurrentlyTransactionCreationTest"/>
  <testcase name="testConcurrentTransactionCreationForAccount1And2" time="0.001" classname="com.revolut.money.transfer.integration.ConcurrentlyTransactionCreationTest"/>
  <testcase name="testConcurrentTransactionCreationForAccount1And2" time="0.020" classname="com.revolut.money.transfer.integration.ConcurrentlyTransactionCreationTest"/>
  <testcase name="testConcurrentTransactionCreationForAccount1And2" time="0.019" classname="com.revolut.money.transfer.integration.ConcurrentlyTransactionCreationTest"/>
  <testcase name="testConcurrentTransactionCreationForAccount1And2" time="0.021" classname="com.revolut.money.transfer.integration.ConcurrentlyTransactionCreationTest"/>
  <testcase name="testConcurrentTransactionCreationForAccount1And2" time="0.027" classname="com.revolut.money.transfer.integration.ConcurrentlyTransactionCreationTest"/>
  <testcase name="testConcurrentTransactionCreationForAccount1And2" time="0.025" classname="com.revolut.money.transfer.integration.ConcurrentlyTransactionCreationTest"/>
  <testcase name="testConcurrentTransactionCreationForAccount1And2" time="0.021" classname="com.revolut.money.transfer.integration.ConcurrentlyTransactionCreationTest"/>
  <testcase name="testConcurrentTransactionCreationForAccount1And2" time="0.020" classname="com.revolut.money.transfer.integration.ConcurrentlyTransactionCreationTest"/>
  <testcase name="testConcurrentTransactionCreationForAccount1And2" time="0.019" classname="com.revolut.money.transfer.integration.ConcurrentlyTransactionCreationTest"/>
  <testcase name="testConcurrentTransactionCreationForAccount1And2" time="0.031" classname="com.revolut.money.transfer.integration.ConcurrentlyTransactionCreationTest"/>
  <testcase name="testConcurrentTransactionCreationForAccount1And2" time="0.022" classname="com.revolut.money.transfer.integration.ConcurrentlyTransactionCreationTest"/>
  <testcase name="testConcurrentTransactionCreationForAccount1And2" time="0.019" classname="com.revolut.money.transfer.integration.ConcurrentlyTransactionCreationTest"/>
  <testcase name="testConcurrentTransactionCreationForAccount1And2" time="0.008" classname="com.revolut.money.transfer.integration.ConcurrentlyTransactionCreationTest"/>
  <testcase name="testConcurrentTransactionCreationForAccount1And2" time="0.009" classname="com.revolut.money.transfer.integration.ConcurrentlyTransactionCreationTest"/>
  <testcase name="testConcurrentTransactionCreationForAccount1And2" time="0.000" classname="com.revolut.money.transfer.integration.ConcurrentlyTransactionCreationTest"/>
  <testcase name="testConcurrentTransactionCreationForAccount1And2" time="0.031" classname="com.revolut.money.transfer.integration.ConcurrentlyTransactionCreationTest"/>
  <testcase name="testConcurrentTransactionCreationForAccount1And2" time="0.021" classname="com.revolut.money.transfer.integration.ConcurrentlyTransactionCreationTest"/>
  <testcase name="testConcurrentTransactionCreationForAccount1And2" time="0.018" classname="com.revolut.money.transfer.integration.ConcurrentlyTransactionCreationTest"/>
  <testcase name="testConcurrentTransactionCreationForAccount1And2" time="0.019" classname="com.revolut.money.transfer.integration.ConcurrentlyTransactionCreationTest"/>
  <testcase name="testConcurrentTransactionCreationForAccount1And2" time="0.020" classname="com.revolut.money.transfer.integration.ConcurrentlyTransactionCreationTest"/>
  <testcase name="testConcurrentTransactionCreationForAccount1And2" time="0.033" classname="com.revolut.money.transfer.integration.ConcurrentlyTransactionCreationTest"/>
  <testcase name="testConcurrentTransactionCreationForAccount1And2" time="0.019" classname="com.revolut.money.transfer.integration.ConcurrentlyTransactionCreationTest"/>
  <testcase name="testConcurrentTransactionCreationForAccount1And2" time="0.024" classname="com.revolut.money.transfer.integration.ConcurrentlyTransactionCreationTest"/>
  <testcase name="testConcurrentTransactionCreationForAccount1And2" time="0.018" classname="com.revolut.money.transfer.integration.ConcurrentlyTransactionCreationTest"/>
  <testcase name="testConcurrentTransactionCreationForAccount1And2" time="0.019" classname="com.revolut.money.transfer.integration.ConcurrentlyTransactionCreationTest"/>
  <testcase name="testConcurrentTransactionCreationForAccount1And2" time="0.019" classname="com.revolut.money.transfer.integration.ConcurrentlyTransactionCreationTest"/>
  <testcase name="testConcurrentTransactionCreationForAccount1And2" time="0.022" classname="com.revolut.money.transfer.integration.ConcurrentlyTransactionCreationTest"/>
  <testcase name="testConcurrentTransactionCreationForAccount1And2" time="0.000" classname="com.revolut.money.transfer.integration.ConcurrentlyTransactionCreationTest"/>
  <testcase name="testConcurrentTransactionCreationForAccount1And2" time="0.000" classname="com.revolut.money.transfer.integration.ConcurrentlyTransactionCreationTest"/>
  <testcase name="testConcurrentTransactionCreationForAccount1And2" time="0.019" classname="com.revolut.money.transfer.integration.ConcurrentlyTransactionCreationTest"/>
  <testcase name="testConcurrentTransactionCreationForAccount1And2" time="0.019" classname="com.revolut.money.transfer.integration.ConcurrentlyTransactionCreationTest"/>
  <testcase name="testConcurrentTransactionCreationForAccount1And2" time="0.038" classname="com.revolut.money.transfer.integration.ConcurrentlyTransactionCreationTest"/>
  <testcase name="testConcurrentTransactionCreationForAccount1And2" time="0.024" classname="com.revolut.money.transfer.integration.ConcurrentlyTransactionCreationTest"/>
  <testcase name="testConcurrentTransactionCreationForAccount1And2" time="0.019" classname="com.revolut.money.transfer.integration.ConcurrentlyTransactionCreationTest"/>
  <testcase name="testConcurrentTransactionCreationForAccount1And2" time="0.020" classname="com.revolut.money.transfer.integration.ConcurrentlyTransactionCreationTest"/>
  <testcase name="testConcurrentTransactionCreationForAccount1And2" time="0.021" classname="com.revolut.money.transfer.integration.ConcurrentlyTransactionCreationTest"/>
  <testcase name="testConcurrentTransactionCreationForAccount1And2" time="0.033" classname="com.revolut.money.transfer.integration.ConcurrentlyTransactionCreationTest"/>
  <testcase name="testConcurrentTransactionCreationForAccount1And2" time="0.020" classname="com.revolut.money.transfer.integration.ConcurrentlyTransactionCreationTest"/>
  <testcase name="testConcurrentTransactionCreationForAccount1And2" time="0.033" classname="com.revolut.money.transfer.integration.ConcurrentlyTransactionCreationTest"/>
  <testcase name="testConcurrentTransactionCreationForAccount1And2" time="0.033" classname="com.revolut.money.transfer.integration.ConcurrentlyTransactionCreationTest"/>
  <testcase name="testConcurrentTransactionCreationForAccount1And2" time="0.020" classname="com.revolut.money.transfer.integration.ConcurrentlyTransactionCreationTest"/>
  <testcase name="testConcurrentTransactionCreationForAccount1And2" time="0.020" classname="com.revolut.money.transfer.integration.ConcurrentlyTransactionCreationTest"/>
  <testcase name="testConcurrentTransactionCreationForAccount1And2" time="0.019" classname="com.revolut.money.transfer.integration.ConcurrentlyTransactionCreationTest"/>
  <testcase name="testConcurrentTransactionCreationForAccount1And2" time="0.020" classname="com.revolut.money.transfer.integration.ConcurrentlyTransactionCreationTest"/>
  <testcase name="testConcurrentTransactionCreationForAccount1And2" time="0.019" classname="com.revolut.money.transfer.integration.ConcurrentlyTransactionCreationTest"/>
  <testcase name="testConcurrentTransactionCreationForAccount1And2" time="0.018" classname="com.revolut.money.transfer.integration.ConcurrentlyTransactionCreationTest"/>
  <testcase name="testConcurrentTransactionCreationForAccount1And2" time="0.019" classname="com.revolut.money.transfer.integration.ConcurrentlyTransactionCreationTest"/>
  <testcase name="testConcurrentTransactionCreationForAccount1And2" time="0.022" classname="com.revolut.money.transfer.integration.ConcurrentlyTransactionCreationTest"/>
  <testcase name="testConcurrentTransactionCreationForAccount1And2" time="0.009" classname="com.revolut.money.transfer.integration.ConcurrentlyTransactionCreationTest"/>
  <testcase name="testConcurrentTransactionCreationForAccount1And2" time="0.020" classname="com.revolut.money.transfer.integration.ConcurrentlyTransactionCreationTest"/>
  <testcase name="testConcurrentTransactionCreationForAccount1And2" time="0.019" classname="com.revolut.money.transfer.integration.ConcurrentlyTransactionCreationTest"/>
  <testcase name="testConcurrentTransactionCreationForAccount1And2" time="0.020" classname="com.revolut.money.transfer.integration.ConcurrentlyTransactionCreationTest"/>
  <testcase name="testConcurrentTransactionCreationForAccount1And2" time="0.032" classname="com.revolut.money.transfer.integration.ConcurrentlyTransactionCreationTest"/>
  <testcase name="testConcurrentTransactionCreationForAccount1And2" time="0.020" classname="com.revolut.money.transfer.integration.ConcurrentlyTransactionCreationTest"/>
  <testcase name="testConcurrentTransactionCreationForAccount1And2" time="0.020" classname="com.revolut.money.transfer.integration.ConcurrentlyTransactionCreationTest"/>
  <testcase name="testConcurrentTransactionCreationForAccount1And2" time="0.020" classname="com.revolut.money.transfer.integration.ConcurrentlyTransactionCreationTest"/>
  <testcase name="testConcurrentTransactionCreationForAccount1And2" time="0.020" classname="com.revolut.money.transfer.integration.ConcurrentlyTransactionCreationTest"/>
  <testcase name="testConcurrentTransactionCreationForAccount1And2" time="0.020" classname="com.revolut.money.transfer.integration.ConcurrentlyTransactionCreationTest"/>
  <testcase name="testConcurrentTransactionCreationForAccount1And2" time="0.004" classname="com.revolut.money.transfer.integration.ConcurrentlyTransactionCreationTest"/>
  <testcase name="testConcurrentTransactionCreationForAccount1And2" time="0.022" classname="com.revolut.money.transfer.integration.ConcurrentlyTransactionCreationTest"/>
  <testcase name="testConcurrentTransactionCreationForAccount1And2" time="0.019" classname="com.revolut.money.transfer.integration.ConcurrentlyTransactionCreationTest"/>
  <testcase name="testConcurrentTransactionCreationForAccount1And2" time="0.020" classname="com.revolut.money.transfer.integration.ConcurrentlyTransactionCreationTest"/>
  <testcase name="testConcurrentTransactionCreationForAccount1And2" time="0.019" classname="com.revolut.money.transfer.integration.ConcurrentlyTransactionCreationTest"/>
  <testcase name="testConcurrentTransactionCreationForAccount1And2" time="0.019" classname="com.revolut.money.transfer.integration.ConcurrentlyTransactionCreationTest"/>
  <testcase name="testConcurrentTransactionCreationForAccount1And2" time="0.019" classname="com.revolut.money.transfer.integration.ConcurrentlyTransactionCreationTest"/>
  <testcase name="testConcurrentTransactionCreationForAccount1And2" time="0.019" classname="com.revolut.money.transfer.integration.ConcurrentlyTransactionCreationTest"/>
  <testcase name="testConcurrentTransactionCreationForAccount1And2" time="0.020" classname="com.revolut.money.transfer.integration.ConcurrentlyTransactionCreationTest"/>
  <testcase name="testConcurrentTransactionCreationForAccount1And2" time="0.020" classname="com.revolut.money.transfer.integration.ConcurrentlyTransactionCreationTest"/>
  <testcase name="testConcurrentTransactionCreationForAccount1And2" time="0.021" classname="com.revolut.money.transfer.integration.ConcurrentlyTransactionCreationTest"/>
  <testcase name="testConcurrentTransactionCreationForAccount1And2" time="0.020" classname="com.revolut.money.transfer.integration.ConcurrentlyTransactionCreationTest"/>
  <testcase name="testConcurrentTransactionCreationForAccount1And2" time="0.019" classname="com.revolut.money.transfer.integration.ConcurrentlyTransactionCreationTest"/>
  <testcase name="testConcurrentTransactionCreationForAccount1And2" time="0.020" classname="com.revolut.money.transfer.integration.ConcurrentlyTransactionCreationTest"/>
  <testcase name="testConcurrentTransactionCreationForAccount1And2" time="0.019" classname="com.revolut.money.transfer.integration.ConcurrentlyTransactionCreationTest"/>
  <testcase name="testConcurrentTransactionCreationForAccount1And2" time="0.019" classname="com.revolut.money.transfer.integration.ConcurrentlyTransactionCreationTest"/>
  <testcase name="testConcurrentTransactionCreationForAccount1And2" time="0.018" classname="com.revolut.money.transfer.integration.ConcurrentlyTransactionCreationTest"/>
  <testcase name="testConcurrentTransactionCreationForAccount1And2" time="0.019" classname="com.revolut.money.transfer.integration.ConcurrentlyTransactionCreationTest"/>
  <testcase name="testConcurrentTransactionCreationForAccount1And2" time="0.009" classname="com.revolut.money.transfer.integration.ConcurrentlyTransactionCreationTest"/>
  <testcase name="testConcurrentTransactionCreationForAccount1And2" time="0.023" classname="com.revolut.money.transfer.integration.ConcurrentlyTransactionCreationTest"/>
  <testcase name="testConcurrentTransactionCreationForAccount1And2" time="0.020" classname="com.revolut.money.transfer.integration.ConcurrentlyTransactionCreationTest"/>
  <testcase name="testConcurrentTransactionCreationForAccount1And2" time="0.006" classname="com.revolut.money.transfer.integration.ConcurrentlyTransactionCreationTest"/>
  <testcase name="testConcurrentTransactionCreationForAccount1And2" time="0.020" classname="com.revolut.money.transfer.integration.ConcurrentlyTransactionCreationTest"/>
  <testcase name="testConcurrentTransactionCreationForAccount1And2" time="0.030" classname="com.revolut.money.transfer.integration.ConcurrentlyTransactionCreationTest"/>
  <testcase name="testConcurrentTransactionCreationForAccount1And2" time="0.034" classname="com.revolut.money.transfer.integration.ConcurrentlyTransactionCreationTest"/>
  <testcase name="testConcurrentTransactionCreationForAccount1And2" time="0.020" classname="com.revolut.money.transfer.integration.ConcurrentlyTransactionCreationTest"/>
  <testcase name="testConcurrentTransactionCreationForAccount1And2" time="0.021" classname="com.revolut.money.transfer.integration.ConcurrentlyTransactionCreationTest"/>
  <testcase name="testConcurrentTransactionCreationForAccount1And2" time="0.019" classname="com.revolut.money.transfer.integration.ConcurrentlyTransactionCreationTest"/>
  <testcase name="testConcurrentTransactionCreationForAccount1And2" time="0.018" classname="com.revolut.money.transfer.integration.ConcurrentlyTransactionCreationTest"/>
  <testcase name="testConcurrentTransactionCreationForAccount1And2" time="0.020" classname="com.revolut.money.transfer.integration.ConcurrentlyTransactionCreationTest"/>
  <testcase name="testConcurrentTransactionCreationForAccount1And2" time="0.029" classname="com.revolut.money.transfer.integration.ConcurrentlyTransactionCreationTest"/>
  <testcase name="testConcurrentTransactionCreationForAccount1And2" time="0.018" classname="com.revolut.money.transfer.integration.ConcurrentlyTransactionCreationTest"/>
  <testcase name="testConcurrentTransactionCreationForAccount1And2" time="0.005" classname="com.revolut.money.transfer.integration.ConcurrentlyTransactionCreationTest"/>
  <testcase name="testConcurrentTransactionCreationForAccount1And2" time="0.020" classname="com.revolut.money.transfer.integration.ConcurrentlyTransactionCreationTest"/>
  <testcase name="testConcurrentTransactionCreationForAccount1And2" time="0.023" classname="com.revolut.money.transfer.integration.ConcurrentlyTransactionCreationTest"/>
  <testcase name="testConcurrentTransactionCreationForAccount1And2" time="0.018" classname="com.revolut.money.transfer.integration.ConcurrentlyTransactionCreationTest"/>
  <testcase name="testConcurrentTransactionCreationForAccount1And2" time="0.000" classname="com.revolut.money.transfer.integration.ConcurrentlyTransactionCreationTest"/>
  <testcase name="testConcurrentTransactionCreationForAccount1And2" time="0.020" classname="com.revolut.money.transfer.integration.ConcurrentlyTransactionCreationTest"/>
  <testcase name="testConcurrentTransactionCreationForAccount1And2" time="0.023" classname="com.revolut.money.transfer.integration.ConcurrentlyTransactionCreationTest"/>
  <testcase name="testConcurrentTransactionCreationForAccount1And2" time="0.021" classname="com.revolut.money.transfer.integration.ConcurrentlyTransactionCreationTest"/>
  <testcase name="testConcurrentTransactionCreationForAccount1And2" time="0.020" classname="com.revolut.money.transfer.integration.ConcurrentlyTransactionCreationTest"/>
  <testcase name="testConcurrentTransactionCreationForAccount1And2" time="0.019" classname="com.revolut.money.transfer.integration.ConcurrentlyTransactionCreationTest"/>
  <testcase name="testConcurrentTransactionCreationForAccount1And2" time="0.033" classname="com.revolut.money.transfer.integration.ConcurrentlyTransactionCreationTest"/>
  <testcase name="testConcurrentTransactionCreationForAccount1And2" time="0.024" classname="com.revolut.money.transfer.integration.ConcurrentlyTransactionCreationTest"/>
  <testcase name="testConcurrentTransactionCreationForAccount1And2" time="0.020" classname="com.revolut.money.transfer.integration.ConcurrentlyTransactionCreationTest"/>
  <testcase name="testConcurrentTransactionCreationForAccount1And2" time="0.019" classname="com.revolut.money.transfer.integration.ConcurrentlyTransactionCreationTest"/>
  <testcase name="testConcurrentTransactionCreationForAccount1And2" time="0.023" classname="com.revolut.money.transfer.integration.ConcurrentlyTransactionCreationTest"/>
  <testcase name="testConcurrentTransactionCreationForAccount1And2" time="0.020" classname="com.revolut.money.transfer.integration.ConcurrentlyTransactionCreationTest"/>
  <testcase name="testConcurrentTransactionCreationForAccount1And2" time="0.022" classname="com.revolut.money.transfer.integration.ConcurrentlyTransactionCreationTest"/>
  <testcase name="testConcurrentTransactionCreationForAccount1And2" time="0.023" classname="com.revolut.money.transfer.integration.ConcurrentlyTransactionCreationTest"/>
  <testcase name="testConcurrentTransactionCreationForAccount1And2" time="0.025" classname="com.revolut.money.transfer.integration.ConcurrentlyTransactionCreationTest"/>
  <testcase name="testConcurrentTransactionCreationForAccount1And2" time="0.031" classname="com.revolut.money.transfer.integration.ConcurrentlyTransactionCreationTest"/>
  <testcase name="testConcurrentTransactionCreationForAccount1And2" time="0.022" classname="com.revolut.money.transfer.integration.ConcurrentlyTransactionCreationTest"/>
  <testcase name="testConcurrentTransactionCreationForAccount1And2" time="0.028" classname="com.revolut.money.transfer.integration.ConcurrentlyTransactionCreationTest"/>
  <testcase name="testConcurrentTransactionCreationForAccount1And2" time="0.022" classname="com.revolut.money.transfer.integration.ConcurrentlyTransactionCreationTest"/>
  <testcase name="testConcurrentTransactionCreationForAccount1And2" time="0.020" classname="com.revolut.money.transfer.integration.ConcurrentlyTransactionCreationTest"/>
  <testcase name="testConcurrentTransactionCreationForAccount1And2" time="0.021" classname="com.revolut.money.transfer.integration.ConcurrentlyTransactionCreationTest"/>
  <testcase name="testConcurrentTransactionCreationForAccount1And2" time="0.019" classname="com.revolut.money.transfer.integration.ConcurrentlyTransactionCreationTest"/>
  <testcase name="testConcurrentTransactionCreationForAccount1And2" time="0.020" classname="com.revolut.money.transfer.integration.ConcurrentlyTransactionCreationTest"/>
  <testcase name="testConcurrentTransactionCreationForAccount1And2" time="0.024" classname="com.revolut.money.transfer.integration.ConcurrentlyTransactionCreationTest"/>
  <testcase name="testConcurrentTransactionCreationForAccount1And2" time="0.025" classname="com.revolut.money.transfer.integration.ConcurrentlyTransactionCreationTest"/>
  <testcase name="testConcurrentTransactionCreationForAccount1And2" time="0.020" classname="com.revolut.money.transfer.integration.ConcurrentlyTransactionCreationTest"/>
  <testcase name="testConcurrentTransactionCreationForAccount1And2" time="0.023" classname="com.revolut.money.transfer.integration.ConcurrentlyTransactionCreationTest"/>
  <testcase name="testConcurrentTransactionCreationForAccount1And2" time="0.021" classname="com.revolut.money.transfer.integration.ConcurrentlyTransactionCreationTest"/>
  <testcase name="testConcurrentTransactionCreationForAccount1And2" time="0.020" classname="com.revolut.money.transfer.integration.ConcurrentlyTransactionCreationTest"/>
  <testcase name="testConcurrentTransactionCreationForAccount1And2" time="0.028" classname="com.revolut.money.transfer.integration.ConcurrentlyTransactionCreationTest"/>
  <testcase name="testConcurrentTransactionCreationForAccount1And2" time="0.020" classname="com.revolut.money.transfer.integration.ConcurrentlyTransactionCreationTest"/>
  <testcase name="testConcurrentTransactionCreationForAccount1And2" time="0.020" classname="com.revolut.money.transfer.integration.ConcurrentlyTransactionCreationTest"/>
  <testcase name="testConcurrentTransactionCreationForAccount1And2" time="0.020" classname="com.revolut.money.transfer.integration.ConcurrentlyTransactionCreationTest"/>
  <testcase name="testConcurrentTransactionCreationForAccount1And2" time="0.030" classname="com.revolut.money.transfer.integration.ConcurrentlyTransactionCreationTest"/>
  <testcase name="testConcurrentTransactionCreationForAccount1And2" time="0.020" classname="com.revolut.money.transfer.integration.ConcurrentlyTransactionCreationTest"/>
  <testcase name="testConcurrentTransactionCreationForAccount1And2" time="0.020" classname="com.revolut.money.transfer.integration.ConcurrentlyTransactionCreationTest"/>
  <testcase name="testConcurrentTransactionCreationForAccount1And2" time="0.007" classname="com.revolut.money.transfer.integration.ConcurrentlyTransactionCreationTest"/>
  <testcase name="testConcurrentTransactionCreationForAccount1And2" time="0.032" classname="com.revolut.money.transfer.integration.ConcurrentlyTransactionCreationTest"/>
  <testcase name="testConcurrentTransactionCreationForAccount1And2" time="0.016" classname="com.revolut.money.transfer.integration.ConcurrentlyTransactionCreationTest"/>
  <testcase name="testConcurrentTransactionCreationForAccount1And2" time="0.020" classname="com.revolut.money.transfer.integration.ConcurrentlyTransactionCreationTest"/>
  <testcase name="testConcurrentTransactionCreationForAccount1And2" time="0.020" classname="com.revolut.money.transfer.integration.ConcurrentlyTransactionCreationTest"/>
  <testcase name="testConcurrentTransactionCreationForAccount1And2" time="0.019" classname="com.revolut.money.transfer.integration.ConcurrentlyTransactionCreationTest"/>
  <testcase name="testConcurrentTransactionCreationForAccount1And2" time="0.019" classname="com.revolut.money.transfer.integration.ConcurrentlyTransactionCreationTest"/>
  <testcase name="testConcurrentTransactionCreationForAccount1And2" time="0.018" classname="com.revolut.money.transfer.integration.ConcurrentlyTransactionCreationTest"/>
  <testcase name="testConcurrentTransactionCreationForAccount1And2" time="0.020" classname="com.revolut.money.transfer.integration.ConcurrentlyTransactionCreationTest"/>
  <testcase name="testConcurrentTransactionCreationForAccount1And2" time="0.019" classname="com.revolut.money.transfer.integration.ConcurrentlyTransactionCreationTest"/>
  <testcase name="testConcurrentTransactionCreationForAccount1And2" time="0.020" classname="com.revolut.money.transfer.integration.ConcurrentlyTransactionCreationTest"/>
  <testcase name="testConcurrentTransactionCreationForAccount1And2" time="0.020" classname="com.revolut.money.transfer.integration.ConcurrentlyTransactionCreationTest"/>
  <testcase name="testConcurrentTransactionCreationForAccount1And2" time="0.023" classname="com.revolut.money.transfer.integration.ConcurrentlyTransactionCreationTest"/>
  <testcase name="testConcurrentTransactionCreationForAccount1And2" time="0.025" classname="com.revolut.money.transfer.integration.ConcurrentlyTransactionCreationTest"/>
  <testcase name="testConcurrentTransactionCreationForAccount1And2" time="0.025" classname="com.revolut.money.transfer.integration.ConcurrentlyTransactionCreationTest"/>
  <testcase name="testConcurrentTransactionCreationForAccount1And2" time="0.020" classname="com.revolut.money.transfer.integration.ConcurrentlyTransactionCreationTest"/>
  <testcase name="testConcurrentTransactionCreationForAccount1And2" time="0.029" classname="com.revolut.money.transfer.integration.ConcurrentlyTransactionCreationTest"/>
  <testcase name="testConcurrentTransactionCreationForAccount1And2" time="0.022" classname="com.revolut.money.transfer.integration.ConcurrentlyTransactionCreationTest"/>
  <testcase name="testConcurrentTransactionCreationForAccount1And2" time="0.037" classname="com.revolut.money.transfer.integration.ConcurrentlyTransactionCreationTest"/>
  <testcase name="testConcurrentTransactionCreationForAccount1And2" time="0.000" classname="com.revolut.money.transfer.integration.ConcurrentlyTransactionCreationTest"/>
  <testcase name="testConcurrentTransactionCreationForAccount1And2" time="0.020" classname="com.revolut.money.transfer.integration.ConcurrentlyTransactionCreationTest"/>
  <testcase name="testConcurrentTransactionCreationForAccount1And2" time="0.026" classname="com.revolut.money.transfer.integration.ConcurrentlyTransactionCreationTest"/>
  <testcase name="testConcurrentTransactionCreationForAccount1And2" time="0.000" classname="com.revolut.money.transfer.integration.ConcurrentlyTransactionCreationTest"/>
  <testcase name="testConcurrentTransactionCreationForAccount1And2" time="0.020" classname="com.revolut.money.transfer.integration.ConcurrentlyTransactionCreationTest"/>
  <testcase name="testConcurrentTransactionCreationForAccount1And2" time="0.026" classname="com.revolut.money.transfer.integration.ConcurrentlyTransactionCreationTest"/>
  <testcase name="testConcurrentTransactionCreationForAccount1And2" time="0.002" classname="com.revolut.money.transfer.integration.ConcurrentlyTransactionCreationTest"/>
  <testcase name="testConcurrentTransactionCreationForAccount1And2" time="0.019" classname="com.revolut.money.transfer.integration.ConcurrentlyTransactionCreationTest"/>
  <testcase name="testConcurrentTransactionCreationForAccount1And2" time="0.021" classname="com.revolut.money.transfer.integration.ConcurrentlyTransactionCreationTest"/>
  <testcase name="testConcurrentTransactionCreationForAccount1And2" time="0.020" classname="com.revolut.money.transfer.integration.ConcurrentlyTransactionCreationTest"/>
  <testcase name="testConcurrentTransactionCreationForAccount1And2" time="0.020" classname="com.revolut.money.transfer.integration.ConcurrentlyTransactionCreationTest"/>
  <testcase name="testConcurrentTransactionCreationForAccount1And2" time="0.025" classname="com.revolut.money.transfer.integration.ConcurrentlyTransactionCreationTest"/>
  <testcase name="testConcurrentTransactionCreationForAccount1And2" time="0.019" classname="com.revolut.money.transfer.integration.ConcurrentlyTransactionCreationTest"/>
  <testcase name="testConcurrentTransactionCreationForAccount1And2" time="0.018" classname="com.revolut.money.transfer.integration.ConcurrentlyTransactionCreationTest"/>
  <testcase name="testConcurrentTransactionCreationForAccount1And2" time="0.030" classname="com.revolut.money.transfer.integration.ConcurrentlyTransactionCreationTest"/>
  <testcase name="testConcurrentTransactionCreationForAccount1And2" time="0.020" classname="com.revolut.money.transfer.integration.ConcurrentlyTransactionCreationTest"/>
  <testcase name="testConcurrentTransactionCreationForAccount1And2" time="0.019" classname="com.revolut.money.transfer.integration.ConcurrentlyTransactionCreationTest"/>
  <testcase name="testConcurrentTransactionCreationForAccount1And2" time="0.019" classname="com.revolut.money.transfer.integration.ConcurrentlyTransactionCreationTest"/>
  <testcase name="testConcurrentTransactionCreationForAccount1And2" time="0.020" classname="com.revolut.money.transfer.integration.ConcurrentlyTransactionCreationTest"/>
  <testcase name="testConcurrentTransactionCreationForAccount1And2" time="0.020" classname="com.revolut.money.transfer.integration.ConcurrentlyTransactionCreationTest"/>
  <testcase name="testConcurrentTransactionCreationForAccount1And2" time="0.019" classname="com.revolut.money.transfer.integration.ConcurrentlyTransactionCreationTest"/>
  <testcase name="testConcurrentTransactionCreationForAccount1And2" time="0.019" classname="com.revolut.money.transfer.integration.ConcurrentlyTransactionCreationTest"/>
  <testcase name="testConcurrentTransactionCreationForAccount1And2" time="0.022" classname="com.revolut.money.transfer.integration.ConcurrentlyTransactionCreationTest"/>
  <testcase name="testConcurrentTransactionCreationForAccount1And2" time="0.021" classname="com.revolut.money.transfer.integration.ConcurrentlyTransactionCreationTest"/>
  <testcase name="testConcurrentTransactionCreationForAccount1And2" time="0.033" classname="com.revolut.money.transfer.integration.ConcurrentlyTransactionCreationTest"/>
  <testcase name="testConcurrentTransactionCreationForAccount1And2" time="0.021" classname="com.revolut.money.transfer.integration.ConcurrentlyTransactionCreationTest"/>
  <testcase name="testConcurrentTransactionCreationForAccount1And2" time="0.025" classname="com.revolut.money.transfer.integration.ConcurrentlyTransactionCreationTest"/>
  <testcase name="testConcurrentTransactionCreationForAccount1And2" time="0.020" classname="com.revolut.money.transfer.integration.ConcurrentlyTransactionCreationTest"/>
  <testcase name="testConcurrentTransactionCreationForAccount1And2" time="0.020" classname="com.revolut.money.transfer.integration.ConcurrentlyTransactionCreationTest"/>
  <testcase name="testConcurrentTransactionCreationForAccount1And2" time="0.020" classname="com.revolut.money.transfer.integration.ConcurrentlyTransactionCreationTest"/>
  <testcase name="testConcurrentTransactionCreationForAccount1And2" time="0.020" classname="com.revolut.money.transfer.integration.ConcurrentlyTransactionCreationTest"/>
  <testcase name="testConcurrentTransactionCreationForAccount1And2" time="0.020" classname="com.revolut.money.transfer.integration.ConcurrentlyTransactionCreationTest"/>
  <testcase name="testConcurrentTransactionCreationForAccount1And2" time="0.019" classname="com.revolut.money.transfer.integration.ConcurrentlyTransactionCreationTest"/>
  <testcase name="testConcurrentTransactionCreationForAccount1And2" time="0.019" classname="com.revolut.money.transfer.integration.ConcurrentlyTransactionCreationTest"/>
  <testcase name="testConcurrentTransactionCreationForAccount1And2" time="0.024" classname="com.revolut.money.transfer.integration.ConcurrentlyTransactionCreationTest"/>
  <testcase name="testConcurrentTransactionCreationForAccount1And2" time="0.024" classname="com.revolut.money.transfer.integration.ConcurrentlyTransactionCreationTest"/>
  <testcase name="testConcurrentTransactionCreationForAccount1And2" time="0.026" classname="com.revolut.money.transfer.integration.ConcurrentlyTransactionCreationTest"/>
  <testcase name="testConcurrentTransactionCreationForAccount1And2" time="0.019" classname="com.revolut.money.transfer.integration.ConcurrentlyTransactionCreationTest"/>
  <testcase name="testConcurrentTransactionCreationForAccount1And2" time="0.020" classname="com.revolut.money.transfer.integration.ConcurrentlyTransactionCreationTest"/>
  <testcase name="testConcurrentTransactionCreationForAccount1And2" time="0.023" classname="com.revolut.money.transfer.integration.ConcurrentlyTransactionCreationTest"/>
  <testcase name="testConcurrentTransactionCreationForAccount1And2" time="0.019" classname="com.revolut.money.transfer.integration.ConcurrentlyTransactionCreationTest"/>
  <testcase name="testConcurrentTransactionCreationForAccount1And2" time="0.023" classname="com.revolut.money.transfer.integration.ConcurrentlyTransactionCreationTest"/>
  <testcase name="testConcurrentTransactionCreationForAccount1And2" time="0.005" classname="com.revolut.money.transfer.integration.ConcurrentlyTransactionCreationTest"/>
  <testcase name="testConcurrentTransactionCreationForAccount1And2" time="0.019" classname="com.revolut.money.transfer.integration.ConcurrentlyTransactionCreationTest"/>
  <testcase name="testConcurrentTransactionCreationForAccount1And2" time="0.019" classname="com.revolut.money.transfer.integration.ConcurrentlyTransactionCreationTest"/>
  <testcase name="testConcurrentTransactionCreationForAccount1And2" time="0.020" classname="com.revolut.money.transfer.integration.ConcurrentlyTransactionCreationTest"/>
  <testcase name="testConcurrentTransactionCreationForAccount1And2" time="0.018" classname="com.revolut.money.transfer.integration.ConcurrentlyTransactionCreationTest"/>
  <testcase name="testConcurrentTransactionCreationForAccount1And2" time="0.020" classname="com.revolut.money.transfer.integration.ConcurrentlyTransactionCreationTest"/>
  <testcase name="testConcurrentTransactionCreationForAccount1And2" time="0.023" classname="com.revolut.money.transfer.integration.ConcurrentlyTransactionCreationTest"/>
  <testcase name="testConcurrentTransactionCreationForAccount1And2" time="0.020" classname="com.revolut.money.transfer.integration.ConcurrentlyTransactionCreationTest"/>
  <testcase name="testConcurrentTransactionCreationForAccount1And2" time="0.020" classname="com.revolut.money.transfer.integration.ConcurrentlyTransactionCreationTest"/>
  <testcase name="testConcurrentTransactionCreationForAccount1And2" time="0.025" classname="com.revolut.money.transfer.integration.ConcurrentlyTransactionCreationTest"/>
  <testcase name="testConcurrentTransactionCreationForAccount1And2" time="0.019" classname="com.revolut.money.transfer.integration.ConcurrentlyTransactionCreationTest"/>
  <testcase name="testConcurrentTransactionCreationForAccount1And2" time="0.019" classname="com.revolut.money.transfer.integration.ConcurrentlyTransactionCreationTest"/>
  <testcase name="testConcurrentTransactionCreationForAccount1And2" time="0.020" classname="com.revolut.money.transfer.integration.ConcurrentlyTransactionCreationTest"/>
  <testcase name="testConcurrentTransactionCreationForAccount1And2" time="0.019" classname="com.revolut.money.transfer.integration.ConcurrentlyTransactionCreationTest"/>
  <testcase name="testConcurrentTransactionCreationForAccount1And2" time="0.024" classname="com.revolut.money.transfer.integration.ConcurrentlyTransactionCreationTest"/>
  <testcase name="testConcurrentTransactionCreationForAccount1And2" time="0.030" classname="com.revolut.money.transfer.integration.ConcurrentlyTransactionCreationTest"/>
  <testcase name="testConcurrentTransactionCreationForAccount1And2" time="0.030" classname="com.revolut.money.transfer.integration.ConcurrentlyTransactionCreationTest"/>
  <testcase name="testConcurrentTransactionCreationForAccount1And2" time="0.015" classname="com.revolut.money.transfer.integration.ConcurrentlyTransactionCreationTest"/>
  <testcase name="testConcurrentTransactionCreationForAccount1And2" time="0.019" classname="com.revolut.money.transfer.integration.ConcurrentlyTransactionCreationTest"/>
  <testcase name="testConcurrentTransactionCreationForAccount1And2" time="0.022" classname="com.revolut.money.transfer.integration.ConcurrentlyTransactionCreationTest"/>
  <testcase name="testConcurrentTransactionCreationForAccount1And2" time="0.033" classname="com.revolut.money.transfer.integration.ConcurrentlyTransactionCreationTest"/>
  <testcase name="testConcurrentTransactionCreationForAccount3And4" time="0.002" classname="com.revolut.money.transfer.integration.ConcurrentlyTransactionCreationTest"/>
  <testcase name="testConcurrentTransactionCreationForAccount1And2" time="0.029" classname="com.revolut.money.transfer.integration.ConcurrentlyTransactionCreationTest"/>
  <testcase name="testConcurrentTransactionCreationForAccount1And2" time="0.033" classname="com.revolut.money.transfer.integration.ConcurrentlyTransactionCreationTest"/>
  <testcase name="testConcurrentTransactionCreationForAccount1And2" time="0.027" classname="com.revolut.money.transfer.integration.ConcurrentlyTransactionCreationTest"/>
  <testcase name="testConcurrentTransactionCreationForAccount1And2" time="0.020" classname="com.revolut.money.transfer.integration.ConcurrentlyTransactionCreationTest"/>
  <testcase name="testConcurrentTransactionCreationForAccount1And2" time="0.033" classname="com.revolut.money.transfer.integration.ConcurrentlyTransactionCreationTest"/>
  <testcase name="testConcurrentTransactionCreationForAccount1And2" time="0.002" classname="com.revolut.money.transfer.integration.ConcurrentlyTransactionCreationTest"/>
  <testcase name="testConcurrentTransactionCreationForAccount1And2" time="0.020" classname="com.revolut.money.transfer.integration.ConcurrentlyTransactionCreationTest"/>
  <testcase name="testConcurrentTransactionCreationForAccount1And2" time="0.033" classname="com.revolut.money.transfer.integration.ConcurrentlyTransactionCreationTest"/>
  <testcase name="testConcurrentTransactionCreationForAccount1And2" time="0.036" classname="com.revolut.money.transfer.integration.ConcurrentlyTransactionCreationTest"/>
  <testcase name="testConcurrentTransactionCreationForAccount1And2" time="0.020" classname="com.revolut.money.transfer.integration.ConcurrentlyTransactionCreationTest"/>
  <testcase name="testConcurrentTransactionCreationForAccount1And2" time="0.020" classname="com.revolut.money.transfer.integration.ConcurrentlyTransactionCreationTest"/>
  <testcase name="testConcurrentTransactionCreationForAccount1And2" time="0.019" classname="com.revolut.money.transfer.integration.ConcurrentlyTransactionCreationTest"/>
  <testcase name="testConcurrentTransactionCreationForAccount1And2" time="0.020" classname="com.revolut.money.transfer.integration.ConcurrentlyTransactionCreationTest"/>
  <testcase name="testConcurrentTransactionCreationForAccount1And2" time="0.000" classname="com.revolut.money.transfer.integration.ConcurrentlyTransactionCreationTest"/>
  <testcase name="testConcurrentTransactionCreationForAccount1And2" time="0.031" classname="com.revolut.money.transfer.integration.ConcurrentlyTransactionCreationTest"/>
  <testcase name="testConcurrentTransactionCreationForAccount1And2" time="0.019" classname="com.revolut.money.transfer.integration.ConcurrentlyTransactionCreationTest"/>
  <testcase name="testConcurrentTransactionCreationForAccount1And2" time="0.033" classname="com.revolut.money.transfer.integration.ConcurrentlyTransactionCreationTest"/>
  <testcase name="testConcurrentTransactionCreationForAccount1And2" time="0.023" classname="com.revolut.money.transfer.integration.ConcurrentlyTransactionCreationTest"/>
  <testcase name="testConcurrentTransactionCreationForAccount1And2" time="0.028" classname="com.revolut.money.transfer.integration.ConcurrentlyTransactionCreationTest"/>
  <testcase name="testConcurrentTransactionCreationForAccount1And2" time="0.020" classname="com.revolut.money.transfer.integration.ConcurrentlyTransactionCreationTest"/>
  <testcase name="testConcurrentTransactionCreationForAccount1And2" time="0.026" classname="com.revolut.money.transfer.integration.ConcurrentlyTransactionCreationTest"/>
  <testcase name="testConcurrentTransactionCreationForAccount1And2" time="0.019" classname="com.revolut.money.transfer.integration.ConcurrentlyTransactionCreationTest"/>
  <testcase name="testConcurrentTransactionCreationForAccount1And2" time="0.020" classname="com.revolut.money.transfer.integration.ConcurrentlyTransactionCreationTest"/>
  <testcase name="testConcurrentTransactionCreationForAccount1And2" time="0.023" classname="com.revolut.money.transfer.integration.ConcurrentlyTransactionCreationTest"/>
  <testcase name="testConcurrentTransactionCreationForAccount1And2" time="0.019" classname="com.revolut.money.transfer.integration.ConcurrentlyTransactionCreationTest"/>
  <testcase name="testConcurrentTransactionCreationForAccount1And2" time="0.024" classname="com.revolut.money.transfer.integration.ConcurrentlyTransactionCreationTest"/>
  <testcase name="testConcurrentTransactionCreationForAccount1And2" time="0.020" classname="com.revolut.money.transfer.integration.ConcurrentlyTransactionCreationTest"/>
  <testcase name="testConcurrentTransactionCreationForAccount1And2" time="0.019" classname="com.revolut.money.transfer.integration.ConcurrentlyTransactionCreationTest"/>
  <testcase name="testConcurrentTransactionCreationForAccount1And2" time="0.019" classname="com.revolut.money.transfer.integration.ConcurrentlyTransactionCreationTest"/>
  <testcase name="testConcurrentTransactionCreationForAccount1And2" time="0.020" classname="com.revolut.money.transfer.integration.ConcurrentlyTransactionCreationTest"/>
  <testcase name="testConcurrentTransactionCreationForAccount1And2" time="0.030" classname="com.revolut.money.transfer.integration.ConcurrentlyTransactionCreationTest"/>
  <testcase name="testConcurrentTransactionCreationForAccount1And2" time="0.020" classname="com.revolut.money.transfer.integration.ConcurrentlyTransactionCreationTest"/>
  <testcase name="testConcurrentTransactionCreationForAccount1And2" time="0.020" classname="com.revolut.money.transfer.integration.ConcurrentlyTransactionCreationTest"/>
  <testcase name="testConcurrentTransactionCreationForAccount1And2" time="0.019" classname="com.revolut.money.transfer.integration.ConcurrentlyTransactionCreationTest"/>
  <testcase name="testConcurrentTransactionCreationForAccount1And2" time="0.020" classname="com.revolut.money.transfer.integration.ConcurrentlyTransactionCreationTest"/>
  <testcase name="testConcurrentTransactionCreationForAccount1And2" time="0.020" classname="com.revolut.money.transfer.integration.ConcurrentlyTransactionCreationTest"/>
  <testcase name="testConcurrentTransactionCreationForAccount1And2" time="0.019" classname="com.revolut.money.transfer.integration.ConcurrentlyTransactionCreationTest"/>
  <testcase name="testConcurrentTransactionCreationForAccount1And2" time="0.000" classname="com.revolut.money.transfer.integration.ConcurrentlyTransactionCreationTest"/>
  <testcase name="testConcurrentTransactionCreationForAccount1And2" time="0.020" classname="com.revolut.money.transfer.integration.ConcurrentlyTransactionCreationTest"/>
  <testcase name="testConcurrentTransactionCreationForAccount1And2" time="0.020" classname="com.revolut.money.transfer.integration.ConcurrentlyTransactionCreationTest"/>
  <testcase name="testConcurrentTransactionCreationForAccount1And2" time="0.000" classname="com.revolut.money.transfer.integration.ConcurrentlyTransactionCreationTest"/>
  <testcase name="testConcurrentTransactionCreationForAccount1And2" time="0.020" classname="com.revolut.money.transfer.integration.ConcurrentlyTransactionCreationTest"/>
  <testcase name="testConcurrentTransactionCreationForAccount1And2" time="0.021" classname="com.revolut.money.transfer.integration.ConcurrentlyTransactionCreationTest"/>
  <testcase name="testConcurrentTransactionCreationForAccount1And2" time="0.028" classname="com.revolut.money.transfer.integration.ConcurrentlyTransactionCreationTest"/>
  <testcase name="testConcurrentTransactionCreationForAccount1And2" time="0.030" classname="com.revolut.money.transfer.integration.ConcurrentlyTransactionCreationTest"/>
  <testcase name="testConcurrentTransactionCreationForAccount1And2" time="0.021" classname="com.revolut.money.transfer.integration.ConcurrentlyTransactionCreationTest"/>
  <testcase name="testConcurrentTransactionCreationForAccount1And2" time="0.019" classname="com.revolut.money.transfer.integration.ConcurrentlyTransactionCreationTest"/>
  <testcase name="testConcurrentTransactionCreationForAccount1And2" time="0.019" classname="com.revolut.money.transfer.integration.ConcurrentlyTransactionCreationTest"/>
  <testcase name="testConcurrentTransactionCreationForAccount1And2" time="0.019" classname="com.revolut.money.transfer.integration.ConcurrentlyTransactionCreationTest"/>
  <testcase name="testConcurrentTransactionCreationForAccount1And2" time="0.019" classname="com.revolut.money.transfer.integration.ConcurrentlyTransactionCreationTest"/>
  <testcase name="testConcurrentTransactionCreationForAccount1And2" time="0.033" classname="com.revolut.money.transfer.integration.ConcurrentlyTransactionCreationTest"/>
  <testcase name="testConcurrentTransactionCreationForAccount1And2" time="0.020" classname="com.revolut.money.transfer.integration.ConcurrentlyTransactionCreationTest"/>
  <testcase name="testConcurrentTransactionCreationForAccount1And2" time="0.019" classname="com.revolut.money.transfer.integration.ConcurrentlyTransactionCreationTest"/>
  <testcase name="testConcurrentTransactionCreationForAccount1And2" time="0.019" classname="com.revolut.money.transfer.integration.ConcurrentlyTransactionCreationTest"/>
  <testcase name="testConcurrentTransactionCreationForAccount1And2" time="0.022" classname="com.revolut.money.transfer.integration.ConcurrentlyTransactionCreationTest"/>
  <testcase name="testConcurrentTransactionCreationForAccount1And2" time="0.020" classname="com.revolut.money.transfer.integration.ConcurrentlyTransactionCreationTest"/>
  <testcase name="testConcurrentTransactionCreationForAccount1And2" time="0.019" classname="com.revolut.money.transfer.integration.ConcurrentlyTransactionCreationTest"/>
  <testcase name="testConcurrentTransactionCreationForAccount1And2" time="0.020" classname="com.revolut.money.transfer.integration.ConcurrentlyTransactionCreationTest"/>
  <testcase name="testConcurrentTransactionCreationForAccount1And2" time="0.020" classname="com.revolut.money.transfer.integration.ConcurrentlyTransactionCreationTest"/>
  <testcase name="testConcurrentTransactionCreationForAccount1And2" time="0.018" classname="com.revolut.money.transfer.integration.ConcurrentlyTransactionCreationTest"/>
  <testcase name="testConcurrentTransactionCreationForAccount1And2" time="0.028" classname="com.revolut.money.transfer.integration.ConcurrentlyTransactionCreationTest"/>
  <testcase name="testConcurrentTransactionCreationForAccount1And2" time="0.011" classname="com.revolut.money.transfer.integration.ConcurrentlyTransactionCreationTest"/>
  <testcase name="testConcurrentTransactionCreationForAccount1And2" time="0.019" classname="com.revolut.money.transfer.integration.ConcurrentlyTransactionCreationTest"/>
  <testcase name="testConcurrentTransactionCreationForAccount1And2" time="0.023" classname="com.revolut.money.transfer.integration.ConcurrentlyTransactionCreationTest"/>
  <testcase name="testConcurrentTransactionCreationForAccount1And2" time="0.020" classname="com.revolut.money.transfer.integration.ConcurrentlyTransactionCreationTest"/>
  <testcase name="testConcurrentTransactionCreationForAccount1And2" time="0.033" classname="com.revolut.money.transfer.integration.ConcurrentlyTransactionCreationTest"/>
  <testcase name="testConcurrentTransactionCreationForAccount1And2" time="0.019" classname="com.revolut.money.transfer.integration.ConcurrentlyTransactionCreationTest"/>
  <testcase name="testConcurrentTransactionCreationForAccount1And2" time="0.018" classname="com.revolut.money.transfer.integration.ConcurrentlyTransactionCreationTest"/>
  <testcase name="testConcurrentTransactionCreationForAccount1And2" time="0.022" classname="com.revolut.money.transfer.integration.ConcurrentlyTransactionCreationTest"/>
  <testcase name="testConcurrentTransactionCreationForAccount1And2" time="0.022" classname="com.revolut.money.transfer.integration.ConcurrentlyTransactionCreationTest"/>
  <testcase name="testConcurrentTransactionCreationForAccount1And2" time="0.019" classname="com.revolut.money.transfer.integration.ConcurrentlyTransactionCreationTest"/>
  <testcase name="testConcurrentTransactionCreationForAccount1And2" time="0.037" classname="com.revolut.money.transfer.integration.ConcurrentlyTransactionCreationTest"/>
  <testcase name="testConcurrentTransactionCreationForAccount1And2" time="0.019" classname="com.revolut.money.transfer.integration.ConcurrentlyTransactionCreationTest"/>
  <testcase name="testConcurrentTransactionCreationForAccount1And2" time="0.034" classname="com.revolut.money.transfer.integration.ConcurrentlyTransactionCreationTest"/>
  <testcase name="testConcurrentTransactionCreationForAccount1And2" time="0.028" classname="com.revolut.money.transfer.integration.ConcurrentlyTransactionCreationTest"/>
  <testcase name="testConcurrentTransactionCreationForAccount1And2" time="0.022" classname="com.revolut.money.transfer.integration.ConcurrentlyTransactionCreationTest"/>
  <testcase name="testConcurrentTransactionCreationForAccount1And2" time="0.019" classname="com.revolut.money.transfer.integration.ConcurrentlyTransactionCreationTest"/>
  <testcase name="testConcurrentTransactionCreationForAccount1And2" time="0.020" classname="com.revolut.money.transfer.integration.ConcurrentlyTransactionCreationTest"/>
  <testcase name="testConcurrentTransactionCreationForAccount1And2" time="0.020" classname="com.revolut.money.transfer.integration.ConcurrentlyTransactionCreationTest"/>
  <testcase name="testConcurrentTransactionCreationForAccount1And2" time="0.020" classname="com.revolut.money.transfer.integration.ConcurrentlyTransactionCreationTest"/>
  <testcase name="testConcurrentTransactionCreationForAccount1And2" time="0.020" classname="com.revolut.money.transfer.integration.ConcurrentlyTransactionCreationTest"/>
  <testcase name="testConcurrentTransactionCreationForAccount1And2" time="0.004" classname="com.revolut.money.transfer.integration.ConcurrentlyTransactionCreationTest"/>
  <testcase name="testConcurrentTransactionCreationForAccount1And2" time="0.018" classname="com.revolut.money.transfer.integration.ConcurrentlyTransactionCreationTest"/>
  <testcase name="testConcurrentTransactionCreationForAccount1And2" time="0.020" classname="com.revolut.money.transfer.integration.ConcurrentlyTransactionCreationTest"/>
  <testcase name="testConcurrentTransactionCreationForAccount1And2" time="0.019" classname="com.revolut.money.transfer.integration.ConcurrentlyTransactionCreationTest"/>
  <testcase name="testConcurrentTransactionCreationForAccount1And2" time="0.020" classname="com.revolut.money.transfer.integration.ConcurrentlyTransactionCreationTest"/>
  <testcase name="testConcurrentTransactionCreationForAccount1And2" time="0.024" classname="com.revolut.money.transfer.integration.ConcurrentlyTransactionCreationTest"/>
  <testcase name="testConcurrentTransactionCreationForAccount1And2" time="0.026" classname="com.revolut.money.transfer.integration.ConcurrentlyTransactionCreationTest"/>
  <testcase name="testConcurrentTransactionCreationForAccount1And2" time="0.020" classname="com.revolut.money.transfer.integration.ConcurrentlyTransactionCreationTest"/>
  <testcase name="testConcurrentTransactionCreationForAccount1And2" time="0.029" classname="com.revolut.money.transfer.integration.ConcurrentlyTransactionCreationTest"/>
  <testcase name="testConcurrentTransactionCreationForAccount1And2" time="0.032" classname="com.revolut.money.transfer.integration.ConcurrentlyTransactionCreationTest"/>
  <testcase name="testConcurrentTransactionCreationForAccount1And2" time="0.019" classname="com.revolut.money.transfer.integration.ConcurrentlyTransactionCreationTest"/>
  <testcase name="testConcurrentTransactionCreationForAccount1And2" time="0.019" classname="com.revolut.money.transfer.integration.ConcurrentlyTransactionCreationTest"/>
  <testcase name="testConcurrentTransactionCreationForAccount1And2" time="0.002" classname="com.revolut.money.transfer.integration.ConcurrentlyTransactionCreationTest"/>
  <testcase name="testConcurrentTransactionCreationForAccount1And2" time="0.018" classname="com.revolut.money.transfer.integration.ConcurrentlyTransactionCreationTest"/>
  <testcase name="testConcurrentTransactionCreationForAccount1And2" time="0.033" classname="com.revolut.money.transfer.integration.ConcurrentlyTransactionCreationTest"/>
  <testcase name="testConcurrentTransactionCreationForAccount1And2" time="0.019" classname="com.revolut.money.transfer.integration.ConcurrentlyTransactionCreationTest"/>
  <testcase name="testConcurrentTransactionCreationForAccount1And2" time="0.030" classname="com.revolut.money.transfer.integration.ConcurrentlyTransactionCreationTest"/>
  <testcase name="testConcurrentTransactionCreationForAccount1And2" time="0.038" classname="com.revolut.money.transfer.integration.ConcurrentlyTransactionCreationTest"/>
  <testcase name="testConcurrentTransactionCreationForAccount3And4" time="0.001" classname="com.revolut.money.transfer.integration.ConcurrentlyTransactionCreationTest"/>
  <testcase name="testConcurrentTransactionCreationForAccount1And2" time="0.020" classname="com.revolut.money.transfer.integration.ConcurrentlyTransactionCreationTest"/>
  <testcase name="testConcurrentTransactionCreationForAccount1And2" time="0.028" classname="com.revolut.money.transfer.integration.ConcurrentlyTransactionCreationTest"/>
  <testcase name="testConcurrentTransactionCreationForAccount1And2" time="0.020" classname="com.revolut.money.transfer.integration.ConcurrentlyTransactionCreationTest"/>
  <testcase name="testConcurrentTransactionCreationForAccount1And2" time="0.020" classname="com.revolut.money.transfer.integration.ConcurrentlyTransactionCreationTest"/>
  <testcase name="testConcurrentTransactionCreationForAccount1And2" time="0.033" classname="com.revolut.money.transfer.integration.ConcurrentlyTransactionCreationTest"/>
  <testcase name="testConcurrentTransactionCreationForAccount1And2" time="0.020" classname="com.revolut.money.transfer.integration.ConcurrentlyTransactionCreationTest"/>
  <testcase name="testConcurrentTransactionCreationForAccount1And2" time="0.020" classname="com.revolut.money.transfer.integration.ConcurrentlyTransactionCreationTest"/>
  <testcase name="testConcurrentTransactionCreationForAccount1And2" time="0.020" classname="com.revolut.money.transfer.integration.ConcurrentlyTransactionCreationTest"/>
  <testcase name="testConcurrentTransactionCreationForAccount1And2" time="0.020" classname="com.revolut.money.transfer.integration.ConcurrentlyTransactionCreationTest"/>
  <testcase name="testConcurrentTransactionCreationForAccount1And2" time="0.020" classname="com.revolut.money.transfer.integration.ConcurrentlyTransactionCreationTest"/>
  <testcase name="testConcurrentTransactionCreationForAccount1And2" time="0.020" classname="com.revolut.money.transfer.integration.ConcurrentlyTransactionCreationTest"/>
  <testcase name="testConcurrentTransactionCreationForAccount1And2" time="0.022" classname="com.revolut.money.transfer.integration.ConcurrentlyTransactionCreationTest"/>
  <testcase name="testConcurrentTransactionCreationForAccount1And2" time="0.020" classname="com.revolut.money.transfer.integration.ConcurrentlyTransactionCreationTest"/>
  <testcase name="testConcurrentTransactionCreationForAccount1And2" time="0.018" classname="com.revolut.money.transfer.integration.ConcurrentlyTransactionCreationTest"/>
  <testcase name="testConcurrentTransactionCreationForAccount1And2" time="0.012" classname="com.revolut.money.transfer.integration.ConcurrentlyTransactionCreationTest"/>
  <testcase name="testConcurrentTransactionCreationForAccount1And2" time="0.019" classname="com.revolut.money.transfer.integration.ConcurrentlyTransactionCreationTest"/>
  <testcase name="testConcurrentTransactionCreationForAccount1And2" time="0.020" classname="com.revolut.money.transfer.integration.ConcurrentlyTransactionCreationTest"/>
  <testcase name="testConcurrentTransactionCreationForAccount1And2" time="0.020" classname="com.revolut.money.transfer.integration.ConcurrentlyTransactionCreationTest"/>
  <testcase name="testConcurrentTransactionCreationForAccount1And2" time="0.020" classname="com.revolut.money.transfer.integration.ConcurrentlyTransactionCreationTest"/>
  <testcase name="testConcurrentTransactionCreationForAccount1And2" time="0.033" classname="com.revolut.money.transfer.integration.ConcurrentlyTransactionCreationTest"/>
  <testcase name="testConcurrentTransactionCreationForAccount1And2" time="0.032" classname="com.revolut.money.transfer.integration.ConcurrentlyTransactionCreationTest"/>
  <testcase name="testConcurrentTransactionCreationForAccount1And2" time="0.008" classname="com.revolut.money.transfer.integration.ConcurrentlyTransactionCreationTest"/>
  <testcase name="testConcurrentTransactionCreationForAccount1And2" time="0.020" classname="com.revolut.money.transfer.integration.ConcurrentlyTransactionCreationTest"/>
  <testcase name="testConcurrentTransactionCreationForAccount1And2" time="0.019" classname="com.revolut.money.transfer.integration.ConcurrentlyTransactionCreationTest"/>
  <testcase name="testConcurrentTransactionCreationForAccount1And2" time="0.023" classname="com.revolut.money.transfer.integration.ConcurrentlyTransactionCreationTest"/>
  <testcase name="testConcurrentTransactionCreationForAccount1And2" time="0.024" classname="com.revolut.money.transfer.integration.ConcurrentlyTransactionCreationTest"/>
  <testcase name="testConcurrentTransactionCreationForAccount1And2" time="0.020" classname="com.revolut.money.transfer.integration.ConcurrentlyTransactionCreationTest"/>
  <testcase name="testConcurrentTransactionCreationForAccount1And2" time="0.019" classname="com.revolut.money.transfer.integration.ConcurrentlyTransactionCreationTest"/>
  <testcase name="testConcurrentTransactionCreationForAccount1And2" time="0.019" classname="com.revolut.money.transfer.integration.ConcurrentlyTransactionCreationTest"/>
  <testcase name="testConcurrentTransactionCreationForAccount1And2" time="0.019" classname="com.revolut.money.transfer.integration.ConcurrentlyTransactionCreationTest"/>
  <testcase name="testConcurrentTransactionCreationForAccount1And2" time="0.032" classname="com.revolut.money.transfer.integration.ConcurrentlyTransactionCreationTest"/>
  <testcase name="testConcurrentTransactionCreationForAccount1And2" time="0.020" classname="com.revolut.money.transfer.integration.ConcurrentlyTransactionCreationTest"/>
  <testcase name="testConcurrentTransactionCreationForAccount1And2" time="0.022" classname="com.revolut.money.transfer.integration.ConcurrentlyTransactionCreationTest"/>
  <testcase name="testConcurrentTransactionCreationForAccount1And2" time="0.028" classname="com.revolut.money.transfer.integration.ConcurrentlyTransactionCreationTest"/>
  <testcase name="testConcurrentTransactionCreationForAccount1And2" time="0.020" classname="com.revolut.money.transfer.integration.ConcurrentlyTransactionCreationTest"/>
  <testcase name="testConcurrentTransactionCreationForAccount1And2" time="0.020" classname="com.revolut.money.transfer.integration.ConcurrentlyTransactionCreationTest"/>
  <testcase name="testConcurrentTransactionCreationForAccount1And2" time="0.020" classname="com.revolut.money.transfer.integration.ConcurrentlyTransactionCreationTest"/>
  <testcase name="testConcurrentTransactionCreationForAccount1And2" time="0.021" classname="com.revolut.money.transfer.integration.ConcurrentlyTransactionCreationTest"/>
  <testcase name="testConcurrentTransactionCreationForAccount1And2" time="0.019" classname="com.revolut.money.transfer.integration.ConcurrentlyTransactionCreationTest"/>
  <testcase name="testConcurrentTransactionCreationForAccount1And2" time="0.020" classname="com.revolut.money.transfer.integration.ConcurrentlyTransactionCreationTest"/>
  <testcase name="testConcurrentTransactionCreationForAccount1And2" time="0.033" classname="com.revolut.money.transfer.integration.ConcurrentlyTransactionCreationTest"/>
  <testcase name="testConcurrentTransactionCreationForAccount1And2" time="0.019" classname="com.revolut.money.transfer.integration.ConcurrentlyTransactionCreationTest"/>
  <testcase name="testConcurrentTransactionCreationForAccount1And2" time="0.029" classname="com.revolut.money.transfer.integration.ConcurrentlyTransactionCreationTest"/>
  <testcase name="testConcurrentTransactionCreationForAccount1And2" time="0.030" classname="com.revolut.money.transfer.integration.ConcurrentlyTransactionCreationTest"/>
  <testcase name="testConcurrentTransactionCreationForAccount1And2" time="0.020" classname="com.revolut.money.transfer.integration.ConcurrentlyTransactionCreationTest"/>
  <testcase name="testConcurrentTransactionCreationForAccount1And2" time="0.032" classname="com.revolut.money.transfer.integration.ConcurrentlyTransactionCreationTest"/>
  <testcase name="testConcurrentTransactionCreationForAccount1And2" time="0.019" classname="com.revolut.money.transfer.integration.ConcurrentlyTransactionCreationTest"/>
  <testcase name="testConcurrentTransactionCreationForAccount1And2" time="0.019" classname="com.revolut.money.transfer.integration.ConcurrentlyTransactionCreationTest"/>
  <testcase name="testConcurrentTransactionCreationForAccount1And2" time="0.019" classname="com.revolut.money.transfer.integration.ConcurrentlyTransactionCreationTest"/>
  <testcase name="testConcurrentTransactionCreationForAccount1And2" time="0.000" classname="com.revolut.money.transfer.integration.ConcurrentlyTransactionCreationTest"/>
  <testcase name="testConcurrentTransactionCreationForAccount1And2" time="0.020" classname="com.revolut.money.transfer.integration.ConcurrentlyTransactionCreationTest"/>
  <testcase name="testConcurrentTransactionCreationForAccount1And2" time="0.025" classname="com.revolut.money.transfer.integration.ConcurrentlyTransactionCreationTest"/>
  <testcase name="testConcurrentTransactionCreationForAccount1And2" time="0.022" classname="com.revolut.money.transfer.integration.ConcurrentlyTransactionCreationTest"/>
  <testcase name="testConcurrentTransactionCreationForAccount1And2" time="0.020" classname="com.revolut.money.transfer.integration.ConcurrentlyTransactionCreationTest"/>
  <testcase name="testConcurrentTransactionCreationForAccount1And2" time="0.019" classname="com.revolut.money.transfer.integration.ConcurrentlyTransactionCreationTest"/>
  <testcase name="testConcurrentTransactionCreationForAccount1And2" time="0.019" classname="com.revolut.money.transfer.integration.ConcurrentlyTransactionCreationTest"/>
  <testcase name="testConcurrentTransactionCreationForAccount1And2" time="0.022" classname="com.revolut.money.transfer.integration.ConcurrentlyTransactionCreationTest"/>
  <testcase name="testConcurrentTransactionCreationForAccount1And2" time="0.020" classname="com.revolut.money.transfer.integration.ConcurrentlyTransactionCreationTest"/>
  <testcase name="testConcurrentTransactionCreationForAccount1And2" time="0.029" classname="com.revolut.money.transfer.integration.ConcurrentlyTransactionCreationTest"/>
  <testcase name="testConcurrentTransactionCreationForAccount1And2" time="0.018" classname="com.revolut.money.transfer.integration.ConcurrentlyTransactionCreationTest"/>
  <testcase name="testConcurrentTransactionCreationForAccount1And2" time="0.021" classname="com.revolut.money.transfer.integration.ConcurrentlyTransactionCreationTest"/>
  <testcase name="testConcurrentTransactionCreationForAccount1And2" time="0.037" classname="com.revolut.money.transfer.integration.ConcurrentlyTransactionCreationTest"/>
  <testcase name="testConcurrentTransactionCreationForAccount1And2" time="0.020" classname="com.revolut.money.transfer.integration.ConcurrentlyTransactionCreationTest"/>
  <testcase name="testConcurrentTransactionCreationForAccount1And2" time="0.019" classname="com.revolut.money.transfer.integration.ConcurrentlyTransactionCreationTest"/>
  <testcase name="testConcurrentTransactionCreationForAccount1And2" time="0.023" classname="com.revolut.money.transfer.integration.ConcurrentlyTransactionCreationTest"/>
  <testcase name="testConcurrentTransactionCreationForAccount1And2" time="0.031" classname="com.revolut.money.transfer.integration.ConcurrentlyTransactionCreationTest"/>
  <testcase name="testConcurrentTransactionCreationForAccount1And2" time="0.019" classname="com.revolut.money.transfer.integration.ConcurrentlyTransactionCreationTest"/>
  <testcase name="testConcurrentTransactionCreationForAccount1And2" time="0.019" classname="com.revolut.money.transfer.integration.ConcurrentlyTransactionCreationTest"/>
  <testcase name="testConcurrentTransactionCreationForAccount1And2" time="0.038" classname="com.revolut.money.transfer.integration.ConcurrentlyTransactionCreationTest"/>
  <testcase name="testConcurrentTransactionCreationForAccount1And2" time="0.009" classname="com.revolut.money.transfer.integration.ConcurrentlyTransactionCreationTest"/>
  <testcase name="testConcurrentTransactionCreationForAccount1And2" time="0.019" classname="com.revolut.money.transfer.integration.ConcurrentlyTransactionCreationTest"/>
  <testcase name="testConcurrentTransactionCreationForAccount1And2" time="0.010" classname="com.revolut.money.transfer.integration.ConcurrentlyTransactionCreationTest"/>
  <testcase name="testConcurrentTransactionCreationForAccount1And2" time="0.024" classname="com.revolut.money.transfer.integration.ConcurrentlyTransactionCreationTest"/>
  <testcase name="testConcurrentTransactionCreationForAccount1And2" time="0.021" classname="com.revolut.money.transfer.integration.ConcurrentlyTransactionCreationTest"/>
  <testcase name="testConcurrentTransactionCreationForAccount1And2" time="0.020" classname="com.revolut.money.transfer.integration.ConcurrentlyTransactionCreationTest"/>
  <testcase name="testConcurrentTransactionCreationForAccount1And2" time="0.020" classname="com.revolut.money.transfer.integration.ConcurrentlyTransactionCreationTest"/>
  <testcase name="testConcurrentTransactionCreationForAccount1And2" time="0.019" classname="com.revolut.money.transfer.integration.ConcurrentlyTransactionCreationTest"/>
  <testcase name="testConcurrentTransactionCreationForAccount1And2" time="0.023" classname="com.revolut.money.transfer.integration.ConcurrentlyTransactionCreationTest"/>
  <testcase name="testConcurrentTransactionCreationForAccount1And2" time="0.020" classname="com.revolut.money.transfer.integration.ConcurrentlyTransactionCreationTest"/>
  <testcase name="testConcurrentTransactionCreationForAccount1And2" time="0.024" classname="com.revolut.money.transfer.integration.ConcurrentlyTransactionCreationTest"/>
  <testcase name="testConcurrentTransactionCreationForAccount1And2" time="0.020" classname="com.revolut.money.transfer.integration.ConcurrentlyTransactionCreationTest"/>
  <testcase name="testConcurrentTransactionCreationForAccount1And2" time="0.019" classname="com.revolut.money.transfer.integration.ConcurrentlyTransactionCreationTest"/>
  <testcase name="testConcurrentTransactionCreationForAccount1And2" time="0.021" classname="com.revolut.money.transfer.integration.ConcurrentlyTransactionCreationTest"/>
  <testcase name="testConcurrentTransactionCreationForAccount1And2" time="0.020" classname="com.revolut.money.transfer.integration.ConcurrentlyTransactionCreationTest"/>
  <testcase name="testConcurrentTransactionCreationForAccount1And2" time="0.019" classname="com.revolut.money.transfer.integration.ConcurrentlyTransactionCreationTest"/>
  <testcase name="testConcurrentTransactionCreationForAccount1And2" time="0.033" classname="com.revolut.money.transfer.integration.ConcurrentlyTransactionCreationTest"/>
  <testcase name="testConcurrentTransactionCreationForAccount1And2" time="0.032" classname="com.revolut.money.transfer.integration.ConcurrentlyTransactionCreationTest"/>
  <testcase name="testConcurrentTransactionCreationForAccount1And2" time="0.020" classname="com.revolut.money.transfer.integration.ConcurrentlyTransactionCreationTest"/>
  <testcase name="testConcurrentTransactionCreationForAccount1And2" time="0.035" classname="com.revolut.money.transfer.integration.ConcurrentlyTransactionCreationTest"/>
  <testcase name="testConcurrentTransactionCreationForAccount1And2" time="0.020" classname="com.revolut.money.transfer.integration.ConcurrentlyTransactionCreationTest"/>
  <testcase name="testConcurrentTransactionCreationForAccount1And2" time="0.022" classname="com.revolut.money.transfer.integration.ConcurrentlyTransactionCreationTest"/>
  <testcase name="testConcurrentTransactionCreationForAccount1And2" time="0.020" classname="com.revolut.money.transfer.integration.ConcurrentlyTransactionCreationTest"/>
  <testcase name="testConcurrentTransactionCreationForAccount1And2" time="0.018" classname="com.revolut.money.transfer.integration.ConcurrentlyTransactionCreationTest"/>
  <testcase name="testConcurrentTransactionCreationForAccount1And2" time="0.020" classname="com.revolut.money.transfer.integration.ConcurrentlyTransactionCreationTest"/>
  <testcase name="testConcurrentTransactionCreationForAccount1And2" time="0.019" classname="com.revolut.money.transfer.integration.ConcurrentlyTransactionCreationTest"/>
  <testcase name="testConcurrentTransactionCreationForAccount1And2" time="0.020" classname="com.revolut.money.transfer.integration.ConcurrentlyTransactionCreationTest"/>
  <testcase name="testConcurrentTransactionCreationForAccount1And2" time="0.010" classname="com.revolut.money.transfer.integration.ConcurrentlyTransactionCreationTest"/>
  <testcase name="testConcurrentTransactionCreationForAccount1And2" time="0.019" classname="com.revolut.money.transfer.integration.ConcurrentlyTransactionCreationTest"/>
  <testcase name="testConcurrentTransactionCreationForAccount1And2" time="0.019" classname="com.revolut.money.transfer.integration.ConcurrentlyTransactionCreationTest"/>
  <testcase name="testConcurrentTransactionCreationForAccount1And2" time="0.033" classname="com.revolut.money.transfer.integration.ConcurrentlyTransactionCreationTest"/>
  <testcase name="testConcurrentTransactionCreationForAccount1And2" time="0.023" classname="com.revolut.money.transfer.integration.ConcurrentlyTransactionCreationTest"/>
  <testcase name="testConcurrentTransactionCreationForAccount1And2" time="0.020" classname="com.revolut.money.transfer.integration.ConcurrentlyTransactionCreationTest"/>
  <testcase name="testConcurrentTransactionCreationForAccount1And2" time="0.019" classname="com.revolut.money.transfer.integration.ConcurrentlyTransactionCreationTest"/>
  <testcase name="testConcurrentTransactionCreationForAccount1And2" time="0.019" classname="com.revolut.money.transfer.integration.ConcurrentlyTransactionCreationTest"/>
  <testcase name="testConcurrentTransactionCreationForAccount1And2" time="0.022" classname="com.revolut.money.transfer.integration.ConcurrentlyTransactionCreationTest"/>
  <testcase name="testConcurrentTransactionCreationForAccount1And2" time="0.022" classname="com.revolut.money.transfer.integration.ConcurrentlyTransactionCreationTest"/>
  <testcase name="testConcurrentTransactionCreationForAccount1And2" time="0.018" classname="com.revolut.money.transfer.integration.ConcurrentlyTransactionCreationTest"/>
  <testcase name="testConcurrentTransactionCreationForAccount1And2" time="0.021" classname="com.revolut.money.transfer.integration.ConcurrentlyTransactionCreationTest"/>
  <testcase name="testConcurrentTransactionCreationForAccount1And2" time="0.019" classname="com.revolut.money.transfer.integration.ConcurrentlyTransactionCreationTest"/>
  <testcase name="testConcurrentTransactionCreationForAccount1And2" time="0.018" classname="com.revolut.money.transfer.integration.ConcurrentlyTransactionCreationTest"/>
  <testcase name="testConcurrentTransactionCreationForAccount1And2" time="0.020" classname="com.revolut.money.transfer.integration.ConcurrentlyTransactionCreationTest"/>
  <testcase name="testConcurrentTransactionCreationForAccount1And2" time="0.027" classname="com.revolut.money.transfer.integration.ConcurrentlyTransactionCreationTest"/>
  <testcase name="testConcurrentTransactionCreationForAccount1And2" time="0.026" classname="com.revolut.money.transfer.integration.ConcurrentlyTransactionCreationTest"/>
  <testcase name="testConcurrentTransactionCreationForAccount1And2" time="0.018" classname="com.revolut.money.transfer.integration.ConcurrentlyTransactionCreationTest"/>
  <testcase name="testConcurrentTransactionCreationForAccount1And2" time="0.027" classname="com.revolut.money.transfer.integration.ConcurrentlyTransactionCreationTest"/>
  <testcase name="testConcurrentTransactionCreationForAccount1And2" time="0.023" classname="com.revolut.money.transfer.integration.ConcurrentlyTransactionCreationTest"/>
  <testcase name="testConcurrentTransactionCreationForAccount1And2" time="0.000" classname="com.revolut.money.transfer.integration.ConcurrentlyTransactionCreationTest"/>
  <testcase name="testConcurrentTransactionCreationForAccount1And2" time="0.019" classname="com.revolut.money.transfer.integration.ConcurrentlyTransactionCreationTest"/>
  <testcase name="testConcurrentTransactionCreationForAccount1And2" time="0.020" classname="com.revolut.money.transfer.integration.ConcurrentlyTransactionCreationTest"/>
  <testcase name="testConcurrentTransactionCreationForAccount1And2" time="0.024" classname="com.revolut.money.transfer.integration.ConcurrentlyTransactionCreationTest"/>
  <testcase name="testConcurrentTransactionCreationForAccount1And2" time="0.020" classname="com.revolut.money.transfer.integration.ConcurrentlyTransactionCreationTest"/>
  <testcase name="testConcurrentTransactionCreationForAccount1And2" time="0.024" classname="com.revolut.money.transfer.integration.ConcurrentlyTransactionCreationTest"/>
  <testcase name="testConcurrentTransactionCreationForAccount1And2" time="0.019" classname="com.revolut.money.transfer.integration.ConcurrentlyTransactionCreationTest"/>
  <testcase name="testConcurrentTransactionCreationForAccount1And2" time="0.024" classname="com.revolut.money.transfer.integration.ConcurrentlyTransactionCreationTest"/>
  <testcase name="testConcurrentTransactionCreationForAccount1And2" time="0.020" classname="com.revolut.money.transfer.integration.ConcurrentlyTransactionCreationTest"/>
  <testcase name="testConcurrentTransactionCreationForAccount1And2" time="0.020" classname="com.revolut.money.transfer.integration.ConcurrentlyTransactionCreationTest"/>
  <testcase name="testConcurrentTransactionCreationForAccount1And2" time="0.020" classname="com.revolut.money.transfer.integration.ConcurrentlyTransactionCreationTest"/>
  <testcase name="testConcurrentTransactionCreationForAccount1And2" time="0.020" classname="com.revolut.money.transfer.integration.ConcurrentlyTransactionCreationTest"/>
  <testcase name="testConcurrentTransactionCreationForAccount1And2" time="0.019" classname="com.revolut.money.transfer.integration.ConcurrentlyTransactionCreationTest"/>
  <testcase name="testConcurrentTransactionCreationForAccount1And2" time="0.030" classname="com.revolut.money.transfer.integration.ConcurrentlyTransactionCreationTest"/>
  <testcase name="testConcurrentTransactionCreationForAccount1And2" time="0.019" classname="com.revolut.money.transfer.integration.ConcurrentlyTransactionCreationTest"/>
  <testcase name="testConcurrentTransactionCreationForAccount1And2" time="0.020" classname="com.revolut.money.transfer.integration.ConcurrentlyTransactionCreationTest"/>
  <testcase name="testConcurrentTransactionCreationForAccount1And2" time="0.033" classname="com.revolut.money.transfer.integration.ConcurrentlyTransactionCreationTest"/>
  <testcase name="testConcurrentTransactionCreationForAccount1And2" time="0.020" classname="com.revolut.money.transfer.integration.ConcurrentlyTransactionCreationTest"/>
  <testcase name="testConcurrentTransactionCreationForAccount1And2" time="0.020" classname="com.revolut.money.transfer.integration.ConcurrentlyTransactionCreationTest"/>
  <testcase name="testConcurrentTransactionCreationForAccount1And2" time="0.019" classname="com.revolut.money.transfer.integration.ConcurrentlyTransactionCreationTest"/>
  <testcase name="testConcurrentTransactionCreationForAccount1And2" time="0.001" classname="com.revolut.money.transfer.integration.ConcurrentlyTransactionCreationTest"/>
  <testcase name="testConcurrentTransactionCreationForAccount1And2" time="0.001" classname="com.revolut.money.transfer.integration.ConcurrentlyTransactionCreationTest"/>
  <testcase name="testConcurrentTransactionCreationForAccount1And2" time="0.032" classname="com.revolut.money.transfer.integration.ConcurrentlyTransactionCreationTest"/>
  <testcase name="testConcurrentTransactionCreationForAccount1And2" time="0.020" classname="com.revolut.money.transfer.integration.ConcurrentlyTransactionCreationTest"/>
  <testcase name="testConcurrentTransactionCreationForAccount1And2" time="0.020" classname="com.revolut.money.transfer.integration.ConcurrentlyTransactionCreationTest"/>
  <testcase name="testConcurrentTransactionCreationForAccount1And2" time="0.019" classname="com.revolut.money.transfer.integration.ConcurrentlyTransactionCreationTest"/>
  <testcase name="testConcurrentTransactionCreationForAccount1And2" time="0.020" classname="com.revolut.money.transfer.integration.ConcurrentlyTransactionCreationTest"/>
  <testcase name="testConcurrentTransactionCreationForAccount1And2" time="0.039" classname="com.revolut.money.transfer.integration.ConcurrentlyTransactionCreationTest"/>
  <testcase name="testConcurrentTransactionCreationForAccount1And2" time="0.020" classname="com.revolut.money.transfer.integration.ConcurrentlyTransactionCreationTest"/>
  <testcase name="testConcurrentTransactionCreationForAccount1And2" time="0.037" classname="com.revolut.money.transfer.integration.ConcurrentlyTransactionCreationTest"/>
  <testcase name="testConcurrentTransactionCreationForAccount1And2" time="0.021" classname="com.revolut.money.transfer.integration.ConcurrentlyTransactionCreationTest"/>
  <testcase name="testConcurrentTransactionCreationForAccount1And2" time="0.023" classname="com.revolut.money.transfer.integration.ConcurrentlyTransactionCreationTest"/>
  <testcase name="testConcurrentTransactionCreationForAccount1And2" time="0.022" classname="com.revolut.money.transfer.integration.ConcurrentlyTransactionCreationTest"/>
  <testcase name="testConcurrentTransactionCreationForAccount1And2" time="0.020" classname="com.revolut.money.transfer.integration.ConcurrentlyTransactionCreationTest"/>
  <testcase name="testConcurrentTransactionCreationForAccount1And2" time="0.018" classname="com.revolut.money.transfer.integration.ConcurrentlyTransactionCreationTest"/>
  <testcase name="testConcurrentTransactionCreationForAccount1And2" time="0.002" classname="com.revolut.money.transfer.integration.ConcurrentlyTransactionCreationTest"/>
  <testcase name="testConcurrentTransactionCreationForAccount1And2" time="0.019" classname="com.revolut.money.transfer.integration.ConcurrentlyTransactionCreationTest"/>
  <testcase name="testConcurrentTransactionCreationForAccount1And2" time="0.019" classname="com.revolut.money.transfer.integration.ConcurrentlyTransactionCreationTest"/>
  <testcase name="testConcurrentTransactionCreationForAccount1And2" time="0.000" classname="com.revolut.money.transfer.integration.ConcurrentlyTransactionCreationTest"/>
  <testcase name="testConcurrentTransactionCreationForAccount1And2" time="0.020" classname="com.revolut.money.transfer.integration.ConcurrentlyTransactionCreationTest"/>
  <testcase name="testConcurrentTransactionCreationForAccount1And2" time="0.030" classname="com.revolut.money.transfer.integration.ConcurrentlyTransactionCreationTest"/>
  <testcase name="testConcurrentTransactionCreationForAccount1And2" time="0.023" classname="com.revolut.money.transfer.integration.ConcurrentlyTransactionCreationTest"/>
  <testcase name="testConcurrentTransactionCreationForAccount1And2" time="0.021" classname="com.revolut.money.transfer.integration.ConcurrentlyTransactionCreationTest"/>
  <testcase name="testConcurrentTransactionCreationForAccount1And2" time="0.009" classname="com.revolut.money.transfer.integration.ConcurrentlyTransactionCreationTest"/>
  <testcase name="testConcurrentTransactionCreationForAccount1And2" time="0.030" classname="com.revolut.money.transfer.integration.ConcurrentlyTransactionCreationTest"/>
  <testcase name="testConcurrentTransactionCreationForAccount1And2" time="0.036" classname="com.revolut.money.transfer.integration.ConcurrentlyTransactionCreationTest"/>
  <testcase name="testConcurrentTransactionCreationForAccount1And2" time="0.024" classname="com.revolut.money.transfer.integration.ConcurrentlyTransactionCreationTest"/>
  <testcase name="testConcurrentTransactionCreationForAccount1And2" time="0.020" classname="com.revolut.money.transfer.integration.ConcurrentlyTransactionCreationTest"/>
  <testcase name="testConcurrentTransactionCreationForAccount1And2" time="0.022" classname="com.revolut.money.transfer.integration.ConcurrentlyTransactionCreationTest"/>
  <testcase name="testConcurrentTransactionCreationForAccount1And2" time="0.006" classname="com.revolut.money.transfer.integration.ConcurrentlyTransactionCreationTest"/>
  <testcase name="testConcurrentTransactionCreationForAccount1And2" time="0.020" classname="com.revolut.money.transfer.integration.ConcurrentlyTransactionCreationTest"/>
  <testcase name="testConcurrentTransactionCreationForAccount1And2" time="0.019" classname="com.revolut.money.transfer.integration.ConcurrentlyTransactionCreationTest"/>
  <testcase name="testConcurrentTransactionCreationForAccount1And2" time="0.017" classname="com.revolut.money.transfer.integration.ConcurrentlyTransactionCreationTest"/>
  <testcase name="testConcurrentTransactionCreationForAccount1And2" time="0.031" classname="com.revolut.money.transfer.integration.ConcurrentlyTransactionCreationTest"/>
  <testcase name="testConcurrentTransactionCreationForAccount1And2" time="0.010" classname="com.revolut.money.transfer.integration.ConcurrentlyTransactionCreationTest"/>
  <testcase name="testConcurrentTransactionCreationForAccount1And2" time="0.029" classname="com.revolut.money.transfer.integration.ConcurrentlyTransactionCreationTest"/>
  <testcase name="testConcurrentTransactionCreationForAccount1And2" time="0.026" classname="com.revolut.money.transfer.integration.ConcurrentlyTransactionCreationTest"/>
  <testcase name="testConcurrentTransactionCreationForAccount1And2" time="0.024" classname="com.revolut.money.transfer.integration.ConcurrentlyTransactionCreationTest"/>
  <testcase name="testConcurrentTransactionCreationForAccount1And2" time="0.030" classname="com.revolut.money.transfer.integration.ConcurrentlyTransactionCreationTest"/>
  <testcase name="testConcurrentTransactionCreationForAccount1And2" time="0.019" classname="com.revolut.money.transfer.integration.ConcurrentlyTransactionCreationTest"/>
  <testcase name="testConcurrentTransactionCreationForAccount1And2" time="0.025" classname="com.revolut.money.transfer.integration.ConcurrentlyTransactionCreationTest"/>
  <testcase name="testConcurrentTransactionCreationForAccount1And2" time="0.023" classname="com.revolut.money.transfer.integration.ConcurrentlyTransactionCreationTest"/>
  <testcase name="testConcurrentTransactionCreationForAccount1And2" time="0.019" classname="com.revolut.money.transfer.integration.ConcurrentlyTransactionCreationTest"/>
  <testcase name="testConcurrentTransactionCreationForAccount1And2" time="0.019" classname="com.revolut.money.transfer.integration.ConcurrentlyTransactionCreationTest"/>
  <testcase name="testConcurrentTransactionCreationForAccount1And2" time="0.014" classname="com.revolut.money.transfer.integration.ConcurrentlyTransactionCreationTest"/>
  <testcase name="testConcurrentTransactionCreationForAccount1And2" time="0.023" classname="com.revolut.money.transfer.integration.ConcurrentlyTransactionCreationTest"/>
  <testcase name="testConcurrentTransactionCreationForAccount1And2" time="0.019" classname="com.revolut.money.transfer.integration.ConcurrentlyTransactionCreationTest"/>
  <testcase name="testConcurrentTransactionCreationForAccount1And2" time="0.019" classname="com.revolut.money.transfer.integration.ConcurrentlyTransactionCreationTest"/>
  <testcase name="testConcurrentTransactionCreationForAccount1And2" time="0.030" classname="com.revolut.money.transfer.integration.ConcurrentlyTransactionCreationTest"/>
  <testcase name="testConcurrentTransactionCreationForAccount1And2" time="0.025" classname="com.revolut.money.transfer.integration.ConcurrentlyTransactionCreationTest"/>
  <testcase name="testConcurrentTransactionCreationForAccount1And2" time="0.001" classname="com.revolut.money.transfer.integration.ConcurrentlyTransactionCreationTest"/>
  <testcase name="testConcurrentTransactionCreationForAccount1And2" time="0.017" classname="com.revolut.money.transfer.integration.ConcurrentlyTransactionCreationTest"/>
  <testcase name="testConcurrentTransactionCreationForAccount1And2" time="0.022" classname="com.revolut.money.transfer.integration.ConcurrentlyTransactionCreationTest"/>
  <testcase name="testConcurrentTransactionCreationForAccount1And2" time="0.020" classname="com.revolut.money.transfer.integration.ConcurrentlyTransactionCreationTest"/>
  <testcase name="testConcurrentTransactionCreationForAccount1And2" time="0.024" classname="com.revolut.money.transfer.integration.ConcurrentlyTransactionCreationTest"/>
  <testcase name="testConcurrentTransactionCreationForAccount1And2" time="0.030" classname="com.revolut.money.transfer.integration.ConcurrentlyTransactionCreationTest"/>
  <testcase name="testConcurrentTransactionCreationForAccount1And2" time="0.020" classname="com.revolut.money.transfer.integration.ConcurrentlyTransactionCreationTest"/>
  <testcase name="testConcurrentTransactionCreationForAccount1And2" time="0.019" classname="com.revolut.money.transfer.integration.ConcurrentlyTransactionCreationTest"/>
  <testcase name="testConcurrentTransactionCreationForAccount1And2" time="0.019" classname="com.revolut.money.transfer.integration.ConcurrentlyTransactionCreationTest"/>
  <testcase name="testConcurrentTransactionCreationForAccount1And2" time="0.020" classname="com.revolut.money.transfer.integration.ConcurrentlyTransactionCreationTest"/>
  <testcase name="testConcurrentTransactionCreationForAccount1And2" time="0.020" classname="com.revolut.money.transfer.integration.ConcurrentlyTransactionCreationTest"/>
  <testcase name="testConcurrentTransactionCreationForAccount1And2" time="0.019" classname="com.revolut.money.transfer.integration.ConcurrentlyTransactionCreationTest"/>
  <testcase name="testConcurrentTransactionCreationForAccount1And2" time="0.020" classname="com.revolut.money.transfer.integration.ConcurrentlyTransactionCreationTest"/>
  <testcase name="testConcurrentTransactionCreationForAccount1And2" time="0.026" classname="com.revolut.money.transfer.integration.ConcurrentlyTransactionCreationTest"/>
  <testcase name="testConcurrentTransactionCreationForAccount1And2" time="0.019" classname="com.revolut.money.transfer.integration.ConcurrentlyTransactionCreationTest"/>
  <testcase name="testConcurrentTransactionCreationForAccount1And2" time="0.020" classname="com.revolut.money.transfer.integration.ConcurrentlyTransactionCreationTest"/>
  <testcase name="testConcurrentTransactionCreationForAccount1And2" time="0.019" classname="com.revolut.money.transfer.integration.ConcurrentlyTransactionCreationTest"/>
  <testcase name="testConcurrentTransactionCreationForAccount1And2" time="0.019" classname="com.revolut.money.transfer.integration.ConcurrentlyTransactionCreationTest"/>
  <testcase name="testConcurrentTransactionCreationForAccount1And2" time="0.020" classname="com.revolut.money.transfer.integration.ConcurrentlyTransactionCreationTest"/>
  <testcase name="testConcurrentTransactionCreationForAccount1And2" time="0.019" classname="com.revolut.money.transfer.integration.ConcurrentlyTransactionCreationTest"/>
  <testcase name="testConcurrentTransactionCreationForAccount1And2" time="0.034" classname="com.revolut.money.transfer.integration.ConcurrentlyTransactionCreationTest"/>
  <testcase name="testConcurrentTransactionCreationForAccount1And2" time="0.020" classname="com.revolut.money.transfer.integration.ConcurrentlyTransactionCreationTest"/>
  <testcase name="testConcurrentTransactionCreationForAccount1And2" time="0.026" classname="com.revolut.money.transfer.integration.ConcurrentlyTransactionCreationTest"/>
  <testcase name="testConcurrentTransactionCreationForAccount1And2" time="0.019" classname="com.revolut.money.transfer.integration.ConcurrentlyTransactionCreationTest"/>
  <testcase name="testConcurrentTransactionCreationForAccount1And2" time="0.033" classname="com.revolut.money.transfer.integration.ConcurrentlyTransactionCreationTest"/>
  <testcase name="testConcurrentTransactionCreationForAccount1And2" time="0.030" classname="com.revolut.money.transfer.integration.ConcurrentlyTransactionCreationTest"/>
  <testcase name="testConcurrentTransactionCreationForAccount1And2" time="0.024" classname="com.revolut.money.transfer.integration.ConcurrentlyTransactionCreationTest"/>
  <testcase name="testConcurrentTransactionCreationForAccount1And2" time="0.018" classname="com.revolut.money.transfer.integration.ConcurrentlyTransactionCreationTest"/>
  <testcase name="testConcurrentTransactionCreationForAccount1And2" time="0.020" classname="com.revolut.money.transfer.integration.ConcurrentlyTransactionCreationTest"/>
  <testcase name="testConcurrentTransactionCreationForAccount1And2" time="0.019" classname="com.revolut.money.transfer.integration.ConcurrentlyTransactionCreationTest"/>
  <testcase name="testConcurrentTransactionCreationForAccount1And2" time="0.009" classname="com.revolut.money.transfer.integration.ConcurrentlyTransactionCreationTest"/>
  <testcase name="testConcurrentTransactionCreationForAccount1And2" time="0.026" classname="com.revolut.money.transfer.integration.ConcurrentlyTransactionCreationTest"/>
  <testcase name="testConcurrentTransactionCreationForAccount1And2" time="0.020" classname="com.revolut.money.transfer.integration.ConcurrentlyTransactionCreationTest"/>
  <testcase name="testConcurrentTransactionCreationForAccount1And2" time="0.030" classname="com.revolut.money.transfer.integration.ConcurrentlyTransactionCreationTest"/>
  <testcase name="testConcurrentTransactionCreationForAccount1And2" time="0.020" classname="com.revolut.money.transfer.integration.ConcurrentlyTransactionCreationTest"/>
  <testcase name="testConcurrentTransactionCreationForAccount1And2" time="0.019" classname="com.revolut.money.transfer.integration.ConcurrentlyTransactionCreationTest"/>
  <testcase name="testConcurrentTransactionCreationForAccount1And2" time="0.027" classname="com.revolut.money.transfer.integration.ConcurrentlyTransactionCreationTest"/>
  <testcase name="testConcurrentTransactionCreationForAccount1And2" time="0.020" classname="com.revolut.money.transfer.integration.ConcurrentlyTransactionCreationTest"/>
  <testcase name="testConcurrentTransactionCreationForAccount1And2" time="0.018" classname="com.revolut.money.transfer.integration.ConcurrentlyTransactionCreationTest"/>
  <testcase name="testConcurrentTransactionCreationForAccount1And2" time="0.031" classname="com.revolut.money.transfer.integration.ConcurrentlyTransactionCreationTest"/>
  <testcase name="testConcurrentTransactionCreationForAccount1And2" time="0.019" classname="com.revolut.money.transfer.integration.ConcurrentlyTransactionCreationTest"/>
  <testcase name="testConcurrentTransactionCreationForAccount1And2" time="0.024" classname="com.revolut.money.transfer.integration.ConcurrentlyTransactionCreationTest"/>
  <testcase name="testConcurrentTransactionCreationForAccount1And2" time="0.019" classname="com.revolut.money.transfer.integration.ConcurrentlyTransactionCreationTest"/>
  <testcase name="testConcurrentTransactionCreationForAccount1And2" time="0.023" classname="com.revolut.money.transfer.integration.ConcurrentlyTransactionCreationTest"/>
  <testcase name="testConcurrentTransactionCreationForAccount1And2" time="0.015" classname="com.revolut.money.transfer.integration.ConcurrentlyTransactionCreationTest"/>
  <testcase name="testConcurrentTransactionCreationForAccount1And2" time="0.020" classname="com.revolut.money.transfer.integration.ConcurrentlyTransactionCreationTest"/>
  <testcase name="testConcurrentTransactionCreationForAccount1And2" time="0.020" classname="com.revolut.money.transfer.integration.ConcurrentlyTransactionCreationTest"/>
  <testcase name="testConcurrentTransactionCreationForAccount1And2" time="0.033" classname="com.revolut.money.transfer.integration.ConcurrentlyTransactionCreationTest"/>
  <testcase name="testConcurrentTransactionCreationForAccount1And2" time="0.023" classname="com.revolut.money.transfer.integration.ConcurrentlyTransactionCreationTest"/>
  <testcase name="testConcurrentTransactionCreationForAccount1And2" time="0.022" classname="com.revolut.money.transfer.integration.ConcurrentlyTransactionCreationTest"/>
  <testcase name="testConcurrentTransactionCreationForAccount1And2" time="0.020" classname="com.revolut.money.transfer.integration.ConcurrentlyTransactionCreationTest"/>
  <testcase name="testConcurrentTransactionCreationForAccount1And2" time="0.026" classname="com.revolut.money.transfer.integration.ConcurrentlyTransactionCreationTest"/>
  <testcase name="testConcurrentTransactionCreationForAccount1And2" time="0.024" classname="com.revolut.money.transfer.integration.ConcurrentlyTransactionCreationTest"/>
  <testcase name="testConcurrentTransactionCreationForAccount1And2" time="0.020" classname="com.revolut.money.transfer.integration.ConcurrentlyTransactionCreationTest"/>
  <testcase name="testConcurrentTransactionCreationForAccount1And2" time="0.020" classname="com.revolut.money.transfer.integration.ConcurrentlyTransactionCreationTest"/>
  <testcase name="testConcurrentTransactionCreationForAccount1And2" time="0.019" classname="com.revolut.money.transfer.integration.ConcurrentlyTransactionCreationTest"/>
  <testcase name="testConcurrentTransactionCreationForAccount1And2" time="0.020" classname="com.revolut.money.transfer.integration.ConcurrentlyTransactionCreationTest"/>
  <testcase name="testConcurrentTransactionCreationForAccount1And2" time="0.018" classname="com.revolut.money.transfer.integration.ConcurrentlyTransactionCreationTest"/>
  <testcase name="testConcurrentTransactionCreationForAccount1And2" time="0.019" classname="com.revolut.money.transfer.integration.ConcurrentlyTransactionCreationTest"/>
  <testcase name="testConcurrentTransactionCreationForAccount1And2" time="0.018" classname="com.revolut.money.transfer.integration.ConcurrentlyTransactionCreationTest"/>
  <testcase name="testConcurrentTransactionCreationForAccount1And2" time="0.018" classname="com.revolut.money.transfer.integration.ConcurrentlyTransactionCreationTest"/>
  <testcase name="testConcurrentTransactionCreationForAccount1And2" time="0.018" classname="com.revolut.money.transfer.integration.ConcurrentlyTransactionCreationTest"/>
  <testcase name="testConcurrentTransactionCreationForAccount1And2" time="0.028" classname="com.revolut.money.transfer.integration.ConcurrentlyTransactionCreationTest"/>
  <testcase name="testConcurrentTransactionCreationForAccount1And2" time="0.019" classname="com.revolut.money.transfer.integration.ConcurrentlyTransactionCreationTest"/>
  <testcase name="testConcurrentTransactionCreationForAccount1And2" time="0.020" classname="com.revolut.money.transfer.integration.ConcurrentlyTransactionCreationTest"/>
  <testcase name="testConcurrentTransactionCreationForAccount1And2" time="0.033" classname="com.revolut.money.transfer.integration.ConcurrentlyTransactionCreationTest"/>
  <testcase name="testConcurrentTransactionCreationForAccount1And2" time="0.020" classname="com.revolut.money.transfer.integration.ConcurrentlyTransactionCreationTest"/>
  <testcase name="testConcurrentTransactionCreationForAccount1And2" time="0.019" classname="com.revolut.money.transfer.integration.ConcurrentlyTransactionCreationTest"/>
  <testcase name="testConcurrentTransactionCreationForAccount1And2" time="0.004" classname="com.revolut.money.transfer.integration.ConcurrentlyTransactionCreationTest"/>
  <testcase name="testConcurrentTransactionCreationForAccount1And2" time="0.022" classname="com.revolut.money.transfer.integration.ConcurrentlyTransactionCreationTest"/>
  <testcase name="testConcurrentTransactionCreationForAccount1And2" time="0.027" classname="com.revolut.money.transfer.integration.ConcurrentlyTransactionCreationTest"/>
  <testcase name="testConcurrentTransactionCreationForAccount1And2" time="0.019" classname="com.revolut.money.transfer.integration.ConcurrentlyTransactionCreationTest"/>
  <testcase name="testConcurrentTransactionCreationForAccount1And2" time="0.020" classname="com.revolut.money.transfer.integration.ConcurrentlyTransactionCreationTest"/>
  <testcase name="testConcurrentTransactionCreationForAccount1And2" time="0.019" classname="com.revolut.money.transfer.integration.ConcurrentlyTransactionCreationTest"/>
  <testcase name="testConcurrentTransactionCreationForAccount1And2" time="0.023" classname="com.revolut.money.transfer.integration.ConcurrentlyTransactionCreationTest"/>
  <testcase name="testConcurrentTransactionCreationForAccount1And2" time="0.020" classname="com.revolut.money.transfer.integration.ConcurrentlyTransactionCreationTest"/>
  <testcase name="testConcurrentTransactionCreationForAccount1And2" time="0.020" classname="com.revolut.money.transfer.integration.ConcurrentlyTransactionCreationTest"/>
  <testcase name="testConcurrentTransactionCreationForAccount1And2" time="0.016" classname="com.revolut.money.transfer.integration.ConcurrentlyTransactionCreationTest"/>
  <testcase name="testConcurrentTransactionCreationForAccount1And2" time="0.020" classname="com.revolut.money.transfer.integration.ConcurrentlyTransactionCreationTest"/>
  <testcase name="testConcurrentTransactionCreationForAccount1And2" time="0.024" classname="com.revolut.money.transfer.integration.ConcurrentlyTransactionCreationTest"/>
  <testcase name="testConcurrentTransactionCreationForAccount1And2" time="0.027" classname="com.revolut.money.transfer.integration.ConcurrentlyTransactionCreationTest"/>
  <testcase name="testConcurrentTransactionCreationForAccount1And2" time="0.019" classname="com.revolut.money.transfer.integration.ConcurrentlyTransactionCreationTest"/>
  <testcase name="testConcurrentTransactionCreationForAccount1And2" time="0.030" classname="com.revolut.money.transfer.integration.ConcurrentlyTransactionCreationTest"/>
  <testcase name="testConcurrentTransactionCreationForAccount1And2" time="0.024" classname="com.revolut.money.transfer.integration.ConcurrentlyTransactionCreationTest"/>
  <testcase name="testConcurrentTransactionCreationForAccount1And2" time="0.019" classname="com.revolut.money.transfer.integration.ConcurrentlyTransactionCreationTest"/>
  <testcase name="testConcurrentTransactionCreationForAccount1And2" time="0.030" classname="com.revolut.money.transfer.integration.ConcurrentlyTransactionCreationTest"/>
  <testcase name="testConcurrentTransactionCreationForAccount1And2" time="0.024" classname="com.revolut.money.transfer.integration.ConcurrentlyTransactionCreationTest"/>
  <testcase name="testConcurrentTransactionCreationForAccount1And2" time="0.000" classname="com.revolut.money.transfer.integration.ConcurrentlyTransactionCreationTest"/>
  <testcase name="testConcurrentTransactionCreationForAccount1And2" time="0.036" classname="com.revolut.money.transfer.integration.ConcurrentlyTransactionCreationTest"/>
  <testcase name="testConcurrentTransactionCreationForAccount1And2" time="0.001" classname="com.revolut.money.transfer.integration.ConcurrentlyTransactionCreationTest"/>
  <testcase name="testConcurrentTransactionCreationForAccount3And4" time="0.001" classname="com.revolut.money.transfer.integration.ConcurrentlyTransactionCreationTest"/>
  <testcase name="testConcurrentTransactionCreationForAccount1And2" time="0.030" classname="com.revolut.money.transfer.integration.ConcurrentlyTransactionCreationTest"/>
  <testcase name="testConcurrentTransactionCreationForAccount1And2" time="0.005" classname="com.revolut.money.transfer.integration.ConcurrentlyTransactionCreationTest"/>
  <testcase name="testConcurrentTransactionCreationForAccount1And2" time="0.020" classname="com.revolut.money.transfer.integration.ConcurrentlyTransactionCreationTest"/>
  <testcase name="testConcurrentTransactionCreationForAccount1And2" time="0.023" classname="com.revolut.money.transfer.integration.ConcurrentlyTransactionCreationTest"/>
  <testcase name="testConcurrentTransactionCreationForAccount1And2" time="0.020" classname="com.revolut.money.transfer.integration.ConcurrentlyTransactionCreationTest"/>
  <testcase name="testConcurrentTransactionCreationForAccount1And2" time="0.024" classname="com.revolut.money.transfer.integration.ConcurrentlyTransactionCreationTest"/>
  <testcase name="testConcurrentTransactionCreationForAccount1And2" time="0.022" classname="com.revolut.money.transfer.integration.ConcurrentlyTransactionCreationTest"/>
  <testcase name="testConcurrentTransactionCreationForAccount1And2" time="0.021" classname="com.revolut.money.transfer.integration.ConcurrentlyTransactionCreationTest"/>
  <testcase name="testConcurrentTransactionCreationForAccount1And2" time="0.031" classname="com.revolut.money.transfer.integration.ConcurrentlyTransactionCreationTest"/>
  <testcase name="testConcurrentTransactionCreationForAccount1And2" time="0.019" classname="com.revolut.money.transfer.integration.ConcurrentlyTransactionCreationTest"/>
  <testcase name="testConcurrentTransactionCreationForAccount1And2" time="0.020" classname="com.revolut.money.transfer.integration.ConcurrentlyTransactionCreationTest"/>
  <testcase name="testConcurrentTransactionCreationForAccount1And2" time="0.020" classname="com.revolut.money.transfer.integration.ConcurrentlyTransactionCreationTest"/>
  <testcase name="testConcurrentTransactionCreationForAccount1And2" time="0.023" classname="com.revolut.money.transfer.integration.ConcurrentlyTransactionCreationTest"/>
  <testcase name="testConcurrentTransactionCreationForAccount1And2" time="0.020" classname="com.revolut.money.transfer.integration.ConcurrentlyTransactionCreationTest"/>
  <testcase name="testConcurrentTransactionCreationForAccount1And2" time="0.030" classname="com.revolut.money.transfer.integration.ConcurrentlyTransactionCreationTest"/>
  <testcase name="testConcurrentTransactionCreationForAccount1And2" time="0.020" classname="com.revolut.money.transfer.integration.ConcurrentlyTransactionCreationTest"/>
  <testcase name="testConcurrentTransactionCreationForAccount1And2" time="0.020" classname="com.revolut.money.transfer.integration.ConcurrentlyTransactionCreationTest"/>
  <testcase name="testConcurrentTransactionCreationForAccount1And2" time="0.020" classname="com.revolut.money.transfer.integration.ConcurrentlyTransactionCreationTest"/>
  <testcase name="testConcurrentTransactionCreationForAccount1And2" time="0.029" classname="com.revolut.money.transfer.integration.ConcurrentlyTransactionCreationTest"/>
  <testcase name="testConcurrentTransactionCreationForAccount1And2" time="0.021" classname="com.revolut.money.transfer.integration.ConcurrentlyTransactionCreationTest"/>
  <testcase name="testConcurrentTransactionCreationForAccount1And2" time="0.019" classname="com.revolut.money.transfer.integration.ConcurrentlyTransactionCreationTest"/>
  <testcase name="testConcurrentTransactionCreationForAccount1And2" time="0.030" classname="com.revolut.money.transfer.integration.ConcurrentlyTransactionCreationTest"/>
  <testcase name="testConcurrentTransactionCreationForAccount1And2" time="0.020" classname="com.revolut.money.transfer.integration.ConcurrentlyTransactionCreationTest"/>
  <testcase name="testConcurrentTransactionCreationForAccount1And2" time="0.020" classname="com.revolut.money.transfer.integration.ConcurrentlyTransactionCreationTest"/>
  <testcase name="testConcurrentTransactionCreationForAccount1And2" time="0.019" classname="com.revolut.money.transfer.integration.ConcurrentlyTransactionCreationTest"/>
  <testcase name="testConcurrentTransactionCreationForAccount1And2" time="0.030" classname="com.revolut.money.transfer.integration.ConcurrentlyTransactionCreationTest"/>
  <testcase name="testConcurrentTransactionCreationForAccount1And2" time="0.023" classname="com.revolut.money.transfer.integration.ConcurrentlyTransactionCreationTest"/>
  <testcase name="testConcurrentTransactionCreationForAccount1And2" time="0.019" classname="com.revolut.money.transfer.integration.ConcurrentlyTransactionCreationTest"/>
  <testcase name="testConcurrentTransactionCreationForAccount1And2" time="0.014" classname="com.revolut.money.transfer.integration.ConcurrentlyTransactionCreationTest"/>
  <testcase name="testConcurrentTransactionCreationForAccount1And2" time="0.019" classname="com.revolut.money.transfer.integration.ConcurrentlyTransactionCreationTest"/>
  <testcase name="testConcurrentTransactionCreationForAccount1And2" time="0.033" classname="com.revolut.money.transfer.integration.ConcurrentlyTransactionCreationTest"/>
  <testcase name="testConcurrentTransactionCreationForAccount1And2" time="0.030" classname="com.revolut.money.transfer.integration.ConcurrentlyTransactionCreationTest"/>
  <testcase name="testConcurrentTransactionCreationForAccount1And2" time="0.020" classname="com.revolut.money.transfer.integration.ConcurrentlyTransactionCreationTest"/>
  <testcase name="testConcurrentTransactionCreationForAccount1And2" time="0.018" classname="com.revolut.money.transfer.integration.ConcurrentlyTransactionCreationTest"/>
  <testcase name="testConcurrentTransactionCreationForAccount1And2" time="0.019" classname="com.revolut.money.transfer.integration.ConcurrentlyTransactionCreationTest"/>
  <testcase name="testConcurrentTransactionCreationForAccount1And2" time="0.019" classname="com.revolut.money.transfer.integration.ConcurrentlyTransactionCreationTest"/>
  <testcase name="testConcurrentTransactionCreationForAccount1And2" time="0.019" classname="com.revolut.money.transfer.integration.ConcurrentlyTransactionCreationTest"/>
  <testcase name="testConcurrentTransactionCreationForAccount1And2" time="0.024" classname="com.revolut.money.transfer.integration.ConcurrentlyTransactionCreationTest"/>
  <testcase name="testConcurrentTransactionCreationForAccount1And2" time="0.019" classname="com.revolut.money.transfer.integration.ConcurrentlyTransactionCreationTest"/>
  <testcase name="testConcurrentTransactionCreationForAccount1And2" time="0.024" classname="com.revolut.money.transfer.integration.ConcurrentlyTransactionCreationTest"/>
  <testcase name="testConcurrentTransactionCreationForAccount1And2" time="0.000" classname="com.revolut.money.transfer.integration.ConcurrentlyTransactionCreationTest"/>
  <testcase name="testConcurrentTransactionCreationForAccount1And2" time="0.000" classname="com.revolut.money.transfer.integration.ConcurrentlyTransactionCreationTest"/>
  <testcase name="testConcurrentTransactionCreationForAccount1And2" time="0.002" classname="com.revolut.money.transfer.integration.ConcurrentlyTransactionCreationTest"/>
  <testcase name="testConcurrentTransactionCreationForAccount1And2" time="0.021" classname="com.revolut.money.transfer.integration.ConcurrentlyTransactionCreationTest"/>
  <testcase name="testConcurrentTransactionCreationForAccount1And2" time="0.019" classname="com.revolut.money.transfer.integration.ConcurrentlyTransactionCreationTest"/>
  <testcase name="testConcurrentTransactionCreationForAccount1And2" time="0.029" classname="com.revolut.money.transfer.integration.ConcurrentlyTransactionCreationTest"/>
  <testcase name="testConcurrentTransactionCreationForAccount1And2" time="0.033" classname="com.revolut.money.transfer.integration.ConcurrentlyTransactionCreationTest"/>
  <testcase name="testConcurrentTransactionCreationForAccount1And2" time="0.024" classname="com.revolut.money.transfer.integration.ConcurrentlyTransactionCreationTest"/>
  <testcase name="testConcurrentTransactionCreationForAccount1And2" time="0.024" classname="com.revolut.money.transfer.integration.ConcurrentlyTransactionCreationTest"/>
  <testcase name="testConcurrentTransactionCreationForAccount1And2" time="0.019" classname="com.revolut.money.transfer.integration.ConcurrentlyTransactionCreationTest"/>
  <testcase name="testConcurrentTransactionCreationForAccount1And2" time="0.020" classname="com.revolut.money.transfer.integration.ConcurrentlyTransactionCreationTest"/>
  <testcase name="testConcurrentTransactionCreationForAccount1And2" time="0.024" classname="com.revolut.money.transfer.integration.ConcurrentlyTransactionCreationTest"/>
  <testcase name="testConcurrentTransactionCreationForAccount1And2" time="0.020" classname="com.revolut.money.transfer.integration.ConcurrentlyTransactionCreationTest"/>
  <testcase name="testConcurrentTransactionCreationForAccount1And2" time="0.018" classname="com.revolut.money.transfer.integration.ConcurrentlyTransactionCreationTest"/>
  <testcase name="testConcurrentTransactionCreationForAccount1And2" time="0.019" classname="com.revolut.money.transfer.integration.ConcurrentlyTransactionCreationTest"/>
  <testcase name="testConcurrentTransactionCreationForAccount1And2" time="0.019" classname="com.revolut.money.transfer.integration.ConcurrentlyTransactionCreationTest"/>
  <testcase name="testConcurrentTransactionCreationForAccount1And2" time="0.030" classname="com.revolut.money.transfer.integration.ConcurrentlyTransactionCreationTest"/>
  <testcase name="testConcurrentTransactionCreationForAccount1And2" time="0.002" classname="com.revolut.money.transfer.integration.ConcurrentlyTransactionCreationTest"/>
  <testcase name="testConcurrentTransactionCreationForAccount1And2" time="0.010" classname="com.revolut.money.transfer.integration.ConcurrentlyTransactionCreationTest"/>
  <testcase name="testConcurrentTransactionCreationForAccount1And2" time="0.020" classname="com.revolut.money.transfer.integration.ConcurrentlyTransactionCreationTest"/>
  <testcase name="testConcurrentTransactionCreationForAccount1And2" time="0.021" classname="com.revolut.money.transfer.integration.ConcurrentlyTransactionCreationTest"/>
  <testcase name="testConcurrentTransactionCreationForAccount1And2" time="0.015" classname="com.revolut.money.transfer.integration.ConcurrentlyTransactionCreationTest"/>
  <testcase name="testConcurrentTransactionCreationForAccount1And2" time="0.022" classname="com.revolut.money.transfer.integration.ConcurrentlyTransactionCreationTest"/>
  <testcase name="testConcurrentTransactionCreationForAccount1And2" time="0.019" classname="com.revolut.money.transfer.integration.ConcurrentlyTransactionCreationTest"/>
  <testcase name="testConcurrentTransactionCreationForAccount1And2" time="0.025" classname="com.revolut.money.transfer.integration.ConcurrentlyTransactionCreationTest"/>
  <testcase name="testConcurrentTransactionCreationForAccount1And2" time="0.020" classname="com.revolut.money.transfer.integration.ConcurrentlyTransactionCreationTest"/>
  <testcase name="testConcurrentTransactionCreationForAccount1And2" time="0.022" classname="com.revolut.money.transfer.integration.ConcurrentlyTransactionCreationTest"/>
  <testcase name="testConcurrentTransactionCreationForAccount1And2" time="0.037" classname="com.revolut.money.transfer.integration.ConcurrentlyTransactionCreationTest"/>
  <testcase name="testConcurrentTransactionCreationForAccount1And2" time="0.000" classname="com.revolut.money.transfer.integration.ConcurrentlyTransactionCreationTest"/>
  <testcase name="testConcurrentTransactionCreationForAccount1And2" time="0.021" classname="com.revolut.money.transfer.integration.ConcurrentlyTransactionCreationTest"/>
  <testcase name="testConcurrentTransactionCreationForAccount1And2" time="0.023" classname="com.revolut.money.transfer.integration.ConcurrentlyTransactionCreationTest"/>
  <testcase name="testConcurrentTransactionCreationForAccount1And2" time="0.000" classname="com.revolut.money.transfer.integration.ConcurrentlyTransactionCreationTest"/>
  <testcase name="testConcurrentTransactionCreationForAccount1And2" time="0.019" classname="com.revolut.money.transfer.integration.ConcurrentlyTransactionCreationTest"/>
  <testcase name="testConcurrentTransactionCreationForAccount1And2" time="0.020" classname="com.revolut.money.transfer.integration.ConcurrentlyTransactionCreationTest"/>
  <testcase name="testConcurrentTransactionCreationForAccount1And2" time="0.020" classname="com.revolut.money.transfer.integration.ConcurrentlyTransactionCreationTest"/>
  <testcase name="testConcurrentTransactionCreationForAccount1And2" time="0.019" classname="com.revolut.money.transfer.integration.ConcurrentlyTransactionCreationTest"/>
  <testcase name="testConcurrentTransactionCreationForAccount1And2" time="0.019" classname="com.revolut.money.transfer.integration.ConcurrentlyTransactionCreationTest"/>
  <testcase name="testConcurrentTransactionCreationForAccount1And2" time="0.032" classname="com.revolut.money.transfer.integration.ConcurrentlyTransactionCreationTest"/>
  <testcase name="testConcurrentTransactionCreationForAccount1And2" time="0.019" classname="com.revolut.money.transfer.integration.ConcurrentlyTransactionCreationTest"/>
  <testcase name="testConcurrentTransactionCreationForAccount1And2" time="0.033" classname="com.revolut.money.transfer.integration.ConcurrentlyTransactionCreationTest"/>
  <testcase name="testConcurrentTransactionCreationForAccount1And2" time="0.020" classname="com.revolut.money.transfer.integration.ConcurrentlyTransactionCreationTest"/>
  <testcase name="testConcurrentTransactionCreationForAccount1And2" time="0.020" classname="com.revolut.money.transfer.integration.ConcurrentlyTransactionCreationTest"/>
  <testcase name="testConcurrentTransactionCreationForAccount1And2" time="0.029" classname="com.revolut.money.transfer.integration.ConcurrentlyTransactionCreationTest"/>
  <testcase name="testConcurrentTransactionCreationForAccount1And2" time="0.028" classname="com.revolut.money.transfer.integration.ConcurrentlyTransactionCreationTest"/>
  <testcase name="testConcurrentTransactionCreationForAccount1And2" time="0.020" classname="com.revolut.money.transfer.integration.ConcurrentlyTransactionCreationTest"/>
  <testcase name="testConcurrentTransactionCreationForAccount1And2" time="0.019" classname="com.revolut.money.transfer.integration.ConcurrentlyTransactionCreationTest"/>
  <testcase name="testConcurrentTransactionCreationForAccount1And2" time="0.018" classname="com.revolut.money.transfer.integration.ConcurrentlyTransactionCreationTest"/>
  <testcase name="testConcurrentTransactionCreationForAccount1And2" time="0.028" classname="com.revolut.money.transfer.integration.ConcurrentlyTransactionCreationTest"/>
  <testcase name="testConcurrentTransactionCreationForAccount1And2" time="0.019" classname="com.revolut.money.transfer.integration.ConcurrentlyTransactionCreationTest"/>
  <testcase name="testConcurrentTransactionCreationForAccount1And2" time="0.020" classname="com.revolut.money.transfer.integration.ConcurrentlyTransactionCreationTest"/>
  <testcase name="testConcurrentTransactionCreationForAccount1And2" time="0.031" classname="com.revolut.money.transfer.integration.ConcurrentlyTransactionCreationTest"/>
  <testcase name="testConcurrentTransactionCreationForAccount1And2" time="0.019" classname="com.revolut.money.transfer.integration.ConcurrentlyTransactionCreationTest"/>
  <testcase name="testConcurrentTransactionCreationForAccount1And2" time="0.019" classname="com.revolut.money.transfer.integration.ConcurrentlyTransactionCreationTest"/>
  <testcase name="testConcurrentTransactionCreationForAccount1And2" time="0.007" classname="com.revolut.money.transfer.integration.ConcurrentlyTransactionCreationTest"/>
  <testcase name="testConcurrentTransactionCreationForAccount1And2" time="0.023" classname="com.revolut.money.transfer.integration.ConcurrentlyTransactionCreationTest"/>
  <testcase name="testConcurrentTransactionCreationForAccount1And2" time="0.025" classname="com.revolut.money.transfer.integration.ConcurrentlyTransactionCreationTest"/>
  <testcase name="testConcurrentTransactionCreationForAccount1And2" time="0.031" classname="com.revolut.money.transfer.integration.ConcurrentlyTransactionCreationTest"/>
  <testcase name="testConcurrentTransactionCreationForAccount1And2" time="0.022" classname="com.revolut.money.transfer.integration.ConcurrentlyTransactionCreationTest"/>
  <testcase name="testConcurrentTransactionCreationForAccount1And2" time="0.021" classname="com.revolut.money.transfer.integration.ConcurrentlyTransactionCreationTest"/>
  <testcase name="testConcurrentTransactionCreationForAccount1And2" time="0.026" classname="com.revolut.money.transfer.integration.ConcurrentlyTransactionCreationTest"/>
  <testcase name="testConcurrentTransactionCreationForAccount1And2" time="0.018" classname="com.revolut.money.transfer.integration.ConcurrentlyTransactionCreationTest"/>
  <testcase name="testConcurrentTransactionCreationForAccount1And2" time="0.020" classname="com.revolut.money.transfer.integration.ConcurrentlyTransactionCreationTest"/>
  <testcase name="testConcurrentTransactionCreationForAccount1And2" time="0.020" classname="com.revolut.money.transfer.integration.ConcurrentlyTransactionCreationTest"/>
  <testcase name="testConcurrentTransactionCreationForAccount1And2" time="0.020" classname="com.revolut.money.transfer.integration.ConcurrentlyTransactionCreationTest"/>
  <testcase name="testConcurrentTransactionCreationForAccount1And2" time="0.036" classname="com.revolut.money.transfer.integration.ConcurrentlyTransactionCreationTest"/>
  <testcase name="testConcurrentTransactionCreationForAccount1And2" time="0.022" classname="com.revolut.money.transfer.integration.ConcurrentlyTransactionCreationTest"/>
  <testcase name="testConcurrentTransactionCreationForAccount1And2" time="0.033" classname="com.revolut.money.transfer.integration.ConcurrentlyTransactionCreationTest"/>
  <testcase name="testConcurrentTransactionCreationForAccount1And2" time="0.024" classname="com.revolut.money.transfer.integration.ConcurrentlyTransactionCreationTest"/>
  <testcase name="testConcurrentTransactionCreationForAccount1And2" time="0.020" classname="com.revolut.money.transfer.integration.ConcurrentlyTransactionCreationTest"/>
  <testcase name="testConcurrentTransactionCreationForAccount1And2" time="0.020" classname="com.revolut.money.transfer.integration.ConcurrentlyTransactionCreationTest"/>
  <testcase name="testConcurrentTransactionCreationForAccount1And2" time="0.019" classname="com.revolut.money.transfer.integration.ConcurrentlyTransactionCreationTest"/>
  <testcase name="testConcurrentTransactionCreationForAccount1And2" time="0.020" classname="com.revolut.money.transfer.integration.ConcurrentlyTransactionCreationTest"/>
  <testcase name="testConcurrentTransactionCreationForAccount1And2" time="0.020" classname="com.revolut.money.transfer.integration.ConcurrentlyTransactionCreationTest"/>
  <testcase name="testConcurrentTransactionCreationForAccount1And2" time="0.022" classname="com.revolut.money.transfer.integration.ConcurrentlyTransactionCreationTest"/>
  <testcase name="testConcurrentTransactionCreationForAccount1And2" time="0.020" classname="com.revolut.money.transfer.integration.ConcurrentlyTransactionCreationTest"/>
  <testcase name="testConcurrentTransactionCreationForAccount1And2" time="0.019" classname="com.revolut.money.transfer.integration.ConcurrentlyTransactionCreationTest"/>
  <testcase name="testConcurrentTransactionCreationForAccount1And2" time="0.033" classname="com.revolut.money.transfer.integration.ConcurrentlyTransactionCreationTest"/>
  <testcase name="testConcurrentTransactionCreationForAccount1And2" time="0.019" classname="com.revolut.money.transfer.integration.ConcurrentlyTransactionCreationTest"/>
  <testcase name="testConcurrentTransactionCreationForAccount1And2" time="0.030" classname="com.revolut.money.transfer.integration.ConcurrentlyTransactionCreationTest"/>
  <testcase name="testConcurrentTransactionCreationForAccount1And2" time="0.019" classname="com.revolut.money.transfer.integration.ConcurrentlyTransactionCreationTest"/>
  <testcase name="testConcurrentTransactionCreationForAccount1And2" time="0.024" classname="com.revolut.money.transfer.integration.ConcurrentlyTransactionCreationTest"/>
  <testcase name="testConcurrentTransactionCreationForAccount1And2" time="0.020" classname="com.revolut.money.transfer.integration.ConcurrentlyTransactionCreationTest"/>
  <testcase name="testConcurrentTransactionCreationForAccount1And2" time="0.019" classname="com.revolut.money.transfer.integration.ConcurrentlyTransactionCreationTest"/>
</testsuite> <!-- com.revolut.money.transfer.integration.ConcurrentlyTransactionCreationTest -->
